[0.011s] Invoking command in '/home/wward/ros2_workspace/build/my_robot_interfaces': CMAKE_PREFIX_PATH=${CMAKE_PREFIX_PATH}:/home/wward/ros2_workspace/install/my_python_pkg:/opt/ros/humble /usr/bin/cmake --build /home/wward/ros2_workspace/build/my_robot_interfaces -- -j8 -l8
[0.037s] -- Found ament_cmake: 1.3.3 (/opt/ros/humble/share/ament_cmake/cmake)
[0.096s] -- Found rosidl_default_generators: 1.2.0 (/opt/ros/humble/share/rosidl_default_generators/cmake)
[0.104s] -- Using all available rosidl_typesupport_c: rosidl_typesupport_fastrtps_c;rosidl_typesupport_introspection_c
[0.104s] -- Found rosidl_adapter: 3.1.4 (/opt/ros/humble/share/rosidl_adapter/cmake)
[0.131s] -- Using all available rosidl_typesupport_cpp: rosidl_typesupport_fastrtps_cpp;rosidl_typesupport_introspection_cpp
[0.370s] -- Found ament_cmake_ros: 0.10.0 (/opt/ros/humble/share/ament_cmake_ros/cmake)
[0.505s] -- Using all available rosidl_typesupport_c: rosidl_typesupport_fastrtps_c;rosidl_typesupport_introspection_c
[0.671s] -- Using all available rosidl_typesupport_cpp: rosidl_typesupport_fastrtps_cpp;rosidl_typesupport_introspection_cpp
[0.687s] -- Found python_cmake_module: 0.10.0 (/opt/ros/humble/share/python_cmake_module/cmake)
[0.704s] -- Using PYTHON_EXECUTABLE: /usr/bin/python3
[0.704s] -- Using PYTHON_INCLUDE_DIRS: /usr/include/python3.10
[0.704s] -- Using PYTHON_LIBRARIES: /usr/lib/x86_64-linux-gnu/libpython3.10.so
[0.717s] -- Configuring done
[0.788s] -- Generating done
[0.798s] -- Build files have been written to: /home/wward/ros2_workspace/build/my_robot_interfaces
[0.819s] [  1%] [34m[1mGenerating C code for ROS interfaces[0m
[0.824s] [  3%] [34m[1mGenerating C++ code for ROS interfaces[0m
[0.842s] [  3%] Built target ament_cmake_python_copy_my_robot_interfaces
[0.956s] running egg_info
[0.960s] writing my_robot_interfaces.egg-info/PKG-INFO
[0.960s] writing dependency_links to my_robot_interfaces.egg-info/dependency_links.txt
[0.960s] writing top-level names to my_robot_interfaces.egg-info/top_level.txt
[0.960s] reading manifest file 'my_robot_interfaces.egg-info/SOURCES.txt'
[0.963s] writing manifest file 'my_robot_interfaces.egg-info/SOURCES.txt'
[0.974s] [  3%] Built target ament_cmake_python_build_my_robot_interfaces_egg
[1.018s] [  3%] Built target my_robot_interfaces__cpp
[1.041s] [  7%] [34m[1mGenerating C++ type support dispatch for ROS interfaces[0m
[1.042s] [  7%] [34m[1mGenerating C++ type support for eProsima Fast-RTPS[0m
[1.043s] [  9%] [34m[1mGenerating C++ introspection for ROS interfaces[0m
[1.076s] [35m[1mConsolidate compiler generated dependencies of target my_robot_interfaces__rosidl_generator_c[0m
[1.087s] [ 12%] [32mBuilding C object CMakeFiles/my_robot_interfaces__rosidl_generator_c.dir/rosidl_generator_c/my_robot_interfaces/msg/detail/hardware_status__functions.c.o[0m
[1.087s] [ 12%] [32mBuilding C object CMakeFiles/my_robot_interfaces__rosidl_generator_c.dir/rosidl_generator_c/my_robot_interfaces/msg/detail/led_panel_state__functions.c.o[0m
[1.087s] [ 16%] [32mBuilding C object CMakeFiles/my_robot_interfaces__rosidl_generator_c.dir/rosidl_generator_c/my_robot_interfaces/srv/detail/set_led_panel_state__functions.c.o[0m
[1.087s] [ 14%] [32mBuilding C object CMakeFiles/my_robot_interfaces__rosidl_generator_c.dir/rosidl_generator_c/my_robot_interfaces/srv/detail/compute_rectangle_area__functions.c.o[0m
[1.127s] [ 18%] [32m[1mLinking C shared library libmy_robot_interfaces__rosidl_generator_c.so[0m
[1.171s] [ 18%] Built target my_robot_interfaces__rosidl_generator_c
[1.180s] [ 23%] [34m[1mGenerating C type support for eProsima Fast-RTPS[0m
[1.180s] [ 23%] [34m[1mGenerating C introspection for ROS interfaces[0m
[1.181s] [ 23%] [34m[1mGenerating C type support dispatch for ROS interfaces[0m
[1.238s] [35m[1mConsolidate compiler generated dependencies of target my_robot_interfaces__rosidl_typesupport_cpp[0m
[1.256s] [ 25%] [32mBuilding CXX object CMakeFiles/my_robot_interfaces__rosidl_typesupport_cpp.dir/rosidl_typesupport_cpp/my_robot_interfaces/srv/compute_rectangle_area__type_support.cpp.o[0m
[1.260s] [ 27%] [32mBuilding CXX object CMakeFiles/my_robot_interfaces__rosidl_typesupport_cpp.dir/rosidl_typesupport_cpp/my_robot_interfaces/msg/hardware_status__type_support.cpp.o[0m
[1.261s] [ 29%] [32mBuilding CXX object CMakeFiles/my_robot_interfaces__rosidl_typesupport_cpp.dir/rosidl_typesupport_cpp/my_robot_interfaces/msg/led_panel_state__type_support.cpp.o[0m
[1.310s] [35m[1mConsolidate compiler generated dependencies of target my_robot_interfaces__rosidl_typesupport_introspection_cpp[0m
[1.317s] [ 30%] [32mBuilding CXX object CMakeFiles/my_robot_interfaces__rosidl_typesupport_introspection_cpp.dir/rosidl_typesupport_introspection_cpp/my_robot_interfaces/msg/detail/hardware_status__type_support.cpp.o[0m
[1.318s] [35m[1mConsolidate compiler generated dependencies of target my_robot_interfaces__rosidl_typesupport_fastrtps_cpp[0m
[1.330s] [ 32%] [32mBuilding CXX object CMakeFiles/my_robot_interfaces__rosidl_typesupport_fastrtps_cpp.dir/rosidl_typesupport_fastrtps_cpp/my_robot_interfaces/msg/detail/dds_fastrtps/hardware_status__type_support.cpp.o[0m
[1.380s] [35m[1mConsolidate compiler generated dependencies of target my_robot_interfaces__rosidl_typesupport_c[0m
[1.399s] [ 34%] [32mBuilding CXX object CMakeFiles/my_robot_interfaces__rosidl_typesupport_c.dir/rosidl_typesupport_c/my_robot_interfaces/msg/hardware_status__type_support.cpp.o[0m
[1.406s] [ 36%] [32mBuilding CXX object CMakeFiles/my_robot_interfaces__rosidl_typesupport_cpp.dir/rosidl_typesupport_cpp/my_robot_interfaces/srv/set_led_panel_state__type_support.cpp.o[0m
[1.407s] [ 38%] [32mBuilding CXX object CMakeFiles/my_robot_interfaces__rosidl_typesupport_c.dir/rosidl_typesupport_c/my_robot_interfaces/msg/led_panel_state__type_support.cpp.o[0m
[1.415s] [ 40%] [32mBuilding CXX object CMakeFiles/my_robot_interfaces__rosidl_typesupport_fastrtps_cpp.dir/rosidl_typesupport_fastrtps_cpp/my_robot_interfaces/msg/detail/dds_fastrtps/led_panel_state__type_support.cpp.o[0m
[1.422s] [35m[1mConsolidate compiler generated dependencies of target my_robot_interfaces__rosidl_typesupport_fastrtps_c[0m
[1.439s] [ 41%] [32mBuilding CXX object CMakeFiles/my_robot_interfaces__rosidl_typesupport_c.dir/rosidl_typesupport_c/my_robot_interfaces/srv/compute_rectangle_area__type_support.cpp.o[0m
[1.446s] [ 43%] [32mBuilding CXX object CMakeFiles/my_robot_interfaces__rosidl_typesupport_fastrtps_c.dir/rosidl_typesupport_fastrtps_c/my_robot_interfaces/msg/detail/hardware_status__type_support_c.cpp.o[0m
[1.446s] [35m[1mConsolidate compiler generated dependencies of target my_robot_interfaces__rosidl_typesupport_introspection_c[0m
[1.455s] [ 45%] [32mBuilding C object CMakeFiles/my_robot_interfaces__rosidl_typesupport_introspection_c.dir/rosidl_typesupport_introspection_c/my_robot_interfaces/msg/detail/hardware_status__type_support.c.o[0m
[1.458s] [ 47%] [32mBuilding CXX object CMakeFiles/my_robot_interfaces__rosidl_typesupport_fastrtps_c.dir/rosidl_typesupport_fastrtps_c/my_robot_interfaces/msg/detail/led_panel_state__type_support_c.cpp.o[0m
[1.463s] [ 49%] [32mBuilding CXX object CMakeFiles/my_robot_interfaces__rosidl_typesupport_c.dir/rosidl_typesupport_c/my_robot_interfaces/srv/set_led_panel_state__type_support.cpp.o[0m
[1.488s] [ 50%] [32mBuilding C object CMakeFiles/my_robot_interfaces__rosidl_typesupport_introspection_c.dir/rosidl_typesupport_introspection_c/my_robot_interfaces/msg/detail/led_panel_state__type_support.c.o[0m
[1.498s] [ 52%] [32m[1mLinking CXX shared library libmy_robot_interfaces__rosidl_typesupport_c.so[0m
[1.514s] [ 54%] [32mBuilding C object CMakeFiles/my_robot_interfaces__rosidl_typesupport_introspection_c.dir/rosidl_typesupport_introspection_c/my_robot_interfaces/srv/detail/compute_rectangle_area__type_support.c.o[0m
[1.524s] [ 54%] Built target my_robot_interfaces__rosidl_typesupport_c
[1.535s] [ 56%] [32mBuilding C object CMakeFiles/my_robot_interfaces__rosidl_typesupport_introspection_c.dir/rosidl_typesupport_introspection_c/my_robot_interfaces/srv/detail/set_led_panel_state__type_support.c.o[0m
[1.544s] [ 58%] [32mBuilding CXX object CMakeFiles/my_robot_interfaces__rosidl_typesupport_introspection_cpp.dir/rosidl_typesupport_introspection_cpp/my_robot_interfaces/msg/detail/led_panel_state__type_support.cpp.o[0m
[1.574s] [ 60%] [32m[1mLinking C shared library libmy_robot_interfaces__rosidl_typesupport_introspection_c.so[0m
[1.576s] [ 61%] [32mBuilding CXX object CMakeFiles/my_robot_interfaces__rosidl_typesupport_introspection_cpp.dir/rosidl_typesupport_introspection_cpp/my_robot_interfaces/srv/detail/compute_rectangle_area__type_support.cpp.o[0m
[1.615s] [ 61%] Built target my_robot_interfaces__rosidl_typesupport_introspection_c
[1.617s] [ 63%] [32m[1mLinking CXX shared library libmy_robot_interfaces__rosidl_typesupport_cpp.so[0m
[1.626s] [ 65%] [32mBuilding CXX object CMakeFiles/my_robot_interfaces__rosidl_typesupport_fastrtps_cpp.dir/rosidl_typesupport_fastrtps_cpp/my_robot_interfaces/srv/detail/dds_fastrtps/compute_rectangle_area__type_support.cpp.o[0m
[1.634s] [ 67%] [32mBuilding CXX object CMakeFiles/my_robot_interfaces__rosidl_typesupport_fastrtps_cpp.dir/rosidl_typesupport_fastrtps_cpp/my_robot_interfaces/srv/detail/dds_fastrtps/set_led_panel_state__type_support.cpp.o[0m
[1.675s] [ 67%] Built target my_robot_interfaces__rosidl_typesupport_cpp
[1.678s] [ 69%] [32mBuilding CXX object CMakeFiles/my_robot_interfaces__rosidl_typesupport_introspection_cpp.dir/rosidl_typesupport_introspection_cpp/my_robot_interfaces/srv/detail/set_led_panel_state__type_support.cpp.o[0m
[1.710s] [ 70%] [32mBuilding CXX object CMakeFiles/my_robot_interfaces__rosidl_typesupport_fastrtps_c.dir/rosidl_typesupport_fastrtps_c/my_robot_interfaces/srv/detail/compute_rectangle_area__type_support_c.cpp.o[0m
[1.715s] [ 72%] [32mBuilding CXX object CMakeFiles/my_robot_interfaces__rosidl_typesupport_fastrtps_c.dir/rosidl_typesupport_fastrtps_c/my_robot_interfaces/srv/detail/set_led_panel_state__type_support_c.cpp.o[0m
[1.798s] [ 74%] [32m[1mLinking CXX shared library libmy_robot_interfaces__rosidl_typesupport_fastrtps_cpp.so[0m
[1.808s] [ 76%] [32m[1mLinking CXX shared library libmy_robot_interfaces__rosidl_typesupport_introspection_cpp.so[0m
[1.830s] [ 78%] [32m[1mLinking CXX shared library libmy_robot_interfaces__rosidl_typesupport_fastrtps_c.so[0m
[1.878s] [ 78%] Built target my_robot_interfaces__rosidl_typesupport_fastrtps_cpp
[1.892s] [ 78%] Built target my_robot_interfaces__rosidl_typesupport_introspection_cpp
[1.908s] [ 78%] Built target my_robot_interfaces__rosidl_typesupport_fastrtps_c
[1.924s] [ 78%] Built target my_robot_interfaces
[1.939s] [ 80%] [34m[1mGenerating Python code for ROS interfaces[0m
[2.467s] [ 80%] Built target my_robot_interfaces__py
[2.471s] [35m[1mConsolidate compiler generated dependencies of target my_robot_interfaces__rosidl_generator_py[0m
[2.482s] [ 81%] [32mBuilding C object CMakeFiles/my_robot_interfaces__rosidl_generator_py.dir/rosidl_generator_py/my_robot_interfaces/msg/_hardware_status_s.c.o[0m
[2.484s] [ 85%] [32mBuilding C object CMakeFiles/my_robot_interfaces__rosidl_generator_py.dir/rosidl_generator_py/my_robot_interfaces/msg/_led_panel_state_s.c.o[0m
[2.484s] [ 87%] [32mBuilding C object CMakeFiles/my_robot_interfaces__rosidl_generator_py.dir/rosidl_generator_py/my_robot_interfaces/srv/_set_led_panel_state_s.c.o[0m
[2.484s] [ 85%] [32mBuilding C object CMakeFiles/my_robot_interfaces__rosidl_generator_py.dir/rosidl_generator_py/my_robot_interfaces/srv/_compute_rectangle_area_s.c.o[0m
[2.544s] [ 89%] [32m[1mLinking C shared library rosidl_generator_py/my_robot_interfaces/libmy_robot_interfaces__rosidl_generator_py.so[0m
[2.599s] [ 89%] Built target my_robot_interfaces__rosidl_generator_py
[2.612s] [35m[1mConsolidate compiler generated dependencies of target my_robot_interfaces__rosidl_typesupport_fastrtps_c__pyext[0m
[2.612s] [35m[1mConsolidate compiler generated dependencies of target my_robot_interfaces__rosidl_typesupport_introspection_c__pyext[0m
[2.613s] [35m[1mConsolidate compiler generated dependencies of target my_robot_interfaces__rosidl_typesupport_c__pyext[0m
[2.636s] [ 90%] [32mBuilding C object CMakeFiles/my_robot_interfaces__rosidl_typesupport_fastrtps_c__pyext.dir/rosidl_generator_py/my_robot_interfaces/_my_robot_interfaces_s.ep.rosidl_typesupport_fastrtps_c.c.o[0m
[2.639s] [ 92%] [32mBuilding C object CMakeFiles/my_robot_interfaces__rosidl_typesupport_introspection_c__pyext.dir/rosidl_generator_py/my_robot_interfaces/_my_robot_interfaces_s.ep.rosidl_typesupport_introspection_c.c.o[0m
[2.639s] [ 94%] [32mBuilding C object CMakeFiles/my_robot_interfaces__rosidl_typesupport_c__pyext.dir/rosidl_generator_py/my_robot_interfaces/_my_robot_interfaces_s.ep.rosidl_typesupport_c.c.o[0m
[2.692s] [ 98%] [32m[1mLinking C shared library rosidl_generator_py/my_robot_interfaces/my_robot_interfaces_s__rosidl_typesupport_introspection_c.cpython-310-x86_64-linux-gnu.so[0m
[2.692s] [100%] [32m[1mLinking C shared library rosidl_generator_py/my_robot_interfaces/my_robot_interfaces_s__rosidl_typesupport_fastrtps_c.cpython-310-x86_64-linux-gnu.so[0m
[2.692s] [100%] [32m[1mLinking C shared library rosidl_generator_py/my_robot_interfaces/my_robot_interfaces_s__rosidl_typesupport_c.cpython-310-x86_64-linux-gnu.so[0m
[2.719s] [100%] Built target my_robot_interfaces__rosidl_typesupport_fastrtps_c__pyext
[2.719s] [100%] Built target my_robot_interfaces__rosidl_typesupport_c__pyext
[2.719s] [100%] Built target my_robot_interfaces__rosidl_typesupport_introspection_c__pyext
[2.728s] Invoked command in '/home/wward/ros2_workspace/build/my_robot_interfaces' returned '0': CMAKE_PREFIX_PATH=${CMAKE_PREFIX_PATH}:/home/wward/ros2_workspace/install/my_python_pkg:/opt/ros/humble /usr/bin/cmake --build /home/wward/ros2_workspace/build/my_robot_interfaces -- -j8 -l8
[2.910s] Invoking command in '/home/wward/ros2_workspace/build/my_robot_interfaces': CMAKE_PREFIX_PATH=${CMAKE_PREFIX_PATH}:/home/wward/ros2_workspace/install/my_python_pkg:/opt/ros/humble /usr/bin/cmake --install /home/wward/ros2_workspace/build/my_robot_interfaces
[2.915s] -- Install configuration: ""
[2.915s] -- Installing: /home/wward/ros2_workspace/install/my_robot_interfaces/share/ament_index/resource_index/rosidl_interfaces/my_robot_interfaces
[2.916s] -- Up-to-date: /home/wward/ros2_workspace/install/my_robot_interfaces/include/my_robot_interfaces/my_robot_interfaces
[2.916s] -- Up-to-date: /home/wward/ros2_workspace/install/my_robot_interfaces/include/my_robot_interfaces/my_robot_interfaces/srv
[2.916s] -- Up-to-date: /home/wward/ros2_workspace/install/my_robot_interfaces/include/my_robot_interfaces/my_robot_interfaces/srv/detail
[2.919s] -- Installing: /home/wward/ros2_workspace/install/my_robot_interfaces/include/my_robot_interfaces/my_robot_interfaces/srv/detail/compute_rectangle_area__functions.c
[2.920s] -- Installing: /home/wward/ros2_workspace/install/my_robot_interfaces/include/my_robot_interfaces/my_robot_interfaces/srv/detail/set_led_panel_state__struct.h
[2.920s] -- Installing: /home/wward/ros2_workspace/install/my_robot_interfaces/include/my_robot_interfaces/my_robot_interfaces/srv/detail/compute_rectangle_area__struct.h
[2.920s] -- Installing: /home/wward/ros2_workspace/install/my_robot_interfaces/include/my_robot_interfaces/my_robot_interfaces/srv/detail/compute_rectangle_area__type_support.h
[2.920s] -- Installing: /home/wward/ros2_workspace/install/my_robot_interfaces/include/my_robot_interfaces/my_robot_interfaces/srv/detail/set_led_panel_state__functions.c
[2.920s] -- Installing: /home/wward/ros2_workspace/install/my_robot_interfaces/include/my_robot_interfaces/my_robot_interfaces/srv/detail/set_led_panel_state__functions.h
[2.922s] -- Installing: /home/wward/ros2_workspace/install/my_robot_interfaces/include/my_robot_interfaces/my_robot_interfaces/srv/detail/compute_rectangle_area__functions.h
[2.923s] -- Installing: /home/wward/ros2_workspace/install/my_robot_interfaces/include/my_robot_interfaces/my_robot_interfaces/srv/detail/set_led_panel_state__type_support.h
[2.923s] -- Installing: /home/wward/ros2_workspace/install/my_robot_interfaces/include/my_robot_interfaces/my_robot_interfaces/srv/set_led_panel_state.h
[2.923s] -- Installing: /home/wward/ros2_workspace/install/my_robot_interfaces/include/my_robot_interfaces/my_robot_interfaces/srv/compute_rectangle_area.h
[2.923s] -- Up-to-date: /home/wward/ros2_workspace/install/my_robot_interfaces/include/my_robot_interfaces/my_robot_interfaces/msg
[2.923s] -- Installing: /home/wward/ros2_workspace/install/my_robot_interfaces/include/my_robot_interfaces/my_robot_interfaces/msg/hardware_status.h
[2.923s] -- Up-to-date: /home/wward/ros2_workspace/install/my_robot_interfaces/include/my_robot_interfaces/my_robot_interfaces/msg/detail
[2.924s] -- Installing: /home/wward/ros2_workspace/install/my_robot_interfaces/include/my_robot_interfaces/my_robot_interfaces/msg/detail/hardware_status__functions.h
[2.924s] -- Installing: /home/wward/ros2_workspace/install/my_robot_interfaces/include/my_robot_interfaces/my_robot_interfaces/msg/detail/led_panel_state__functions.c
[2.924s] -- Installing: /home/wward/ros2_workspace/install/my_robot_interfaces/include/my_robot_interfaces/my_robot_interfaces/msg/detail/hardware_status__functions.c
[2.924s] -- Installing: /home/wward/ros2_workspace/install/my_robot_interfaces/include/my_robot_interfaces/my_robot_interfaces/msg/detail/led_panel_state__functions.h
[2.924s] -- Installing: /home/wward/ros2_workspace/install/my_robot_interfaces/include/my_robot_interfaces/my_robot_interfaces/msg/detail/led_panel_state__struct.h
[2.925s] -- Installing: /home/wward/ros2_workspace/install/my_robot_interfaces/include/my_robot_interfaces/my_robot_interfaces/msg/detail/hardware_status__type_support.h
[2.925s] -- Installing: /home/wward/ros2_workspace/install/my_robot_interfaces/include/my_robot_interfaces/my_robot_interfaces/msg/detail/hardware_status__struct.h
[2.925s] -- Installing: /home/wward/ros2_workspace/install/my_robot_interfaces/include/my_robot_interfaces/my_robot_interfaces/msg/detail/led_panel_state__type_support.h
[2.926s] -- Installing: /home/wward/ros2_workspace/install/my_robot_interfaces/include/my_robot_interfaces/my_robot_interfaces/msg/led_panel_state.h
[2.926s] -- Up-to-date: /home/wward/ros2_workspace/install/my_robot_interfaces/include/my_robot_interfaces/my_robot_interfaces/msg/rosidl_generator_c__visibility_control.h
[2.926s] -- Up-to-date: /home/wward/ros2_workspace/install/my_robot_interfaces/share/my_robot_interfaces/environment/library_path.sh
[2.926s] -- Installing: /home/wward/ros2_workspace/install/my_robot_interfaces/share/my_robot_interfaces/environment/library_path.dsv
[2.926s] -- Installing: /home/wward/ros2_workspace/install/my_robot_interfaces/lib/libmy_robot_interfaces__rosidl_generator_c.so
[2.926s] -- Set runtime path of "/home/wward/ros2_workspace/install/my_robot_interfaces/lib/libmy_robot_interfaces__rosidl_generator_c.so" to ""
[2.926s] -- Up-to-date: /home/wward/ros2_workspace/install/my_robot_interfaces/include/my_robot_interfaces/my_robot_interfaces
[2.927s] -- Up-to-date: /home/wward/ros2_workspace/install/my_robot_interfaces/include/my_robot_interfaces/my_robot_interfaces/srv
[2.927s] -- Up-to-date: /home/wward/ros2_workspace/install/my_robot_interfaces/include/my_robot_interfaces/my_robot_interfaces/srv/detail
[2.927s] -- Installing: /home/wward/ros2_workspace/install/my_robot_interfaces/include/my_robot_interfaces/my_robot_interfaces/srv/detail/set_led_panel_state__rosidl_typesupport_fastrtps_c.h
[2.927s] -- Installing: /home/wward/ros2_workspace/install/my_robot_interfaces/include/my_robot_interfaces/my_robot_interfaces/srv/detail/compute_rectangle_area__rosidl_typesupport_fastrtps_c.h
[2.928s] -- Up-to-date: /home/wward/ros2_workspace/install/my_robot_interfaces/include/my_robot_interfaces/my_robot_interfaces/msg
[2.928s] -- Up-to-date: /home/wward/ros2_workspace/install/my_robot_interfaces/include/my_robot_interfaces/my_robot_interfaces/msg/detail
[2.929s] -- Installing: /home/wward/ros2_workspace/install/my_robot_interfaces/include/my_robot_interfaces/my_robot_interfaces/msg/detail/led_panel_state__rosidl_typesupport_fastrtps_c.h
[2.929s] -- Installing: /home/wward/ros2_workspace/install/my_robot_interfaces/include/my_robot_interfaces/my_robot_interfaces/msg/detail/hardware_status__rosidl_typesupport_fastrtps_c.h
[2.929s] -- Up-to-date: /home/wward/ros2_workspace/install/my_robot_interfaces/include/my_robot_interfaces/my_robot_interfaces/msg/rosidl_typesupport_fastrtps_c__visibility_control.h
[2.929s] -- Installing: /home/wward/ros2_workspace/install/my_robot_interfaces/lib/libmy_robot_interfaces__rosidl_typesupport_fastrtps_c.so
[2.930s] -- Set runtime path of "/home/wward/ros2_workspace/install/my_robot_interfaces/lib/libmy_robot_interfaces__rosidl_typesupport_fastrtps_c.so" to ""
[2.930s] -- Up-to-date: /home/wward/ros2_workspace/install/my_robot_interfaces/include/my_robot_interfaces/my_robot_interfaces
[2.930s] -- Up-to-date: /home/wward/ros2_workspace/install/my_robot_interfaces/include/my_robot_interfaces/my_robot_interfaces/srv
[2.930s] -- Up-to-date: /home/wward/ros2_workspace/install/my_robot_interfaces/include/my_robot_interfaces/my_robot_interfaces/srv/detail
[2.931s] -- Installing: /home/wward/ros2_workspace/install/my_robot_interfaces/include/my_robot_interfaces/my_robot_interfaces/srv/detail/compute_rectangle_area__type_support.c
[2.931s] -- Installing: /home/wward/ros2_workspace/install/my_robot_interfaces/include/my_robot_interfaces/my_robot_interfaces/srv/detail/set_led_panel_state__type_support.c
[2.931s] -- Installing: /home/wward/ros2_workspace/install/my_robot_interfaces/include/my_robot_interfaces/my_robot_interfaces/srv/detail/compute_rectangle_area__rosidl_typesupport_introspection_c.h
[2.931s] -- Installing: /home/wward/ros2_workspace/install/my_robot_interfaces/include/my_robot_interfaces/my_robot_interfaces/srv/detail/set_led_panel_state__rosidl_typesupport_introspection_c.h
[2.931s] -- Up-to-date: /home/wward/ros2_workspace/install/my_robot_interfaces/include/my_robot_interfaces/my_robot_interfaces/msg
[2.931s] -- Up-to-date: /home/wward/ros2_workspace/install/my_robot_interfaces/include/my_robot_interfaces/my_robot_interfaces/msg/detail
[2.932s] -- Installing: /home/wward/ros2_workspace/install/my_robot_interfaces/include/my_robot_interfaces/my_robot_interfaces/msg/detail/led_panel_state__type_support.c
[2.932s] -- Installing: /home/wward/ros2_workspace/install/my_robot_interfaces/include/my_robot_interfaces/my_robot_interfaces/msg/detail/hardware_status__type_support.c
[2.932s] -- Installing: /home/wward/ros2_workspace/install/my_robot_interfaces/include/my_robot_interfaces/my_robot_interfaces/msg/detail/led_panel_state__rosidl_typesupport_introspection_c.h
[2.932s] -- Installing: /home/wward/ros2_workspace/install/my_robot_interfaces/include/my_robot_interfaces/my_robot_interfaces/msg/detail/hardware_status__rosidl_typesupport_introspection_c.h
[2.933s] -- Up-to-date: /home/wward/ros2_workspace/install/my_robot_interfaces/include/my_robot_interfaces/my_robot_interfaces/msg/rosidl_typesupport_introspection_c__visibility_control.h
[2.933s] -- Installing: /home/wward/ros2_workspace/install/my_robot_interfaces/lib/libmy_robot_interfaces__rosidl_typesupport_introspection_c.so
[2.933s] -- Set runtime path of "/home/wward/ros2_workspace/install/my_robot_interfaces/lib/libmy_robot_interfaces__rosidl_typesupport_introspection_c.so" to ""
[2.933s] -- Installing: /home/wward/ros2_workspace/install/my_robot_interfaces/lib/libmy_robot_interfaces__rosidl_typesupport_c.so
[2.933s] -- Set runtime path of "/home/wward/ros2_workspace/install/my_robot_interfaces/lib/libmy_robot_interfaces__rosidl_typesupport_c.so" to ""
[2.934s] -- Up-to-date: /home/wward/ros2_workspace/install/my_robot_interfaces/include/my_robot_interfaces/my_robot_interfaces
[2.934s] -- Up-to-date: /home/wward/ros2_workspace/install/my_robot_interfaces/include/my_robot_interfaces/my_robot_interfaces/srv
[2.934s] -- Installing: /home/wward/ros2_workspace/install/my_robot_interfaces/include/my_robot_interfaces/my_robot_interfaces/srv/compute_rectangle_area.hpp
[2.934s] -- Installing: /home/wward/ros2_workspace/install/my_robot_interfaces/include/my_robot_interfaces/my_robot_interfaces/srv/set_led_panel_state.hpp
[2.934s] -- Up-to-date: /home/wward/ros2_workspace/install/my_robot_interfaces/include/my_robot_interfaces/my_robot_interfaces/srv/detail
[2.934s] -- Installing: /home/wward/ros2_workspace/install/my_robot_interfaces/include/my_robot_interfaces/my_robot_interfaces/srv/detail/set_led_panel_state__struct.hpp
[2.935s] -- Installing: /home/wward/ros2_workspace/install/my_robot_interfaces/include/my_robot_interfaces/my_robot_interfaces/srv/detail/set_led_panel_state__traits.hpp
[2.935s] -- Installing: /home/wward/ros2_workspace/install/my_robot_interfaces/include/my_robot_interfaces/my_robot_interfaces/srv/detail/compute_rectangle_area__builder.hpp
[2.935s] -- Installing: /home/wward/ros2_workspace/install/my_robot_interfaces/include/my_robot_interfaces/my_robot_interfaces/srv/detail/compute_rectangle_area__traits.hpp
[2.936s] -- Installing: /home/wward/ros2_workspace/install/my_robot_interfaces/include/my_robot_interfaces/my_robot_interfaces/srv/detail/set_led_panel_state__builder.hpp
[2.936s] -- Installing: /home/wward/ros2_workspace/install/my_robot_interfaces/include/my_robot_interfaces/my_robot_interfaces/srv/detail/compute_rectangle_area__struct.hpp
[2.936s] -- Up-to-date: /home/wward/ros2_workspace/install/my_robot_interfaces/include/my_robot_interfaces/my_robot_interfaces/msg
[2.936s] -- Installing: /home/wward/ros2_workspace/install/my_robot_interfaces/include/my_robot_interfaces/my_robot_interfaces/msg/hardware_status.hpp
[2.936s] -- Up-to-date: /home/wward/ros2_workspace/install/my_robot_interfaces/include/my_robot_interfaces/my_robot_interfaces/msg/detail
[2.936s] -- Installing: /home/wward/ros2_workspace/install/my_robot_interfaces/include/my_robot_interfaces/my_robot_interfaces/msg/detail/led_panel_state__traits.hpp
[2.936s] -- Installing: /home/wward/ros2_workspace/install/my_robot_interfaces/include/my_robot_interfaces/my_robot_interfaces/msg/detail/hardware_status__struct.hpp
[2.936s] -- Installing: /home/wward/ros2_workspace/install/my_robot_interfaces/include/my_robot_interfaces/my_robot_interfaces/msg/detail/hardware_status__builder.hpp
[2.937s] -- Installing: /home/wward/ros2_workspace/install/my_robot_interfaces/include/my_robot_interfaces/my_robot_interfaces/msg/detail/hardware_status__traits.hpp
[2.937s] -- Installing: /home/wward/ros2_workspace/install/my_robot_interfaces/include/my_robot_interfaces/my_robot_interfaces/msg/detail/led_panel_state__struct.hpp
[2.938s] -- Installing: /home/wward/ros2_workspace/install/my_robot_interfaces/include/my_robot_interfaces/my_robot_interfaces/msg/detail/led_panel_state__builder.hpp
[2.938s] -- Installing: /home/wward/ros2_workspace/install/my_robot_interfaces/include/my_robot_interfaces/my_robot_interfaces/msg/led_panel_state.hpp
[2.938s] -- Up-to-date: /home/wward/ros2_workspace/install/my_robot_interfaces/include/my_robot_interfaces/my_robot_interfaces
[2.938s] -- Up-to-date: /home/wward/ros2_workspace/install/my_robot_interfaces/include/my_robot_interfaces/my_robot_interfaces/srv
[2.938s] -- Up-to-date: /home/wward/ros2_workspace/install/my_robot_interfaces/include/my_robot_interfaces/my_robot_interfaces/srv/detail
[2.939s] -- Installing: /home/wward/ros2_workspace/install/my_robot_interfaces/include/my_robot_interfaces/my_robot_interfaces/srv/detail/compute_rectangle_area__rosidl_typesupport_fastrtps_cpp.hpp
[2.939s] -- Installing: /home/wward/ros2_workspace/install/my_robot_interfaces/include/my_robot_interfaces/my_robot_interfaces/srv/detail/set_led_panel_state__rosidl_typesupport_fastrtps_cpp.hpp
[2.939s] -- Up-to-date: /home/wward/ros2_workspace/install/my_robot_interfaces/include/my_robot_interfaces/my_robot_interfaces/srv/detail/dds_fastrtps
[2.939s] -- Up-to-date: /home/wward/ros2_workspace/install/my_robot_interfaces/include/my_robot_interfaces/my_robot_interfaces/msg
[2.940s] -- Up-to-date: /home/wward/ros2_workspace/install/my_robot_interfaces/include/my_robot_interfaces/my_robot_interfaces/msg/detail
[2.940s] -- Installing: /home/wward/ros2_workspace/install/my_robot_interfaces/include/my_robot_interfaces/my_robot_interfaces/msg/detail/hardware_status__rosidl_typesupport_fastrtps_cpp.hpp
[2.940s] -- Up-to-date: /home/wward/ros2_workspace/install/my_robot_interfaces/include/my_robot_interfaces/my_robot_interfaces/msg/detail/dds_fastrtps
[2.940s] -- Installing: /home/wward/ros2_workspace/install/my_robot_interfaces/include/my_robot_interfaces/my_robot_interfaces/msg/detail/led_panel_state__rosidl_typesupport_fastrtps_cpp.hpp
[2.940s] -- Up-to-date: /home/wward/ros2_workspace/install/my_robot_interfaces/include/my_robot_interfaces/my_robot_interfaces/msg/rosidl_typesupport_fastrtps_cpp__visibility_control.h
[2.941s] -- Installing: /home/wward/ros2_workspace/install/my_robot_interfaces/lib/libmy_robot_interfaces__rosidl_typesupport_fastrtps_cpp.so
[2.941s] -- Set runtime path of "/home/wward/ros2_workspace/install/my_robot_interfaces/lib/libmy_robot_interfaces__rosidl_typesupport_fastrtps_cpp.so" to ""
[2.941s] -- Up-to-date: /home/wward/ros2_workspace/install/my_robot_interfaces/include/my_robot_interfaces/my_robot_interfaces
[2.941s] -- Up-to-date: /home/wward/ros2_workspace/install/my_robot_interfaces/include/my_robot_interfaces/my_robot_interfaces/srv
[2.942s] -- Up-to-date: /home/wward/ros2_workspace/install/my_robot_interfaces/include/my_robot_interfaces/my_robot_interfaces/srv/detail
[2.942s] -- Installing: /home/wward/ros2_workspace/install/my_robot_interfaces/include/my_robot_interfaces/my_robot_interfaces/srv/detail/set_led_panel_state__rosidl_typesupport_introspection_cpp.hpp
[2.942s] -- Installing: /home/wward/ros2_workspace/install/my_robot_interfaces/include/my_robot_interfaces/my_robot_interfaces/srv/detail/set_led_panel_state__type_support.cpp
[2.942s] -- Installing: /home/wward/ros2_workspace/install/my_robot_interfaces/include/my_robot_interfaces/my_robot_interfaces/srv/detail/compute_rectangle_area__type_support.cpp
[2.942s] -- Installing: /home/wward/ros2_workspace/install/my_robot_interfaces/include/my_robot_interfaces/my_robot_interfaces/srv/detail/compute_rectangle_area__rosidl_typesupport_introspection_cpp.hpp
[2.942s] -- Up-to-date: /home/wward/ros2_workspace/install/my_robot_interfaces/include/my_robot_interfaces/my_robot_interfaces/msg
[2.942s] -- Up-to-date: /home/wward/ros2_workspace/install/my_robot_interfaces/include/my_robot_interfaces/my_robot_interfaces/msg/detail
[2.943s] -- Installing: /home/wward/ros2_workspace/install/my_robot_interfaces/include/my_robot_interfaces/my_robot_interfaces/msg/detail/led_panel_state__type_support.cpp
[2.943s] -- Installing: /home/wward/ros2_workspace/install/my_robot_interfaces/include/my_robot_interfaces/my_robot_interfaces/msg/detail/led_panel_state__rosidl_typesupport_introspection_cpp.hpp
[2.943s] -- Installing: /home/wward/ros2_workspace/install/my_robot_interfaces/include/my_robot_interfaces/my_robot_interfaces/msg/detail/hardware_status__type_support.cpp
[2.943s] -- Installing: /home/wward/ros2_workspace/install/my_robot_interfaces/include/my_robot_interfaces/my_robot_interfaces/msg/detail/hardware_status__rosidl_typesupport_introspection_cpp.hpp
[2.943s] -- Installing: /home/wward/ros2_workspace/install/my_robot_interfaces/lib/libmy_robot_interfaces__rosidl_typesupport_introspection_cpp.so
[2.943s] -- Set runtime path of "/home/wward/ros2_workspace/install/my_robot_interfaces/lib/libmy_robot_interfaces__rosidl_typesupport_introspection_cpp.so" to ""
[2.943s] -- Installing: /home/wward/ros2_workspace/install/my_robot_interfaces/lib/libmy_robot_interfaces__rosidl_typesupport_cpp.so
[2.944s] -- Set runtime path of "/home/wward/ros2_workspace/install/my_robot_interfaces/lib/libmy_robot_interfaces__rosidl_typesupport_cpp.so" to ""
[2.944s] -- Up-to-date: /home/wward/ros2_workspace/install/my_robot_interfaces/share/my_robot_interfaces/environment/pythonpath.sh
[2.944s] -- Installing: /home/wward/ros2_workspace/install/my_robot_interfaces/share/my_robot_interfaces/environment/pythonpath.dsv
[2.944s] -- Up-to-date: /home/wward/ros2_workspace/install/my_robot_interfaces/local/lib/python3.10/dist-packages/my_robot_interfaces-0.0.0-py3.10.egg-info
[2.944s] -- Installing: /home/wward/ros2_workspace/install/my_robot_interfaces/local/lib/python3.10/dist-packages/my_robot_interfaces-0.0.0-py3.10.egg-info/PKG-INFO
[2.944s] -- Installing: /home/wward/ros2_workspace/install/my_robot_interfaces/local/lib/python3.10/dist-packages/my_robot_interfaces-0.0.0-py3.10.egg-info/top_level.txt
[2.944s] -- Installing: /home/wward/ros2_workspace/install/my_robot_interfaces/local/lib/python3.10/dist-packages/my_robot_interfaces-0.0.0-py3.10.egg-info/dependency_links.txt
[2.944s] -- Installing: /home/wward/ros2_workspace/install/my_robot_interfaces/local/lib/python3.10/dist-packages/my_robot_interfaces-0.0.0-py3.10.egg-info/SOURCES.txt
[2.944s] -- Up-to-date: /home/wward/ros2_workspace/install/my_robot_interfaces/local/lib/python3.10/dist-packages/my_robot_interfaces
[2.944s] -- Installing: /home/wward/ros2_workspace/install/my_robot_interfaces/local/lib/python3.10/dist-packages/my_robot_interfaces/my_robot_interfaces_s__rosidl_typesupport_fastrtps_c.cpython-310-x86_64-linux-gnu.so
[2.945s] -- Up-to-date: /home/wward/ros2_workspace/install/my_robot_interfaces/local/lib/python3.10/dist-packages/my_robot_interfaces/srv
[2.945s] -- Installing: /home/wward/ros2_workspace/install/my_robot_interfaces/local/lib/python3.10/dist-packages/my_robot_interfaces/srv/_compute_rectangle_area_s.c
[2.946s] -- Installing: /home/wward/ros2_workspace/install/my_robot_interfaces/local/lib/python3.10/dist-packages/my_robot_interfaces/srv/_set_led_panel_state.py
[2.946s] -- Installing: /home/wward/ros2_workspace/install/my_robot_interfaces/local/lib/python3.10/dist-packages/my_robot_interfaces/srv/__init__.py
[2.946s] -- Installing: /home/wward/ros2_workspace/install/my_robot_interfaces/local/lib/python3.10/dist-packages/my_robot_interfaces/srv/_set_led_panel_state_s.c
[2.946s] -- Installing: /home/wward/ros2_workspace/install/my_robot_interfaces/local/lib/python3.10/dist-packages/my_robot_interfaces/srv/_compute_rectangle_area.py
[2.947s] -- Up-to-date: /home/wward/ros2_workspace/install/my_robot_interfaces/local/lib/python3.10/dist-packages/my_robot_interfaces/msg
[2.947s] -- Installing: /home/wward/ros2_workspace/install/my_robot_interfaces/local/lib/python3.10/dist-packages/my_robot_interfaces/msg/_led_panel_state.py
[2.947s] -- Installing: /home/wward/ros2_workspace/install/my_robot_interfaces/local/lib/python3.10/dist-packages/my_robot_interfaces/msg/__init__.py
[2.947s] -- Installing: /home/wward/ros2_workspace/install/my_robot_interfaces/local/lib/python3.10/dist-packages/my_robot_interfaces/msg/_hardware_status_s.c
[2.947s] -- Installing: /home/wward/ros2_workspace/install/my_robot_interfaces/local/lib/python3.10/dist-packages/my_robot_interfaces/msg/_led_panel_state_s.c
[2.947s] -- Installing: /home/wward/ros2_workspace/install/my_robot_interfaces/local/lib/python3.10/dist-packages/my_robot_interfaces/msg/_hardware_status.py
[2.947s] -- Installing: /home/wward/ros2_workspace/install/my_robot_interfaces/local/lib/python3.10/dist-packages/my_robot_interfaces/my_robot_interfaces_s__rosidl_typesupport_c.cpython-310-x86_64-linux-gnu.so
[2.947s] -- Installing: /home/wward/ros2_workspace/install/my_robot_interfaces/local/lib/python3.10/dist-packages/my_robot_interfaces/_my_robot_interfaces_s.ep.rosidl_typesupport_c.c
[2.947s] -- Installing: /home/wward/ros2_workspace/install/my_robot_interfaces/local/lib/python3.10/dist-packages/my_robot_interfaces/__init__.py
[2.947s] -- Installing: /home/wward/ros2_workspace/install/my_robot_interfaces/local/lib/python3.10/dist-packages/my_robot_interfaces/my_robot_interfaces_s__rosidl_typesupport_introspection_c.cpython-310-x86_64-linux-gnu.so
[2.947s] -- Installing: /home/wward/ros2_workspace/install/my_robot_interfaces/local/lib/python3.10/dist-packages/my_robot_interfaces/_my_robot_interfaces_s.ep.rosidl_typesupport_fastrtps_c.c
[2.948s] -- Installing: /home/wward/ros2_workspace/install/my_robot_interfaces/local/lib/python3.10/dist-packages/my_robot_interfaces/_my_robot_interfaces_s.ep.rosidl_typesupport_introspection_c.c
[2.948s] -- Installing: /home/wward/ros2_workspace/install/my_robot_interfaces/local/lib/python3.10/dist-packages/my_robot_interfaces/libmy_robot_interfaces__rosidl_generator_py.so
[2.973s] Listing '/home/wward/ros2_workspace/install/my_robot_interfaces/local/lib/python3.10/dist-packages/my_robot_interfaces'...
[2.974s] Compiling '/home/wward/ros2_workspace/install/my_robot_interfaces/local/lib/python3.10/dist-packages/my_robot_interfaces/__init__.py'...
[2.974s] Listing '/home/wward/ros2_workspace/install/my_robot_interfaces/local/lib/python3.10/dist-packages/my_robot_interfaces/msg'...
[2.974s] Compiling '/home/wward/ros2_workspace/install/my_robot_interfaces/local/lib/python3.10/dist-packages/my_robot_interfaces/msg/__init__.py'...
[2.974s] Compiling '/home/wward/ros2_workspace/install/my_robot_interfaces/local/lib/python3.10/dist-packages/my_robot_interfaces/msg/_hardware_status.py'...
[2.974s] Compiling '/home/wward/ros2_workspace/install/my_robot_interfaces/local/lib/python3.10/dist-packages/my_robot_interfaces/msg/_led_panel_state.py'...
[2.974s] Listing '/home/wward/ros2_workspace/install/my_robot_interfaces/local/lib/python3.10/dist-packages/my_robot_interfaces/srv'...
[2.974s] Compiling '/home/wward/ros2_workspace/install/my_robot_interfaces/local/lib/python3.10/dist-packages/my_robot_interfaces/srv/__init__.py'...
[2.974s] Compiling '/home/wward/ros2_workspace/install/my_robot_interfaces/local/lib/python3.10/dist-packages/my_robot_interfaces/srv/_compute_rectangle_area.py'...
[2.974s] Compiling '/home/wward/ros2_workspace/install/my_robot_interfaces/local/lib/python3.10/dist-packages/my_robot_interfaces/srv/_set_led_panel_state.py'...
[2.977s] -- Installing: /home/wward/ros2_workspace/install/my_robot_interfaces/local/lib/python3.10/dist-packages/my_robot_interfaces/my_robot_interfaces_s__rosidl_typesupport_fastrtps_c.cpython-310-x86_64-linux-gnu.so
[2.978s] -- Set runtime path of "/home/wward/ros2_workspace/install/my_robot_interfaces/local/lib/python3.10/dist-packages/my_robot_interfaces/my_robot_interfaces_s__rosidl_typesupport_fastrtps_c.cpython-310-x86_64-linux-gnu.so" to ""
[2.978s] -- Installing: /home/wward/ros2_workspace/install/my_robot_interfaces/local/lib/python3.10/dist-packages/my_robot_interfaces/my_robot_interfaces_s__rosidl_typesupport_introspection_c.cpython-310-x86_64-linux-gnu.so
[2.978s] -- Set runtime path of "/home/wward/ros2_workspace/install/my_robot_interfaces/local/lib/python3.10/dist-packages/my_robot_interfaces/my_robot_interfaces_s__rosidl_typesupport_introspection_c.cpython-310-x86_64-linux-gnu.so" to ""
[2.978s] -- Installing: /home/wward/ros2_workspace/install/my_robot_interfaces/local/lib/python3.10/dist-packages/my_robot_interfaces/my_robot_interfaces_s__rosidl_typesupport_c.cpython-310-x86_64-linux-gnu.so
[2.978s] -- Set runtime path of "/home/wward/ros2_workspace/install/my_robot_interfaces/local/lib/python3.10/dist-packages/my_robot_interfaces/my_robot_interfaces_s__rosidl_typesupport_c.cpython-310-x86_64-linux-gnu.so" to ""
[2.979s] -- Installing: /home/wward/ros2_workspace/install/my_robot_interfaces/lib/libmy_robot_interfaces__rosidl_generator_py.so
[2.979s] -- Set runtime path of "/home/wward/ros2_workspace/install/my_robot_interfaces/lib/libmy_robot_interfaces__rosidl_generator_py.so" to ""
[2.979s] -- Up-to-date: /home/wward/ros2_workspace/install/my_robot_interfaces/share/my_robot_interfaces/msg/HardwareStatus.idl
[2.980s] -- Installing: /home/wward/ros2_workspace/install/my_robot_interfaces/share/my_robot_interfaces/msg/LEDPanelState.idl
[2.980s] -- Up-to-date: /home/wward/ros2_workspace/install/my_robot_interfaces/share/my_robot_interfaces/srv/ComputeRectangleArea.idl
[2.980s] -- Installing: /home/wward/ros2_workspace/install/my_robot_interfaces/share/my_robot_interfaces/srv/SetLEDPanelState.idl
[2.980s] -- Up-to-date: /home/wward/ros2_workspace/install/my_robot_interfaces/share/my_robot_interfaces/msg/HardwareStatus.msg
[2.981s] -- Installing: /home/wward/ros2_workspace/install/my_robot_interfaces/share/my_robot_interfaces/msg/LEDPanelState.msg
[2.982s] -- Up-to-date: /home/wward/ros2_workspace/install/my_robot_interfaces/share/my_robot_interfaces/srv/ComputeRectangleArea.srv
[2.982s] -- Up-to-date: /home/wward/ros2_workspace/install/my_robot_interfaces/share/my_robot_interfaces/srv/ComputeRectangleArea_Request.msg
[2.982s] -- Up-to-date: /home/wward/ros2_workspace/install/my_robot_interfaces/share/my_robot_interfaces/srv/ComputeRectangleArea_Response.msg
[2.982s] -- Installing: /home/wward/ros2_workspace/install/my_robot_interfaces/share/my_robot_interfaces/srv/SetLEDPanelState.srv
[2.982s] -- Installing: /home/wward/ros2_workspace/install/my_robot_interfaces/share/my_robot_interfaces/srv/SetLEDPanelState_Request.msg
[2.982s] -- Installing: /home/wward/ros2_workspace/install/my_robot_interfaces/share/my_robot_interfaces/srv/SetLEDPanelState_Response.msg
[2.983s] -- Up-to-date: /home/wward/ros2_workspace/install/my_robot_interfaces/share/ament_index/resource_index/package_run_dependencies/my_robot_interfaces
[2.983s] -- Up-to-date: /home/wward/ros2_workspace/install/my_robot_interfaces/share/ament_index/resource_index/parent_prefix_path/my_robot_interfaces
[2.983s] -- Up-to-date: /home/wward/ros2_workspace/install/my_robot_interfaces/share/my_robot_interfaces/environment/ament_prefix_path.sh
[2.983s] -- Installing: /home/wward/ros2_workspace/install/my_robot_interfaces/share/my_robot_interfaces/environment/ament_prefix_path.dsv
[2.983s] -- Up-to-date: /home/wward/ros2_workspace/install/my_robot_interfaces/share/my_robot_interfaces/environment/path.sh
[2.983s] -- Installing: /home/wward/ros2_workspace/install/my_robot_interfaces/share/my_robot_interfaces/environment/path.dsv
[2.983s] -- Up-to-date: /home/wward/ros2_workspace/install/my_robot_interfaces/share/my_robot_interfaces/local_setup.bash
[2.984s] -- Up-to-date: /home/wward/ros2_workspace/install/my_robot_interfaces/share/my_robot_interfaces/local_setup.sh
[2.984s] -- Up-to-date: /home/wward/ros2_workspace/install/my_robot_interfaces/share/my_robot_interfaces/local_setup.zsh
[2.984s] -- Installing: /home/wward/ros2_workspace/install/my_robot_interfaces/share/my_robot_interfaces/local_setup.dsv
[2.984s] -- Installing: /home/wward/ros2_workspace/install/my_robot_interfaces/share/my_robot_interfaces/package.dsv
[2.984s] -- Up-to-date: /home/wward/ros2_workspace/install/my_robot_interfaces/share/ament_index/resource_index/packages/my_robot_interfaces
[2.985s] -- Up-to-date: /home/wward/ros2_workspace/install/my_robot_interfaces/share/my_robot_interfaces/cmake/export_my_robot_interfaces__rosidl_generator_cExport.cmake
[2.985s] -- Up-to-date: /home/wward/ros2_workspace/install/my_robot_interfaces/share/my_robot_interfaces/cmake/export_my_robot_interfaces__rosidl_generator_cExport-noconfig.cmake
[2.986s] -- Up-to-date: /home/wward/ros2_workspace/install/my_robot_interfaces/share/my_robot_interfaces/cmake/export_my_robot_interfaces__rosidl_typesupport_fastrtps_cExport.cmake
[2.986s] -- Up-to-date: /home/wward/ros2_workspace/install/my_robot_interfaces/share/my_robot_interfaces/cmake/export_my_robot_interfaces__rosidl_typesupport_fastrtps_cExport-noconfig.cmake
[2.986s] -- Up-to-date: /home/wward/ros2_workspace/install/my_robot_interfaces/share/my_robot_interfaces/cmake/my_robot_interfaces__rosidl_typesupport_introspection_cExport.cmake
[2.986s] -- Up-to-date: /home/wward/ros2_workspace/install/my_robot_interfaces/share/my_robot_interfaces/cmake/my_robot_interfaces__rosidl_typesupport_introspection_cExport-noconfig.cmake
[2.987s] -- Up-to-date: /home/wward/ros2_workspace/install/my_robot_interfaces/share/my_robot_interfaces/cmake/my_robot_interfaces__rosidl_typesupport_cExport.cmake
[2.987s] -- Up-to-date: /home/wward/ros2_workspace/install/my_robot_interfaces/share/my_robot_interfaces/cmake/my_robot_interfaces__rosidl_typesupport_cExport-noconfig.cmake
[2.987s] -- Up-to-date: /home/wward/ros2_workspace/install/my_robot_interfaces/share/my_robot_interfaces/cmake/export_my_robot_interfaces__rosidl_generator_cppExport.cmake
[2.987s] -- Up-to-date: /home/wward/ros2_workspace/install/my_robot_interfaces/share/my_robot_interfaces/cmake/export_my_robot_interfaces__rosidl_typesupport_fastrtps_cppExport.cmake
[2.987s] -- Up-to-date: /home/wward/ros2_workspace/install/my_robot_interfaces/share/my_robot_interfaces/cmake/export_my_robot_interfaces__rosidl_typesupport_fastrtps_cppExport-noconfig.cmake
[2.988s] -- Up-to-date: /home/wward/ros2_workspace/install/my_robot_interfaces/share/my_robot_interfaces/cmake/my_robot_interfaces__rosidl_typesupport_introspection_cppExport.cmake
[2.988s] -- Up-to-date: /home/wward/ros2_workspace/install/my_robot_interfaces/share/my_robot_interfaces/cmake/my_robot_interfaces__rosidl_typesupport_introspection_cppExport-noconfig.cmake
[2.988s] -- Up-to-date: /home/wward/ros2_workspace/install/my_robot_interfaces/share/my_robot_interfaces/cmake/my_robot_interfaces__rosidl_typesupport_cppExport.cmake
[2.988s] -- Up-to-date: /home/wward/ros2_workspace/install/my_robot_interfaces/share/my_robot_interfaces/cmake/my_robot_interfaces__rosidl_typesupport_cppExport-noconfig.cmake
[2.988s] -- Up-to-date: /home/wward/ros2_workspace/install/my_robot_interfaces/share/my_robot_interfaces/cmake/export_my_robot_interfaces__rosidl_generator_pyExport.cmake
[2.990s] -- Up-to-date: /home/wward/ros2_workspace/install/my_robot_interfaces/share/my_robot_interfaces/cmake/export_my_robot_interfaces__rosidl_generator_pyExport-noconfig.cmake
[2.990s] -- Installing: /home/wward/ros2_workspace/install/my_robot_interfaces/share/my_robot_interfaces/cmake/rosidl_cmake-extras.cmake
[2.990s] -- Up-to-date: /home/wward/ros2_workspace/install/my_robot_interfaces/share/my_robot_interfaces/cmake/ament_cmake_export_include_directories-extras.cmake
[2.990s] -- Up-to-date: /home/wward/ros2_workspace/install/my_robot_interfaces/share/my_robot_interfaces/cmake/ament_cmake_export_libraries-extras.cmake
[2.991s] -- Up-to-date: /home/wward/ros2_workspace/install/my_robot_interfaces/share/my_robot_interfaces/cmake/ament_cmake_export_targets-extras.cmake
[2.991s] -- Up-to-date: /home/wward/ros2_workspace/install/my_robot_interfaces/share/my_robot_interfaces/cmake/rosidl_cmake_export_typesupport_targets-extras.cmake
[2.992s] -- Up-to-date: /home/wward/ros2_workspace/install/my_robot_interfaces/share/my_robot_interfaces/cmake/ament_cmake_export_dependencies-extras.cmake
[2.992s] -- Up-to-date: /home/wward/ros2_workspace/install/my_robot_interfaces/share/my_robot_interfaces/cmake/rosidl_cmake_export_typesupport_libraries-extras.cmake
[2.992s] -- Up-to-date: /home/wward/ros2_workspace/install/my_robot_interfaces/share/my_robot_interfaces/cmake/my_robot_interfacesConfig.cmake
[2.993s] -- Up-to-date: /home/wward/ros2_workspace/install/my_robot_interfaces/share/my_robot_interfaces/cmake/my_robot_interfacesConfig-version.cmake
[2.993s] -- Up-to-date: /home/wward/ros2_workspace/install/my_robot_interfaces/share/my_robot_interfaces/package.xml
[2.998s] Invoked command in '/home/wward/ros2_workspace/build/my_robot_interfaces' returned '0': CMAKE_PREFIX_PATH=${CMAKE_PREFIX_PATH}:/home/wward/ros2_workspace/install/my_python_pkg:/opt/ros/humble /usr/bin/cmake --install /home/wward/ros2_workspace/build/my_robot_interfaces
