running develop
running egg_info
writing ../../build/my_python_pkg/my_python_pkg.egg-info/PKG-INFO
writing dependency_links to ../../build/my_python_pkg/my_python_pkg.egg-info/dependency_links.txt
writing entry points to ../../build/my_python_pkg/my_python_pkg.egg-info/entry_points.txt
writing requirements to ../../build/my_python_pkg/my_python_pkg.egg-info/requires.txt
writing top-level names to ../../build/my_python_pkg/my_python_pkg.egg-info/top_level.txt
reading manifest file '../../build/my_python_pkg/my_python_pkg.egg-info/SOURCES.txt'
writing manifest file '../../build/my_python_pkg/my_python_pkg.egg-info/SOURCES.txt'
running build
running build_py
copying my_python_pkg/turtle_spawner.py -> /home/wward/ros2_workspace/build/my_python_pkg/build/lib/my_python_pkg
copying my_python_pkg/turtle_controller.py -> /home/wward/ros2_workspace/build/my_python_pkg/build/lib/my_python_pkg
running install
running install_lib
copying /home/wward/ros2_workspace/build/my_python_pkg/build/lib/my_python_pkg/turtle_spawner.py -> /home/wward/ros2_workspace/install/my_python_pkg/lib/python3.10/site-packages/my_python_pkg
copying /home/wward/ros2_workspace/build/my_python_pkg/build/lib/my_python_pkg/turtle_controller.py -> /home/wward/ros2_workspace/install/my_python_pkg/lib/python3.10/site-packages/my_python_pkg
byte-compiling /home/wward/ros2_workspace/install/my_python_pkg/lib/python3.10/site-packages/my_python_pkg/turtle_spawner.py to turtle_spawner.cpython-310.pyc
byte-compiling /home/wward/ros2_workspace/install/my_python_pkg/lib/python3.10/site-packages/my_python_pkg/turtle_controller.py to turtle_controller.cpython-310.pyc
running install_data
running install_egg_info
removing '/home/wward/ros2_workspace/install/my_python_pkg/lib/python3.10/site-packages/my_python_pkg-0.0.0-py3.10.egg-info' (and everything under it)
Copying ../../build/my_python_pkg/my_python_pkg.egg-info to /home/wward/ros2_workspace/install/my_python_pkg/lib/python3.10/site-packages/my_python_pkg-0.0.0-py3.10.egg-info
running install_scripts
Installing add_two_ints_client script to /home/wward/ros2_workspace/install/my_python_pkg/lib/my_python_pkg
Installing add_two_ints_client_no_oop script to /home/wward/ros2_workspace/install/my_python_pkg/lib/my_python_pkg
Installing add_two_ints_server script to /home/wward/ros2_workspace/install/my_python_pkg/lib/my_python_pkg
Installing battery script to /home/wward/ros2_workspace/install/my_python_pkg/lib/my_python_pkg
Installing hw_status_publisher script to /home/wward/ros2_workspace/install/my_python_pkg/lib/my_python_pkg
Installing led_panel script to /home/wward/ros2_workspace/install/my_python_pkg/lib/my_python_pkg
Installing number_publisher script to /home/wward/ros2_workspace/install/my_python_pkg/lib/my_python_pkg
Installing py_node script to /home/wward/ros2_workspace/install/my_python_pkg/lib/my_python_pkg
Installing robot_news_station script to /home/wward/ros2_workspace/install/my_python_pkg/lib/my_python_pkg
Installing smartphone script to /home/wward/ros2_workspace/install/my_python_pkg/lib/my_python_pkg
writing list of installed files to '/home/wward/ros2_workspace/build/my_python_pkg/install.log'
