[0.586s] Invoking command in '/home/wward/ros2_workspace/build/my_python_pkg': CMAKE_PREFIX_PATH=/home/wward/ros2_workspace/install/my_robot_interfaces:/home/wward/ros2_workspace/install/my_robot_bringup:/home/wward/ros2_workspace/install/my_cpp_pkg PYTHONPATH=/home/wward/ros2_workspace/build/my_python_pkg/prefix_override:/home/wward/ros2_workspace/install/my_python_pkg/lib/python3.10/site-packages:${PYTHONPATH} /usr/bin/python3 setup.py develop --uninstall --editable --build-directory /home/wward/ros2_workspace/build/my_python_pkg/build
[0.777s] running develop
[0.920s] Invoked command in '/home/wward/ros2_workspace/build/my_python_pkg' returned '0': CMAKE_PREFIX_PATH=/home/wward/ros2_workspace/install/my_robot_interfaces:/home/wward/ros2_workspace/install/my_robot_bringup:/home/wward/ros2_workspace/install/my_cpp_pkg PYTHONPATH=/home/wward/ros2_workspace/build/my_python_pkg/prefix_override:/home/wward/ros2_workspace/install/my_python_pkg/lib/python3.10/site-packages:${PYTHONPATH} /usr/bin/python3 setup.py develop --uninstall --editable --build-directory /home/wward/ros2_workspace/build/my_python_pkg/build
[0.922s] Invoking command in '/home/wward/ros2_workspace/src/my_python_pkg': CMAKE_PREFIX_PATH=/home/wward/ros2_workspace/install/my_robot_interfaces:/home/wward/ros2_workspace/install/my_robot_bringup:/home/wward/ros2_workspace/install/my_cpp_pkg PYTHONPATH=/home/wward/ros2_workspace/build/my_python_pkg/prefix_override:/home/wward/ros2_workspace/install/my_python_pkg/lib/python3.10/site-packages:${PYTHONPATH} /usr/bin/python3 setup.py egg_info --egg-base ../../build/my_python_pkg build --build-base /home/wward/ros2_workspace/build/my_python_pkg/build install --record /home/wward/ros2_workspace/build/my_python_pkg/install.log --single-version-externally-managed
[1.108s] running egg_info
[1.111s] writing ../../build/my_python_pkg/my_python_pkg.egg-info/PKG-INFO
[1.111s] writing dependency_links to ../../build/my_python_pkg/my_python_pkg.egg-info/dependency_links.txt
[1.111s] writing entry points to ../../build/my_python_pkg/my_python_pkg.egg-info/entry_points.txt
[1.111s] writing requirements to ../../build/my_python_pkg/my_python_pkg.egg-info/requires.txt
[1.112s] writing top-level names to ../../build/my_python_pkg/my_python_pkg.egg-info/top_level.txt
[1.112s] reading manifest file '../../build/my_python_pkg/my_python_pkg.egg-info/SOURCES.txt'
[1.117s] writing manifest file '../../build/my_python_pkg/my_python_pkg.egg-info/SOURCES.txt'
[1.117s] running build
[1.118s] running build_py
[1.118s] copying my_python_pkg/turtle_spawner.py -> /home/wward/ros2_workspace/build/my_python_pkg/build/lib/my_python_pkg
[1.118s] copying my_python_pkg/turtle_controller.py -> /home/wward/ros2_workspace/build/my_python_pkg/build/lib/my_python_pkg
[1.118s] running install
[1.118s] running install_lib
[1.119s] copying /home/wward/ros2_workspace/build/my_python_pkg/build/lib/my_python_pkg/turtle_spawner.py -> /home/wward/ros2_workspace/install/my_python_pkg/lib/python3.10/site-packages/my_python_pkg
[1.119s] copying /home/wward/ros2_workspace/build/my_python_pkg/build/lib/my_python_pkg/turtle_controller.py -> /home/wward/ros2_workspace/install/my_python_pkg/lib/python3.10/site-packages/my_python_pkg
[1.120s] byte-compiling /home/wward/ros2_workspace/install/my_python_pkg/lib/python3.10/site-packages/my_python_pkg/turtle_spawner.py to turtle_spawner.cpython-310.pyc
[1.121s] byte-compiling /home/wward/ros2_workspace/install/my_python_pkg/lib/python3.10/site-packages/my_python_pkg/turtle_controller.py to turtle_controller.cpython-310.pyc
[1.121s] running install_data
[1.121s] running install_egg_info
[1.123s] removing '/home/wward/ros2_workspace/install/my_python_pkg/lib/python3.10/site-packages/my_python_pkg-0.0.0-py3.10.egg-info' (and everything under it)
[1.123s] Copying ../../build/my_python_pkg/my_python_pkg.egg-info to /home/wward/ros2_workspace/install/my_python_pkg/lib/python3.10/site-packages/my_python_pkg-0.0.0-py3.10.egg-info
[1.124s] running install_scripts
[1.147s] Installing add_two_ints_client script to /home/wward/ros2_workspace/install/my_python_pkg/lib/my_python_pkg
[1.155s] Installing add_two_ints_client_no_oop script to /home/wward/ros2_workspace/install/my_python_pkg/lib/my_python_pkg
[1.155s] Installing add_two_ints_server script to /home/wward/ros2_workspace/install/my_python_pkg/lib/my_python_pkg
[1.155s] Installing battery script to /home/wward/ros2_workspace/install/my_python_pkg/lib/my_python_pkg
[1.155s] Installing hw_status_publisher script to /home/wward/ros2_workspace/install/my_python_pkg/lib/my_python_pkg
[1.155s] Installing led_panel script to /home/wward/ros2_workspace/install/my_python_pkg/lib/my_python_pkg
[1.155s] Installing number_publisher script to /home/wward/ros2_workspace/install/my_python_pkg/lib/my_python_pkg
[1.156s] Installing py_node script to /home/wward/ros2_workspace/install/my_python_pkg/lib/my_python_pkg
[1.156s] Installing robot_news_station script to /home/wward/ros2_workspace/install/my_python_pkg/lib/my_python_pkg
[1.156s] Installing smartphone script to /home/wward/ros2_workspace/install/my_python_pkg/lib/my_python_pkg
[1.156s] writing list of installed files to '/home/wward/ros2_workspace/build/my_python_pkg/install.log'
[1.177s] Invoked command in '/home/wward/ros2_workspace/src/my_python_pkg' returned '0': CMAKE_PREFIX_PATH=/home/wward/ros2_workspace/install/my_robot_interfaces:/home/wward/ros2_workspace/install/my_robot_bringup:/home/wward/ros2_workspace/install/my_cpp_pkg PYTHONPATH=/home/wward/ros2_workspace/build/my_python_pkg/prefix_override:/home/wward/ros2_workspace/install/my_python_pkg/lib/python3.10/site-packages:${PYTHONPATH} /usr/bin/python3 setup.py egg_info --egg-base ../../build/my_python_pkg build --build-base /home/wward/ros2_workspace/build/my_python_pkg/build install --record /home/wward/ros2_workspace/build/my_python_pkg/install.log --single-version-externally-managed
