[0.014s] Invoking command in '/home/wward/ros2_workspace/build/my_robot_interfaces': CMAKE_PREFIX_PATH=${CMAKE_PREFIX_PATH}:/home/wward/ros2_workspace/install/my_python_pkg:/opt/ros/humble /usr/bin/cmake --build /home/wward/ros2_workspace/build/my_robot_interfaces -- -j8 -l8
[0.066s] [35m[1mConsolidate compiler generated dependencies of target my_robot_interfaces__rosidl_generator_c[0m
[0.075s] [  1%] Built target my_robot_interfaces__cpp
[0.087s] [ 12%] Built target my_robot_interfaces__rosidl_generator_c
[0.104s] [ 12%] Built target ament_cmake_python_copy_my_robot_interfaces
[0.104s] [35m[1mConsolidate compiler generated dependencies of target my_robot_interfaces__rosidl_typesupport_cpp[0m
[0.104s] [35m[1mConsolidate compiler generated dependencies of target my_robot_interfaces__rosidl_typesupport_fastrtps_cpp[0m
[0.110s] [35m[1mConsolidate compiler generated dependencies of target my_robot_interfaces__rosidl_typesupport_c[0m
[0.116s] [35m[1mConsolidate compiler generated dependencies of target my_robot_interfaces__rosidl_typesupport_introspection_cpp[0m
[0.133s] [35m[1mConsolidate compiler generated dependencies of target my_robot_interfaces__rosidl_typesupport_fastrtps_c[0m
[0.137s] [35m[1mConsolidate compiler generated dependencies of target my_robot_interfaces__rosidl_typesupport_introspection_c[0m
[0.141s] [ 23%] Built target my_robot_interfaces__rosidl_typesupport_cpp
[0.145s] [ 34%] Built target my_robot_interfaces__rosidl_typesupport_fastrtps_cpp
[0.146s] [ 45%] Built target my_robot_interfaces__rosidl_typesupport_c
[0.150s] [ 56%] Built target my_robot_interfaces__rosidl_typesupport_introspection_cpp
[0.154s] [ 74%] Built target my_robot_interfaces__rosidl_typesupport_introspection_c
[0.154s] [ 78%] Built target my_robot_interfaces__rosidl_typesupport_fastrtps_c
[0.189s] [ 78%] Built target my_robot_interfaces
[0.236s] [ 80%] Built target my_robot_interfaces__py
[0.250s] [35m[1mConsolidate compiler generated dependencies of target my_robot_interfaces__rosidl_generator_py[0m
[0.287s] [ 89%] Built target my_robot_interfaces__rosidl_generator_py
[0.297s] [35m[1mConsolidate compiler generated dependencies of target my_robot_interfaces__rosidl_typesupport_fastrtps_c__pyext[0m
[0.300s] [35m[1mConsolidate compiler generated dependencies of target my_robot_interfaces__rosidl_typesupport_c__pyext[0m
[0.300s] [35m[1mConsolidate compiler generated dependencies of target my_robot_interfaces__rosidl_typesupport_introspection_c__pyext[0m
[0.317s] [ 96%] Built target my_robot_interfaces__rosidl_typesupport_fastrtps_c__pyext
[0.317s] [ 96%] Built target my_robot_interfaces__rosidl_typesupport_c__pyext
[0.318s] [100%] Built target my_robot_interfaces__rosidl_typesupport_introspection_c__pyext
[0.376s] running egg_info
[0.378s] writing my_robot_interfaces.egg-info/PKG-INFO
[0.378s] writing dependency_links to my_robot_interfaces.egg-info/dependency_links.txt
[0.378s] writing top-level names to my_robot_interfaces.egg-info/top_level.txt
[0.379s] reading manifest file 'my_robot_interfaces.egg-info/SOURCES.txt'
[0.380s] writing manifest file 'my_robot_interfaces.egg-info/SOURCES.txt'
[0.390s] [100%] Built target ament_cmake_python_build_my_robot_interfaces_egg
[0.401s] Invoked command in '/home/wward/ros2_workspace/build/my_robot_interfaces' returned '0': CMAKE_PREFIX_PATH=${CMAKE_PREFIX_PATH}:/home/wward/ros2_workspace/install/my_python_pkg:/opt/ros/humble /usr/bin/cmake --build /home/wward/ros2_workspace/build/my_robot_interfaces -- -j8 -l8
[0.575s] Invoking command in '/home/wward/ros2_workspace/build/my_robot_interfaces': CMAKE_PREFIX_PATH=${CMAKE_PREFIX_PATH}:/home/wward/ros2_workspace/install/my_python_pkg:/opt/ros/humble /usr/bin/cmake --install /home/wward/ros2_workspace/build/my_robot_interfaces
[0.580s] -- Install configuration: ""
[0.580s] -- Up-to-date: /home/wward/ros2_workspace/install/my_robot_interfaces/share/ament_index/resource_index/rosidl_interfaces/my_robot_interfaces
[0.580s] -- Up-to-date: /home/wward/ros2_workspace/install/my_robot_interfaces/include/my_robot_interfaces/my_robot_interfaces
[0.581s] -- Up-to-date: /home/wward/ros2_workspace/install/my_robot_interfaces/include/my_robot_interfaces/my_robot_interfaces/srv
[0.582s] -- Up-to-date: /home/wward/ros2_workspace/install/my_robot_interfaces/include/my_robot_interfaces/my_robot_interfaces/srv/set_led_panel_state_custom.h
[0.582s] -- Up-to-date: /home/wward/ros2_workspace/install/my_robot_interfaces/include/my_robot_interfaces/my_robot_interfaces/srv/detail
[0.582s] -- Up-to-date: /home/wward/ros2_workspace/install/my_robot_interfaces/include/my_robot_interfaces/my_robot_interfaces/srv/detail/compute_rectangle_area__functions.c
[0.583s] -- Up-to-date: /home/wward/ros2_workspace/install/my_robot_interfaces/include/my_robot_interfaces/my_robot_interfaces/srv/detail/set_led_panel_state_custom__functions.c
[0.583s] -- Up-to-date: /home/wward/ros2_workspace/install/my_robot_interfaces/include/my_robot_interfaces/my_robot_interfaces/srv/detail/set_led_panel_state_custom__functions.h
[0.583s] -- Up-to-date: /home/wward/ros2_workspace/install/my_robot_interfaces/include/my_robot_interfaces/my_robot_interfaces/srv/detail/set_led_panel_state__struct.h
[0.584s] -- Up-to-date: /home/wward/ros2_workspace/install/my_robot_interfaces/include/my_robot_interfaces/my_robot_interfaces/srv/detail/compute_rectangle_area_custom__type_support.h
[0.584s] -- Up-to-date: /home/wward/ros2_workspace/install/my_robot_interfaces/include/my_robot_interfaces/my_robot_interfaces/srv/detail/compute_rectangle_area__struct.h
[0.584s] -- Up-to-date: /home/wward/ros2_workspace/install/my_robot_interfaces/include/my_robot_interfaces/my_robot_interfaces/srv/detail/compute_rectangle_area__type_support.h
[0.585s] -- Up-to-date: /home/wward/ros2_workspace/install/my_robot_interfaces/include/my_robot_interfaces/my_robot_interfaces/srv/detail/set_led_panel_state__functions.c
[0.585s] -- Up-to-date: /home/wward/ros2_workspace/install/my_robot_interfaces/include/my_robot_interfaces/my_robot_interfaces/srv/detail/set_led_panel_state_custom__struct.h
[0.585s] -- Up-to-date: /home/wward/ros2_workspace/install/my_robot_interfaces/include/my_robot_interfaces/my_robot_interfaces/srv/detail/set_led_panel_state_custom__type_support.h
[0.585s] -- Up-to-date: /home/wward/ros2_workspace/install/my_robot_interfaces/include/my_robot_interfaces/my_robot_interfaces/srv/detail/compute_rectangle_area_custom__struct.h
[0.585s] -- Up-to-date: /home/wward/ros2_workspace/install/my_robot_interfaces/include/my_robot_interfaces/my_robot_interfaces/srv/detail/compute_rectangle_area_custom__functions.h
[0.585s] -- Up-to-date: /home/wward/ros2_workspace/install/my_robot_interfaces/include/my_robot_interfaces/my_robot_interfaces/srv/detail/compute_rectangle_area_custom__functions.c
[0.586s] -- Up-to-date: /home/wward/ros2_workspace/install/my_robot_interfaces/include/my_robot_interfaces/my_robot_interfaces/srv/detail/set_led_panel_state__functions.h
[0.586s] -- Up-to-date: /home/wward/ros2_workspace/install/my_robot_interfaces/include/my_robot_interfaces/my_robot_interfaces/srv/detail/compute_rectangle_area__functions.h
[0.586s] -- Up-to-date: /home/wward/ros2_workspace/install/my_robot_interfaces/include/my_robot_interfaces/my_robot_interfaces/srv/detail/set_led_panel_state__type_support.h
[0.587s] -- Up-to-date: /home/wward/ros2_workspace/install/my_robot_interfaces/include/my_robot_interfaces/my_robot_interfaces/srv/compute_rectangle_area_custom.h
[0.587s] -- Up-to-date: /home/wward/ros2_workspace/install/my_robot_interfaces/include/my_robot_interfaces/my_robot_interfaces/srv/set_led_panel_state.h
[0.587s] -- Up-to-date: /home/wward/ros2_workspace/install/my_robot_interfaces/include/my_robot_interfaces/my_robot_interfaces/srv/compute_rectangle_area.h
[0.587s] -- Up-to-date: /home/wward/ros2_workspace/install/my_robot_interfaces/include/my_robot_interfaces/my_robot_interfaces/msg
[0.588s] -- Up-to-date: /home/wward/ros2_workspace/install/my_robot_interfaces/include/my_robot_interfaces/my_robot_interfaces/msg/hardware_status.h
[0.588s] -- Up-to-date: /home/wward/ros2_workspace/install/my_robot_interfaces/include/my_robot_interfaces/my_robot_interfaces/msg/detail
[0.588s] -- Up-to-date: /home/wward/ros2_workspace/install/my_robot_interfaces/include/my_robot_interfaces/my_robot_interfaces/msg/detail/led_panel_state_custom__struct.h
[0.588s] -- Up-to-date: /home/wward/ros2_workspace/install/my_robot_interfaces/include/my_robot_interfaces/my_robot_interfaces/msg/detail/hardware_status__functions.h
[0.588s] -- Up-to-date: /home/wward/ros2_workspace/install/my_robot_interfaces/include/my_robot_interfaces/my_robot_interfaces/msg/detail/led_panel_state_custom__functions.h
[0.589s] -- Up-to-date: /home/wward/ros2_workspace/install/my_robot_interfaces/include/my_robot_interfaces/my_robot_interfaces/msg/detail/led_panel_state_custom__functions.c
[0.589s] -- Up-to-date: /home/wward/ros2_workspace/install/my_robot_interfaces/include/my_robot_interfaces/my_robot_interfaces/msg/detail/led_panel_state__functions.c
[0.589s] -- Up-to-date: /home/wward/ros2_workspace/install/my_robot_interfaces/include/my_robot_interfaces/my_robot_interfaces/msg/detail/hardware_status__functions.c
[0.589s] -- Up-to-date: /home/wward/ros2_workspace/install/my_robot_interfaces/include/my_robot_interfaces/my_robot_interfaces/msg/detail/led_panel_state__functions.h
[0.589s] -- Up-to-date: /home/wward/ros2_workspace/install/my_robot_interfaces/include/my_robot_interfaces/my_robot_interfaces/msg/detail/led_panel_state__struct.h
[0.589s] -- Up-to-date: /home/wward/ros2_workspace/install/my_robot_interfaces/include/my_robot_interfaces/my_robot_interfaces/msg/detail/hardware_status__type_support.h
[0.589s] -- Up-to-date: /home/wward/ros2_workspace/install/my_robot_interfaces/include/my_robot_interfaces/my_robot_interfaces/msg/detail/led_panel_state_custom__type_support.h
[0.589s] -- Up-to-date: /home/wward/ros2_workspace/install/my_robot_interfaces/include/my_robot_interfaces/my_robot_interfaces/msg/detail/hardware_status__struct.h
[0.589s] -- Up-to-date: /home/wward/ros2_workspace/install/my_robot_interfaces/include/my_robot_interfaces/my_robot_interfaces/msg/detail/led_panel_state__type_support.h
[0.589s] -- Up-to-date: /home/wward/ros2_workspace/install/my_robot_interfaces/include/my_robot_interfaces/my_robot_interfaces/msg/led_panel_state.h
[0.590s] -- Up-to-date: /home/wward/ros2_workspace/install/my_robot_interfaces/include/my_robot_interfaces/my_robot_interfaces/msg/led_panel_state_custom.h
[0.590s] -- Up-to-date: /home/wward/ros2_workspace/install/my_robot_interfaces/include/my_robot_interfaces/my_robot_interfaces/msg/rosidl_generator_c__visibility_control.h
[0.590s] -- Up-to-date: /home/wward/ros2_workspace/install/my_robot_interfaces/share/my_robot_interfaces/environment/library_path.sh
[0.590s] -- Up-to-date: /home/wward/ros2_workspace/install/my_robot_interfaces/share/my_robot_interfaces/environment/library_path.dsv
[0.590s] -- Up-to-date: /home/wward/ros2_workspace/install/my_robot_interfaces/lib/libmy_robot_interfaces__rosidl_generator_c.so
[0.590s] -- Up-to-date: /home/wward/ros2_workspace/install/my_robot_interfaces/include/my_robot_interfaces/my_robot_interfaces
[0.590s] -- Up-to-date: /home/wward/ros2_workspace/install/my_robot_interfaces/include/my_robot_interfaces/my_robot_interfaces/srv
[0.591s] -- Up-to-date: /home/wward/ros2_workspace/install/my_robot_interfaces/include/my_robot_interfaces/my_robot_interfaces/srv/detail
[0.591s] -- Up-to-date: /home/wward/ros2_workspace/install/my_robot_interfaces/include/my_robot_interfaces/my_robot_interfaces/srv/detail/compute_rectangle_area_custom__rosidl_typesupport_fastrtps_c.h
[0.591s] -- Up-to-date: /home/wward/ros2_workspace/install/my_robot_interfaces/include/my_robot_interfaces/my_robot_interfaces/srv/detail/set_led_panel_state__rosidl_typesupport_fastrtps_c.h
[0.592s] -- Up-to-date: /home/wward/ros2_workspace/install/my_robot_interfaces/include/my_robot_interfaces/my_robot_interfaces/srv/detail/compute_rectangle_area__rosidl_typesupport_fastrtps_c.h
[0.592s] -- Up-to-date: /home/wward/ros2_workspace/install/my_robot_interfaces/include/my_robot_interfaces/my_robot_interfaces/srv/detail/set_led_panel_state_custom__rosidl_typesupport_fastrtps_c.h
[0.592s] -- Up-to-date: /home/wward/ros2_workspace/install/my_robot_interfaces/include/my_robot_interfaces/my_robot_interfaces/msg
[0.592s] -- Up-to-date: /home/wward/ros2_workspace/install/my_robot_interfaces/include/my_robot_interfaces/my_robot_interfaces/msg/detail
[0.593s] -- Up-to-date: /home/wward/ros2_workspace/install/my_robot_interfaces/include/my_robot_interfaces/my_robot_interfaces/msg/detail/led_panel_state__rosidl_typesupport_fastrtps_c.h
[0.593s] -- Up-to-date: /home/wward/ros2_workspace/install/my_robot_interfaces/include/my_robot_interfaces/my_robot_interfaces/msg/detail/hardware_status__rosidl_typesupport_fastrtps_c.h
[0.593s] -- Up-to-date: /home/wward/ros2_workspace/install/my_robot_interfaces/include/my_robot_interfaces/my_robot_interfaces/msg/detail/led_panel_state_custom__rosidl_typesupport_fastrtps_c.h
[0.593s] -- Up-to-date: /home/wward/ros2_workspace/install/my_robot_interfaces/include/my_robot_interfaces/my_robot_interfaces/msg/rosidl_typesupport_fastrtps_c__visibility_control.h
[0.593s] -- Up-to-date: /home/wward/ros2_workspace/install/my_robot_interfaces/lib/libmy_robot_interfaces__rosidl_typesupport_fastrtps_c.so
[0.593s] -- Up-to-date: /home/wward/ros2_workspace/install/my_robot_interfaces/include/my_robot_interfaces/my_robot_interfaces
[0.593s] -- Up-to-date: /home/wward/ros2_workspace/install/my_robot_interfaces/include/my_robot_interfaces/my_robot_interfaces/srv
[0.593s] -- Up-to-date: /home/wward/ros2_workspace/install/my_robot_interfaces/include/my_robot_interfaces/my_robot_interfaces/srv/detail
[0.593s] -- Up-to-date: /home/wward/ros2_workspace/install/my_robot_interfaces/include/my_robot_interfaces/my_robot_interfaces/srv/detail/set_led_panel_state_custom__rosidl_typesupport_introspection_c.h
[0.593s] -- Up-to-date: /home/wward/ros2_workspace/install/my_robot_interfaces/include/my_robot_interfaces/my_robot_interfaces/srv/detail/compute_rectangle_area_custom__type_support.c
[0.593s] -- Up-to-date: /home/wward/ros2_workspace/install/my_robot_interfaces/include/my_robot_interfaces/my_robot_interfaces/srv/detail/compute_rectangle_area__type_support.c
[0.594s] -- Up-to-date: /home/wward/ros2_workspace/install/my_robot_interfaces/include/my_robot_interfaces/my_robot_interfaces/srv/detail/set_led_panel_state_custom__type_support.c
[0.594s] -- Up-to-date: /home/wward/ros2_workspace/install/my_robot_interfaces/include/my_robot_interfaces/my_robot_interfaces/srv/detail/set_led_panel_state__type_support.c
[0.594s] -- Up-to-date: /home/wward/ros2_workspace/install/my_robot_interfaces/include/my_robot_interfaces/my_robot_interfaces/srv/detail/compute_rectangle_area__rosidl_typesupport_introspection_c.h
[0.594s] -- Up-to-date: /home/wward/ros2_workspace/install/my_robot_interfaces/include/my_robot_interfaces/my_robot_interfaces/srv/detail/set_led_panel_state__rosidl_typesupport_introspection_c.h
[0.594s] -- Up-to-date: /home/wward/ros2_workspace/install/my_robot_interfaces/include/my_robot_interfaces/my_robot_interfaces/srv/detail/compute_rectangle_area_custom__rosidl_typesupport_introspection_c.h
[0.594s] -- Up-to-date: /home/wward/ros2_workspace/install/my_robot_interfaces/include/my_robot_interfaces/my_robot_interfaces/msg
[0.594s] -- Up-to-date: /home/wward/ros2_workspace/install/my_robot_interfaces/include/my_robot_interfaces/my_robot_interfaces/msg/detail
[0.594s] -- Up-to-date: /home/wward/ros2_workspace/install/my_robot_interfaces/include/my_robot_interfaces/my_robot_interfaces/msg/detail/led_panel_state_custom__type_support.c
[0.594s] -- Up-to-date: /home/wward/ros2_workspace/install/my_robot_interfaces/include/my_robot_interfaces/my_robot_interfaces/msg/detail/led_panel_state__type_support.c
[0.594s] -- Up-to-date: /home/wward/ros2_workspace/install/my_robot_interfaces/include/my_robot_interfaces/my_robot_interfaces/msg/detail/led_panel_state_custom__rosidl_typesupport_introspection_c.h
[0.594s] -- Up-to-date: /home/wward/ros2_workspace/install/my_robot_interfaces/include/my_robot_interfaces/my_robot_interfaces/msg/detail/hardware_status__type_support.c
[0.595s] -- Up-to-date: /home/wward/ros2_workspace/install/my_robot_interfaces/include/my_robot_interfaces/my_robot_interfaces/msg/detail/led_panel_state__rosidl_typesupport_introspection_c.h
[0.595s] -- Up-to-date: /home/wward/ros2_workspace/install/my_robot_interfaces/include/my_robot_interfaces/my_robot_interfaces/msg/detail/hardware_status__rosidl_typesupport_introspection_c.h
[0.595s] -- Up-to-date: /home/wward/ros2_workspace/install/my_robot_interfaces/include/my_robot_interfaces/my_robot_interfaces/msg/rosidl_typesupport_introspection_c__visibility_control.h
[0.595s] -- Up-to-date: /home/wward/ros2_workspace/install/my_robot_interfaces/lib/libmy_robot_interfaces__rosidl_typesupport_introspection_c.so
[0.595s] -- Up-to-date: /home/wward/ros2_workspace/install/my_robot_interfaces/lib/libmy_robot_interfaces__rosidl_typesupport_c.so
[0.595s] -- Up-to-date: /home/wward/ros2_workspace/install/my_robot_interfaces/include/my_robot_interfaces/my_robot_interfaces
[0.596s] -- Up-to-date: /home/wward/ros2_workspace/install/my_robot_interfaces/include/my_robot_interfaces/my_robot_interfaces/srv
[0.596s] -- Up-to-date: /home/wward/ros2_workspace/install/my_robot_interfaces/include/my_robot_interfaces/my_robot_interfaces/srv/compute_rectangle_area.hpp
[0.596s] -- Up-to-date: /home/wward/ros2_workspace/install/my_robot_interfaces/include/my_robot_interfaces/my_robot_interfaces/srv/set_led_panel_state.hpp
[0.596s] -- Up-to-date: /home/wward/ros2_workspace/install/my_robot_interfaces/include/my_robot_interfaces/my_robot_interfaces/srv/detail
[0.596s] -- Up-to-date: /home/wward/ros2_workspace/install/my_robot_interfaces/include/my_robot_interfaces/my_robot_interfaces/srv/detail/compute_rectangle_area_custom__traits.hpp
[0.596s] -- Up-to-date: /home/wward/ros2_workspace/install/my_robot_interfaces/include/my_robot_interfaces/my_robot_interfaces/srv/detail/set_led_panel_state__struct.hpp
[0.596s] -- Up-to-date: /home/wward/ros2_workspace/install/my_robot_interfaces/include/my_robot_interfaces/my_robot_interfaces/srv/detail/compute_rectangle_area_custom__struct.hpp
[0.596s] -- Up-to-date: /home/wward/ros2_workspace/install/my_robot_interfaces/include/my_robot_interfaces/my_robot_interfaces/srv/detail/set_led_panel_state__traits.hpp
[0.596s] -- Up-to-date: /home/wward/ros2_workspace/install/my_robot_interfaces/include/my_robot_interfaces/my_robot_interfaces/srv/detail/compute_rectangle_area_custom__builder.hpp
[0.596s] -- Up-to-date: /home/wward/ros2_workspace/install/my_robot_interfaces/include/my_robot_interfaces/my_robot_interfaces/srv/detail/compute_rectangle_area__builder.hpp
[0.596s] -- Up-to-date: /home/wward/ros2_workspace/install/my_robot_interfaces/include/my_robot_interfaces/my_robot_interfaces/srv/detail/set_led_panel_state_custom__builder.hpp
[0.597s] -- Up-to-date: /home/wward/ros2_workspace/install/my_robot_interfaces/include/my_robot_interfaces/my_robot_interfaces/srv/detail/compute_rectangle_area__traits.hpp
[0.597s] -- Up-to-date: /home/wward/ros2_workspace/install/my_robot_interfaces/include/my_robot_interfaces/my_robot_interfaces/srv/detail/set_led_panel_state_custom__traits.hpp
[0.597s] -- Up-to-date: /home/wward/ros2_workspace/install/my_robot_interfaces/include/my_robot_interfaces/my_robot_interfaces/srv/detail/set_led_panel_state__builder.hpp
[0.597s] -- Up-to-date: /home/wward/ros2_workspace/install/my_robot_interfaces/include/my_robot_interfaces/my_robot_interfaces/srv/detail/set_led_panel_state_custom__struct.hpp
[0.597s] -- Up-to-date: /home/wward/ros2_workspace/install/my_robot_interfaces/include/my_robot_interfaces/my_robot_interfaces/srv/detail/compute_rectangle_area__struct.hpp
[0.597s] -- Up-to-date: /home/wward/ros2_workspace/install/my_robot_interfaces/include/my_robot_interfaces/my_robot_interfaces/srv/compute_rectangle_area_custom.hpp
[0.597s] -- Up-to-date: /home/wward/ros2_workspace/install/my_robot_interfaces/include/my_robot_interfaces/my_robot_interfaces/srv/set_led_panel_state_custom.hpp
[0.597s] -- Up-to-date: /home/wward/ros2_workspace/install/my_robot_interfaces/include/my_robot_interfaces/my_robot_interfaces/msg
[0.597s] -- Up-to-date: /home/wward/ros2_workspace/install/my_robot_interfaces/include/my_robot_interfaces/my_robot_interfaces/msg/led_panel_state_custom.hpp
[0.597s] -- Up-to-date: /home/wward/ros2_workspace/install/my_robot_interfaces/include/my_robot_interfaces/my_robot_interfaces/msg/hardware_status.hpp
[0.597s] -- Up-to-date: /home/wward/ros2_workspace/install/my_robot_interfaces/include/my_robot_interfaces/my_robot_interfaces/msg/detail
[0.598s] -- Up-to-date: /home/wward/ros2_workspace/install/my_robot_interfaces/include/my_robot_interfaces/my_robot_interfaces/msg/detail/led_panel_state__traits.hpp
[0.598s] -- Up-to-date: /home/wward/ros2_workspace/install/my_robot_interfaces/include/my_robot_interfaces/my_robot_interfaces/msg/detail/hardware_status__struct.hpp
[0.598s] -- Up-to-date: /home/wward/ros2_workspace/install/my_robot_interfaces/include/my_robot_interfaces/my_robot_interfaces/msg/detail/hardware_status__builder.hpp
[0.598s] -- Up-to-date: /home/wward/ros2_workspace/install/my_robot_interfaces/include/my_robot_interfaces/my_robot_interfaces/msg/detail/hardware_status__traits.hpp
[0.598s] -- Up-to-date: /home/wward/ros2_workspace/install/my_robot_interfaces/include/my_robot_interfaces/my_robot_interfaces/msg/detail/led_panel_state__struct.hpp
[0.598s] -- Up-to-date: /home/wward/ros2_workspace/install/my_robot_interfaces/include/my_robot_interfaces/my_robot_interfaces/msg/detail/led_panel_state_custom__builder.hpp
[0.598s] -- Up-to-date: /home/wward/ros2_workspace/install/my_robot_interfaces/include/my_robot_interfaces/my_robot_interfaces/msg/detail/led_panel_state_custom__struct.hpp
[0.599s] -- Up-to-date: /home/wward/ros2_workspace/install/my_robot_interfaces/include/my_robot_interfaces/my_robot_interfaces/msg/detail/led_panel_state__builder.hpp
[0.599s] -- Up-to-date: /home/wward/ros2_workspace/install/my_robot_interfaces/include/my_robot_interfaces/my_robot_interfaces/msg/detail/led_panel_state_custom__traits.hpp
[0.599s] -- Up-to-date: /home/wward/ros2_workspace/install/my_robot_interfaces/include/my_robot_interfaces/my_robot_interfaces/msg/led_panel_state.hpp
[0.600s] -- Up-to-date: /home/wward/ros2_workspace/install/my_robot_interfaces/include/my_robot_interfaces/my_robot_interfaces
[0.600s] -- Up-to-date: /home/wward/ros2_workspace/install/my_robot_interfaces/include/my_robot_interfaces/my_robot_interfaces/srv
[0.600s] -- Up-to-date: /home/wward/ros2_workspace/install/my_robot_interfaces/include/my_robot_interfaces/my_robot_interfaces/srv/detail
[0.600s] -- Up-to-date: /home/wward/ros2_workspace/install/my_robot_interfaces/include/my_robot_interfaces/my_robot_interfaces/srv/detail/compute_rectangle_area__rosidl_typesupport_fastrtps_cpp.hpp
[0.600s] -- Up-to-date: /home/wward/ros2_workspace/install/my_robot_interfaces/include/my_robot_interfaces/my_robot_interfaces/srv/detail/set_led_panel_state__rosidl_typesupport_fastrtps_cpp.hpp
[0.600s] -- Up-to-date: /home/wward/ros2_workspace/install/my_robot_interfaces/include/my_robot_interfaces/my_robot_interfaces/srv/detail/dds_fastrtps
[0.600s] -- Up-to-date: /home/wward/ros2_workspace/install/my_robot_interfaces/include/my_robot_interfaces/my_robot_interfaces/srv/detail/compute_rectangle_area_custom__rosidl_typesupport_fastrtps_cpp.hpp
[0.600s] -- Up-to-date: /home/wward/ros2_workspace/install/my_robot_interfaces/include/my_robot_interfaces/my_robot_interfaces/srv/detail/set_led_panel_state_custom__rosidl_typesupport_fastrtps_cpp.hpp
[0.600s] -- Up-to-date: /home/wward/ros2_workspace/install/my_robot_interfaces/include/my_robot_interfaces/my_robot_interfaces/msg
[0.601s] -- Up-to-date: /home/wward/ros2_workspace/install/my_robot_interfaces/include/my_robot_interfaces/my_robot_interfaces/msg/detail
[0.601s] -- Up-to-date: /home/wward/ros2_workspace/install/my_robot_interfaces/include/my_robot_interfaces/my_robot_interfaces/msg/detail/hardware_status__rosidl_typesupport_fastrtps_cpp.hpp
[0.601s] -- Up-to-date: /home/wward/ros2_workspace/install/my_robot_interfaces/include/my_robot_interfaces/my_robot_interfaces/msg/detail/dds_fastrtps
[0.601s] -- Up-to-date: /home/wward/ros2_workspace/install/my_robot_interfaces/include/my_robot_interfaces/my_robot_interfaces/msg/detail/led_panel_state_custom__rosidl_typesupport_fastrtps_cpp.hpp
[0.601s] -- Up-to-date: /home/wward/ros2_workspace/install/my_robot_interfaces/include/my_robot_interfaces/my_robot_interfaces/msg/detail/led_panel_state__rosidl_typesupport_fastrtps_cpp.hpp
[0.601s] -- Up-to-date: /home/wward/ros2_workspace/install/my_robot_interfaces/include/my_robot_interfaces/my_robot_interfaces/msg/rosidl_typesupport_fastrtps_cpp__visibility_control.h
[0.601s] -- Up-to-date: /home/wward/ros2_workspace/install/my_robot_interfaces/lib/libmy_robot_interfaces__rosidl_typesupport_fastrtps_cpp.so
[0.601s] -- Up-to-date: /home/wward/ros2_workspace/install/my_robot_interfaces/include/my_robot_interfaces/my_robot_interfaces
[0.601s] -- Up-to-date: /home/wward/ros2_workspace/install/my_robot_interfaces/include/my_robot_interfaces/my_robot_interfaces/srv
[0.602s] -- Up-to-date: /home/wward/ros2_workspace/install/my_robot_interfaces/include/my_robot_interfaces/my_robot_interfaces/srv/detail
[0.602s] -- Up-to-date: /home/wward/ros2_workspace/install/my_robot_interfaces/include/my_robot_interfaces/my_robot_interfaces/srv/detail/set_led_panel_state__rosidl_typesupport_introspection_cpp.hpp
[0.602s] -- Up-to-date: /home/wward/ros2_workspace/install/my_robot_interfaces/include/my_robot_interfaces/my_robot_interfaces/srv/detail/set_led_panel_state__type_support.cpp
[0.602s] -- Up-to-date: /home/wward/ros2_workspace/install/my_robot_interfaces/include/my_robot_interfaces/my_robot_interfaces/srv/detail/compute_rectangle_area_custom__rosidl_typesupport_introspection_cpp.hpp
[0.602s] -- Up-to-date: /home/wward/ros2_workspace/install/my_robot_interfaces/include/my_robot_interfaces/my_robot_interfaces/srv/detail/compute_rectangle_area__type_support.cpp
[0.602s] -- Up-to-date: /home/wward/ros2_workspace/install/my_robot_interfaces/include/my_robot_interfaces/my_robot_interfaces/srv/detail/set_led_panel_state_custom__type_support.cpp
[0.602s] -- Up-to-date: /home/wward/ros2_workspace/install/my_robot_interfaces/include/my_robot_interfaces/my_robot_interfaces/srv/detail/compute_rectangle_area_custom__type_support.cpp
[0.602s] -- Up-to-date: /home/wward/ros2_workspace/install/my_robot_interfaces/include/my_robot_interfaces/my_robot_interfaces/srv/detail/set_led_panel_state_custom__rosidl_typesupport_introspection_cpp.hpp
[0.602s] -- Up-to-date: /home/wward/ros2_workspace/install/my_robot_interfaces/include/my_robot_interfaces/my_robot_interfaces/srv/detail/compute_rectangle_area__rosidl_typesupport_introspection_cpp.hpp
[0.602s] -- Up-to-date: /home/wward/ros2_workspace/install/my_robot_interfaces/include/my_robot_interfaces/my_robot_interfaces/msg
[0.602s] -- Up-to-date: /home/wward/ros2_workspace/install/my_robot_interfaces/include/my_robot_interfaces/my_robot_interfaces/msg/detail
[0.603s] -- Up-to-date: /home/wward/ros2_workspace/install/my_robot_interfaces/include/my_robot_interfaces/my_robot_interfaces/msg/detail/led_panel_state_custom__type_support.cpp
[0.603s] -- Up-to-date: /home/wward/ros2_workspace/install/my_robot_interfaces/include/my_robot_interfaces/my_robot_interfaces/msg/detail/led_panel_state__type_support.cpp
[0.603s] -- Up-to-date: /home/wward/ros2_workspace/install/my_robot_interfaces/include/my_robot_interfaces/my_robot_interfaces/msg/detail/led_panel_state__rosidl_typesupport_introspection_cpp.hpp
[0.603s] -- Up-to-date: /home/wward/ros2_workspace/install/my_robot_interfaces/include/my_robot_interfaces/my_robot_interfaces/msg/detail/hardware_status__type_support.cpp
[0.603s] -- Up-to-date: /home/wward/ros2_workspace/install/my_robot_interfaces/include/my_robot_interfaces/my_robot_interfaces/msg/detail/hardware_status__rosidl_typesupport_introspection_cpp.hpp
[0.603s] -- Up-to-date: /home/wward/ros2_workspace/install/my_robot_interfaces/include/my_robot_interfaces/my_robot_interfaces/msg/detail/led_panel_state_custom__rosidl_typesupport_introspection_cpp.hpp
[0.604s] -- Up-to-date: /home/wward/ros2_workspace/install/my_robot_interfaces/lib/libmy_robot_interfaces__rosidl_typesupport_introspection_cpp.so
[0.604s] -- Up-to-date: /home/wward/ros2_workspace/install/my_robot_interfaces/lib/libmy_robot_interfaces__rosidl_typesupport_cpp.so
[0.604s] -- Up-to-date: /home/wward/ros2_workspace/install/my_robot_interfaces/share/my_robot_interfaces/environment/pythonpath.sh
[0.604s] -- Up-to-date: /home/wward/ros2_workspace/install/my_robot_interfaces/share/my_robot_interfaces/environment/pythonpath.dsv
[0.604s] -- Up-to-date: /home/wward/ros2_workspace/install/my_robot_interfaces/local/lib/python3.10/dist-packages/my_robot_interfaces-0.0.0-py3.10.egg-info
[0.604s] -- Installing: /home/wward/ros2_workspace/install/my_robot_interfaces/local/lib/python3.10/dist-packages/my_robot_interfaces-0.0.0-py3.10.egg-info/PKG-INFO
[0.604s] -- Installing: /home/wward/ros2_workspace/install/my_robot_interfaces/local/lib/python3.10/dist-packages/my_robot_interfaces-0.0.0-py3.10.egg-info/top_level.txt
[0.604s] -- Installing: /home/wward/ros2_workspace/install/my_robot_interfaces/local/lib/python3.10/dist-packages/my_robot_interfaces-0.0.0-py3.10.egg-info/dependency_links.txt
[0.604s] -- Installing: /home/wward/ros2_workspace/install/my_robot_interfaces/local/lib/python3.10/dist-packages/my_robot_interfaces-0.0.0-py3.10.egg-info/SOURCES.txt
[0.605s] -- Up-to-date: /home/wward/ros2_workspace/install/my_robot_interfaces/local/lib/python3.10/dist-packages/my_robot_interfaces
[0.605s] -- Up-to-date: /home/wward/ros2_workspace/install/my_robot_interfaces/local/lib/python3.10/dist-packages/my_robot_interfaces/my_robot_interfaces_s__rosidl_typesupport_fastrtps_c.cpython-310-x86_64-linux-gnu.so
[0.605s] -- Up-to-date: /home/wward/ros2_workspace/install/my_robot_interfaces/local/lib/python3.10/dist-packages/my_robot_interfaces/srv
[0.605s] -- Up-to-date: /home/wward/ros2_workspace/install/my_robot_interfaces/local/lib/python3.10/dist-packages/my_robot_interfaces/srv/_set_led_panel_state_custom.py
[0.605s] -- Up-to-date: /home/wward/ros2_workspace/install/my_robot_interfaces/local/lib/python3.10/dist-packages/my_robot_interfaces/srv/_set_led_panel_state_custom_s.c
[0.605s] -- Up-to-date: /home/wward/ros2_workspace/install/my_robot_interfaces/local/lib/python3.10/dist-packages/my_robot_interfaces/srv/_compute_rectangle_area_s.c
[0.605s] -- Up-to-date: /home/wward/ros2_workspace/install/my_robot_interfaces/local/lib/python3.10/dist-packages/my_robot_interfaces/srv/_set_led_panel_state.py
[0.605s] -- Up-to-date: /home/wward/ros2_workspace/install/my_robot_interfaces/local/lib/python3.10/dist-packages/my_robot_interfaces/srv/__init__.py
[0.605s] -- Up-to-date: /home/wward/ros2_workspace/install/my_robot_interfaces/local/lib/python3.10/dist-packages/my_robot_interfaces/srv/_set_led_panel_state_s.c
[0.605s] -- Up-to-date: /home/wward/ros2_workspace/install/my_robot_interfaces/local/lib/python3.10/dist-packages/my_robot_interfaces/srv/_compute_rectangle_area_custom_s.c
[0.605s] -- Up-to-date: /home/wward/ros2_workspace/install/my_robot_interfaces/local/lib/python3.10/dist-packages/my_robot_interfaces/srv/_compute_rectangle_area.py
[0.606s] -- Up-to-date: /home/wward/ros2_workspace/install/my_robot_interfaces/local/lib/python3.10/dist-packages/my_robot_interfaces/srv/_compute_rectangle_area_custom.py
[0.606s] -- Up-to-date: /home/wward/ros2_workspace/install/my_robot_interfaces/local/lib/python3.10/dist-packages/my_robot_interfaces/msg
[0.606s] -- Up-to-date: /home/wward/ros2_workspace/install/my_robot_interfaces/local/lib/python3.10/dist-packages/my_robot_interfaces/msg/_led_panel_state_custom.py
[0.606s] -- Up-to-date: /home/wward/ros2_workspace/install/my_robot_interfaces/local/lib/python3.10/dist-packages/my_robot_interfaces/msg/_led_panel_state.py
[0.606s] -- Up-to-date: /home/wward/ros2_workspace/install/my_robot_interfaces/local/lib/python3.10/dist-packages/my_robot_interfaces/msg/_led_panel_state_custom_s.c
[0.606s] -- Up-to-date: /home/wward/ros2_workspace/install/my_robot_interfaces/local/lib/python3.10/dist-packages/my_robot_interfaces/msg/__init__.py
[0.606s] -- Up-to-date: /home/wward/ros2_workspace/install/my_robot_interfaces/local/lib/python3.10/dist-packages/my_robot_interfaces/msg/_hardware_status_s.c
[0.606s] -- Up-to-date: /home/wward/ros2_workspace/install/my_robot_interfaces/local/lib/python3.10/dist-packages/my_robot_interfaces/msg/_led_panel_state_s.c
[0.606s] -- Up-to-date: /home/wward/ros2_workspace/install/my_robot_interfaces/local/lib/python3.10/dist-packages/my_robot_interfaces/msg/_hardware_status.py
[0.606s] -- Up-to-date: /home/wward/ros2_workspace/install/my_robot_interfaces/local/lib/python3.10/dist-packages/my_robot_interfaces/my_robot_interfaces_s__rosidl_typesupport_c.cpython-310-x86_64-linux-gnu.so
[0.607s] -- Up-to-date: /home/wward/ros2_workspace/install/my_robot_interfaces/local/lib/python3.10/dist-packages/my_robot_interfaces/_my_robot_interfaces_s.ep.rosidl_typesupport_c.c
[0.607s] -- Up-to-date: /home/wward/ros2_workspace/install/my_robot_interfaces/local/lib/python3.10/dist-packages/my_robot_interfaces/__init__.py
[0.607s] -- Up-to-date: /home/wward/ros2_workspace/install/my_robot_interfaces/local/lib/python3.10/dist-packages/my_robot_interfaces/my_robot_interfaces_s__rosidl_typesupport_introspection_c.cpython-310-x86_64-linux-gnu.so
[0.607s] -- Up-to-date: /home/wward/ros2_workspace/install/my_robot_interfaces/local/lib/python3.10/dist-packages/my_robot_interfaces/_my_robot_interfaces_s.ep.rosidl_typesupport_fastrtps_c.c
[0.607s] -- Up-to-date: /home/wward/ros2_workspace/install/my_robot_interfaces/local/lib/python3.10/dist-packages/my_robot_interfaces/_my_robot_interfaces_s.ep.rosidl_typesupport_introspection_c.c
[0.607s] -- Up-to-date: /home/wward/ros2_workspace/install/my_robot_interfaces/local/lib/python3.10/dist-packages/my_robot_interfaces/libmy_robot_interfaces__rosidl_generator_py.so
[0.612s] Listing '/home/wward/ros2_workspace/install/my_robot_interfaces/local/lib/python3.10/dist-packages/my_robot_interfaces'...
[0.612s] Listing '/home/wward/ros2_workspace/install/my_robot_interfaces/local/lib/python3.10/dist-packages/my_robot_interfaces/msg'...
[0.612s] Listing '/home/wward/ros2_workspace/install/my_robot_interfaces/local/lib/python3.10/dist-packages/my_robot_interfaces/srv'...
[0.615s] -- Up-to-date: /home/wward/ros2_workspace/install/my_robot_interfaces/local/lib/python3.10/dist-packages/my_robot_interfaces/my_robot_interfaces_s__rosidl_typesupport_fastrtps_c.cpython-310-x86_64-linux-gnu.so
[0.616s] -- Up-to-date: /home/wward/ros2_workspace/install/my_robot_interfaces/local/lib/python3.10/dist-packages/my_robot_interfaces/my_robot_interfaces_s__rosidl_typesupport_introspection_c.cpython-310-x86_64-linux-gnu.so
[0.616s] -- Up-to-date: /home/wward/ros2_workspace/install/my_robot_interfaces/local/lib/python3.10/dist-packages/my_robot_interfaces/my_robot_interfaces_s__rosidl_typesupport_c.cpython-310-x86_64-linux-gnu.so
[0.616s] -- Up-to-date: /home/wward/ros2_workspace/install/my_robot_interfaces/lib/libmy_robot_interfaces__rosidl_generator_py.so
[0.616s] -- Up-to-date: /home/wward/ros2_workspace/install/my_robot_interfaces/share/my_robot_interfaces/msg/HardwareStatus.idl
[0.617s] -- Up-to-date: /home/wward/ros2_workspace/install/my_robot_interfaces/share/my_robot_interfaces/msg/LEDPanelState.idl
[0.617s] -- Up-to-date: /home/wward/ros2_workspace/install/my_robot_interfaces/share/my_robot_interfaces/srv/ComputeRectangleArea.idl
[0.617s] -- Up-to-date: /home/wward/ros2_workspace/install/my_robot_interfaces/share/my_robot_interfaces/srv/SetLEDPanelState.idl
[0.617s] -- Up-to-date: /home/wward/ros2_workspace/install/my_robot_interfaces/share/my_robot_interfaces/msg/HardwareStatus.msg
[0.617s] -- Up-to-date: /home/wward/ros2_workspace/install/my_robot_interfaces/share/my_robot_interfaces/msg/LEDPanelState.msg
[0.617s] -- Up-to-date: /home/wward/ros2_workspace/install/my_robot_interfaces/share/my_robot_interfaces/srv/ComputeRectangleArea.srv
[0.617s] -- Up-to-date: /home/wward/ros2_workspace/install/my_robot_interfaces/share/my_robot_interfaces/srv/ComputeRectangleArea_Request.msg
[0.617s] -- Up-to-date: /home/wward/ros2_workspace/install/my_robot_interfaces/share/my_robot_interfaces/srv/ComputeRectangleArea_Response.msg
[0.618s] -- Up-to-date: /home/wward/ros2_workspace/install/my_robot_interfaces/share/my_robot_interfaces/srv/SetLEDPanelState.srv
[0.618s] -- Up-to-date: /home/wward/ros2_workspace/install/my_robot_interfaces/share/my_robot_interfaces/srv/SetLEDPanelState_Request.msg
[0.618s] -- Up-to-date: /home/wward/ros2_workspace/install/my_robot_interfaces/share/my_robot_interfaces/srv/SetLEDPanelState_Response.msg
[0.618s] -- Up-to-date: /home/wward/ros2_workspace/install/my_robot_interfaces/share/ament_index/resource_index/package_run_dependencies/my_robot_interfaces
[0.618s] -- Up-to-date: /home/wward/ros2_workspace/install/my_robot_interfaces/share/ament_index/resource_index/parent_prefix_path/my_robot_interfaces
[0.618s] -- Up-to-date: /home/wward/ros2_workspace/install/my_robot_interfaces/share/my_robot_interfaces/environment/ament_prefix_path.sh
[0.618s] -- Up-to-date: /home/wward/ros2_workspace/install/my_robot_interfaces/share/my_robot_interfaces/environment/ament_prefix_path.dsv
[0.618s] -- Up-to-date: /home/wward/ros2_workspace/install/my_robot_interfaces/share/my_robot_interfaces/environment/path.sh
[0.618s] -- Up-to-date: /home/wward/ros2_workspace/install/my_robot_interfaces/share/my_robot_interfaces/environment/path.dsv
[0.619s] -- Up-to-date: /home/wward/ros2_workspace/install/my_robot_interfaces/share/my_robot_interfaces/local_setup.bash
[0.619s] -- Up-to-date: /home/wward/ros2_workspace/install/my_robot_interfaces/share/my_robot_interfaces/local_setup.sh
[0.619s] -- Up-to-date: /home/wward/ros2_workspace/install/my_robot_interfaces/share/my_robot_interfaces/local_setup.zsh
[0.620s] -- Up-to-date: /home/wward/ros2_workspace/install/my_robot_interfaces/share/my_robot_interfaces/local_setup.dsv
[0.620s] -- Installing: /home/wward/ros2_workspace/install/my_robot_interfaces/share/my_robot_interfaces/package.dsv
[0.620s] -- Up-to-date: /home/wward/ros2_workspace/install/my_robot_interfaces/share/ament_index/resource_index/packages/my_robot_interfaces
[0.620s] -- Up-to-date: /home/wward/ros2_workspace/install/my_robot_interfaces/share/my_robot_interfaces/cmake/export_my_robot_interfaces__rosidl_generator_cExport.cmake
[0.620s] -- Up-to-date: /home/wward/ros2_workspace/install/my_robot_interfaces/share/my_robot_interfaces/cmake/export_my_robot_interfaces__rosidl_generator_cExport-noconfig.cmake
[0.621s] -- Up-to-date: /home/wward/ros2_workspace/install/my_robot_interfaces/share/my_robot_interfaces/cmake/export_my_robot_interfaces__rosidl_typesupport_fastrtps_cExport.cmake
[0.621s] -- Up-to-date: /home/wward/ros2_workspace/install/my_robot_interfaces/share/my_robot_interfaces/cmake/export_my_robot_interfaces__rosidl_typesupport_fastrtps_cExport-noconfig.cmake
[0.621s] -- Up-to-date: /home/wward/ros2_workspace/install/my_robot_interfaces/share/my_robot_interfaces/cmake/my_robot_interfaces__rosidl_typesupport_introspection_cExport.cmake
[0.621s] -- Up-to-date: /home/wward/ros2_workspace/install/my_robot_interfaces/share/my_robot_interfaces/cmake/my_robot_interfaces__rosidl_typesupport_introspection_cExport-noconfig.cmake
[0.621s] -- Up-to-date: /home/wward/ros2_workspace/install/my_robot_interfaces/share/my_robot_interfaces/cmake/my_robot_interfaces__rosidl_typesupport_cExport.cmake
[0.622s] -- Up-to-date: /home/wward/ros2_workspace/install/my_robot_interfaces/share/my_robot_interfaces/cmake/my_robot_interfaces__rosidl_typesupport_cExport-noconfig.cmake
[0.622s] -- Up-to-date: /home/wward/ros2_workspace/install/my_robot_interfaces/share/my_robot_interfaces/cmake/export_my_robot_interfaces__rosidl_generator_cppExport.cmake
[0.622s] -- Up-to-date: /home/wward/ros2_workspace/install/my_robot_interfaces/share/my_robot_interfaces/cmake/export_my_robot_interfaces__rosidl_typesupport_fastrtps_cppExport.cmake
[0.622s] -- Up-to-date: /home/wward/ros2_workspace/install/my_robot_interfaces/share/my_robot_interfaces/cmake/export_my_robot_interfaces__rosidl_typesupport_fastrtps_cppExport-noconfig.cmake
[0.622s] -- Up-to-date: /home/wward/ros2_workspace/install/my_robot_interfaces/share/my_robot_interfaces/cmake/my_robot_interfaces__rosidl_typesupport_introspection_cppExport.cmake
[0.623s] -- Up-to-date: /home/wward/ros2_workspace/install/my_robot_interfaces/share/my_robot_interfaces/cmake/my_robot_interfaces__rosidl_typesupport_introspection_cppExport-noconfig.cmake
[0.623s] -- Up-to-date: /home/wward/ros2_workspace/install/my_robot_interfaces/share/my_robot_interfaces/cmake/my_robot_interfaces__rosidl_typesupport_cppExport.cmake
[0.623s] -- Up-to-date: /home/wward/ros2_workspace/install/my_robot_interfaces/share/my_robot_interfaces/cmake/my_robot_interfaces__rosidl_typesupport_cppExport-noconfig.cmake
[0.623s] -- Up-to-date: /home/wward/ros2_workspace/install/my_robot_interfaces/share/my_robot_interfaces/cmake/export_my_robot_interfaces__rosidl_generator_pyExport.cmake
[0.624s] -- Up-to-date: /home/wward/ros2_workspace/install/my_robot_interfaces/share/my_robot_interfaces/cmake/export_my_robot_interfaces__rosidl_generator_pyExport-noconfig.cmake
[0.624s] -- Up-to-date: /home/wward/ros2_workspace/install/my_robot_interfaces/share/my_robot_interfaces/cmake/rosidl_cmake-extras.cmake
[0.624s] -- Up-to-date: /home/wward/ros2_workspace/install/my_robot_interfaces/share/my_robot_interfaces/cmake/ament_cmake_export_include_directories-extras.cmake
[0.624s] -- Up-to-date: /home/wward/ros2_workspace/install/my_robot_interfaces/share/my_robot_interfaces/cmake/ament_cmake_export_libraries-extras.cmake
[0.624s] -- Up-to-date: /home/wward/ros2_workspace/install/my_robot_interfaces/share/my_robot_interfaces/cmake/ament_cmake_export_targets-extras.cmake
[0.624s] -- Up-to-date: /home/wward/ros2_workspace/install/my_robot_interfaces/share/my_robot_interfaces/cmake/rosidl_cmake_export_typesupport_targets-extras.cmake
[0.624s] -- Up-to-date: /home/wward/ros2_workspace/install/my_robot_interfaces/share/my_robot_interfaces/cmake/ament_cmake_export_dependencies-extras.cmake
[0.625s] -- Up-to-date: /home/wward/ros2_workspace/install/my_robot_interfaces/share/my_robot_interfaces/cmake/rosidl_cmake_export_typesupport_libraries-extras.cmake
[0.625s] -- Up-to-date: /home/wward/ros2_workspace/install/my_robot_interfaces/share/my_robot_interfaces/cmake/my_robot_interfacesConfig.cmake
[0.625s] -- Up-to-date: /home/wward/ros2_workspace/install/my_robot_interfaces/share/my_robot_interfaces/cmake/my_robot_interfacesConfig-version.cmake
[0.626s] -- Up-to-date: /home/wward/ros2_workspace/install/my_robot_interfaces/share/my_robot_interfaces/package.xml
[0.630s] Invoked command in '/home/wward/ros2_workspace/build/my_robot_interfaces' returned '0': CMAKE_PREFIX_PATH=${CMAKE_PREFIX_PATH}:/home/wward/ros2_workspace/install/my_python_pkg:/opt/ros/humble /usr/bin/cmake --install /home/wward/ros2_workspace/build/my_robot_interfaces
