[35m[1mConsolidate compiler generated dependencies of target add_two_ints_server[0m
[35m[1mConsolidate compiler generated dependencies of target add_two_ints_client_no_oop[0m
[ 16%] Built target robot_news_station
[ 33%] Built target smartphone
[ 50%] Built target cpp_node
[ 66%] Built target number_counter
[ 75%] [32mBuilding CXX object CMakeFiles/add_two_ints_client_no_oop.dir/src/add_two_ints_client_no_oop.cpp.o[0m
[ 83%] [32mBuilding CXX object CMakeFiles/add_two_ints_server.dir/src/add_two_ints_server.cpp.o[0m
[ 91%] [32m[1mLinking CXX executable add_two_ints_server[0m
[100%] [32m[1mLinking CXX executable add_two_ints_client_no_oop[0m
[100%] Built target add_two_ints_server
[100%] Built target add_two_ints_client_no_oop
-- Install configuration: ""
-- Up-to-date: /home/wward/ros2_workspace/install/my_cpp_pkg/lib/my_cpp_pkg/cpp_node
-- Up-to-date: /home/wward/ros2_workspace/install/my_cpp_pkg/lib/my_cpp_pkg/robot_news_station
-- Up-to-date: /home/wward/ros2_workspace/install/my_cpp_pkg/lib/my_cpp_pkg/smartphone
-- Up-to-date: /home/wward/ros2_workspace/install/my_cpp_pkg/lib/my_cpp_pkg/number_counter
-- Installing: /home/wward/ros2_workspace/install/my_cpp_pkg/lib/my_cpp_pkg/add_two_ints_server
-- Set runtime path of "/home/wward/ros2_workspace/install/my_cpp_pkg/lib/my_cpp_pkg/add_two_ints_server" to ""
-- Installing: /home/wward/ros2_workspace/install/my_cpp_pkg/lib/my_cpp_pkg/add_two_ints_client_no_oop
-- Set runtime path of "/home/wward/ros2_workspace/install/my_cpp_pkg/lib/my_cpp_pkg/add_two_ints_client_no_oop" to ""
-- Up-to-date: /home/wward/ros2_workspace/install/my_cpp_pkg/share/ament_index/resource_index/package_run_dependencies/my_cpp_pkg
-- Up-to-date: /home/wward/ros2_workspace/install/my_cpp_pkg/share/ament_index/resource_index/parent_prefix_path/my_cpp_pkg
-- Up-to-date: /home/wward/ros2_workspace/install/my_cpp_pkg/share/my_cpp_pkg/environment/ament_prefix_path.sh
-- Up-to-date: /home/wward/ros2_workspace/install/my_cpp_pkg/share/my_cpp_pkg/environment/ament_prefix_path.dsv
-- Up-to-date: /home/wward/ros2_workspace/install/my_cpp_pkg/share/my_cpp_pkg/environment/path.sh
-- Up-to-date: /home/wward/ros2_workspace/install/my_cpp_pkg/share/my_cpp_pkg/environment/path.dsv
-- Up-to-date: /home/wward/ros2_workspace/install/my_cpp_pkg/share/my_cpp_pkg/local_setup.bash
-- Up-to-date: /home/wward/ros2_workspace/install/my_cpp_pkg/share/my_cpp_pkg/local_setup.sh
-- Up-to-date: /home/wward/ros2_workspace/install/my_cpp_pkg/share/my_cpp_pkg/local_setup.zsh
-- Up-to-date: /home/wward/ros2_workspace/install/my_cpp_pkg/share/my_cpp_pkg/local_setup.dsv
-- Installing: /home/wward/ros2_workspace/install/my_cpp_pkg/share/my_cpp_pkg/package.dsv
-- Up-to-date: /home/wward/ros2_workspace/install/my_cpp_pkg/share/ament_index/resource_index/packages/my_cpp_pkg
-- Up-to-date: /home/wward/ros2_workspace/install/my_cpp_pkg/share/my_cpp_pkg/cmake/my_cpp_pkgConfig.cmake
-- Up-to-date: /home/wward/ros2_workspace/install/my_cpp_pkg/share/my_cpp_pkg/cmake/my_cpp_pkgConfig-version.cmake
-- Up-to-date: /home/wward/ros2_workspace/install/my_cpp_pkg/share/my_cpp_pkg/package.xml
