[35m[1mConsolidate compiler generated dependencies of target number_counter[0m
[ 14%] Built target smartphone
[ 28%] Built target cpp_node
[ 42%] Built target add_two_ints_client_no_oop
[ 57%] Built target robot_news_station
[ 85%] Built target add_two_ints_server
[ 85%] Built target add_two_ints_client
[ 92%] [32mBuilding CXX object CMakeFiles/number_counter.dir/src/number_counter.cpp.o[0m
[01m[K/home/wward/ros2_workspace/src/my_cpp_pkg/src/number_counter.cpp:[m[K In member function ‘[01m[Kvoid NumberCounterNode::callbackNumber(std_msgs::msg::Int64_<std::allocator<void> >::SharedPtr)[m[K’:
[01m[K/home/wward/ros2_workspace/src/my_cpp_pkg/src/number_counter.cpp:20:63:[m[K [01;35m[Kwarning: [m[Kunused parameter ‘[01m[Kmsg[m[K’ [[01;35m[K]8;;https://gcc.gnu.org/onlinedocs/gcc/Warning-Options.html#index-Wunused-parameter-Wunused-parameter]8;;[m[K]
   20 |     void callbackNumber([01;35m[Kconst std_msgs::msg::Int64::SharedPtr msg[m[K) {
      |                         [01;35m[K~~~~~~~~~~~~~~~~~~~~~~~~~~~~~~~~~~~~~~^~~[m[K
[100%] [32m[1mLinking CXX executable number_counter[0m
[100%] Built target number_counter
-- Install configuration: ""
-- Up-to-date: /home/wward/ros2_workspace/install/my_cpp_pkg/lib/my_cpp_pkg/cpp_node
-- Up-to-date: /home/wward/ros2_workspace/install/my_cpp_pkg/lib/my_cpp_pkg/robot_news_station
-- Up-to-date: /home/wward/ros2_workspace/install/my_cpp_pkg/lib/my_cpp_pkg/smartphone
-- Installing: /home/wward/ros2_workspace/install/my_cpp_pkg/lib/my_cpp_pkg/number_counter
-- Set runtime path of "/home/wward/ros2_workspace/install/my_cpp_pkg/lib/my_cpp_pkg/number_counter" to ""
-- Up-to-date: /home/wward/ros2_workspace/install/my_cpp_pkg/lib/my_cpp_pkg/add_two_ints_server
-- Up-to-date: /home/wward/ros2_workspace/install/my_cpp_pkg/lib/my_cpp_pkg/add_two_ints_client_no_oop
-- Up-to-date: /home/wward/ros2_workspace/install/my_cpp_pkg/lib/my_cpp_pkg/add_two_ints_client
-- Up-to-date: /home/wward/ros2_workspace/install/my_cpp_pkg/share/ament_index/resource_index/package_run_dependencies/my_cpp_pkg
-- Up-to-date: /home/wward/ros2_workspace/install/my_cpp_pkg/share/ament_index/resource_index/parent_prefix_path/my_cpp_pkg
-- Up-to-date: /home/wward/ros2_workspace/install/my_cpp_pkg/share/my_cpp_pkg/environment/ament_prefix_path.sh
-- Up-to-date: /home/wward/ros2_workspace/install/my_cpp_pkg/share/my_cpp_pkg/environment/ament_prefix_path.dsv
-- Up-to-date: /home/wward/ros2_workspace/install/my_cpp_pkg/share/my_cpp_pkg/environment/path.sh
-- Up-to-date: /home/wward/ros2_workspace/install/my_cpp_pkg/share/my_cpp_pkg/environment/path.dsv
-- Up-to-date: /home/wward/ros2_workspace/install/my_cpp_pkg/share/my_cpp_pkg/local_setup.bash
-- Up-to-date: /home/wward/ros2_workspace/install/my_cpp_pkg/share/my_cpp_pkg/local_setup.sh
-- Up-to-date: /home/wward/ros2_workspace/install/my_cpp_pkg/share/my_cpp_pkg/local_setup.zsh
-- Up-to-date: /home/wward/ros2_workspace/install/my_cpp_pkg/share/my_cpp_pkg/local_setup.dsv
-- Installing: /home/wward/ros2_workspace/install/my_cpp_pkg/share/my_cpp_pkg/package.dsv
-- Up-to-date: /home/wward/ros2_workspace/install/my_cpp_pkg/share/ament_index/resource_index/packages/my_cpp_pkg
-- Up-to-date: /home/wward/ros2_workspace/install/my_cpp_pkg/share/my_cpp_pkg/cmake/my_cpp_pkgConfig.cmake
-- Up-to-date: /home/wward/ros2_workspace/install/my_cpp_pkg/share/my_cpp_pkg/cmake/my_cpp_pkgConfig-version.cmake
-- Up-to-date: /home/wward/ros2_workspace/install/my_cpp_pkg/share/my_cpp_pkg/package.xml
