[0.052s] Invoking command in '/home/wward/ros2_workspace/build/my_robot_bringup': CMAKE_PREFIX_PATH=${CMAKE_PREFIX_PATH}:/home/wward/ros2_workspace/install/my_python_pkg:/opt/ros/humble /usr/bin/cmake --build /home/wward/ros2_workspace/build/my_robot_bringup -- -j8 -l8
[0.068s] -- Found ament_cmake: 1.3.3 (/opt/ros/humble/share/ament_cmake/cmake)
[0.181s] -- Override CMake install command with custom implementation using symlinks instead of copying resources
[0.232s] -- Configuring done
[0.235s] -- Generating done
[0.237s] -- Build files have been written to: /home/wward/ros2_workspace/build/my_robot_bringup
[0.271s] Invoked command in '/home/wward/ros2_workspace/build/my_robot_bringup' returned '0': CMAKE_PREFIX_PATH=${CMAKE_PREFIX_PATH}:/home/wward/ros2_workspace/install/my_python_pkg:/opt/ros/humble /usr/bin/cmake --build /home/wward/ros2_workspace/build/my_robot_bringup -- -j8 -l8
[0.301s] Invoking command in '/home/wward/ros2_workspace/build/my_robot_bringup': CMAKE_PREFIX_PATH=${CMAKE_PREFIX_PATH}:/home/wward/ros2_workspace/install/my_python_pkg:/opt/ros/humble /usr/bin/cmake --install /home/wward/ros2_workspace/build/my_robot_bringup
[0.306s] -- Install configuration: ""
[0.306s] -- Execute custom install script
[0.306s] -- Symlinking: /home/wward/ros2_workspace/install/my_robot_bringup/share/my_robot_bringup/launch/number_app.launch.py
[0.312s] -- Up-to-date symlink: /home/wward/ros2_workspace/install/my_robot_bringup/share/ament_index/resource_index/package_run_dependencies/my_robot_bringup
[0.312s] -- Up-to-date symlink: /home/wward/ros2_workspace/install/my_robot_bringup/share/ament_index/resource_index/parent_prefix_path/my_robot_bringup
[0.313s] -- Up-to-date symlink: /home/wward/ros2_workspace/install/my_robot_bringup/share/my_robot_bringup/environment/ament_prefix_path.sh
[0.313s] -- Up-to-date symlink: /home/wward/ros2_workspace/install/my_robot_bringup/share/my_robot_bringup/environment/ament_prefix_path.dsv
[0.314s] -- Up-to-date symlink: /home/wward/ros2_workspace/install/my_robot_bringup/share/my_robot_bringup/environment/path.sh
[0.315s] -- Up-to-date symlink: /home/wward/ros2_workspace/install/my_robot_bringup/share/my_robot_bringup/environment/path.dsv
[0.315s] -- Up-to-date symlink: /home/wward/ros2_workspace/install/my_robot_bringup/share/my_robot_bringup/local_setup.bash
[0.315s] -- Up-to-date symlink: /home/wward/ros2_workspace/install/my_robot_bringup/share/my_robot_bringup/local_setup.sh
[0.315s] -- Up-to-date symlink: /home/wward/ros2_workspace/install/my_robot_bringup/share/my_robot_bringup/local_setup.zsh
[0.315s] -- Up-to-date symlink: /home/wward/ros2_workspace/install/my_robot_bringup/share/my_robot_bringup/local_setup.dsv
[0.315s] -- Symlinking: /home/wward/ros2_workspace/install/my_robot_bringup/share/my_robot_bringup/package.dsv
[0.320s] -- Up-to-date symlink: /home/wward/ros2_workspace/install/my_robot_bringup/share/ament_index/resource_index/packages/my_robot_bringup
[0.320s] -- Up-to-date symlink: /home/wward/ros2_workspace/install/my_robot_bringup/share/my_robot_bringup/cmake/my_robot_bringupConfig.cmake
[0.320s] -- Up-to-date symlink: /home/wward/ros2_workspace/install/my_robot_bringup/share/my_robot_bringup/cmake/my_robot_bringupConfig-version.cmake
[0.320s] -- Up-to-date symlink: /home/wward/ros2_workspace/install/my_robot_bringup/share/my_robot_bringup/package.xml
[0.326s] Invoked command in '/home/wward/ros2_workspace/build/my_robot_bringup' returned '0': CMAKE_PREFIX_PATH=${CMAKE_PREFIX_PATH}:/home/wward/ros2_workspace/install/my_python_pkg:/opt/ros/humble /usr/bin/cmake --install /home/wward/ros2_workspace/build/my_robot_bringup
