[0.015s] Invoking command in '/home/wward/ros2_workspace/build/my_robot_interfaces': CMAKE_PREFIX_PATH=${CMAKE_PREFIX_PATH}:/home/wward/ros2_workspace/install/my_python_pkg:/opt/ros/humble /usr/bin/cmake --build /home/wward/ros2_workspace/build/my_robot_interfaces -- -j8 -l8
[0.093s] [35m[1mConsolidate compiler generated dependencies of target my_robot_interfaces__rosidl_generator_c[0m
[0.101s] [  1%] Built target my_robot_interfaces__cpp
[0.126s] [ 12%] Built target my_robot_interfaces__rosidl_generator_c
[0.126s] [35m[1mConsolidate compiler generated dependencies of target my_robot_interfaces__rosidl_typesupport_fastrtps_cpp[0m
[0.126s] [35m[1mConsolidate compiler generated dependencies of target my_robot_interfaces__rosidl_typesupport_cpp[0m
[0.127s] [35m[1mConsolidate compiler generated dependencies of target my_robot_interfaces__rosidl_typesupport_introspection_cpp[0m
[0.129s] [ 12%] Built target ament_cmake_python_copy_my_robot_interfaces
[0.130s] [35m[1mConsolidate compiler generated dependencies of target my_robot_interfaces__rosidl_typesupport_fastrtps_c[0m
[0.137s] [ 14%] [32mBuilding CXX object CMakeFiles/my_robot_interfaces__rosidl_typesupport_cpp.dir/rosidl_typesupport_cpp/my_robot_interfaces/msg/led_panel_state__type_support.cpp.o[0m
[0.143s] [ 16%] [32mBuilding CXX object CMakeFiles/my_robot_interfaces__rosidl_typesupport_cpp.dir/rosidl_typesupport_cpp/my_robot_interfaces/msg/hardware_status__type_support.cpp.o[0m
[0.143s] [35m[1mConsolidate compiler generated dependencies of target my_robot_interfaces__rosidl_typesupport_c[0m
[0.152s] [ 18%] [32mBuilding CXX object CMakeFiles/my_robot_interfaces__rosidl_typesupport_fastrtps_cpp.dir/rosidl_typesupport_fastrtps_cpp/my_robot_interfaces/msg/detail/dds_fastrtps/hardware_status__type_support.cpp.o[0m
[0.152s] [ 20%] [32mBuilding CXX object CMakeFiles/my_robot_interfaces__rosidl_typesupport_fastrtps_c.dir/rosidl_typesupport_fastrtps_c/my_robot_interfaces/msg/detail/hardware_status__type_support_c.cpp.o[0m
[0.153s] [35m[1mConsolidate compiler generated dependencies of target my_robot_interfaces__rosidl_typesupport_introspection_c[0m
[0.160s] [ 21%] [32mBuilding CXX object CMakeFiles/my_robot_interfaces__rosidl_typesupport_introspection_cpp.dir/rosidl_typesupport_introspection_cpp/my_robot_interfaces/msg/detail/hardware_status__type_support.cpp.o[0m
[0.169s] [ 32%] Built target my_robot_interfaces__rosidl_typesupport_c
[0.182s] [ 34%] [32mBuilding CXX object CMakeFiles/my_robot_interfaces__rosidl_typesupport_introspection_cpp.dir/rosidl_typesupport_introspection_cpp/my_robot_interfaces/msg/detail/led_panel_state__type_support.cpp.o[0m
[0.186s] [ 45%] Built target my_robot_interfaces__rosidl_typesupport_introspection_c
[0.200s] [ 47%] [32mBuilding CXX object CMakeFiles/my_robot_interfaces__rosidl_typesupport_introspection_cpp.dir/rosidl_typesupport_introspection_cpp/my_robot_interfaces/srv/detail/compute_rectangle_area__type_support.cpp.o[0m
[0.406s] running egg_info
[0.408s] writing my_robot_interfaces.egg-info/PKG-INFO
[0.408s] writing dependency_links to my_robot_interfaces.egg-info/dependency_links.txt
[0.408s] writing top-level names to my_robot_interfaces.egg-info/top_level.txt
[0.411s] reading manifest file 'my_robot_interfaces.egg-info/SOURCES.txt'
[0.411s] writing manifest file 'my_robot_interfaces.egg-info/SOURCES.txt'
[0.464s] [ 47%] Built target ament_cmake_python_build_my_robot_interfaces_egg
[0.477s] [ 49%] [32mBuilding CXX object CMakeFiles/my_robot_interfaces__rosidl_typesupport_introspection_cpp.dir/rosidl_typesupport_introspection_cpp/my_robot_interfaces/srv/detail/set_led_panel_state__type_support.cpp.o[0m
[0.546s] [ 50%] [32mBuilding CXX object CMakeFiles/my_robot_interfaces__rosidl_typesupport_cpp.dir/rosidl_typesupport_cpp/my_robot_interfaces/srv/compute_rectangle_area__type_support.cpp.o[0m
[0.546s] [ 52%] [32mBuilding CXX object CMakeFiles/my_robot_interfaces__rosidl_typesupport_cpp.dir/rosidl_typesupport_cpp/my_robot_interfaces/srv/set_led_panel_state__type_support.cpp.o[0m
[0.582s] [ 54%] [32mBuilding CXX object CMakeFiles/my_robot_interfaces__rosidl_typesupport_fastrtps_c.dir/rosidl_typesupport_fastrtps_c/my_robot_interfaces/msg/detail/led_panel_state__type_support_c.cpp.o[0m
[0.595s] [ 56%] [32mBuilding CXX object CMakeFiles/my_robot_interfaces__rosidl_typesupport_fastrtps_c.dir/rosidl_typesupport_fastrtps_c/my_robot_interfaces/srv/detail/compute_rectangle_area__type_support_c.cpp.o[0m
[0.629s] [ 60%] [32mBuilding CXX object CMakeFiles/my_robot_interfaces__rosidl_typesupport_fastrtps_cpp.dir/rosidl_typesupport_fastrtps_cpp/my_robot_interfaces/msg/detail/dds_fastrtps/led_panel_state__type_support.cpp.o[0m
[0.629s] [ 60%] [32mBuilding CXX object CMakeFiles/my_robot_interfaces__rosidl_typesupport_fastrtps_c.dir/rosidl_typesupport_fastrtps_c/my_robot_interfaces/srv/detail/set_led_panel_state__type_support_c.cpp.o[0m
[0.656s] [ 61%] [32mBuilding CXX object CMakeFiles/my_robot_interfaces__rosidl_typesupport_fastrtps_cpp.dir/rosidl_typesupport_fastrtps_cpp/my_robot_interfaces/srv/detail/dds_fastrtps/compute_rectangle_area__type_support.cpp.o[0m
[0.768s] [ 63%] [32mBuilding CXX object CMakeFiles/my_robot_interfaces__rosidl_typesupport_fastrtps_cpp.dir/rosidl_typesupport_fastrtps_cpp/my_robot_interfaces/srv/detail/dds_fastrtps/set_led_panel_state__type_support.cpp.o[0m
[0.812s] [ 65%] [32m[1mLinking CXX shared library libmy_robot_interfaces__rosidl_typesupport_cpp.so[0m
[0.876s] [ 67%] [32m[1mLinking CXX shared library libmy_robot_interfaces__rosidl_typesupport_introspection_cpp.so[0m
[0.934s] [ 69%] Built target my_robot_interfaces__rosidl_typesupport_cpp
[0.969s] [ 70%] [32m[1mLinking CXX shared library libmy_robot_interfaces__rosidl_typesupport_fastrtps_c.so[0m
[0.986s] [ 72%] Built target my_robot_interfaces__rosidl_typesupport_introspection_cpp
[1.041s] [ 74%] Built target my_robot_interfaces__rosidl_typesupport_fastrtps_c
[1.165s] [ 76%] [32m[1mLinking CXX shared library libmy_robot_interfaces__rosidl_typesupport_fastrtps_cpp.so[0m
[1.222s] [ 78%] Built target my_robot_interfaces__rosidl_typesupport_fastrtps_cpp
[1.238s] [ 78%] Built target my_robot_interfaces
[1.264s] [ 80%] Built target my_robot_interfaces__py
[1.275s] [35m[1mConsolidate compiler generated dependencies of target my_robot_interfaces__rosidl_generator_py[0m
[1.297s] [ 85%] [32mBuilding C object CMakeFiles/my_robot_interfaces__rosidl_generator_py.dir/rosidl_generator_py/my_robot_interfaces/srv/_compute_rectangle_area_s.c.o[0m
[1.298s] [ 85%] [32mBuilding C object CMakeFiles/my_robot_interfaces__rosidl_generator_py.dir/rosidl_generator_py/my_robot_interfaces/msg/_led_panel_state_s.c.o[0m
[1.299s] [ 85%] [32mBuilding C object CMakeFiles/my_robot_interfaces__rosidl_generator_py.dir/rosidl_generator_py/my_robot_interfaces/msg/_hardware_status_s.c.o[0m
[1.301s] [ 87%] [32mBuilding C object CMakeFiles/my_robot_interfaces__rosidl_generator_py.dir/rosidl_generator_py/my_robot_interfaces/srv/_set_led_panel_state_s.c.o[0m
[1.416s] [ 89%] [32m[1mLinking C shared library rosidl_generator_py/my_robot_interfaces/libmy_robot_interfaces__rosidl_generator_py.so[0m
[1.453s] [ 89%] Built target my_robot_interfaces__rosidl_generator_py
[1.472s] [35m[1mConsolidate compiler generated dependencies of target my_robot_interfaces__rosidl_typesupport_introspection_c__pyext[0m
[1.474s] [35m[1mConsolidate compiler generated dependencies of target my_robot_interfaces__rosidl_typesupport_fastrtps_c__pyext[0m
[1.481s] [35m[1mConsolidate compiler generated dependencies of target my_robot_interfaces__rosidl_typesupport_c__pyext[0m
[1.487s] [ 90%] [32mBuilding C object CMakeFiles/my_robot_interfaces__rosidl_typesupport_introspection_c__pyext.dir/rosidl_generator_py/my_robot_interfaces/_my_robot_interfaces_s.ep.rosidl_typesupport_introspection_c.c.o[0m
[1.489s] [ 92%] [32mBuilding C object CMakeFiles/my_robot_interfaces__rosidl_typesupport_fastrtps_c__pyext.dir/rosidl_generator_py/my_robot_interfaces/_my_robot_interfaces_s.ep.rosidl_typesupport_fastrtps_c.c.o[0m
[1.490s] [ 94%] [32mBuilding C object CMakeFiles/my_robot_interfaces__rosidl_typesupport_c__pyext.dir/rosidl_generator_py/my_robot_interfaces/_my_robot_interfaces_s.ep.rosidl_typesupport_c.c.o[0m
[1.593s] [ 96%] [32m[1mLinking C shared library rosidl_generator_py/my_robot_interfaces/my_robot_interfaces_s__rosidl_typesupport_c.cpython-310-x86_64-linux-gnu.so[0m
[1.606s] [ 98%] [32m[1mLinking C shared library rosidl_generator_py/my_robot_interfaces/my_robot_interfaces_s__rosidl_typesupport_introspection_c.cpython-310-x86_64-linux-gnu.so[0m
[1.613s] [100%] [32m[1mLinking C shared library rosidl_generator_py/my_robot_interfaces/my_robot_interfaces_s__rosidl_typesupport_fastrtps_c.cpython-310-x86_64-linux-gnu.so[0m
[1.645s] [100%] Built target my_robot_interfaces__rosidl_typesupport_c__pyext
[1.672s] [100%] Built target my_robot_interfaces__rosidl_typesupport_introspection_c__pyext
[1.672s] [100%] Built target my_robot_interfaces__rosidl_typesupport_fastrtps_c__pyext
[1.684s] Invoked command in '/home/wward/ros2_workspace/build/my_robot_interfaces' returned '0': CMAKE_PREFIX_PATH=${CMAKE_PREFIX_PATH}:/home/wward/ros2_workspace/install/my_python_pkg:/opt/ros/humble /usr/bin/cmake --build /home/wward/ros2_workspace/build/my_robot_interfaces -- -j8 -l8
[1.857s] Invoking command in '/home/wward/ros2_workspace/build/my_robot_interfaces': CMAKE_PREFIX_PATH=${CMAKE_PREFIX_PATH}:/home/wward/ros2_workspace/install/my_python_pkg:/opt/ros/humble /usr/bin/cmake --install /home/wward/ros2_workspace/build/my_robot_interfaces
[1.863s] -- Install configuration: ""
[1.863s] -- Up-to-date: /home/wward/ros2_workspace/install/my_robot_interfaces/share/ament_index/resource_index/rosidl_interfaces/my_robot_interfaces
[1.863s] -- Up-to-date: /home/wward/ros2_workspace/install/my_robot_interfaces/include/my_robot_interfaces/my_robot_interfaces
[1.863s] -- Up-to-date: /home/wward/ros2_workspace/install/my_robot_interfaces/include/my_robot_interfaces/my_robot_interfaces/srv
[1.864s] -- Up-to-date: /home/wward/ros2_workspace/install/my_robot_interfaces/include/my_robot_interfaces/my_robot_interfaces/srv/set_led_panel_state_custom.h
[1.864s] -- Up-to-date: /home/wward/ros2_workspace/install/my_robot_interfaces/include/my_robot_interfaces/my_robot_interfaces/srv/detail
[1.865s] -- Up-to-date: /home/wward/ros2_workspace/install/my_robot_interfaces/include/my_robot_interfaces/my_robot_interfaces/srv/detail/compute_rectangle_area__functions.c
[1.865s] -- Up-to-date: /home/wward/ros2_workspace/install/my_robot_interfaces/include/my_robot_interfaces/my_robot_interfaces/srv/detail/set_led_panel_state_custom__functions.c
[1.865s] -- Up-to-date: /home/wward/ros2_workspace/install/my_robot_interfaces/include/my_robot_interfaces/my_robot_interfaces/srv/detail/set_led_panel_state_custom__functions.h
[1.866s] -- Up-to-date: /home/wward/ros2_workspace/install/my_robot_interfaces/include/my_robot_interfaces/my_robot_interfaces/srv/detail/set_led_panel_state__struct.h
[1.866s] -- Up-to-date: /home/wward/ros2_workspace/install/my_robot_interfaces/include/my_robot_interfaces/my_robot_interfaces/srv/detail/compute_rectangle_area_custom__type_support.h
[1.866s] -- Up-to-date: /home/wward/ros2_workspace/install/my_robot_interfaces/include/my_robot_interfaces/my_robot_interfaces/srv/detail/compute_rectangle_area__struct.h
[1.866s] -- Up-to-date: /home/wward/ros2_workspace/install/my_robot_interfaces/include/my_robot_interfaces/my_robot_interfaces/srv/detail/compute_rectangle_area__type_support.h
[1.867s] -- Up-to-date: /home/wward/ros2_workspace/install/my_robot_interfaces/include/my_robot_interfaces/my_robot_interfaces/srv/detail/set_led_panel_state__functions.c
[1.867s] -- Up-to-date: /home/wward/ros2_workspace/install/my_robot_interfaces/include/my_robot_interfaces/my_robot_interfaces/srv/detail/set_led_panel_state_custom__struct.h
[1.868s] -- Up-to-date: /home/wward/ros2_workspace/install/my_robot_interfaces/include/my_robot_interfaces/my_robot_interfaces/srv/detail/set_led_panel_state_custom__type_support.h
[1.868s] -- Up-to-date: /home/wward/ros2_workspace/install/my_robot_interfaces/include/my_robot_interfaces/my_robot_interfaces/srv/detail/compute_rectangle_area_custom__struct.h
[1.868s] -- Up-to-date: /home/wward/ros2_workspace/install/my_robot_interfaces/include/my_robot_interfaces/my_robot_interfaces/srv/detail/compute_rectangle_area_custom__functions.h
[1.869s] -- Up-to-date: /home/wward/ros2_workspace/install/my_robot_interfaces/include/my_robot_interfaces/my_robot_interfaces/srv/detail/compute_rectangle_area_custom__functions.c
[1.869s] -- Up-to-date: /home/wward/ros2_workspace/install/my_robot_interfaces/include/my_robot_interfaces/my_robot_interfaces/srv/detail/set_led_panel_state__functions.h
[1.869s] -- Up-to-date: /home/wward/ros2_workspace/install/my_robot_interfaces/include/my_robot_interfaces/my_robot_interfaces/srv/detail/compute_rectangle_area__functions.h
[1.869s] -- Up-to-date: /home/wward/ros2_workspace/install/my_robot_interfaces/include/my_robot_interfaces/my_robot_interfaces/srv/detail/set_led_panel_state__type_support.h
[1.869s] -- Up-to-date: /home/wward/ros2_workspace/install/my_robot_interfaces/include/my_robot_interfaces/my_robot_interfaces/srv/compute_rectangle_area_custom.h
[1.870s] -- Up-to-date: /home/wward/ros2_workspace/install/my_robot_interfaces/include/my_robot_interfaces/my_robot_interfaces/srv/set_led_panel_state.h
[1.870s] -- Up-to-date: /home/wward/ros2_workspace/install/my_robot_interfaces/include/my_robot_interfaces/my_robot_interfaces/srv/compute_rectangle_area.h
[1.870s] -- Up-to-date: /home/wward/ros2_workspace/install/my_robot_interfaces/include/my_robot_interfaces/my_robot_interfaces/msg
[1.873s] -- Up-to-date: /home/wward/ros2_workspace/install/my_robot_interfaces/include/my_robot_interfaces/my_robot_interfaces/msg/hardware_status.h
[1.873s] -- Up-to-date: /home/wward/ros2_workspace/install/my_robot_interfaces/include/my_robot_interfaces/my_robot_interfaces/msg/detail
[1.873s] -- Up-to-date: /home/wward/ros2_workspace/install/my_robot_interfaces/include/my_robot_interfaces/my_robot_interfaces/msg/detail/led_panel_state_custom__struct.h
[1.873s] -- Up-to-date: /home/wward/ros2_workspace/install/my_robot_interfaces/include/my_robot_interfaces/my_robot_interfaces/msg/detail/hardware_status__functions.h
[1.873s] -- Up-to-date: /home/wward/ros2_workspace/install/my_robot_interfaces/include/my_robot_interfaces/my_robot_interfaces/msg/detail/led_panel_state_custom__functions.h
[1.874s] -- Up-to-date: /home/wward/ros2_workspace/install/my_robot_interfaces/include/my_robot_interfaces/my_robot_interfaces/msg/detail/led_panel_state_custom__functions.c
[1.874s] -- Up-to-date: /home/wward/ros2_workspace/install/my_robot_interfaces/include/my_robot_interfaces/my_robot_interfaces/msg/detail/led_panel_state__functions.c
[1.874s] -- Up-to-date: /home/wward/ros2_workspace/install/my_robot_interfaces/include/my_robot_interfaces/my_robot_interfaces/msg/detail/hardware_status__functions.c
[1.874s] -- Up-to-date: /home/wward/ros2_workspace/install/my_robot_interfaces/include/my_robot_interfaces/my_robot_interfaces/msg/detail/led_panel_state__functions.h
[1.875s] -- Up-to-date: /home/wward/ros2_workspace/install/my_robot_interfaces/include/my_robot_interfaces/my_robot_interfaces/msg/detail/led_panel_state__struct.h
[1.875s] -- Up-to-date: /home/wward/ros2_workspace/install/my_robot_interfaces/include/my_robot_interfaces/my_robot_interfaces/msg/detail/hardware_status__type_support.h
[1.876s] -- Up-to-date: /home/wward/ros2_workspace/install/my_robot_interfaces/include/my_robot_interfaces/my_robot_interfaces/msg/detail/led_panel_state_custom__type_support.h
[1.876s] -- Up-to-date: /home/wward/ros2_workspace/install/my_robot_interfaces/include/my_robot_interfaces/my_robot_interfaces/msg/detail/hardware_status__struct.h
[1.876s] -- Up-to-date: /home/wward/ros2_workspace/install/my_robot_interfaces/include/my_robot_interfaces/my_robot_interfaces/msg/detail/led_panel_state__type_support.h
[1.876s] -- Up-to-date: /home/wward/ros2_workspace/install/my_robot_interfaces/include/my_robot_interfaces/my_robot_interfaces/msg/led_panel_state.h
[1.876s] -- Up-to-date: /home/wward/ros2_workspace/install/my_robot_interfaces/include/my_robot_interfaces/my_robot_interfaces/msg/led_panel_state_custom.h
[1.877s] -- Up-to-date: /home/wward/ros2_workspace/install/my_robot_interfaces/include/my_robot_interfaces/my_robot_interfaces/msg/rosidl_generator_c__visibility_control.h
[1.877s] -- Up-to-date: /home/wward/ros2_workspace/install/my_robot_interfaces/share/my_robot_interfaces/environment/library_path.sh
[1.877s] -- Up-to-date: /home/wward/ros2_workspace/install/my_robot_interfaces/share/my_robot_interfaces/environment/library_path.dsv
[1.878s] -- Up-to-date: /home/wward/ros2_workspace/install/my_robot_interfaces/lib/libmy_robot_interfaces__rosidl_generator_c.so
[1.878s] -- Up-to-date: /home/wward/ros2_workspace/install/my_robot_interfaces/include/my_robot_interfaces/my_robot_interfaces
[1.880s] -- Up-to-date: /home/wward/ros2_workspace/install/my_robot_interfaces/include/my_robot_interfaces/my_robot_interfaces/srv
[1.880s] -- Up-to-date: /home/wward/ros2_workspace/install/my_robot_interfaces/include/my_robot_interfaces/my_robot_interfaces/srv/detail
[1.880s] -- Up-to-date: /home/wward/ros2_workspace/install/my_robot_interfaces/include/my_robot_interfaces/my_robot_interfaces/srv/detail/compute_rectangle_area_custom__rosidl_typesupport_fastrtps_c.h
[1.880s] -- Up-to-date: /home/wward/ros2_workspace/install/my_robot_interfaces/include/my_robot_interfaces/my_robot_interfaces/srv/detail/set_led_panel_state__rosidl_typesupport_fastrtps_c.h
[1.880s] -- Up-to-date: /home/wward/ros2_workspace/install/my_robot_interfaces/include/my_robot_interfaces/my_robot_interfaces/srv/detail/compute_rectangle_area__rosidl_typesupport_fastrtps_c.h
[1.881s] -- Up-to-date: /home/wward/ros2_workspace/install/my_robot_interfaces/include/my_robot_interfaces/my_robot_interfaces/srv/detail/set_led_panel_state_custom__rosidl_typesupport_fastrtps_c.h
[1.881s] -- Up-to-date: /home/wward/ros2_workspace/install/my_robot_interfaces/include/my_robot_interfaces/my_robot_interfaces/msg
[1.881s] -- Up-to-date: /home/wward/ros2_workspace/install/my_robot_interfaces/include/my_robot_interfaces/my_robot_interfaces/msg/detail
[1.881s] -- Up-to-date: /home/wward/ros2_workspace/install/my_robot_interfaces/include/my_robot_interfaces/my_robot_interfaces/msg/detail/led_panel_state__rosidl_typesupport_fastrtps_c.h
[1.881s] -- Up-to-date: /home/wward/ros2_workspace/install/my_robot_interfaces/include/my_robot_interfaces/my_robot_interfaces/msg/detail/hardware_status__rosidl_typesupport_fastrtps_c.h
[1.881s] -- Up-to-date: /home/wward/ros2_workspace/install/my_robot_interfaces/include/my_robot_interfaces/my_robot_interfaces/msg/detail/led_panel_state_custom__rosidl_typesupport_fastrtps_c.h
[1.881s] -- Up-to-date: /home/wward/ros2_workspace/install/my_robot_interfaces/include/my_robot_interfaces/my_robot_interfaces/msg/rosidl_typesupport_fastrtps_c__visibility_control.h
[1.881s] -- Installing: /home/wward/ros2_workspace/install/my_robot_interfaces/lib/libmy_robot_interfaces__rosidl_typesupport_fastrtps_c.so
[1.882s] -- Set runtime path of "/home/wward/ros2_workspace/install/my_robot_interfaces/lib/libmy_robot_interfaces__rosidl_typesupport_fastrtps_c.so" to ""
[1.882s] -- Up-to-date: /home/wward/ros2_workspace/install/my_robot_interfaces/include/my_robot_interfaces/my_robot_interfaces
[1.882s] -- Up-to-date: /home/wward/ros2_workspace/install/my_robot_interfaces/include/my_robot_interfaces/my_robot_interfaces/srv
[1.882s] -- Up-to-date: /home/wward/ros2_workspace/install/my_robot_interfaces/include/my_robot_interfaces/my_robot_interfaces/srv/detail
[1.882s] -- Up-to-date: /home/wward/ros2_workspace/install/my_robot_interfaces/include/my_robot_interfaces/my_robot_interfaces/srv/detail/set_led_panel_state_custom__rosidl_typesupport_introspection_c.h
[1.882s] -- Up-to-date: /home/wward/ros2_workspace/install/my_robot_interfaces/include/my_robot_interfaces/my_robot_interfaces/srv/detail/compute_rectangle_area_custom__type_support.c
[1.882s] -- Up-to-date: /home/wward/ros2_workspace/install/my_robot_interfaces/include/my_robot_interfaces/my_robot_interfaces/srv/detail/compute_rectangle_area__type_support.c
[1.882s] -- Up-to-date: /home/wward/ros2_workspace/install/my_robot_interfaces/include/my_robot_interfaces/my_robot_interfaces/srv/detail/set_led_panel_state_custom__type_support.c
[1.882s] -- Up-to-date: /home/wward/ros2_workspace/install/my_robot_interfaces/include/my_robot_interfaces/my_robot_interfaces/srv/detail/set_led_panel_state__type_support.c
[1.885s] -- Up-to-date: /home/wward/ros2_workspace/install/my_robot_interfaces/include/my_robot_interfaces/my_robot_interfaces/srv/detail/compute_rectangle_area__rosidl_typesupport_introspection_c.h
[1.885s] -- Up-to-date: /home/wward/ros2_workspace/install/my_robot_interfaces/include/my_robot_interfaces/my_robot_interfaces/srv/detail/set_led_panel_state__rosidl_typesupport_introspection_c.h
[1.886s] -- Up-to-date: /home/wward/ros2_workspace/install/my_robot_interfaces/include/my_robot_interfaces/my_robot_interfaces/srv/detail/compute_rectangle_area_custom__rosidl_typesupport_introspection_c.h
[1.886s] -- Up-to-date: /home/wward/ros2_workspace/install/my_robot_interfaces/include/my_robot_interfaces/my_robot_interfaces/msg
[1.886s] -- Up-to-date: /home/wward/ros2_workspace/install/my_robot_interfaces/include/my_robot_interfaces/my_robot_interfaces/msg/detail
[1.886s] -- Up-to-date: /home/wward/ros2_workspace/install/my_robot_interfaces/include/my_robot_interfaces/my_robot_interfaces/msg/detail/led_panel_state_custom__type_support.c
[1.886s] -- Up-to-date: /home/wward/ros2_workspace/install/my_robot_interfaces/include/my_robot_interfaces/my_robot_interfaces/msg/detail/led_panel_state__type_support.c
[1.886s] -- Up-to-date: /home/wward/ros2_workspace/install/my_robot_interfaces/include/my_robot_interfaces/my_robot_interfaces/msg/detail/led_panel_state_custom__rosidl_typesupport_introspection_c.h
[1.886s] -- Up-to-date: /home/wward/ros2_workspace/install/my_robot_interfaces/include/my_robot_interfaces/my_robot_interfaces/msg/detail/hardware_status__type_support.c
[1.886s] -- Up-to-date: /home/wward/ros2_workspace/install/my_robot_interfaces/include/my_robot_interfaces/my_robot_interfaces/msg/detail/led_panel_state__rosidl_typesupport_introspection_c.h
[1.886s] -- Up-to-date: /home/wward/ros2_workspace/install/my_robot_interfaces/include/my_robot_interfaces/my_robot_interfaces/msg/detail/hardware_status__rosidl_typesupport_introspection_c.h
[1.886s] -- Up-to-date: /home/wward/ros2_workspace/install/my_robot_interfaces/include/my_robot_interfaces/my_robot_interfaces/msg/rosidl_typesupport_introspection_c__visibility_control.h
[1.887s] -- Up-to-date: /home/wward/ros2_workspace/install/my_robot_interfaces/lib/libmy_robot_interfaces__rosidl_typesupport_introspection_c.so
[1.887s] -- Up-to-date: /home/wward/ros2_workspace/install/my_robot_interfaces/lib/libmy_robot_interfaces__rosidl_typesupport_c.so
[1.888s] -- Up-to-date: /home/wward/ros2_workspace/install/my_robot_interfaces/include/my_robot_interfaces/my_robot_interfaces
[1.888s] -- Up-to-date: /home/wward/ros2_workspace/install/my_robot_interfaces/include/my_robot_interfaces/my_robot_interfaces/srv
[1.888s] -- Up-to-date: /home/wward/ros2_workspace/install/my_robot_interfaces/include/my_robot_interfaces/my_robot_interfaces/srv/compute_rectangle_area.hpp
[1.888s] -- Up-to-date: /home/wward/ros2_workspace/install/my_robot_interfaces/include/my_robot_interfaces/my_robot_interfaces/srv/set_led_panel_state.hpp
[1.888s] -- Up-to-date: /home/wward/ros2_workspace/install/my_robot_interfaces/include/my_robot_interfaces/my_robot_interfaces/srv/detail
[1.888s] -- Up-to-date: /home/wward/ros2_workspace/install/my_robot_interfaces/include/my_robot_interfaces/my_robot_interfaces/srv/detail/compute_rectangle_area_custom__traits.hpp
[1.888s] -- Up-to-date: /home/wward/ros2_workspace/install/my_robot_interfaces/include/my_robot_interfaces/my_robot_interfaces/srv/detail/set_led_panel_state__struct.hpp
[1.889s] -- Up-to-date: /home/wward/ros2_workspace/install/my_robot_interfaces/include/my_robot_interfaces/my_robot_interfaces/srv/detail/compute_rectangle_area_custom__struct.hpp
[1.889s] -- Up-to-date: /home/wward/ros2_workspace/install/my_robot_interfaces/include/my_robot_interfaces/my_robot_interfaces/srv/detail/set_led_panel_state__traits.hpp
[1.889s] -- Up-to-date: /home/wward/ros2_workspace/install/my_robot_interfaces/include/my_robot_interfaces/my_robot_interfaces/srv/detail/compute_rectangle_area_custom__builder.hpp
[1.889s] -- Up-to-date: /home/wward/ros2_workspace/install/my_robot_interfaces/include/my_robot_interfaces/my_robot_interfaces/srv/detail/compute_rectangle_area__builder.hpp
[1.889s] -- Up-to-date: /home/wward/ros2_workspace/install/my_robot_interfaces/include/my_robot_interfaces/my_robot_interfaces/srv/detail/set_led_panel_state_custom__builder.hpp
[1.889s] -- Up-to-date: /home/wward/ros2_workspace/install/my_robot_interfaces/include/my_robot_interfaces/my_robot_interfaces/srv/detail/compute_rectangle_area__traits.hpp
[1.889s] -- Up-to-date: /home/wward/ros2_workspace/install/my_robot_interfaces/include/my_robot_interfaces/my_robot_interfaces/srv/detail/set_led_panel_state_custom__traits.hpp
[1.889s] -- Up-to-date: /home/wward/ros2_workspace/install/my_robot_interfaces/include/my_robot_interfaces/my_robot_interfaces/srv/detail/set_led_panel_state__builder.hpp
[1.889s] -- Up-to-date: /home/wward/ros2_workspace/install/my_robot_interfaces/include/my_robot_interfaces/my_robot_interfaces/srv/detail/set_led_panel_state_custom__struct.hpp
[1.889s] -- Up-to-date: /home/wward/ros2_workspace/install/my_robot_interfaces/include/my_robot_interfaces/my_robot_interfaces/srv/detail/compute_rectangle_area__struct.hpp
[1.889s] -- Up-to-date: /home/wward/ros2_workspace/install/my_robot_interfaces/include/my_robot_interfaces/my_robot_interfaces/srv/compute_rectangle_area_custom.hpp
[1.890s] -- Up-to-date: /home/wward/ros2_workspace/install/my_robot_interfaces/include/my_robot_interfaces/my_robot_interfaces/srv/set_led_panel_state_custom.hpp
[1.890s] -- Up-to-date: /home/wward/ros2_workspace/install/my_robot_interfaces/include/my_robot_interfaces/my_robot_interfaces/msg
[1.890s] -- Up-to-date: /home/wward/ros2_workspace/install/my_robot_interfaces/include/my_robot_interfaces/my_robot_interfaces/msg/led_panel_state_custom.hpp
[1.890s] -- Up-to-date: /home/wward/ros2_workspace/install/my_robot_interfaces/include/my_robot_interfaces/my_robot_interfaces/msg/hardware_status.hpp
[1.890s] -- Up-to-date: /home/wward/ros2_workspace/install/my_robot_interfaces/include/my_robot_interfaces/my_robot_interfaces/msg/detail
[1.890s] -- Up-to-date: /home/wward/ros2_workspace/install/my_robot_interfaces/include/my_robot_interfaces/my_robot_interfaces/msg/detail/led_panel_state__traits.hpp
[1.890s] -- Up-to-date: /home/wward/ros2_workspace/install/my_robot_interfaces/include/my_robot_interfaces/my_robot_interfaces/msg/detail/hardware_status__struct.hpp
[1.890s] -- Up-to-date: /home/wward/ros2_workspace/install/my_robot_interfaces/include/my_robot_interfaces/my_robot_interfaces/msg/detail/hardware_status__builder.hpp
[1.890s] -- Up-to-date: /home/wward/ros2_workspace/install/my_robot_interfaces/include/my_robot_interfaces/my_robot_interfaces/msg/detail/hardware_status__traits.hpp
[1.891s] -- Up-to-date: /home/wward/ros2_workspace/install/my_robot_interfaces/include/my_robot_interfaces/my_robot_interfaces/msg/detail/led_panel_state__struct.hpp
[1.891s] -- Up-to-date: /home/wward/ros2_workspace/install/my_robot_interfaces/include/my_robot_interfaces/my_robot_interfaces/msg/detail/led_panel_state_custom__builder.hpp
[1.891s] -- Up-to-date: /home/wward/ros2_workspace/install/my_robot_interfaces/include/my_robot_interfaces/my_robot_interfaces/msg/detail/led_panel_state_custom__struct.hpp
[1.891s] -- Up-to-date: /home/wward/ros2_workspace/install/my_robot_interfaces/include/my_robot_interfaces/my_robot_interfaces/msg/detail/led_panel_state__builder.hpp
[1.891s] -- Up-to-date: /home/wward/ros2_workspace/install/my_robot_interfaces/include/my_robot_interfaces/my_robot_interfaces/msg/detail/led_panel_state_custom__traits.hpp
[1.891s] -- Up-to-date: /home/wward/ros2_workspace/install/my_robot_interfaces/include/my_robot_interfaces/my_robot_interfaces/msg/led_panel_state.hpp
[1.891s] -- Up-to-date: /home/wward/ros2_workspace/install/my_robot_interfaces/include/my_robot_interfaces/my_robot_interfaces
[1.891s] -- Up-to-date: /home/wward/ros2_workspace/install/my_robot_interfaces/include/my_robot_interfaces/my_robot_interfaces/srv
[1.891s] -- Up-to-date: /home/wward/ros2_workspace/install/my_robot_interfaces/include/my_robot_interfaces/my_robot_interfaces/srv/detail
[1.892s] -- Up-to-date: /home/wward/ros2_workspace/install/my_robot_interfaces/include/my_robot_interfaces/my_robot_interfaces/srv/detail/compute_rectangle_area__rosidl_typesupport_fastrtps_cpp.hpp
[1.892s] -- Up-to-date: /home/wward/ros2_workspace/install/my_robot_interfaces/include/my_robot_interfaces/my_robot_interfaces/srv/detail/set_led_panel_state__rosidl_typesupport_fastrtps_cpp.hpp
[1.892s] -- Up-to-date: /home/wward/ros2_workspace/install/my_robot_interfaces/include/my_robot_interfaces/my_robot_interfaces/srv/detail/dds_fastrtps
[1.892s] -- Up-to-date: /home/wward/ros2_workspace/install/my_robot_interfaces/include/my_robot_interfaces/my_robot_interfaces/srv/detail/compute_rectangle_area_custom__rosidl_typesupport_fastrtps_cpp.hpp
[1.892s] -- Up-to-date: /home/wward/ros2_workspace/install/my_robot_interfaces/include/my_robot_interfaces/my_robot_interfaces/srv/detail/set_led_panel_state_custom__rosidl_typesupport_fastrtps_cpp.hpp
[1.892s] -- Up-to-date: /home/wward/ros2_workspace/install/my_robot_interfaces/include/my_robot_interfaces/my_robot_interfaces/msg
[1.892s] -- Up-to-date: /home/wward/ros2_workspace/install/my_robot_interfaces/include/my_robot_interfaces/my_robot_interfaces/msg/detail
[1.892s] -- Up-to-date: /home/wward/ros2_workspace/install/my_robot_interfaces/include/my_robot_interfaces/my_robot_interfaces/msg/detail/hardware_status__rosidl_typesupport_fastrtps_cpp.hpp
[1.892s] -- Up-to-date: /home/wward/ros2_workspace/install/my_robot_interfaces/include/my_robot_interfaces/my_robot_interfaces/msg/detail/dds_fastrtps
[1.892s] -- Up-to-date: /home/wward/ros2_workspace/install/my_robot_interfaces/include/my_robot_interfaces/my_robot_interfaces/msg/detail/led_panel_state_custom__rosidl_typesupport_fastrtps_cpp.hpp
[1.893s] -- Up-to-date: /home/wward/ros2_workspace/install/my_robot_interfaces/include/my_robot_interfaces/my_robot_interfaces/msg/detail/led_panel_state__rosidl_typesupport_fastrtps_cpp.hpp
[1.893s] -- Up-to-date: /home/wward/ros2_workspace/install/my_robot_interfaces/include/my_robot_interfaces/my_robot_interfaces/msg/rosidl_typesupport_fastrtps_cpp__visibility_control.h
[1.893s] -- Installing: /home/wward/ros2_workspace/install/my_robot_interfaces/lib/libmy_robot_interfaces__rosidl_typesupport_fastrtps_cpp.so
[1.893s] -- Set runtime path of "/home/wward/ros2_workspace/install/my_robot_interfaces/lib/libmy_robot_interfaces__rosidl_typesupport_fastrtps_cpp.so" to ""
[1.893s] -- Up-to-date: /home/wward/ros2_workspace/install/my_robot_interfaces/include/my_robot_interfaces/my_robot_interfaces
[1.893s] -- Up-to-date: /home/wward/ros2_workspace/install/my_robot_interfaces/include/my_robot_interfaces/my_robot_interfaces/srv
[1.893s] -- Up-to-date: /home/wward/ros2_workspace/install/my_robot_interfaces/include/my_robot_interfaces/my_robot_interfaces/srv/detail
[1.893s] -- Up-to-date: /home/wward/ros2_workspace/install/my_robot_interfaces/include/my_robot_interfaces/my_robot_interfaces/srv/detail/set_led_panel_state__rosidl_typesupport_introspection_cpp.hpp
[1.893s] -- Up-to-date: /home/wward/ros2_workspace/install/my_robot_interfaces/include/my_robot_interfaces/my_robot_interfaces/srv/detail/set_led_panel_state__type_support.cpp
[1.893s] -- Up-to-date: /home/wward/ros2_workspace/install/my_robot_interfaces/include/my_robot_interfaces/my_robot_interfaces/srv/detail/compute_rectangle_area_custom__rosidl_typesupport_introspection_cpp.hpp
[1.893s] -- Up-to-date: /home/wward/ros2_workspace/install/my_robot_interfaces/include/my_robot_interfaces/my_robot_interfaces/srv/detail/compute_rectangle_area__type_support.cpp
[1.894s] -- Up-to-date: /home/wward/ros2_workspace/install/my_robot_interfaces/include/my_robot_interfaces/my_robot_interfaces/srv/detail/set_led_panel_state_custom__type_support.cpp
[1.894s] -- Up-to-date: /home/wward/ros2_workspace/install/my_robot_interfaces/include/my_robot_interfaces/my_robot_interfaces/srv/detail/compute_rectangle_area_custom__type_support.cpp
[1.894s] -- Up-to-date: /home/wward/ros2_workspace/install/my_robot_interfaces/include/my_robot_interfaces/my_robot_interfaces/srv/detail/set_led_panel_state_custom__rosidl_typesupport_introspection_cpp.hpp
[1.894s] -- Up-to-date: /home/wward/ros2_workspace/install/my_robot_interfaces/include/my_robot_interfaces/my_robot_interfaces/srv/detail/compute_rectangle_area__rosidl_typesupport_introspection_cpp.hpp
[1.894s] -- Up-to-date: /home/wward/ros2_workspace/install/my_robot_interfaces/include/my_robot_interfaces/my_robot_interfaces/msg
[1.894s] -- Up-to-date: /home/wward/ros2_workspace/install/my_robot_interfaces/include/my_robot_interfaces/my_robot_interfaces/msg/detail
[1.894s] -- Up-to-date: /home/wward/ros2_workspace/install/my_robot_interfaces/include/my_robot_interfaces/my_robot_interfaces/msg/detail/led_panel_state_custom__type_support.cpp
[1.894s] -- Up-to-date: /home/wward/ros2_workspace/install/my_robot_interfaces/include/my_robot_interfaces/my_robot_interfaces/msg/detail/led_panel_state__type_support.cpp
[1.894s] -- Up-to-date: /home/wward/ros2_workspace/install/my_robot_interfaces/include/my_robot_interfaces/my_robot_interfaces/msg/detail/led_panel_state__rosidl_typesupport_introspection_cpp.hpp
[1.896s] -- Up-to-date: /home/wward/ros2_workspace/install/my_robot_interfaces/include/my_robot_interfaces/my_robot_interfaces/msg/detail/hardware_status__type_support.cpp
[1.896s] -- Up-to-date: /home/wward/ros2_workspace/install/my_robot_interfaces/include/my_robot_interfaces/my_robot_interfaces/msg/detail/hardware_status__rosidl_typesupport_introspection_cpp.hpp
[1.896s] -- Up-to-date: /home/wward/ros2_workspace/install/my_robot_interfaces/include/my_robot_interfaces/my_robot_interfaces/msg/detail/led_panel_state_custom__rosidl_typesupport_introspection_cpp.hpp
[1.896s] -- Installing: /home/wward/ros2_workspace/install/my_robot_interfaces/lib/libmy_robot_interfaces__rosidl_typesupport_introspection_cpp.so
[1.896s] -- Set runtime path of "/home/wward/ros2_workspace/install/my_robot_interfaces/lib/libmy_robot_interfaces__rosidl_typesupport_introspection_cpp.so" to ""
[1.897s] -- Installing: /home/wward/ros2_workspace/install/my_robot_interfaces/lib/libmy_robot_interfaces__rosidl_typesupport_cpp.so
[1.897s] -- Set runtime path of "/home/wward/ros2_workspace/install/my_robot_interfaces/lib/libmy_robot_interfaces__rosidl_typesupport_cpp.so" to ""
[1.897s] -- Up-to-date: /home/wward/ros2_workspace/install/my_robot_interfaces/share/my_robot_interfaces/environment/pythonpath.sh
[1.897s] -- Up-to-date: /home/wward/ros2_workspace/install/my_robot_interfaces/share/my_robot_interfaces/environment/pythonpath.dsv
[1.897s] -- Up-to-date: /home/wward/ros2_workspace/install/my_robot_interfaces/local/lib/python3.10/dist-packages/my_robot_interfaces-0.0.0-py3.10.egg-info
[1.897s] -- Installing: /home/wward/ros2_workspace/install/my_robot_interfaces/local/lib/python3.10/dist-packages/my_robot_interfaces-0.0.0-py3.10.egg-info/PKG-INFO
[1.897s] -- Installing: /home/wward/ros2_workspace/install/my_robot_interfaces/local/lib/python3.10/dist-packages/my_robot_interfaces-0.0.0-py3.10.egg-info/top_level.txt
[1.897s] -- Installing: /home/wward/ros2_workspace/install/my_robot_interfaces/local/lib/python3.10/dist-packages/my_robot_interfaces-0.0.0-py3.10.egg-info/dependency_links.txt
[1.897s] -- Installing: /home/wward/ros2_workspace/install/my_robot_interfaces/local/lib/python3.10/dist-packages/my_robot_interfaces-0.0.0-py3.10.egg-info/SOURCES.txt
[1.897s] -- Up-to-date: /home/wward/ros2_workspace/install/my_robot_interfaces/local/lib/python3.10/dist-packages/my_robot_interfaces
[1.898s] -- Installing: /home/wward/ros2_workspace/install/my_robot_interfaces/local/lib/python3.10/dist-packages/my_robot_interfaces/my_robot_interfaces_s__rosidl_typesupport_fastrtps_c.cpython-310-x86_64-linux-gnu.so
[1.898s] -- Up-to-date: /home/wward/ros2_workspace/install/my_robot_interfaces/local/lib/python3.10/dist-packages/my_robot_interfaces/srv
[1.898s] -- Up-to-date: /home/wward/ros2_workspace/install/my_robot_interfaces/local/lib/python3.10/dist-packages/my_robot_interfaces/srv/_set_led_panel_state_custom.py
[1.898s] -- Up-to-date: /home/wward/ros2_workspace/install/my_robot_interfaces/local/lib/python3.10/dist-packages/my_robot_interfaces/srv/_set_led_panel_state_custom_s.c
[1.898s] -- Up-to-date: /home/wward/ros2_workspace/install/my_robot_interfaces/local/lib/python3.10/dist-packages/my_robot_interfaces/srv/_compute_rectangle_area_s.c
[1.898s] -- Up-to-date: /home/wward/ros2_workspace/install/my_robot_interfaces/local/lib/python3.10/dist-packages/my_robot_interfaces/srv/_set_led_panel_state.py
[1.898s] -- Up-to-date: /home/wward/ros2_workspace/install/my_robot_interfaces/local/lib/python3.10/dist-packages/my_robot_interfaces/srv/__init__.py
[1.898s] -- Up-to-date: /home/wward/ros2_workspace/install/my_robot_interfaces/local/lib/python3.10/dist-packages/my_robot_interfaces/srv/_set_led_panel_state_s.c
[1.898s] -- Up-to-date: /home/wward/ros2_workspace/install/my_robot_interfaces/local/lib/python3.10/dist-packages/my_robot_interfaces/srv/_compute_rectangle_area_custom_s.c
[1.899s] -- Up-to-date: /home/wward/ros2_workspace/install/my_robot_interfaces/local/lib/python3.10/dist-packages/my_robot_interfaces/srv/_compute_rectangle_area.py
[1.899s] -- Up-to-date: /home/wward/ros2_workspace/install/my_robot_interfaces/local/lib/python3.10/dist-packages/my_robot_interfaces/srv/_compute_rectangle_area_custom.py
[1.899s] -- Up-to-date: /home/wward/ros2_workspace/install/my_robot_interfaces/local/lib/python3.10/dist-packages/my_robot_interfaces/msg
[1.899s] -- Up-to-date: /home/wward/ros2_workspace/install/my_robot_interfaces/local/lib/python3.10/dist-packages/my_robot_interfaces/msg/_led_panel_state_custom.py
[1.899s] -- Up-to-date: /home/wward/ros2_workspace/install/my_robot_interfaces/local/lib/python3.10/dist-packages/my_robot_interfaces/msg/_led_panel_state.py
[1.899s] -- Up-to-date: /home/wward/ros2_workspace/install/my_robot_interfaces/local/lib/python3.10/dist-packages/my_robot_interfaces/msg/_led_panel_state_custom_s.c
[1.900s] -- Up-to-date: /home/wward/ros2_workspace/install/my_robot_interfaces/local/lib/python3.10/dist-packages/my_robot_interfaces/msg/__init__.py
[1.900s] -- Up-to-date: /home/wward/ros2_workspace/install/my_robot_interfaces/local/lib/python3.10/dist-packages/my_robot_interfaces/msg/_hardware_status_s.c
[1.900s] -- Up-to-date: /home/wward/ros2_workspace/install/my_robot_interfaces/local/lib/python3.10/dist-packages/my_robot_interfaces/msg/_led_panel_state_s.c
[1.900s] -- Up-to-date: /home/wward/ros2_workspace/install/my_robot_interfaces/local/lib/python3.10/dist-packages/my_robot_interfaces/msg/_hardware_status.py
[1.900s] -- Installing: /home/wward/ros2_workspace/install/my_robot_interfaces/local/lib/python3.10/dist-packages/my_robot_interfaces/my_robot_interfaces_s__rosidl_typesupport_c.cpython-310-x86_64-linux-gnu.so
[1.900s] -- Up-to-date: /home/wward/ros2_workspace/install/my_robot_interfaces/local/lib/python3.10/dist-packages/my_robot_interfaces/_my_robot_interfaces_s.ep.rosidl_typesupport_c.c
[1.901s] -- Up-to-date: /home/wward/ros2_workspace/install/my_robot_interfaces/local/lib/python3.10/dist-packages/my_robot_interfaces/__init__.py
[1.901s] -- Installing: /home/wward/ros2_workspace/install/my_robot_interfaces/local/lib/python3.10/dist-packages/my_robot_interfaces/my_robot_interfaces_s__rosidl_typesupport_introspection_c.cpython-310-x86_64-linux-gnu.so
[1.901s] -- Up-to-date: /home/wward/ros2_workspace/install/my_robot_interfaces/local/lib/python3.10/dist-packages/my_robot_interfaces/_my_robot_interfaces_s.ep.rosidl_typesupport_fastrtps_c.c
[1.901s] -- Up-to-date: /home/wward/ros2_workspace/install/my_robot_interfaces/local/lib/python3.10/dist-packages/my_robot_interfaces/_my_robot_interfaces_s.ep.rosidl_typesupport_introspection_c.c
[1.901s] -- Installing: /home/wward/ros2_workspace/install/my_robot_interfaces/local/lib/python3.10/dist-packages/my_robot_interfaces/libmy_robot_interfaces__rosidl_generator_py.so
[1.908s] Listing '/home/wward/ros2_workspace/install/my_robot_interfaces/local/lib/python3.10/dist-packages/my_robot_interfaces'...
[1.908s] Listing '/home/wward/ros2_workspace/install/my_robot_interfaces/local/lib/python3.10/dist-packages/my_robot_interfaces/msg'...
[1.908s] Listing '/home/wward/ros2_workspace/install/my_robot_interfaces/local/lib/python3.10/dist-packages/my_robot_interfaces/srv'...
[1.913s] -- Installing: /home/wward/ros2_workspace/install/my_robot_interfaces/local/lib/python3.10/dist-packages/my_robot_interfaces/my_robot_interfaces_s__rosidl_typesupport_fastrtps_c.cpython-310-x86_64-linux-gnu.so
[1.913s] -- Set runtime path of "/home/wward/ros2_workspace/install/my_robot_interfaces/local/lib/python3.10/dist-packages/my_robot_interfaces/my_robot_interfaces_s__rosidl_typesupport_fastrtps_c.cpython-310-x86_64-linux-gnu.so" to ""
[1.913s] -- Installing: /home/wward/ros2_workspace/install/my_robot_interfaces/local/lib/python3.10/dist-packages/my_robot_interfaces/my_robot_interfaces_s__rosidl_typesupport_introspection_c.cpython-310-x86_64-linux-gnu.so
[1.914s] -- Set runtime path of "/home/wward/ros2_workspace/install/my_robot_interfaces/local/lib/python3.10/dist-packages/my_robot_interfaces/my_robot_interfaces_s__rosidl_typesupport_introspection_c.cpython-310-x86_64-linux-gnu.so" to ""
[1.915s] -- Installing: /home/wward/ros2_workspace/install/my_robot_interfaces/local/lib/python3.10/dist-packages/my_robot_interfaces/my_robot_interfaces_s__rosidl_typesupport_c.cpython-310-x86_64-linux-gnu.so
[1.916s] -- Set runtime path of "/home/wward/ros2_workspace/install/my_robot_interfaces/local/lib/python3.10/dist-packages/my_robot_interfaces/my_robot_interfaces_s__rosidl_typesupport_c.cpython-310-x86_64-linux-gnu.so" to ""
[1.916s] -- Installing: /home/wward/ros2_workspace/install/my_robot_interfaces/lib/libmy_robot_interfaces__rosidl_generator_py.so
[1.916s] -- Set runtime path of "/home/wward/ros2_workspace/install/my_robot_interfaces/lib/libmy_robot_interfaces__rosidl_generator_py.so" to ""
[1.917s] -- Up-to-date: /home/wward/ros2_workspace/install/my_robot_interfaces/share/my_robot_interfaces/msg/HardwareStatus.idl
[1.917s] -- Up-to-date: /home/wward/ros2_workspace/install/my_robot_interfaces/share/my_robot_interfaces/msg/LEDPanelState.idl
[1.918s] -- Up-to-date: /home/wward/ros2_workspace/install/my_robot_interfaces/share/my_robot_interfaces/srv/ComputeRectangleArea.idl
[1.918s] -- Up-to-date: /home/wward/ros2_workspace/install/my_robot_interfaces/share/my_robot_interfaces/srv/SetLEDPanelState.idl
[1.918s] -- Up-to-date: /home/wward/ros2_workspace/install/my_robot_interfaces/share/my_robot_interfaces/msg/HardwareStatus.msg
[1.918s] -- Up-to-date: /home/wward/ros2_workspace/install/my_robot_interfaces/share/my_robot_interfaces/msg/LEDPanelState.msg
[1.918s] -- Up-to-date: /home/wward/ros2_workspace/install/my_robot_interfaces/share/my_robot_interfaces/srv/ComputeRectangleArea.srv
[1.918s] -- Up-to-date: /home/wward/ros2_workspace/install/my_robot_interfaces/share/my_robot_interfaces/srv/ComputeRectangleArea_Request.msg
[1.919s] -- Up-to-date: /home/wward/ros2_workspace/install/my_robot_interfaces/share/my_robot_interfaces/srv/ComputeRectangleArea_Response.msg
[1.919s] -- Up-to-date: /home/wward/ros2_workspace/install/my_robot_interfaces/share/my_robot_interfaces/srv/SetLEDPanelState.srv
[1.919s] -- Up-to-date: /home/wward/ros2_workspace/install/my_robot_interfaces/share/my_robot_interfaces/srv/SetLEDPanelState_Request.msg
[1.919s] -- Up-to-date: /home/wward/ros2_workspace/install/my_robot_interfaces/share/my_robot_interfaces/srv/SetLEDPanelState_Response.msg
[1.919s] -- Up-to-date: /home/wward/ros2_workspace/install/my_robot_interfaces/share/ament_index/resource_index/package_run_dependencies/my_robot_interfaces
[1.919s] -- Up-to-date: /home/wward/ros2_workspace/install/my_robot_interfaces/share/ament_index/resource_index/parent_prefix_path/my_robot_interfaces
[1.919s] -- Up-to-date: /home/wward/ros2_workspace/install/my_robot_interfaces/share/my_robot_interfaces/environment/ament_prefix_path.sh
[1.920s] -- Up-to-date: /home/wward/ros2_workspace/install/my_robot_interfaces/share/my_robot_interfaces/environment/ament_prefix_path.dsv
[1.920s] -- Up-to-date: /home/wward/ros2_workspace/install/my_robot_interfaces/share/my_robot_interfaces/environment/path.sh
[1.920s] -- Up-to-date: /home/wward/ros2_workspace/install/my_robot_interfaces/share/my_robot_interfaces/environment/path.dsv
[1.920s] -- Up-to-date: /home/wward/ros2_workspace/install/my_robot_interfaces/share/my_robot_interfaces/local_setup.bash
[1.920s] -- Up-to-date: /home/wward/ros2_workspace/install/my_robot_interfaces/share/my_robot_interfaces/local_setup.sh
[1.920s] -- Up-to-date: /home/wward/ros2_workspace/install/my_robot_interfaces/share/my_robot_interfaces/local_setup.zsh
[1.920s] -- Up-to-date: /home/wward/ros2_workspace/install/my_robot_interfaces/share/my_robot_interfaces/local_setup.dsv
[1.921s] -- Installing: /home/wward/ros2_workspace/install/my_robot_interfaces/share/my_robot_interfaces/package.dsv
[1.921s] -- Up-to-date: /home/wward/ros2_workspace/install/my_robot_interfaces/share/ament_index/resource_index/packages/my_robot_interfaces
[1.921s] -- Up-to-date: /home/wward/ros2_workspace/install/my_robot_interfaces/share/my_robot_interfaces/cmake/export_my_robot_interfaces__rosidl_generator_cExport.cmake
[1.921s] -- Up-to-date: /home/wward/ros2_workspace/install/my_robot_interfaces/share/my_robot_interfaces/cmake/export_my_robot_interfaces__rosidl_generator_cExport-noconfig.cmake
[1.921s] -- Up-to-date: /home/wward/ros2_workspace/install/my_robot_interfaces/share/my_robot_interfaces/cmake/export_my_robot_interfaces__rosidl_typesupport_fastrtps_cExport.cmake
[1.922s] -- Up-to-date: /home/wward/ros2_workspace/install/my_robot_interfaces/share/my_robot_interfaces/cmake/export_my_robot_interfaces__rosidl_typesupport_fastrtps_cExport-noconfig.cmake
[1.922s] -- Up-to-date: /home/wward/ros2_workspace/install/my_robot_interfaces/share/my_robot_interfaces/cmake/my_robot_interfaces__rosidl_typesupport_introspection_cExport.cmake
[1.922s] -- Up-to-date: /home/wward/ros2_workspace/install/my_robot_interfaces/share/my_robot_interfaces/cmake/my_robot_interfaces__rosidl_typesupport_introspection_cExport-noconfig.cmake
[1.922s] -- Up-to-date: /home/wward/ros2_workspace/install/my_robot_interfaces/share/my_robot_interfaces/cmake/my_robot_interfaces__rosidl_typesupport_cExport.cmake
[1.922s] -- Up-to-date: /home/wward/ros2_workspace/install/my_robot_interfaces/share/my_robot_interfaces/cmake/my_robot_interfaces__rosidl_typesupport_cExport-noconfig.cmake
[1.922s] -- Up-to-date: /home/wward/ros2_workspace/install/my_robot_interfaces/share/my_robot_interfaces/cmake/export_my_robot_interfaces__rosidl_generator_cppExport.cmake
[1.923s] -- Up-to-date: /home/wward/ros2_workspace/install/my_robot_interfaces/share/my_robot_interfaces/cmake/export_my_robot_interfaces__rosidl_typesupport_fastrtps_cppExport.cmake
[1.923s] -- Up-to-date: /home/wward/ros2_workspace/install/my_robot_interfaces/share/my_robot_interfaces/cmake/export_my_robot_interfaces__rosidl_typesupport_fastrtps_cppExport-noconfig.cmake
[1.923s] -- Up-to-date: /home/wward/ros2_workspace/install/my_robot_interfaces/share/my_robot_interfaces/cmake/my_robot_interfaces__rosidl_typesupport_introspection_cppExport.cmake
[1.924s] -- Up-to-date: /home/wward/ros2_workspace/install/my_robot_interfaces/share/my_robot_interfaces/cmake/my_robot_interfaces__rosidl_typesupport_introspection_cppExport-noconfig.cmake
[1.924s] -- Up-to-date: /home/wward/ros2_workspace/install/my_robot_interfaces/share/my_robot_interfaces/cmake/my_robot_interfaces__rosidl_typesupport_cppExport.cmake
[1.925s] -- Up-to-date: /home/wward/ros2_workspace/install/my_robot_interfaces/share/my_robot_interfaces/cmake/my_robot_interfaces__rosidl_typesupport_cppExport-noconfig.cmake
[1.925s] -- Up-to-date: /home/wward/ros2_workspace/install/my_robot_interfaces/share/my_robot_interfaces/cmake/export_my_robot_interfaces__rosidl_generator_pyExport.cmake
[1.928s] -- Up-to-date: /home/wward/ros2_workspace/install/my_robot_interfaces/share/my_robot_interfaces/cmake/export_my_robot_interfaces__rosidl_generator_pyExport-noconfig.cmake
[1.928s] -- Up-to-date: /home/wward/ros2_workspace/install/my_robot_interfaces/share/my_robot_interfaces/cmake/rosidl_cmake-extras.cmake
[1.928s] -- Up-to-date: /home/wward/ros2_workspace/install/my_robot_interfaces/share/my_robot_interfaces/cmake/ament_cmake_export_include_directories-extras.cmake
[1.928s] -- Up-to-date: /home/wward/ros2_workspace/install/my_robot_interfaces/share/my_robot_interfaces/cmake/ament_cmake_export_libraries-extras.cmake
[1.929s] -- Up-to-date: /home/wward/ros2_workspace/install/my_robot_interfaces/share/my_robot_interfaces/cmake/ament_cmake_export_targets-extras.cmake
[1.929s] -- Up-to-date: /home/wward/ros2_workspace/install/my_robot_interfaces/share/my_robot_interfaces/cmake/rosidl_cmake_export_typesupport_targets-extras.cmake
[1.929s] -- Up-to-date: /home/wward/ros2_workspace/install/my_robot_interfaces/share/my_robot_interfaces/cmake/ament_cmake_export_dependencies-extras.cmake
[1.929s] -- Up-to-date: /home/wward/ros2_workspace/install/my_robot_interfaces/share/my_robot_interfaces/cmake/rosidl_cmake_export_typesupport_libraries-extras.cmake
[1.929s] -- Up-to-date: /home/wward/ros2_workspace/install/my_robot_interfaces/share/my_robot_interfaces/cmake/my_robot_interfacesConfig.cmake
[1.929s] -- Up-to-date: /home/wward/ros2_workspace/install/my_robot_interfaces/share/my_robot_interfaces/cmake/my_robot_interfacesConfig-version.cmake
[1.930s] -- Up-to-date: /home/wward/ros2_workspace/install/my_robot_interfaces/share/my_robot_interfaces/package.xml
[1.930s] Invoked command in '/home/wward/ros2_workspace/build/my_robot_interfaces' returned '0': CMAKE_PREFIX_PATH=${CMAKE_PREFIX_PATH}:/home/wward/ros2_workspace/install/my_python_pkg:/opt/ros/humble /usr/bin/cmake --install /home/wward/ros2_workspace/build/my_robot_interfaces
