[0.014s] Invoking command in '/home/wward/ros2_workspace/build/my_cpp_pkg': CMAKE_PREFIX_PATH=${CMAKE_PREFIX_PATH}:/home/wward/ros2_workspace/install/my_python_pkg:/opt/ros/humble /usr/bin/cmake --build /home/wward/ros2_workspace/build/my_cpp_pkg -- -j8 -l8
[0.040s] -- Found ament_cmake: 1.3.3 (/opt/ros/humble/share/ament_cmake/cmake)
[0.154s] -- Found rclcpp: 16.0.3 (/opt/ros/humble/share/rclcpp/cmake)
[0.158s] -- Found rosidl_generator_c: 3.1.4 (/opt/ros/humble/share/rosidl_generator_c/cmake)
[0.160s] -- Found rosidl_adapter: 3.1.4 (/opt/ros/humble/share/rosidl_adapter/cmake)
[0.162s] -- Found rosidl_generator_cpp: 3.1.4 (/opt/ros/humble/share/rosidl_generator_cpp/cmake)
[0.166s] -- Using all available rosidl_typesupport_c: rosidl_typesupport_fastrtps_c;rosidl_typesupport_introspection_c
[0.171s] -- Using all available rosidl_typesupport_cpp: rosidl_typesupport_fastrtps_cpp;rosidl_typesupport_introspection_cpp
[0.190s] -- Found rmw_implementation_cmake: 6.1.1 (/opt/ros/humble/share/rmw_implementation_cmake/cmake)
[0.191s] -- Found rmw_fastrtps_cpp: 6.2.2 (/opt/ros/humble/share/rmw_fastrtps_cpp/cmake)
[0.222s] -- Using RMW implementation 'rmw_fastrtps_cpp' as default
[0.224s] -- Found example_interfaces: 0.9.3 (/opt/ros/humble/share/example_interfaces/cmake)
[0.293s] -- Configuring done
[0.307s] -- Generating done
[0.310s] -- Build files have been written to: /home/wward/ros2_workspace/build/my_cpp_pkg
[0.338s] [35m[1mConsolidate compiler generated dependencies of target cpp_node[0m
[0.338s] [35m[1mConsolidate compiler generated dependencies of target smartphone[0m
[0.339s] [35m[1mConsolidate compiler generated dependencies of target robot_news_station[0m
[0.339s] [35m[1mConsolidate compiler generated dependencies of target number_counter[0m
[0.339s] [35m[1mConsolidate compiler generated dependencies of target add_two_ints_server[0m
[0.356s] [35m[1mConsolidate compiler generated dependencies of target add_two_ints_client_no_oop[0m
[0.376s] [ 21%] Built target smartphone
[0.377s] [ 21%] [32mBuilding CXX object CMakeFiles/add_two_ints_client.dir/src/add_two_ints_client.cpp.o[0m
[0.391s] [ 50%] Built target cpp_node
[0.392s] [ 50%] Built target number_counter
[0.392s] [ 64%] Built target robot_news_station
[0.392s] [ 78%] Built target add_two_ints_client_no_oop
[0.393s] [ 92%] Built target add_two_ints_server
[3.224s] [100%] [32m[1mLinking CXX executable add_two_ints_client[0m
[3.346s] [100%] Built target add_two_ints_client
[3.356s] Invoked command in '/home/wward/ros2_workspace/build/my_cpp_pkg' returned '0': CMAKE_PREFIX_PATH=${CMAKE_PREFIX_PATH}:/home/wward/ros2_workspace/install/my_python_pkg:/opt/ros/humble /usr/bin/cmake --build /home/wward/ros2_workspace/build/my_cpp_pkg -- -j8 -l8
[3.426s] Invoking command in '/home/wward/ros2_workspace/build/my_cpp_pkg': CMAKE_PREFIX_PATH=${CMAKE_PREFIX_PATH}:/home/wward/ros2_workspace/install/my_python_pkg:/opt/ros/humble /usr/bin/cmake --install /home/wward/ros2_workspace/build/my_cpp_pkg
[3.430s] -- Install configuration: ""
[3.431s] -- Up-to-date: /home/wward/ros2_workspace/install/my_cpp_pkg/lib/my_cpp_pkg/cpp_node
[3.431s] -- Up-to-date: /home/wward/ros2_workspace/install/my_cpp_pkg/lib/my_cpp_pkg/robot_news_station
[3.431s] -- Up-to-date: /home/wward/ros2_workspace/install/my_cpp_pkg/lib/my_cpp_pkg/smartphone
[3.432s] -- Up-to-date: /home/wward/ros2_workspace/install/my_cpp_pkg/lib/my_cpp_pkg/number_counter
[3.432s] -- Up-to-date: /home/wward/ros2_workspace/install/my_cpp_pkg/lib/my_cpp_pkg/add_two_ints_server
[3.432s] -- Up-to-date: /home/wward/ros2_workspace/install/my_cpp_pkg/lib/my_cpp_pkg/add_two_ints_client_no_oop
[3.432s] -- Installing: /home/wward/ros2_workspace/install/my_cpp_pkg/lib/my_cpp_pkg/add_two_ints_client
[3.433s] -- Set runtime path of "/home/wward/ros2_workspace/install/my_cpp_pkg/lib/my_cpp_pkg/add_two_ints_client" to ""
[3.433s] -- Up-to-date: /home/wward/ros2_workspace/install/my_cpp_pkg/share/ament_index/resource_index/package_run_dependencies/my_cpp_pkg
[3.433s] -- Up-to-date: /home/wward/ros2_workspace/install/my_cpp_pkg/share/ament_index/resource_index/parent_prefix_path/my_cpp_pkg
[3.433s] -- Up-to-date: /home/wward/ros2_workspace/install/my_cpp_pkg/share/my_cpp_pkg/environment/ament_prefix_path.sh
[3.434s] -- Installing: /home/wward/ros2_workspace/install/my_cpp_pkg/share/my_cpp_pkg/environment/ament_prefix_path.dsv
[3.435s] -- Up-to-date: /home/wward/ros2_workspace/install/my_cpp_pkg/share/my_cpp_pkg/environment/path.sh
[3.435s] -- Installing: /home/wward/ros2_workspace/install/my_cpp_pkg/share/my_cpp_pkg/environment/path.dsv
[3.435s] -- Up-to-date: /home/wward/ros2_workspace/install/my_cpp_pkg/share/my_cpp_pkg/local_setup.bash
[3.435s] -- Up-to-date: /home/wward/ros2_workspace/install/my_cpp_pkg/share/my_cpp_pkg/local_setup.sh
[3.435s] -- Up-to-date: /home/wward/ros2_workspace/install/my_cpp_pkg/share/my_cpp_pkg/local_setup.zsh
[3.435s] -- Installing: /home/wward/ros2_workspace/install/my_cpp_pkg/share/my_cpp_pkg/local_setup.dsv
[3.435s] -- Installing: /home/wward/ros2_workspace/install/my_cpp_pkg/share/my_cpp_pkg/package.dsv
[3.436s] -- Up-to-date: /home/wward/ros2_workspace/install/my_cpp_pkg/share/ament_index/resource_index/packages/my_cpp_pkg
[3.436s] -- Up-to-date: /home/wward/ros2_workspace/install/my_cpp_pkg/share/my_cpp_pkg/cmake/my_cpp_pkgConfig.cmake
[3.436s] -- Up-to-date: /home/wward/ros2_workspace/install/my_cpp_pkg/share/my_cpp_pkg/cmake/my_cpp_pkgConfig-version.cmake
[3.436s] -- Up-to-date: /home/wward/ros2_workspace/install/my_cpp_pkg/share/my_cpp_pkg/package.xml
[3.440s] Invoked command in '/home/wward/ros2_workspace/build/my_cpp_pkg' returned '0': CMAKE_PREFIX_PATH=${CMAKE_PREFIX_PATH}:/home/wward/ros2_workspace/install/my_python_pkg:/opt/ros/humble /usr/bin/cmake --install /home/wward/ros2_workspace/build/my_cpp_pkg
