[0.024s] Invoking command in '/home/wward/ros2_workspace/build/my_robot_bringup': AMENT_PREFIX_PATH=/home/wward/ros2_workspace/install/my_python_pkg:/home/wward/ros2_workspace/install/my_robot_bringup:/home/wward/ros2_workspace/install/my_cpp_pkg:/home/wward/ros2_workspace/install/my_robot_interfaces:/opt/ros/humble CMAKE_PREFIX_PATH=/home/wward/ros2_workspace/install/my_cpp_pkg:/home/wward/ros2_workspace/install/my_robot_interfaces:/home/wward/ros2_workspace/install/my_robot_bringup:/home/wward/ros2_workspace/install/my_python_pkg:/opt/ros/humble /usr/bin/cmake /home/wward/ros2_workspace/src/my_robot_bringup -DCMAKE_INSTALL_PREFIX=/home/wward/ros2_workspace/install/my_robot_bringup
[0.045s] -- Found ament_cmake: 1.3.3 (/opt/ros/humble/share/ament_cmake/cmake)
[0.166s] -- Override CMake install command with custom implementation using symlinks instead of copying resources
[0.228s] -- Configuring done
[0.234s] -- Generating done
[0.249s] -- Build files have been written to: /home/wward/ros2_workspace/build/my_robot_bringup
[0.265s] Invoked command in '/home/wward/ros2_workspace/build/my_robot_bringup' returned '0': AMENT_PREFIX_PATH=/home/wward/ros2_workspace/install/my_python_pkg:/home/wward/ros2_workspace/install/my_robot_bringup:/home/wward/ros2_workspace/install/my_cpp_pkg:/home/wward/ros2_workspace/install/my_robot_interfaces:/opt/ros/humble CMAKE_PREFIX_PATH=/home/wward/ros2_workspace/install/my_cpp_pkg:/home/wward/ros2_workspace/install/my_robot_interfaces:/home/wward/ros2_workspace/install/my_robot_bringup:/home/wward/ros2_workspace/install/my_python_pkg:/opt/ros/humble /usr/bin/cmake /home/wward/ros2_workspace/src/my_robot_bringup -DCMAKE_INSTALL_PREFIX=/home/wward/ros2_workspace/install/my_robot_bringup
[0.266s] Invoking command in '/home/wward/ros2_workspace/build/my_robot_bringup': AMENT_PREFIX_PATH=/home/wward/ros2_workspace/install/my_python_pkg:/home/wward/ros2_workspace/install/my_robot_bringup:/home/wward/ros2_workspace/install/my_cpp_pkg:/home/wward/ros2_workspace/install/my_robot_interfaces:/opt/ros/humble CMAKE_PREFIX_PATH=/home/wward/ros2_workspace/install/my_cpp_pkg:/home/wward/ros2_workspace/install/my_robot_interfaces:/home/wward/ros2_workspace/install/my_robot_bringup:/home/wward/ros2_workspace/install/my_python_pkg:/opt/ros/humble /usr/bin/cmake --build /home/wward/ros2_workspace/build/my_robot_bringup -- -j8 -l8
[0.296s] Invoked command in '/home/wward/ros2_workspace/build/my_robot_bringup' returned '0': AMENT_PREFIX_PATH=/home/wward/ros2_workspace/install/my_python_pkg:/home/wward/ros2_workspace/install/my_robot_bringup:/home/wward/ros2_workspace/install/my_cpp_pkg:/home/wward/ros2_workspace/install/my_robot_interfaces:/opt/ros/humble CMAKE_PREFIX_PATH=/home/wward/ros2_workspace/install/my_cpp_pkg:/home/wward/ros2_workspace/install/my_robot_interfaces:/home/wward/ros2_workspace/install/my_robot_bringup:/home/wward/ros2_workspace/install/my_python_pkg:/opt/ros/humble /usr/bin/cmake --build /home/wward/ros2_workspace/build/my_robot_bringup -- -j8 -l8
[0.328s] Invoking command in '/home/wward/ros2_workspace/build/my_robot_bringup': AMENT_PREFIX_PATH=/home/wward/ros2_workspace/install/my_python_pkg:/home/wward/ros2_workspace/install/my_robot_bringup:/home/wward/ros2_workspace/install/my_cpp_pkg:/home/wward/ros2_workspace/install/my_robot_interfaces:/opt/ros/humble CMAKE_PREFIX_PATH=/home/wward/ros2_workspace/install/my_cpp_pkg:/home/wward/ros2_workspace/install/my_robot_interfaces:/home/wward/ros2_workspace/install/my_robot_bringup:/home/wward/ros2_workspace/install/my_python_pkg:/opt/ros/humble /usr/bin/cmake --install /home/wward/ros2_workspace/build/my_robot_bringup
[0.334s] -- Install configuration: ""
[0.334s] -- Execute custom install script
[0.334s] -- Up-to-date symlink: /home/wward/ros2_workspace/install/my_robot_bringup/share/my_robot_bringup/launch/number_app.launch.py
[0.334s] -- Up-to-date symlink: /home/wward/ros2_workspace/install/my_robot_bringup/share/my_robot_bringup/launch/robot_news_stations.launch.py
[0.335s] -- Up-to-date symlink: /home/wward/ros2_workspace/install/my_robot_bringup/share/my_robot_bringup/launch/turtle_project.launch.py
[0.335s] -- Up-to-date symlink: /home/wward/ros2_workspace/install/my_robot_bringup/share/ament_index/resource_index/package_run_dependencies/my_robot_bringup
[0.335s] -- Up-to-date symlink: /home/wward/ros2_workspace/install/my_robot_bringup/share/ament_index/resource_index/parent_prefix_path/my_robot_bringup
[0.335s] -- Up-to-date symlink: /home/wward/ros2_workspace/install/my_robot_bringup/share/my_robot_bringup/environment/ament_prefix_path.sh
[0.335s] -- Up-to-date symlink: /home/wward/ros2_workspace/install/my_robot_bringup/share/my_robot_bringup/environment/ament_prefix_path.dsv
[0.335s] -- Up-to-date symlink: /home/wward/ros2_workspace/install/my_robot_bringup/share/my_robot_bringup/environment/path.sh
[0.335s] -- Up-to-date symlink: /home/wward/ros2_workspace/install/my_robot_bringup/share/my_robot_bringup/environment/path.dsv
[0.335s] -- Up-to-date symlink: /home/wward/ros2_workspace/install/my_robot_bringup/share/my_robot_bringup/local_setup.bash
[0.337s] -- Up-to-date symlink: /home/wward/ros2_workspace/install/my_robot_bringup/share/my_robot_bringup/local_setup.sh
[0.337s] -- Up-to-date symlink: /home/wward/ros2_workspace/install/my_robot_bringup/share/my_robot_bringup/local_setup.zsh
[0.337s] -- Up-to-date symlink: /home/wward/ros2_workspace/install/my_robot_bringup/share/my_robot_bringup/local_setup.dsv
[0.338s] -- Symlinking: /home/wward/ros2_workspace/install/my_robot_bringup/share/my_robot_bringup/package.dsv
[0.359s] -- Up-to-date symlink: /home/wward/ros2_workspace/install/my_robot_bringup/share/ament_index/resource_index/packages/my_robot_bringup
[0.359s] -- Up-to-date symlink: /home/wward/ros2_workspace/install/my_robot_bringup/share/my_robot_bringup/cmake/my_robot_bringupConfig.cmake
[0.359s] -- Up-to-date symlink: /home/wward/ros2_workspace/install/my_robot_bringup/share/my_robot_bringup/cmake/my_robot_bringupConfig-version.cmake
[0.359s] -- Up-to-date symlink: /home/wward/ros2_workspace/install/my_robot_bringup/share/my_robot_bringup/package.xml
[0.365s] Invoked command in '/home/wward/ros2_workspace/build/my_robot_bringup' returned '0': AMENT_PREFIX_PATH=/home/wward/ros2_workspace/install/my_python_pkg:/home/wward/ros2_workspace/install/my_robot_bringup:/home/wward/ros2_workspace/install/my_cpp_pkg:/home/wward/ros2_workspace/install/my_robot_interfaces:/opt/ros/humble CMAKE_PREFIX_PATH=/home/wward/ros2_workspace/install/my_cpp_pkg:/home/wward/ros2_workspace/install/my_robot_interfaces:/home/wward/ros2_workspace/install/my_robot_bringup:/home/wward/ros2_workspace/install/my_python_pkg:/opt/ros/humble /usr/bin/cmake --install /home/wward/ros2_workspace/build/my_robot_bringup
