[0.048s] Invoking command in '/home/wward/ros2_workspace/build/my_robot_bringup': CMAKE_PREFIX_PATH=${CMAKE_PREFIX_PATH}:/home/wward/ros2_workspace/install/my_python_pkg:/opt/ros/humble /usr/bin/cmake /home/wward/ros2_workspace/src/my_robot_bringup -DAMENT_CMAKE_SYMLINK_INSTALL=1 -DCMAKE_INSTALL_PREFIX=/home/wward/ros2_workspace/install/my_robot_bringup
[0.207s] -- The C compiler identification is GNU 11.3.0
[0.324s] -- The CXX compiler identification is GNU 11.3.0
[0.349s] -- Detecting C compiler ABI info
[0.411s] -- Detecting C compiler ABI info - done
[0.417s] -- Check for working C compiler: /usr/bin/cc - skipped
[0.417s] -- Detecting C compile features
[0.419s] -- Detecting C compile features - done
[0.424s] -- Detecting CXX compiler ABI info
[0.509s] -- Detecting CXX compiler ABI info - done
[0.515s] -- Check for working CXX compiler: /usr/bin/c++ - skipped
[0.515s] -- Detecting CXX compile features
[0.516s] -- Detecting CXX compile features - done
[0.526s] -- Found ament_cmake: 1.3.3 (/opt/ros/humble/share/ament_cmake/cmake)
[0.673s] -- Found Python3: /usr/bin/python3.10 (found version "3.10.6") found components: Interpreter 
[0.737s] -- Override CMake install command with custom implementation using symlinks instead of copying resources
[0.802s] -- Found ament_lint_auto: 0.12.5 (/opt/ros/humble/share/ament_lint_auto/cmake)
[0.881s] -- Added test 'flake8' to check Python code syntax and style conventions
[0.882s] -- Added test 'lint_cmake' to check CMake code style
[0.883s] -- Added test 'pep257' to check Python code against some of the docstring style conventions in PEP 257
[0.884s] -- Added test 'xmllint' to check XML markup files
[0.887s] -- Configuring done
[0.889s] -- Generating done
[0.890s] -- Build files have been written to: /home/wward/ros2_workspace/build/my_robot_bringup
[0.897s] Invoked command in '/home/wward/ros2_workspace/build/my_robot_bringup' returned '0': CMAKE_PREFIX_PATH=${CMAKE_PREFIX_PATH}:/home/wward/ros2_workspace/install/my_python_pkg:/opt/ros/humble /usr/bin/cmake /home/wward/ros2_workspace/src/my_robot_bringup -DAMENT_CMAKE_SYMLINK_INSTALL=1 -DCMAKE_INSTALL_PREFIX=/home/wward/ros2_workspace/install/my_robot_bringup
[0.897s] Invoking command in '/home/wward/ros2_workspace/build/my_robot_bringup': CMAKE_PREFIX_PATH=${CMAKE_PREFIX_PATH}:/home/wward/ros2_workspace/install/my_python_pkg:/opt/ros/humble /usr/bin/cmake --build /home/wward/ros2_workspace/build/my_robot_bringup -- -j8 -l8
[0.923s] Invoked command in '/home/wward/ros2_workspace/build/my_robot_bringup' returned '0': CMAKE_PREFIX_PATH=${CMAKE_PREFIX_PATH}:/home/wward/ros2_workspace/install/my_python_pkg:/opt/ros/humble /usr/bin/cmake --build /home/wward/ros2_workspace/build/my_robot_bringup -- -j8 -l8
[0.962s] Invoking command in '/home/wward/ros2_workspace/build/my_robot_bringup': CMAKE_PREFIX_PATH=${CMAKE_PREFIX_PATH}:/home/wward/ros2_workspace/install/my_python_pkg:/opt/ros/humble /usr/bin/cmake --install /home/wward/ros2_workspace/build/my_robot_bringup
[0.967s] -- Install configuration: ""
[0.967s] -- Execute custom install script
[0.967s] -- Symlinking: /home/wward/ros2_workspace/install/my_robot_bringup/share/ament_index/resource_index/package_run_dependencies/my_robot_bringup
[0.974s] -- Symlinking: /home/wward/ros2_workspace/install/my_robot_bringup/share/ament_index/resource_index/parent_prefix_path/my_robot_bringup
[0.982s] -- Symlinking: /home/wward/ros2_workspace/install/my_robot_bringup/share/my_robot_bringup/environment/ament_prefix_path.sh
[0.989s] -- Symlinking: /home/wward/ros2_workspace/install/my_robot_bringup/share/my_robot_bringup/environment/ament_prefix_path.dsv
[1.001s] -- Symlinking: /home/wward/ros2_workspace/install/my_robot_bringup/share/my_robot_bringup/environment/path.sh
[1.008s] -- Symlinking: /home/wward/ros2_workspace/install/my_robot_bringup/share/my_robot_bringup/environment/path.dsv
[1.013s] -- Symlinking: /home/wward/ros2_workspace/install/my_robot_bringup/share/my_robot_bringup/local_setup.bash
[1.018s] -- Symlinking: /home/wward/ros2_workspace/install/my_robot_bringup/share/my_robot_bringup/local_setup.sh
[1.024s] -- Symlinking: /home/wward/ros2_workspace/install/my_robot_bringup/share/my_robot_bringup/local_setup.zsh
[1.028s] -- Symlinking: /home/wward/ros2_workspace/install/my_robot_bringup/share/my_robot_bringup/local_setup.dsv
[1.032s] -- Symlinking: /home/wward/ros2_workspace/install/my_robot_bringup/share/my_robot_bringup/package.dsv
[1.054s] -- Symlinking: /home/wward/ros2_workspace/install/my_robot_bringup/share/ament_index/resource_index/packages/my_robot_bringup
[1.086s] -- Symlinking: /home/wward/ros2_workspace/install/my_robot_bringup/share/my_robot_bringup/cmake/my_robot_bringupConfig.cmake
[1.086s] -- Symlinking: /home/wward/ros2_workspace/install/my_robot_bringup/share/my_robot_bringup/cmake/my_robot_bringupConfig-version.cmake
[1.090s] -- Symlinking: /home/wward/ros2_workspace/install/my_robot_bringup/share/my_robot_bringup/package.xml
[1.103s] Invoked command in '/home/wward/ros2_workspace/build/my_robot_bringup' returned '0': CMAKE_PREFIX_PATH=${CMAKE_PREFIX_PATH}:/home/wward/ros2_workspace/install/my_python_pkg:/opt/ros/humble /usr/bin/cmake --install /home/wward/ros2_workspace/build/my_robot_bringup
