[0.021s] Invoking command in '/home/wward/ros2_workspace/build/my_robot_bringup': AMENT_PREFIX_PATH=/home/wward/ros2_workspace/install/my_python_pkg:/home/wward/ros2_workspace/install/my_robot_bringup:/home/wward/ros2_workspace/install/my_cpp_pkg:/home/wward/ros2_workspace/install/my_robot_interfaces:/opt/ros/humble CMAKE_PREFIX_PATH=/home/wward/ros2_workspace/install/my_cpp_pkg:/home/wward/ros2_workspace/install/my_robot_interfaces:/home/wward/ros2_workspace/install/my_robot_bringup:/home/wward/ros2_workspace/install/my_python_pkg:/opt/ros/humble /usr/bin/cmake --build /home/wward/ros2_workspace/build/my_robot_bringup -- -j8 -l8
[0.056s] Invoked command in '/home/wward/ros2_workspace/build/my_robot_bringup' returned '0': AMENT_PREFIX_PATH=/home/wward/ros2_workspace/install/my_python_pkg:/home/wward/ros2_workspace/install/my_robot_bringup:/home/wward/ros2_workspace/install/my_cpp_pkg:/home/wward/ros2_workspace/install/my_robot_interfaces:/opt/ros/humble CMAKE_PREFIX_PATH=/home/wward/ros2_workspace/install/my_cpp_pkg:/home/wward/ros2_workspace/install/my_robot_interfaces:/home/wward/ros2_workspace/install/my_robot_bringup:/home/wward/ros2_workspace/install/my_python_pkg:/opt/ros/humble /usr/bin/cmake --build /home/wward/ros2_workspace/build/my_robot_bringup -- -j8 -l8
[0.087s] Invoking command in '/home/wward/ros2_workspace/build/my_robot_bringup': AMENT_PREFIX_PATH=/home/wward/ros2_workspace/install/my_python_pkg:/home/wward/ros2_workspace/install/my_robot_bringup:/home/wward/ros2_workspace/install/my_cpp_pkg:/home/wward/ros2_workspace/install/my_robot_interfaces:/opt/ros/humble CMAKE_PREFIX_PATH=/home/wward/ros2_workspace/install/my_cpp_pkg:/home/wward/ros2_workspace/install/my_robot_interfaces:/home/wward/ros2_workspace/install/my_robot_bringup:/home/wward/ros2_workspace/install/my_python_pkg:/opt/ros/humble /usr/bin/cmake --install /home/wward/ros2_workspace/build/my_robot_bringup
[0.091s] -- Install configuration: ""
[0.092s] -- Execute custom install script
[0.092s] -- Up-to-date symlink: /home/wward/ros2_workspace/install/my_robot_bringup/share/my_robot_bringup/launch/number_app.launch.py
[0.092s] -- Up-to-date symlink: /home/wward/ros2_workspace/install/my_robot_bringup/share/my_robot_bringup/launch/robot_news_stations.launch.py
[0.094s] -- Up-to-date symlink: /home/wward/ros2_workspace/install/my_robot_bringup/share/my_robot_bringup/launch/turtle_project.launch.py
[0.094s] -- Up-to-date symlink: /home/wward/ros2_workspace/install/my_robot_bringup/share/ament_index/resource_index/package_run_dependencies/my_robot_bringup
[0.095s] -- Up-to-date symlink: /home/wward/ros2_workspace/install/my_robot_bringup/share/ament_index/resource_index/parent_prefix_path/my_robot_bringup
[0.095s] -- Up-to-date symlink: /home/wward/ros2_workspace/install/my_robot_bringup/share/my_robot_bringup/environment/ament_prefix_path.sh
[0.095s] -- Up-to-date symlink: /home/wward/ros2_workspace/install/my_robot_bringup/share/my_robot_bringup/environment/ament_prefix_path.dsv
[0.095s] -- Up-to-date symlink: /home/wward/ros2_workspace/install/my_robot_bringup/share/my_robot_bringup/environment/path.sh
[0.096s] -- Up-to-date symlink: /home/wward/ros2_workspace/install/my_robot_bringup/share/my_robot_bringup/environment/path.dsv
[0.096s] -- Up-to-date symlink: /home/wward/ros2_workspace/install/my_robot_bringup/share/my_robot_bringup/local_setup.bash
[0.096s] -- Up-to-date symlink: /home/wward/ros2_workspace/install/my_robot_bringup/share/my_robot_bringup/local_setup.sh
[0.096s] -- Up-to-date symlink: /home/wward/ros2_workspace/install/my_robot_bringup/share/my_robot_bringup/local_setup.zsh
[0.097s] -- Up-to-date symlink: /home/wward/ros2_workspace/install/my_robot_bringup/share/my_robot_bringup/local_setup.dsv
[0.097s] -- Symlinking: /home/wward/ros2_workspace/install/my_robot_bringup/share/my_robot_bringup/package.dsv
[0.104s] -- Up-to-date symlink: /home/wward/ros2_workspace/install/my_robot_bringup/share/ament_index/resource_index/packages/my_robot_bringup
[0.104s] -- Up-to-date symlink: /home/wward/ros2_workspace/install/my_robot_bringup/share/my_robot_bringup/cmake/my_robot_bringupConfig.cmake
[0.104s] -- Up-to-date symlink: /home/wward/ros2_workspace/install/my_robot_bringup/share/my_robot_bringup/cmake/my_robot_bringupConfig-version.cmake
[0.105s] -- Up-to-date symlink: /home/wward/ros2_workspace/install/my_robot_bringup/share/my_robot_bringup/package.xml
[0.108s] Invoked command in '/home/wward/ros2_workspace/build/my_robot_bringup' returned '0': AMENT_PREFIX_PATH=/home/wward/ros2_workspace/install/my_python_pkg:/home/wward/ros2_workspace/install/my_robot_bringup:/home/wward/ros2_workspace/install/my_cpp_pkg:/home/wward/ros2_workspace/install/my_robot_interfaces:/opt/ros/humble CMAKE_PREFIX_PATH=/home/wward/ros2_workspace/install/my_cpp_pkg:/home/wward/ros2_workspace/install/my_robot_interfaces:/home/wward/ros2_workspace/install/my_robot_bringup:/home/wward/ros2_workspace/install/my_python_pkg:/opt/ros/humble /usr/bin/cmake --install /home/wward/ros2_workspace/build/my_robot_bringup
