[0.311s] Invoking command in '/home/wward/ros2_workspace/build/my_python_pkg': PYTHONPATH=/home/wward/ros2_workspace/build/my_python_pkg/prefix_override:/home/wward/ros2_workspace/install/my_python_pkg/lib/python3.10/site-packages:${PYTHONPATH} /usr/bin/python3 setup.py develop --uninstall --editable --build-directory /home/wward/ros2_workspace/build/my_python_pkg/build
[0.389s] running develop
[0.415s] Removing /home/wward/ros2_workspace/install/my_python_pkg/lib/python3.10/site-packages/my-python-pkg.egg-link (link to .)
[0.426s] Invoked command in '/home/wward/ros2_workspace/build/my_python_pkg' returned '0': PYTHONPATH=/home/wward/ros2_workspace/build/my_python_pkg/prefix_override:/home/wward/ros2_workspace/install/my_python_pkg/lib/python3.10/site-packages:${PYTHONPATH} /usr/bin/python3 setup.py develop --uninstall --editable --build-directory /home/wward/ros2_workspace/build/my_python_pkg/build
[0.427s] Invoking command in '/home/wward/ros2_workspace/src/my_python_pkg': PYTHONPATH=/home/wward/ros2_workspace/build/my_python_pkg/prefix_override:/home/wward/ros2_workspace/install/my_python_pkg/lib/python3.10/site-packages:${PYTHONPATH} /usr/bin/python3 setup.py egg_info --egg-base ../../build/my_python_pkg build --build-base /home/wward/ros2_workspace/build/my_python_pkg/build install --record /home/wward/ros2_workspace/build/my_python_pkg/install.log --single-version-externally-managed
[0.488s] running egg_info
[0.489s] writing ../../build/my_python_pkg/my_python_pkg.egg-info/PKG-INFO
[0.489s] writing dependency_links to ../../build/my_python_pkg/my_python_pkg.egg-info/dependency_links.txt
[0.489s] writing entry points to ../../build/my_python_pkg/my_python_pkg.egg-info/entry_points.txt
[0.489s] writing requirements to ../../build/my_python_pkg/my_python_pkg.egg-info/requires.txt
[0.489s] writing top-level names to ../../build/my_python_pkg/my_python_pkg.egg-info/top_level.txt
[0.490s] reading manifest file '../../build/my_python_pkg/my_python_pkg.egg-info/SOURCES.txt'
[0.497s] writing manifest file '../../build/my_python_pkg/my_python_pkg.egg-info/SOURCES.txt'
[0.498s] running build
[0.498s] running build_py
[0.500s] copying my_python_pkg/smartphone.py -> /home/wward/ros2_workspace/build/my_python_pkg/build/lib/my_python_pkg
[0.500s] copying my_python_pkg/robot_news_station.py -> /home/wward/ros2_workspace/build/my_python_pkg/build/lib/my_python_pkg
[0.502s] copying my_python_pkg/number_publisher.py -> /home/wward/ros2_workspace/build/my_python_pkg/build/lib/my_python_pkg
[0.502s] copying my_python_pkg/my_first_node.py -> /home/wward/ros2_workspace/build/my_python_pkg/build/lib/my_python_pkg
[0.502s] copying my_python_pkg/template_python_node.py -> /home/wward/ros2_workspace/build/my_python_pkg/build/lib/my_python_pkg
[0.505s] running install
[0.510s] running install_lib
[0.512s] copying /home/wward/ros2_workspace/build/my_python_pkg/build/lib/my_python_pkg/smartphone.py -> /home/wward/ros2_workspace/install/my_python_pkg/lib/python3.10/site-packages/my_python_pkg
[0.512s] copying /home/wward/ros2_workspace/build/my_python_pkg/build/lib/my_python_pkg/robot_news_station.py -> /home/wward/ros2_workspace/install/my_python_pkg/lib/python3.10/site-packages/my_python_pkg
[0.512s] copying /home/wward/ros2_workspace/build/my_python_pkg/build/lib/my_python_pkg/__init__.py -> /home/wward/ros2_workspace/install/my_python_pkg/lib/python3.10/site-packages/my_python_pkg
[0.512s] copying /home/wward/ros2_workspace/build/my_python_pkg/build/lib/my_python_pkg/number_publisher.py -> /home/wward/ros2_workspace/install/my_python_pkg/lib/python3.10/site-packages/my_python_pkg
[0.513s] copying /home/wward/ros2_workspace/build/my_python_pkg/build/lib/my_python_pkg/my_first_node.py -> /home/wward/ros2_workspace/install/my_python_pkg/lib/python3.10/site-packages/my_python_pkg
[0.513s] copying /home/wward/ros2_workspace/build/my_python_pkg/build/lib/my_python_pkg/template_python_node.py -> /home/wward/ros2_workspace/install/my_python_pkg/lib/python3.10/site-packages/my_python_pkg
[0.513s] byte-compiling /home/wward/ros2_workspace/install/my_python_pkg/lib/python3.10/site-packages/my_python_pkg/smartphone.py to smartphone.cpython-310.pyc
[0.513s] byte-compiling /home/wward/ros2_workspace/install/my_python_pkg/lib/python3.10/site-packages/my_python_pkg/robot_news_station.py to robot_news_station.cpython-310.pyc
[0.513s] byte-compiling /home/wward/ros2_workspace/install/my_python_pkg/lib/python3.10/site-packages/my_python_pkg/__init__.py to __init__.cpython-310.pyc
[0.513s] byte-compiling /home/wward/ros2_workspace/install/my_python_pkg/lib/python3.10/site-packages/my_python_pkg/number_publisher.py to number_publisher.cpython-310.pyc
[0.514s] byte-compiling /home/wward/ros2_workspace/install/my_python_pkg/lib/python3.10/site-packages/my_python_pkg/my_first_node.py to my_first_node.cpython-310.pyc
[0.515s] byte-compiling /home/wward/ros2_workspace/install/my_python_pkg/lib/python3.10/site-packages/my_python_pkg/template_python_node.py to template_python_node.cpython-310.pyc
[0.515s] running install_data
[0.515s] running install_egg_info
[0.516s] Copying ../../build/my_python_pkg/my_python_pkg.egg-info to /home/wward/ros2_workspace/install/my_python_pkg/lib/python3.10/site-packages/my_python_pkg-0.0.0-py3.10.egg-info
[0.517s] running install_scripts
[0.526s] Installing py_node script to /home/wward/ros2_workspace/install/my_python_pkg/lib/my_python_pkg
[0.527s] Installing robot_news_station script to /home/wward/ros2_workspace/install/my_python_pkg/lib/my_python_pkg
[0.527s] Installing smartphone script to /home/wward/ros2_workspace/install/my_python_pkg/lib/my_python_pkg
[0.527s] writing list of installed files to '/home/wward/ros2_workspace/build/my_python_pkg/install.log'
[0.535s] Invoked command in '/home/wward/ros2_workspace/src/my_python_pkg' returned '0': PYTHONPATH=/home/wward/ros2_workspace/build/my_python_pkg/prefix_override:/home/wward/ros2_workspace/install/my_python_pkg/lib/python3.10/site-packages:${PYTHONPATH} /usr/bin/python3 setup.py egg_info --egg-base ../../build/my_python_pkg build --build-base /home/wward/ros2_workspace/build/my_python_pkg/build install --record /home/wward/ros2_workspace/build/my_python_pkg/install.log --single-version-externally-managed
