[0.013s] Invoking command in '/home/wward/ros2_workspace/build/my_robot_interfaces': CMAKE_PREFIX_PATH=${CMAKE_PREFIX_PATH}:/home/wward/ros2_workspace/install/my_python_pkg:/opt/ros/humble /usr/bin/cmake --build /home/wward/ros2_workspace/build/my_robot_interfaces -- -j8 -l8
[0.037s] -- Found ament_cmake: 1.3.3 (/opt/ros/humble/share/ament_cmake/cmake)
[0.139s] -- Found rosidl_default_generators: 1.2.0 (/opt/ros/humble/share/rosidl_default_generators/cmake)
[0.140s] -- Using all available rosidl_typesupport_c: rosidl_typesupport_fastrtps_c;rosidl_typesupport_introspection_c
[0.143s] -- Found rosidl_adapter: 3.1.4 (/opt/ros/humble/share/rosidl_adapter/cmake)
[0.162s] -- Using all available rosidl_typesupport_cpp: rosidl_typesupport_fastrtps_cpp;rosidl_typesupport_introspection_cpp
[0.354s] -- Found ament_cmake_ros: 0.10.0 (/opt/ros/humble/share/ament_cmake_ros/cmake)
[0.490s] -- Using all available rosidl_typesupport_c: rosidl_typesupport_fastrtps_c;rosidl_typesupport_introspection_c
[0.674s] -- Using all available rosidl_typesupport_cpp: rosidl_typesupport_fastrtps_cpp;rosidl_typesupport_introspection_cpp
[0.689s] -- Found python_cmake_module: 0.10.0 (/opt/ros/humble/share/python_cmake_module/cmake)
[0.706s] -- Using PYTHON_EXECUTABLE: /usr/bin/python3
[0.706s] -- Using PYTHON_INCLUDE_DIRS: /usr/include/python3.10
[0.706s] -- Using PYTHON_LIBRARIES: /usr/lib/x86_64-linux-gnu/libpython3.10.so
[0.718s] -- Configuring done
[0.776s] -- Generating done
[0.782s] -- Build files have been written to: /home/wward/ros2_workspace/build/my_robot_interfaces
[0.820s] [  2%] [34m[1mGenerating C code for ROS interfaces[0m
[0.838s] [  5%] [34m[1mGenerating C++ code for ROS interfaces[0m
[0.854s] [  5%] Built target ament_cmake_python_copy_my_robot_interfaces
[1.070s] running egg_info
[1.071s] writing my_robot_interfaces.egg-info/PKG-INFO
[1.071s] writing dependency_links to my_robot_interfaces.egg-info/dependency_links.txt
[1.071s] writing top-level names to my_robot_interfaces.egg-info/top_level.txt
[1.073s] reading manifest file 'my_robot_interfaces.egg-info/SOURCES.txt'
[1.074s] writing manifest file 'my_robot_interfaces.egg-info/SOURCES.txt'
[1.090s] [  5%] Built target ament_cmake_python_build_my_robot_interfaces_egg
[1.101s] [  5%] Built target my_robot_interfaces__cpp
[1.103s] [35m[1mConsolidate compiler generated dependencies of target my_robot_interfaces__rosidl_generator_c[0m
[1.115s] [  7%] [34m[1mGenerating C++ type support dispatch for ROS interfaces[0m
[1.123s] [ 12%] [34m[1mGenerating C++ introspection for ROS interfaces[0m
[1.123s] [ 12%] [34m[1mGenerating C++ type support for eProsima Fast-RTPS[0m
[1.126s] [ 15%] [32mBuilding C object CMakeFiles/my_robot_interfaces__rosidl_generator_c.dir/rosidl_generator_c/my_robot_interfaces/msg/detail/hardware_status__functions.c.o[0m
[1.127s] [ 17%] [32mBuilding C object CMakeFiles/my_robot_interfaces__rosidl_generator_c.dir/rosidl_generator_c/my_robot_interfaces/srv/detail/compute_rectangle_area__functions.c.o[0m
[1.167s] [ 20%] [32m[1mLinking C shared library libmy_robot_interfaces__rosidl_generator_c.so[0m
[1.182s] [ 20%] Built target my_robot_interfaces__rosidl_generator_c
[1.190s] [ 25%] [34m[1mGenerating C introspection for ROS interfaces[0m
[1.190s] [ 25%] [34m[1mGenerating C type support dispatch for ROS interfaces[0m
[1.191s] [ 28%] [34m[1mGenerating C type support for eProsima Fast-RTPS[0m
[1.264s] [35m[1mConsolidate compiler generated dependencies of target my_robot_interfaces__rosidl_typesupport_cpp[0m
[1.283s] [ 30%] [32mBuilding CXX object CMakeFiles/my_robot_interfaces__rosidl_typesupport_cpp.dir/rosidl_typesupport_cpp/my_robot_interfaces/msg/hardware_status__type_support.cpp.o[0m
[1.290s] [ 33%] [32mBuilding CXX object CMakeFiles/my_robot_interfaces__rosidl_typesupport_cpp.dir/rosidl_typesupport_cpp/my_robot_interfaces/srv/compute_rectangle_area__type_support.cpp.o[0m
[1.295s] [35m[1mConsolidate compiler generated dependencies of target my_robot_interfaces__rosidl_typesupport_introspection_cpp[0m
[1.316s] [35m[1mConsolidate compiler generated dependencies of target my_robot_interfaces__rosidl_typesupport_fastrtps_cpp[0m
[1.322s] [ 35%] [32mBuilding CXX object CMakeFiles/my_robot_interfaces__rosidl_typesupport_introspection_cpp.dir/rosidl_typesupport_introspection_cpp/my_robot_interfaces/msg/detail/hardware_status__type_support.cpp.o[0m
[1.328s] [ 38%] [32mBuilding CXX object CMakeFiles/my_robot_interfaces__rosidl_typesupport_fastrtps_cpp.dir/rosidl_typesupport_fastrtps_cpp/my_robot_interfaces/msg/detail/dds_fastrtps/hardware_status__type_support.cpp.o[0m
[1.351s] [ 41%] [32mBuilding CXX object CMakeFiles/my_robot_interfaces__rosidl_typesupport_introspection_cpp.dir/rosidl_typesupport_introspection_cpp/my_robot_interfaces/srv/detail/compute_rectangle_area__type_support.cpp.o[0m
[1.401s] [35m[1mConsolidate compiler generated dependencies of target my_robot_interfaces__rosidl_typesupport_c[0m
[1.409s] [ 43%] [32mBuilding CXX object CMakeFiles/my_robot_interfaces__rosidl_typesupport_c.dir/rosidl_typesupport_c/my_robot_interfaces/msg/hardware_status__type_support.cpp.o[0m
[1.438s] [35m[1mConsolidate compiler generated dependencies of target my_robot_interfaces__rosidl_typesupport_introspection_c[0m
[1.440s] [35m[1mConsolidate compiler generated dependencies of target my_robot_interfaces__rosidl_typesupport_fastrtps_c[0m
[1.445s] [ 46%] [32mBuilding CXX object CMakeFiles/my_robot_interfaces__rosidl_typesupport_c.dir/rosidl_typesupport_c/my_robot_interfaces/srv/compute_rectangle_area__type_support.cpp.o[0m
[1.456s] [ 48%] [32mBuilding C object CMakeFiles/my_robot_interfaces__rosidl_typesupport_introspection_c.dir/rosidl_typesupport_introspection_c/my_robot_interfaces/msg/detail/hardware_status__type_support.c.o[0m
[1.476s] [ 51%] [32m[1mLinking CXX shared library libmy_robot_interfaces__rosidl_typesupport_c.so[0m
[1.492s] [ 53%] [32mBuilding CXX object CMakeFiles/my_robot_interfaces__rosidl_typesupport_fastrtps_c.dir/rosidl_typesupport_fastrtps_c/my_robot_interfaces/msg/detail/hardware_status__type_support_c.cpp.o[0m
[1.504s] [ 56%] [32mBuilding C object CMakeFiles/my_robot_interfaces__rosidl_typesupport_introspection_c.dir/rosidl_typesupport_introspection_c/my_robot_interfaces/srv/detail/compute_rectangle_area__type_support.c.o[0m
[1.513s] [ 58%] [32m[1mLinking CXX shared library libmy_robot_interfaces__rosidl_typesupport_cpp.so[0m
[1.526s] [ 61%] [32mBuilding CXX object CMakeFiles/my_robot_interfaces__rosidl_typesupport_fastrtps_cpp.dir/rosidl_typesupport_fastrtps_cpp/my_robot_interfaces/srv/detail/dds_fastrtps/compute_rectangle_area__type_support.cpp.o[0m
[1.526s] [ 61%] Built target my_robot_interfaces__rosidl_typesupport_c
[1.531s] [ 66%] [32mBuilding CXX object CMakeFiles/my_robot_interfaces__rosidl_typesupport_fastrtps_c.dir/rosidl_typesupport_fastrtps_c/my_robot_interfaces/srv/detail/compute_rectangle_area__type_support_c.cpp.o[0m
[1.532s] [ 66%] [32m[1mLinking C shared library libmy_robot_interfaces__rosidl_typesupport_introspection_c.so[0m
[1.544s] [ 66%] Built target my_robot_interfaces__rosidl_typesupport_cpp
[1.559s] [ 66%] Built target my_robot_interfaces__rosidl_typesupport_introspection_c
[1.757s] [ 69%] [32m[1mLinking CXX shared library libmy_robot_interfaces__rosidl_typesupport_introspection_cpp.so[0m
[1.866s] [ 69%] Built target my_robot_interfaces__rosidl_typesupport_introspection_cpp
[1.877s] [ 71%] [32m[1mLinking CXX shared library libmy_robot_interfaces__rosidl_typesupport_fastrtps_c.so[0m
[1.908s] [ 74%] [32m[1mLinking CXX shared library libmy_robot_interfaces__rosidl_typesupport_fastrtps_cpp.so[0m
[1.956s] [ 74%] Built target my_robot_interfaces__rosidl_typesupport_fastrtps_c
[2.004s] [ 74%] Built target my_robot_interfaces__rosidl_typesupport_fastrtps_cpp
[2.024s] [ 74%] Built target my_robot_interfaces
[2.051s] [ 76%] [34m[1mGenerating Python code for ROS interfaces[0m
[2.379s] [ 76%] Built target my_robot_interfaces__py
[2.389s] [35m[1mConsolidate compiler generated dependencies of target my_robot_interfaces__rosidl_generator_py[0m
[2.399s] [ 82%] [32mBuilding C object CMakeFiles/my_robot_interfaces__rosidl_generator_py.dir/rosidl_generator_py/my_robot_interfaces/srv/_compute_rectangle_area_s.c.o[0m
[2.399s] [ 82%] [32mBuilding C object CMakeFiles/my_robot_interfaces__rosidl_generator_py.dir/rosidl_generator_py/my_robot_interfaces/msg/_hardware_status_s.c.o[0m
[2.486s] [ 84%] [32m[1mLinking C shared library rosidl_generator_py/my_robot_interfaces/libmy_robot_interfaces__rosidl_generator_py.so[0m
[2.512s] [ 84%] Built target my_robot_interfaces__rosidl_generator_py
[2.522s] [35m[1mConsolidate compiler generated dependencies of target my_robot_interfaces__rosidl_typesupport_introspection_c__pyext[0m
[2.522s] [35m[1mConsolidate compiler generated dependencies of target my_robot_interfaces__rosidl_typesupport_c__pyext[0m
[2.522s] [35m[1mConsolidate compiler generated dependencies of target my_robot_interfaces__rosidl_typesupport_fastrtps_c__pyext[0m
[2.531s] [ 92%] [32mBuilding C object CMakeFiles/my_robot_interfaces__rosidl_typesupport_introspection_c__pyext.dir/rosidl_generator_py/my_robot_interfaces/_my_robot_interfaces_s.ep.rosidl_typesupport_introspection_c.c.o[0m
[2.532s] [ 92%] [32mBuilding C object CMakeFiles/my_robot_interfaces__rosidl_typesupport_c__pyext.dir/rosidl_generator_py/my_robot_interfaces/_my_robot_interfaces_s.ep.rosidl_typesupport_c.c.o[0m
[2.532s] [ 92%] [32mBuilding C object CMakeFiles/my_robot_interfaces__rosidl_typesupport_fastrtps_c__pyext.dir/rosidl_generator_py/my_robot_interfaces/_my_robot_interfaces_s.ep.rosidl_typesupport_fastrtps_c.c.o[0m
[2.570s] [ 94%] [32m[1mLinking C shared library rosidl_generator_py/my_robot_interfaces/my_robot_interfaces_s__rosidl_typesupport_c.cpython-310-x86_64-linux-gnu.so[0m
[2.570s] [ 97%] [32m[1mLinking C shared library rosidl_generator_py/my_robot_interfaces/my_robot_interfaces_s__rosidl_typesupport_introspection_c.cpython-310-x86_64-linux-gnu.so[0m
[2.579s] [100%] [32m[1mLinking C shared library rosidl_generator_py/my_robot_interfaces/my_robot_interfaces_s__rosidl_typesupport_fastrtps_c.cpython-310-x86_64-linux-gnu.so[0m
[2.608s] [100%] Built target my_robot_interfaces__rosidl_typesupport_introspection_c__pyext
[2.614s] [100%] Built target my_robot_interfaces__rosidl_typesupport_c__pyext
[2.616s] [100%] Built target my_robot_interfaces__rosidl_typesupport_fastrtps_c__pyext
[2.628s] Invoked command in '/home/wward/ros2_workspace/build/my_robot_interfaces' returned '0': CMAKE_PREFIX_PATH=${CMAKE_PREFIX_PATH}:/home/wward/ros2_workspace/install/my_python_pkg:/opt/ros/humble /usr/bin/cmake --build /home/wward/ros2_workspace/build/my_robot_interfaces -- -j8 -l8
[2.746s] Invoking command in '/home/wward/ros2_workspace/build/my_robot_interfaces': CMAKE_PREFIX_PATH=${CMAKE_PREFIX_PATH}:/home/wward/ros2_workspace/install/my_python_pkg:/opt/ros/humble /usr/bin/cmake --install /home/wward/ros2_workspace/build/my_robot_interfaces
[2.751s] -- Install configuration: ""
[2.751s] -- Installing: /home/wward/ros2_workspace/install/my_robot_interfaces/share/ament_index/resource_index/rosidl_interfaces/my_robot_interfaces
[2.751s] -- Up-to-date: /home/wward/ros2_workspace/install/my_robot_interfaces/include/my_robot_interfaces/my_robot_interfaces
[2.752s] -- Installing: /home/wward/ros2_workspace/install/my_robot_interfaces/include/my_robot_interfaces/my_robot_interfaces/srv
[2.752s] -- Installing: /home/wward/ros2_workspace/install/my_robot_interfaces/include/my_robot_interfaces/my_robot_interfaces/srv/detail
[2.752s] -- Installing: /home/wward/ros2_workspace/install/my_robot_interfaces/include/my_robot_interfaces/my_robot_interfaces/srv/detail/compute_rectangle_area__functions.c
[2.752s] -- Installing: /home/wward/ros2_workspace/install/my_robot_interfaces/include/my_robot_interfaces/my_robot_interfaces/srv/detail/compute_rectangle_area__struct.h
[2.752s] -- Installing: /home/wward/ros2_workspace/install/my_robot_interfaces/include/my_robot_interfaces/my_robot_interfaces/srv/detail/compute_rectangle_area__type_support.h
[2.754s] -- Installing: /home/wward/ros2_workspace/install/my_robot_interfaces/include/my_robot_interfaces/my_robot_interfaces/srv/detail/compute_rectangle_area__functions.h
[2.754s] -- Installing: /home/wward/ros2_workspace/install/my_robot_interfaces/include/my_robot_interfaces/my_robot_interfaces/srv/compute_rectangle_area.h
[2.754s] -- Up-to-date: /home/wward/ros2_workspace/install/my_robot_interfaces/include/my_robot_interfaces/my_robot_interfaces/msg
[2.754s] -- Installing: /home/wward/ros2_workspace/install/my_robot_interfaces/include/my_robot_interfaces/my_robot_interfaces/msg/hardware_status.h
[2.754s] -- Up-to-date: /home/wward/ros2_workspace/install/my_robot_interfaces/include/my_robot_interfaces/my_robot_interfaces/msg/detail
[2.754s] -- Installing: /home/wward/ros2_workspace/install/my_robot_interfaces/include/my_robot_interfaces/my_robot_interfaces/msg/detail/hardware_status__functions.h
[2.754s] -- Installing: /home/wward/ros2_workspace/install/my_robot_interfaces/include/my_robot_interfaces/my_robot_interfaces/msg/detail/hardware_status__functions.c
[2.754s] -- Installing: /home/wward/ros2_workspace/install/my_robot_interfaces/include/my_robot_interfaces/my_robot_interfaces/msg/detail/hardware_status__type_support.h
[2.754s] -- Installing: /home/wward/ros2_workspace/install/my_robot_interfaces/include/my_robot_interfaces/my_robot_interfaces/msg/detail/hardware_status__struct.h
[2.755s] -- Up-to-date: /home/wward/ros2_workspace/install/my_robot_interfaces/include/my_robot_interfaces/my_robot_interfaces/msg/rosidl_generator_c__visibility_control.h
[2.755s] -- Up-to-date: /home/wward/ros2_workspace/install/my_robot_interfaces/share/my_robot_interfaces/environment/library_path.sh
[2.755s] -- Installing: /home/wward/ros2_workspace/install/my_robot_interfaces/share/my_robot_interfaces/environment/library_path.dsv
[2.755s] -- Installing: /home/wward/ros2_workspace/install/my_robot_interfaces/lib/libmy_robot_interfaces__rosidl_generator_c.so
[2.756s] -- Set runtime path of "/home/wward/ros2_workspace/install/my_robot_interfaces/lib/libmy_robot_interfaces__rosidl_generator_c.so" to ""
[2.756s] -- Up-to-date: /home/wward/ros2_workspace/install/my_robot_interfaces/include/my_robot_interfaces/my_robot_interfaces
[2.756s] -- Up-to-date: /home/wward/ros2_workspace/install/my_robot_interfaces/include/my_robot_interfaces/my_robot_interfaces/srv
[2.756s] -- Up-to-date: /home/wward/ros2_workspace/install/my_robot_interfaces/include/my_robot_interfaces/my_robot_interfaces/srv/detail
[2.756s] -- Installing: /home/wward/ros2_workspace/install/my_robot_interfaces/include/my_robot_interfaces/my_robot_interfaces/srv/detail/compute_rectangle_area__rosidl_typesupport_fastrtps_c.h
[2.756s] -- Up-to-date: /home/wward/ros2_workspace/install/my_robot_interfaces/include/my_robot_interfaces/my_robot_interfaces/msg
[2.756s] -- Up-to-date: /home/wward/ros2_workspace/install/my_robot_interfaces/include/my_robot_interfaces/my_robot_interfaces/msg/detail
[2.756s] -- Installing: /home/wward/ros2_workspace/install/my_robot_interfaces/include/my_robot_interfaces/my_robot_interfaces/msg/detail/hardware_status__rosidl_typesupport_fastrtps_c.h
[2.757s] -- Up-to-date: /home/wward/ros2_workspace/install/my_robot_interfaces/include/my_robot_interfaces/my_robot_interfaces/msg/rosidl_typesupport_fastrtps_c__visibility_control.h
[2.757s] -- Installing: /home/wward/ros2_workspace/install/my_robot_interfaces/lib/libmy_robot_interfaces__rosidl_typesupport_fastrtps_c.so
[2.758s] -- Set runtime path of "/home/wward/ros2_workspace/install/my_robot_interfaces/lib/libmy_robot_interfaces__rosidl_typesupport_fastrtps_c.so" to ""
[2.758s] -- Up-to-date: /home/wward/ros2_workspace/install/my_robot_interfaces/include/my_robot_interfaces/my_robot_interfaces
[2.758s] -- Up-to-date: /home/wward/ros2_workspace/install/my_robot_interfaces/include/my_robot_interfaces/my_robot_interfaces/srv
[2.758s] -- Up-to-date: /home/wward/ros2_workspace/install/my_robot_interfaces/include/my_robot_interfaces/my_robot_interfaces/srv/detail
[2.759s] -- Installing: /home/wward/ros2_workspace/install/my_robot_interfaces/include/my_robot_interfaces/my_robot_interfaces/srv/detail/compute_rectangle_area__type_support.c
[2.759s] -- Installing: /home/wward/ros2_workspace/install/my_robot_interfaces/include/my_robot_interfaces/my_robot_interfaces/srv/detail/compute_rectangle_area__rosidl_typesupport_introspection_c.h
[2.759s] -- Up-to-date: /home/wward/ros2_workspace/install/my_robot_interfaces/include/my_robot_interfaces/my_robot_interfaces/msg
[2.759s] -- Up-to-date: /home/wward/ros2_workspace/install/my_robot_interfaces/include/my_robot_interfaces/my_robot_interfaces/msg/detail
[2.759s] -- Installing: /home/wward/ros2_workspace/install/my_robot_interfaces/include/my_robot_interfaces/my_robot_interfaces/msg/detail/hardware_status__type_support.c
[2.759s] -- Installing: /home/wward/ros2_workspace/install/my_robot_interfaces/include/my_robot_interfaces/my_robot_interfaces/msg/detail/hardware_status__rosidl_typesupport_introspection_c.h
[2.759s] -- Up-to-date: /home/wward/ros2_workspace/install/my_robot_interfaces/include/my_robot_interfaces/my_robot_interfaces/msg/rosidl_typesupport_introspection_c__visibility_control.h
[2.760s] -- Installing: /home/wward/ros2_workspace/install/my_robot_interfaces/lib/libmy_robot_interfaces__rosidl_typesupport_introspection_c.so
[2.760s] -- Set runtime path of "/home/wward/ros2_workspace/install/my_robot_interfaces/lib/libmy_robot_interfaces__rosidl_typesupport_introspection_c.so" to ""
[2.760s] -- Installing: /home/wward/ros2_workspace/install/my_robot_interfaces/lib/libmy_robot_interfaces__rosidl_typesupport_c.so
[2.760s] -- Set runtime path of "/home/wward/ros2_workspace/install/my_robot_interfaces/lib/libmy_robot_interfaces__rosidl_typesupport_c.so" to ""
[2.762s] -- Up-to-date: /home/wward/ros2_workspace/install/my_robot_interfaces/include/my_robot_interfaces/my_robot_interfaces
[2.762s] -- Up-to-date: /home/wward/ros2_workspace/install/my_robot_interfaces/include/my_robot_interfaces/my_robot_interfaces/srv
[2.762s] -- Installing: /home/wward/ros2_workspace/install/my_robot_interfaces/include/my_robot_interfaces/my_robot_interfaces/srv/compute_rectangle_area.hpp
[2.762s] -- Up-to-date: /home/wward/ros2_workspace/install/my_robot_interfaces/include/my_robot_interfaces/my_robot_interfaces/srv/detail
[2.762s] -- Installing: /home/wward/ros2_workspace/install/my_robot_interfaces/include/my_robot_interfaces/my_robot_interfaces/srv/detail/compute_rectangle_area__builder.hpp
[2.762s] -- Installing: /home/wward/ros2_workspace/install/my_robot_interfaces/include/my_robot_interfaces/my_robot_interfaces/srv/detail/compute_rectangle_area__traits.hpp
[2.762s] -- Installing: /home/wward/ros2_workspace/install/my_robot_interfaces/include/my_robot_interfaces/my_robot_interfaces/srv/detail/compute_rectangle_area__struct.hpp
[2.762s] -- Up-to-date: /home/wward/ros2_workspace/install/my_robot_interfaces/include/my_robot_interfaces/my_robot_interfaces/msg
[2.763s] -- Installing: /home/wward/ros2_workspace/install/my_robot_interfaces/include/my_robot_interfaces/my_robot_interfaces/msg/hardware_status.hpp
[2.763s] -- Up-to-date: /home/wward/ros2_workspace/install/my_robot_interfaces/include/my_robot_interfaces/my_robot_interfaces/msg/detail
[2.763s] -- Installing: /home/wward/ros2_workspace/install/my_robot_interfaces/include/my_robot_interfaces/my_robot_interfaces/msg/detail/hardware_status__struct.hpp
[2.763s] -- Installing: /home/wward/ros2_workspace/install/my_robot_interfaces/include/my_robot_interfaces/my_robot_interfaces/msg/detail/hardware_status__builder.hpp
[2.763s] -- Installing: /home/wward/ros2_workspace/install/my_robot_interfaces/include/my_robot_interfaces/my_robot_interfaces/msg/detail/hardware_status__traits.hpp
[2.763s] -- Up-to-date: /home/wward/ros2_workspace/install/my_robot_interfaces/include/my_robot_interfaces/my_robot_interfaces
[2.763s] -- Up-to-date: /home/wward/ros2_workspace/install/my_robot_interfaces/include/my_robot_interfaces/my_robot_interfaces/srv
[2.763s] -- Up-to-date: /home/wward/ros2_workspace/install/my_robot_interfaces/include/my_robot_interfaces/my_robot_interfaces/srv/detail
[2.763s] -- Installing: /home/wward/ros2_workspace/install/my_robot_interfaces/include/my_robot_interfaces/my_robot_interfaces/srv/detail/compute_rectangle_area__rosidl_typesupport_fastrtps_cpp.hpp
[2.764s] -- Installing: /home/wward/ros2_workspace/install/my_robot_interfaces/include/my_robot_interfaces/my_robot_interfaces/srv/detail/dds_fastrtps
[2.764s] -- Up-to-date: /home/wward/ros2_workspace/install/my_robot_interfaces/include/my_robot_interfaces/my_robot_interfaces/msg
[2.764s] -- Up-to-date: /home/wward/ros2_workspace/install/my_robot_interfaces/include/my_robot_interfaces/my_robot_interfaces/msg/detail
[2.764s] -- Installing: /home/wward/ros2_workspace/install/my_robot_interfaces/include/my_robot_interfaces/my_robot_interfaces/msg/detail/hardware_status__rosidl_typesupport_fastrtps_cpp.hpp
[2.764s] -- Up-to-date: /home/wward/ros2_workspace/install/my_robot_interfaces/include/my_robot_interfaces/my_robot_interfaces/msg/detail/dds_fastrtps
[2.764s] -- Up-to-date: /home/wward/ros2_workspace/install/my_robot_interfaces/include/my_robot_interfaces/my_robot_interfaces/msg/rosidl_typesupport_fastrtps_cpp__visibility_control.h
[2.764s] -- Installing: /home/wward/ros2_workspace/install/my_robot_interfaces/lib/libmy_robot_interfaces__rosidl_typesupport_fastrtps_cpp.so
[2.773s] -- Set runtime path of "/home/wward/ros2_workspace/install/my_robot_interfaces/lib/libmy_robot_interfaces__rosidl_typesupport_fastrtps_cpp.so" to ""
[2.774s] -- Up-to-date: /home/wward/ros2_workspace/install/my_robot_interfaces/include/my_robot_interfaces/my_robot_interfaces
[2.774s] -- Up-to-date: /home/wward/ros2_workspace/install/my_robot_interfaces/include/my_robot_interfaces/my_robot_interfaces/srv
[2.774s] -- Up-to-date: /home/wward/ros2_workspace/install/my_robot_interfaces/include/my_robot_interfaces/my_robot_interfaces/srv/detail
[2.775s] -- Installing: /home/wward/ros2_workspace/install/my_robot_interfaces/include/my_robot_interfaces/my_robot_interfaces/srv/detail/compute_rectangle_area__type_support.cpp
[2.775s] -- Installing: /home/wward/ros2_workspace/install/my_robot_interfaces/include/my_robot_interfaces/my_robot_interfaces/srv/detail/compute_rectangle_area__rosidl_typesupport_introspection_cpp.hpp
[2.775s] -- Up-to-date: /home/wward/ros2_workspace/install/my_robot_interfaces/include/my_robot_interfaces/my_robot_interfaces/msg
[2.775s] -- Up-to-date: /home/wward/ros2_workspace/install/my_robot_interfaces/include/my_robot_interfaces/my_robot_interfaces/msg/detail
[2.775s] -- Installing: /home/wward/ros2_workspace/install/my_robot_interfaces/include/my_robot_interfaces/my_robot_interfaces/msg/detail/hardware_status__type_support.cpp
[2.775s] -- Installing: /home/wward/ros2_workspace/install/my_robot_interfaces/include/my_robot_interfaces/my_robot_interfaces/msg/detail/hardware_status__rosidl_typesupport_introspection_cpp.hpp
[2.775s] -- Installing: /home/wward/ros2_workspace/install/my_robot_interfaces/lib/libmy_robot_interfaces__rosidl_typesupport_introspection_cpp.so
[2.782s] -- Set runtime path of "/home/wward/ros2_workspace/install/my_robot_interfaces/lib/libmy_robot_interfaces__rosidl_typesupport_introspection_cpp.so" to ""
[2.788s] -- Installing: /home/wward/ros2_workspace/install/my_robot_interfaces/lib/libmy_robot_interfaces__rosidl_typesupport_cpp.so
[2.788s] -- Set runtime path of "/home/wward/ros2_workspace/install/my_robot_interfaces/lib/libmy_robot_interfaces__rosidl_typesupport_cpp.so" to ""
[2.788s] -- Up-to-date: /home/wward/ros2_workspace/install/my_robot_interfaces/share/my_robot_interfaces/environment/pythonpath.sh
[2.788s] -- Installing: /home/wward/ros2_workspace/install/my_robot_interfaces/share/my_robot_interfaces/environment/pythonpath.dsv
[2.790s] -- Up-to-date: /home/wward/ros2_workspace/install/my_robot_interfaces/local/lib/python3.10/dist-packages/my_robot_interfaces-0.0.0-py3.10.egg-info
[2.790s] -- Installing: /home/wward/ros2_workspace/install/my_robot_interfaces/local/lib/python3.10/dist-packages/my_robot_interfaces-0.0.0-py3.10.egg-info/PKG-INFO
[2.790s] -- Installing: /home/wward/ros2_workspace/install/my_robot_interfaces/local/lib/python3.10/dist-packages/my_robot_interfaces-0.0.0-py3.10.egg-info/top_level.txt
[2.791s] -- Installing: /home/wward/ros2_workspace/install/my_robot_interfaces/local/lib/python3.10/dist-packages/my_robot_interfaces-0.0.0-py3.10.egg-info/dependency_links.txt
[2.791s] -- Installing: /home/wward/ros2_workspace/install/my_robot_interfaces/local/lib/python3.10/dist-packages/my_robot_interfaces-0.0.0-py3.10.egg-info/SOURCES.txt
[2.791s] -- Up-to-date: /home/wward/ros2_workspace/install/my_robot_interfaces/local/lib/python3.10/dist-packages/my_robot_interfaces
[2.791s] -- Installing: /home/wward/ros2_workspace/install/my_robot_interfaces/local/lib/python3.10/dist-packages/my_robot_interfaces/my_robot_interfaces_s__rosidl_typesupport_fastrtps_c.cpython-310-x86_64-linux-gnu.so
[2.791s] -- Installing: /home/wward/ros2_workspace/install/my_robot_interfaces/local/lib/python3.10/dist-packages/my_robot_interfaces/srv
[2.791s] -- Installing: /home/wward/ros2_workspace/install/my_robot_interfaces/local/lib/python3.10/dist-packages/my_robot_interfaces/srv/_compute_rectangle_area_s.c
[2.791s] -- Installing: /home/wward/ros2_workspace/install/my_robot_interfaces/local/lib/python3.10/dist-packages/my_robot_interfaces/srv/__init__.py
[2.791s] -- Installing: /home/wward/ros2_workspace/install/my_robot_interfaces/local/lib/python3.10/dist-packages/my_robot_interfaces/srv/_compute_rectangle_area.py
[2.791s] -- Up-to-date: /home/wward/ros2_workspace/install/my_robot_interfaces/local/lib/python3.10/dist-packages/my_robot_interfaces/msg
[2.792s] -- Installing: /home/wward/ros2_workspace/install/my_robot_interfaces/local/lib/python3.10/dist-packages/my_robot_interfaces/msg/__init__.py
[2.792s] -- Installing: /home/wward/ros2_workspace/install/my_robot_interfaces/local/lib/python3.10/dist-packages/my_robot_interfaces/msg/_hardware_status_s.c
[2.792s] -- Installing: /home/wward/ros2_workspace/install/my_robot_interfaces/local/lib/python3.10/dist-packages/my_robot_interfaces/msg/_hardware_status.py
[2.792s] -- Installing: /home/wward/ros2_workspace/install/my_robot_interfaces/local/lib/python3.10/dist-packages/my_robot_interfaces/my_robot_interfaces_s__rosidl_typesupport_c.cpython-310-x86_64-linux-gnu.so
[2.792s] -- Installing: /home/wward/ros2_workspace/install/my_robot_interfaces/local/lib/python3.10/dist-packages/my_robot_interfaces/_my_robot_interfaces_s.ep.rosidl_typesupport_c.c
[2.792s] -- Installing: /home/wward/ros2_workspace/install/my_robot_interfaces/local/lib/python3.10/dist-packages/my_robot_interfaces/__init__.py
[2.792s] -- Installing: /home/wward/ros2_workspace/install/my_robot_interfaces/local/lib/python3.10/dist-packages/my_robot_interfaces/my_robot_interfaces_s__rosidl_typesupport_introspection_c.cpython-310-x86_64-linux-gnu.so
[2.792s] -- Installing: /home/wward/ros2_workspace/install/my_robot_interfaces/local/lib/python3.10/dist-packages/my_robot_interfaces/_my_robot_interfaces_s.ep.rosidl_typesupport_fastrtps_c.c
[2.794s] -- Installing: /home/wward/ros2_workspace/install/my_robot_interfaces/local/lib/python3.10/dist-packages/my_robot_interfaces/_my_robot_interfaces_s.ep.rosidl_typesupport_introspection_c.c
[2.794s] -- Installing: /home/wward/ros2_workspace/install/my_robot_interfaces/local/lib/python3.10/dist-packages/my_robot_interfaces/libmy_robot_interfaces__rosidl_generator_py.so
[2.810s] Listing '/home/wward/ros2_workspace/install/my_robot_interfaces/local/lib/python3.10/dist-packages/my_robot_interfaces'...
[2.810s] Compiling '/home/wward/ros2_workspace/install/my_robot_interfaces/local/lib/python3.10/dist-packages/my_robot_interfaces/__init__.py'...
[2.810s] Listing '/home/wward/ros2_workspace/install/my_robot_interfaces/local/lib/python3.10/dist-packages/my_robot_interfaces/msg'...
[2.811s] Compiling '/home/wward/ros2_workspace/install/my_robot_interfaces/local/lib/python3.10/dist-packages/my_robot_interfaces/msg/__init__.py'...
[2.811s] Compiling '/home/wward/ros2_workspace/install/my_robot_interfaces/local/lib/python3.10/dist-packages/my_robot_interfaces/msg/_hardware_status.py'...
[2.811s] Listing '/home/wward/ros2_workspace/install/my_robot_interfaces/local/lib/python3.10/dist-packages/my_robot_interfaces/srv'...
[2.811s] Compiling '/home/wward/ros2_workspace/install/my_robot_interfaces/local/lib/python3.10/dist-packages/my_robot_interfaces/srv/__init__.py'...
[2.811s] Compiling '/home/wward/ros2_workspace/install/my_robot_interfaces/local/lib/python3.10/dist-packages/my_robot_interfaces/srv/_compute_rectangle_area.py'...
[2.813s] -- Installing: /home/wward/ros2_workspace/install/my_robot_interfaces/local/lib/python3.10/dist-packages/my_robot_interfaces/my_robot_interfaces_s__rosidl_typesupport_fastrtps_c.cpython-310-x86_64-linux-gnu.so
[2.814s] -- Set runtime path of "/home/wward/ros2_workspace/install/my_robot_interfaces/local/lib/python3.10/dist-packages/my_robot_interfaces/my_robot_interfaces_s__rosidl_typesupport_fastrtps_c.cpython-310-x86_64-linux-gnu.so" to ""
[2.814s] -- Installing: /home/wward/ros2_workspace/install/my_robot_interfaces/local/lib/python3.10/dist-packages/my_robot_interfaces/my_robot_interfaces_s__rosidl_typesupport_introspection_c.cpython-310-x86_64-linux-gnu.so
[2.814s] -- Set runtime path of "/home/wward/ros2_workspace/install/my_robot_interfaces/local/lib/python3.10/dist-packages/my_robot_interfaces/my_robot_interfaces_s__rosidl_typesupport_introspection_c.cpython-310-x86_64-linux-gnu.so" to ""
[2.814s] -- Installing: /home/wward/ros2_workspace/install/my_robot_interfaces/local/lib/python3.10/dist-packages/my_robot_interfaces/my_robot_interfaces_s__rosidl_typesupport_c.cpython-310-x86_64-linux-gnu.so
[2.815s] -- Set runtime path of "/home/wward/ros2_workspace/install/my_robot_interfaces/local/lib/python3.10/dist-packages/my_robot_interfaces/my_robot_interfaces_s__rosidl_typesupport_c.cpython-310-x86_64-linux-gnu.so" to ""
[2.815s] -- Installing: /home/wward/ros2_workspace/install/my_robot_interfaces/lib/libmy_robot_interfaces__rosidl_generator_py.so
[2.815s] -- Set runtime path of "/home/wward/ros2_workspace/install/my_robot_interfaces/lib/libmy_robot_interfaces__rosidl_generator_py.so" to ""
[2.815s] -- Up-to-date: /home/wward/ros2_workspace/install/my_robot_interfaces/share/my_robot_interfaces/msg/HardwareStatus.idl
[2.815s] -- Installing: /home/wward/ros2_workspace/install/my_robot_interfaces/share/my_robot_interfaces/srv/ComputeRectangleArea.idl
[2.816s] -- Up-to-date: /home/wward/ros2_workspace/install/my_robot_interfaces/share/my_robot_interfaces/msg/HardwareStatus.msg
[2.816s] -- Installing: /home/wward/ros2_workspace/install/my_robot_interfaces/share/my_robot_interfaces/srv/ComputeRectangleArea.srv
[2.816s] -- Installing: /home/wward/ros2_workspace/install/my_robot_interfaces/share/my_robot_interfaces/srv/ComputeRectangleArea_Request.msg
[2.816s] -- Installing: /home/wward/ros2_workspace/install/my_robot_interfaces/share/my_robot_interfaces/srv/ComputeRectangleArea_Response.msg
[2.817s] -- Up-to-date: /home/wward/ros2_workspace/install/my_robot_interfaces/share/ament_index/resource_index/package_run_dependencies/my_robot_interfaces
[2.817s] -- Installing: /home/wward/ros2_workspace/install/my_robot_interfaces/share/ament_index/resource_index/parent_prefix_path/my_robot_interfaces
[2.817s] -- Up-to-date: /home/wward/ros2_workspace/install/my_robot_interfaces/share/my_robot_interfaces/environment/ament_prefix_path.sh
[2.817s] -- Installing: /home/wward/ros2_workspace/install/my_robot_interfaces/share/my_robot_interfaces/environment/ament_prefix_path.dsv
[2.817s] -- Up-to-date: /home/wward/ros2_workspace/install/my_robot_interfaces/share/my_robot_interfaces/environment/path.sh
[2.818s] -- Installing: /home/wward/ros2_workspace/install/my_robot_interfaces/share/my_robot_interfaces/environment/path.dsv
[2.818s] -- Up-to-date: /home/wward/ros2_workspace/install/my_robot_interfaces/share/my_robot_interfaces/local_setup.bash
[2.818s] -- Up-to-date: /home/wward/ros2_workspace/install/my_robot_interfaces/share/my_robot_interfaces/local_setup.sh
[2.818s] -- Up-to-date: /home/wward/ros2_workspace/install/my_robot_interfaces/share/my_robot_interfaces/local_setup.zsh
[2.818s] -- Installing: /home/wward/ros2_workspace/install/my_robot_interfaces/share/my_robot_interfaces/local_setup.dsv
[2.818s] -- Installing: /home/wward/ros2_workspace/install/my_robot_interfaces/share/my_robot_interfaces/package.dsv
[2.819s] -- Up-to-date: /home/wward/ros2_workspace/install/my_robot_interfaces/share/ament_index/resource_index/packages/my_robot_interfaces
[2.819s] -- Up-to-date: /home/wward/ros2_workspace/install/my_robot_interfaces/share/my_robot_interfaces/cmake/export_my_robot_interfaces__rosidl_generator_cExport.cmake
[2.819s] -- Up-to-date: /home/wward/ros2_workspace/install/my_robot_interfaces/share/my_robot_interfaces/cmake/export_my_robot_interfaces__rosidl_generator_cExport-noconfig.cmake
[2.819s] -- Up-to-date: /home/wward/ros2_workspace/install/my_robot_interfaces/share/my_robot_interfaces/cmake/export_my_robot_interfaces__rosidl_typesupport_fastrtps_cExport.cmake
[2.819s] -- Up-to-date: /home/wward/ros2_workspace/install/my_robot_interfaces/share/my_robot_interfaces/cmake/export_my_robot_interfaces__rosidl_typesupport_fastrtps_cExport-noconfig.cmake
[2.819s] -- Up-to-date: /home/wward/ros2_workspace/install/my_robot_interfaces/share/my_robot_interfaces/cmake/my_robot_interfaces__rosidl_typesupport_introspection_cExport.cmake
[2.820s] -- Up-to-date: /home/wward/ros2_workspace/install/my_robot_interfaces/share/my_robot_interfaces/cmake/my_robot_interfaces__rosidl_typesupport_introspection_cExport-noconfig.cmake
[2.820s] -- Up-to-date: /home/wward/ros2_workspace/install/my_robot_interfaces/share/my_robot_interfaces/cmake/my_robot_interfaces__rosidl_typesupport_cExport.cmake
[2.820s] -- Up-to-date: /home/wward/ros2_workspace/install/my_robot_interfaces/share/my_robot_interfaces/cmake/my_robot_interfaces__rosidl_typesupport_cExport-noconfig.cmake
[2.820s] -- Up-to-date: /home/wward/ros2_workspace/install/my_robot_interfaces/share/my_robot_interfaces/cmake/export_my_robot_interfaces__rosidl_generator_cppExport.cmake
[2.820s] -- Up-to-date: /home/wward/ros2_workspace/install/my_robot_interfaces/share/my_robot_interfaces/cmake/export_my_robot_interfaces__rosidl_typesupport_fastrtps_cppExport.cmake
[2.821s] -- Up-to-date: /home/wward/ros2_workspace/install/my_robot_interfaces/share/my_robot_interfaces/cmake/export_my_robot_interfaces__rosidl_typesupport_fastrtps_cppExport-noconfig.cmake
[2.821s] -- Up-to-date: /home/wward/ros2_workspace/install/my_robot_interfaces/share/my_robot_interfaces/cmake/my_robot_interfaces__rosidl_typesupport_introspection_cppExport.cmake
[2.822s] -- Up-to-date: /home/wward/ros2_workspace/install/my_robot_interfaces/share/my_robot_interfaces/cmake/my_robot_interfaces__rosidl_typesupport_introspection_cppExport-noconfig.cmake
[2.822s] -- Up-to-date: /home/wward/ros2_workspace/install/my_robot_interfaces/share/my_robot_interfaces/cmake/my_robot_interfaces__rosidl_typesupport_cppExport.cmake
[2.822s] -- Up-to-date: /home/wward/ros2_workspace/install/my_robot_interfaces/share/my_robot_interfaces/cmake/my_robot_interfaces__rosidl_typesupport_cppExport-noconfig.cmake
[2.822s] -- Up-to-date: /home/wward/ros2_workspace/install/my_robot_interfaces/share/my_robot_interfaces/cmake/export_my_robot_interfaces__rosidl_generator_pyExport.cmake
[2.822s] -- Up-to-date: /home/wward/ros2_workspace/install/my_robot_interfaces/share/my_robot_interfaces/cmake/export_my_robot_interfaces__rosidl_generator_pyExport-noconfig.cmake
[2.823s] -- Installing: /home/wward/ros2_workspace/install/my_robot_interfaces/share/my_robot_interfaces/cmake/rosidl_cmake-extras.cmake
[2.823s] -- Up-to-date: /home/wward/ros2_workspace/install/my_robot_interfaces/share/my_robot_interfaces/cmake/ament_cmake_export_include_directories-extras.cmake
[2.823s] -- Up-to-date: /home/wward/ros2_workspace/install/my_robot_interfaces/share/my_robot_interfaces/cmake/ament_cmake_export_libraries-extras.cmake
[2.823s] -- Up-to-date: /home/wward/ros2_workspace/install/my_robot_interfaces/share/my_robot_interfaces/cmake/ament_cmake_export_targets-extras.cmake
[2.824s] -- Up-to-date: /home/wward/ros2_workspace/install/my_robot_interfaces/share/my_robot_interfaces/cmake/rosidl_cmake_export_typesupport_targets-extras.cmake
[2.824s] -- Up-to-date: /home/wward/ros2_workspace/install/my_robot_interfaces/share/my_robot_interfaces/cmake/ament_cmake_export_dependencies-extras.cmake
[2.825s] -- Up-to-date: /home/wward/ros2_workspace/install/my_robot_interfaces/share/my_robot_interfaces/cmake/rosidl_cmake_export_typesupport_libraries-extras.cmake
[2.826s] -- Up-to-date: /home/wward/ros2_workspace/install/my_robot_interfaces/share/my_robot_interfaces/cmake/my_robot_interfacesConfig.cmake
[2.826s] -- Up-to-date: /home/wward/ros2_workspace/install/my_robot_interfaces/share/my_robot_interfaces/cmake/my_robot_interfacesConfig-version.cmake
[2.827s] -- Up-to-date: /home/wward/ros2_workspace/install/my_robot_interfaces/share/my_robot_interfaces/package.xml
[2.830s] Invoked command in '/home/wward/ros2_workspace/build/my_robot_interfaces' returned '0': CMAKE_PREFIX_PATH=${CMAKE_PREFIX_PATH}:/home/wward/ros2_workspace/install/my_python_pkg:/opt/ros/humble /usr/bin/cmake --install /home/wward/ros2_workspace/build/my_robot_interfaces
