[0.355s] Invoking command in '/home/wward/ros2_workspace/build/my_python_pkg': PYTHONPATH=/home/wward/ros2_workspace/build/my_python_pkg/prefix_override:/home/wward/ros2_workspace/install/my_python_pkg/lib/python3.10/site-packages:${PYTHONPATH} /usr/bin/python3 setup.py develop --uninstall --editable --build-directory /home/wward/ros2_workspace/build/my_python_pkg/build
[0.561s] running develop
[0.686s] Invoked command in '/home/wward/ros2_workspace/build/my_python_pkg' returned '0': PYTHONPATH=/home/wward/ros2_workspace/build/my_python_pkg/prefix_override:/home/wward/ros2_workspace/install/my_python_pkg/lib/python3.10/site-packages:${PYTHONPATH} /usr/bin/python3 setup.py develop --uninstall --editable --build-directory /home/wward/ros2_workspace/build/my_python_pkg/build
[0.689s] Invoking command in '/home/wward/ros2_workspace/src/my_python_pkg': PYTHONPATH=/home/wward/ros2_workspace/build/my_python_pkg/prefix_override:/home/wward/ros2_workspace/install/my_python_pkg/lib/python3.10/site-packages:${PYTHONPATH} /usr/bin/python3 setup.py egg_info --egg-base ../../build/my_python_pkg build --build-base /home/wward/ros2_workspace/build/my_python_pkg/build install --record /home/wward/ros2_workspace/build/my_python_pkg/install.log --single-version-externally-managed
[0.869s] running egg_info
[0.871s] writing ../../build/my_python_pkg/my_python_pkg.egg-info/PKG-INFO
[0.871s] writing dependency_links to ../../build/my_python_pkg/my_python_pkg.egg-info/dependency_links.txt
[0.871s] writing entry points to ../../build/my_python_pkg/my_python_pkg.egg-info/entry_points.txt
[0.871s] writing requirements to ../../build/my_python_pkg/my_python_pkg.egg-info/requires.txt
[0.871s] writing top-level names to ../../build/my_python_pkg/my_python_pkg.egg-info/top_level.txt
[0.872s] reading manifest file '../../build/my_python_pkg/my_python_pkg.egg-info/SOURCES.txt'
[0.873s] writing manifest file '../../build/my_python_pkg/my_python_pkg.egg-info/SOURCES.txt'
[0.874s] running build
[0.874s] running build_py
[0.874s] running install
[0.874s] running install_lib
[0.875s] running install_data
[0.875s] running install_egg_info
[0.877s] removing '/home/wward/ros2_workspace/install/my_python_pkg/lib/python3.10/site-packages/my_python_pkg-0.0.0-py3.10.egg-info' (and everything under it)
[0.878s] Copying ../../build/my_python_pkg/my_python_pkg.egg-info to /home/wward/ros2_workspace/install/my_python_pkg/lib/python3.10/site-packages/my_python_pkg-0.0.0-py3.10.egg-info
[0.878s] running install_scripts
[0.894s] Installing py_node script to /home/wward/ros2_workspace/install/my_python_pkg/lib/my_python_pkg
[0.894s] Installing robot_news_station script to /home/wward/ros2_workspace/install/my_python_pkg/lib/my_python_pkg
[0.894s] Installing smartphone = my_python_pkg.smartphone:mainnumber_publisher script to /home/wward/ros2_workspace/install/my_python_pkg/lib/my_python_pkg
[0.894s] writing list of installed files to '/home/wward/ros2_workspace/build/my_python_pkg/install.log'
[0.910s] Invoked command in '/home/wward/ros2_workspace/src/my_python_pkg' returned '0': PYTHONPATH=/home/wward/ros2_workspace/build/my_python_pkg/prefix_override:/home/wward/ros2_workspace/install/my_python_pkg/lib/python3.10/site-packages:${PYTHONPATH} /usr/bin/python3 setup.py egg_info --egg-base ../../build/my_python_pkg build --build-base /home/wward/ros2_workspace/build/my_python_pkg/build install --record /home/wward/ros2_workspace/build/my_python_pkg/install.log --single-version-externally-managed
