In file included from [01m[K/opt/ros/humble/include/rclcpp/rclcpp/logging.hpp:24[m[K,
                 from [01m[K/opt/ros/humble/include/rclcpp/rclcpp/client.hpp:40[m[K,
                 from [01m[K/opt/ros/humble/include/rclcpp/rclcpp/callback_group.hpp:24[m[K,
                 from [01m[K/opt/ros/humble/include/rclcpp/rclcpp/any_executable.hpp:20[m[K,
                 from [01m[K/opt/ros/humble/include/rclcpp/rclcpp/memory_strategy.hpp:25[m[K,
                 from [01m[K/opt/ros/humble/include/rclcpp/rclcpp/memory_strategies.hpp:18[m[K,
                 from [01m[K/opt/ros/humble/include/rclcpp/rclcpp/executor_options.hpp:20[m[K,
                 from [01m[K/opt/ros/humble/include/rclcpp/rclcpp/executor.hpp:37[m[K,
                 from [01m[K/opt/ros/humble/include/rclcpp/rclcpp/executors/multi_threaded_executor.hpp:25[m[K,
                 from [01m[K/opt/ros/humble/include/rclcpp/rclcpp/executors.hpp:21[m[K,
                 from [01m[K/opt/ros/humble/include/rclcpp/rclcpp/rclcpp.hpp:155[m[K,
                 from [01m[K/home/wward/ros2_workspace/src/my_cpp_pkg/src/led_panel.cpp:1[m[K:
[01m[K/home/wward/ros2_workspace/src/my_cpp_pkg/src/led_panel.cpp:[m[K In member function ‘[01m[Kvoid LEDPanelNode::callbackSetLEDPanelState(my_robot_interfaces::srv::SetLEDPanelState_Request_<std::allocator<void> >::SharedPtr, my_robot_interfaces::srv::SetLEDPanelState_Response_<std::allocator<void> >::SharedPtr)[m[K’:
[01m[K/home/wward/ros2_workspace/src/my_cpp_pkg/src/led_panel.cpp:24:45:[m[K [01;35m[Kwarning: [m[Kformat ‘[01m[K%ld[m[K’ expects a matching ‘[01m[Klong int[m[K’ argument [[01;35m[K]8;;https://gcc.gnu.org/onlinedocs/gcc/Warning-Options.html#index-Wformat=-Wformat=]8;;[m[K]
   24 |             RCLCPP_INFO(this->get_logger(), [01;35m[K"Failed to set LED %ld to %i. LED %ld out of bounds."[m[K, request->led_number, request->state);
      |                                             [01;35m[K^~~~~~~~~~~~~~~~~~~~~~~~~~~~~~~~~~~~~~~~~~~~~~~~~~~~~[m[K
[01m[K/home/wward/ros2_workspace/src/my_cpp_pkg/src/led_panel.cpp:24:81:[m[K [01;36m[Knote: [m[Kformat string is defined here
   24 |             RCLCPP_INFO(this->get_logger(), "Failed to set LED %ld to %i. LED [01;36m[K%ld[m[K out of bounds.", request->led_number, request->state);
      |                                                                               [01;36m[K~~^[m[K
      |                                                                                 [01;36m[K|[m[K
      |                                                                                 [01;36m[Klong int[m[K
