-- Found ament_cmake: 1.3.3 (/opt/ros/humble/share/ament_cmake/cmake)
-- Found rclcpp: 16.0.3 (/opt/ros/humble/share/rclcpp/cmake)
-- Found rosidl_generator_c: 3.1.4 (/opt/ros/humble/share/rosidl_generator_c/cmake)
-- Found rosidl_adapter: 3.1.4 (/opt/ros/humble/share/rosidl_adapter/cmake)
-- Found rosidl_generator_cpp: 3.1.4 (/opt/ros/humble/share/rosidl_generator_cpp/cmake)
-- Using all available rosidl_typesupport_c: rosidl_typesupport_fastrtps_c;rosidl_typesupport_introspection_c
-- Using all available rosidl_typesupport_cpp: rosidl_typesupport_fastrtps_cpp;rosidl_typesupport_introspection_cpp
-- Found rmw_implementation_cmake: 6.1.1 (/opt/ros/humble/share/rmw_implementation_cmake/cmake)
-- Found rmw_fastrtps_cpp: 6.2.2 (/opt/ros/humble/share/rmw_fastrtps_cpp/cmake)
-- Using RMW implementation 'rmw_fastrtps_cpp' as default
-- Found example_interfaces: 0.9.3 (/opt/ros/humble/share/example_interfaces/cmake)
-- Configuring done
-- Generating done
-- Build files have been written to: /home/wward/ros2_workspace/build/my_cpp_pkg
[35m[1mConsolidate compiler generated dependencies of target robot_news_station[0m
[35m[1mConsolidate compiler generated dependencies of target cpp_node[0m
[35m[1mConsolidate compiler generated dependencies of target add_two_ints_server[0m
[35m[1mConsolidate compiler generated dependencies of target number_counter[0m
[35m[1mConsolidate compiler generated dependencies of target smartphone[0m
[35m[1mConsolidate compiler generated dependencies of target add_two_ints_client_no_oop[0m
[35m[1mConsolidate compiler generated dependencies of target add_two_ints_client[0m
[ 21%] Built target add_two_ints_server
[ 57%] Built target cpp_node
[ 71%] Built target smartphone
[ 71%] Built target robot_news_station
[ 57%] Built target add_two_ints_client_no_oop
[ 78%] [32mBuilding CXX object CMakeFiles/number_counter.dir/src/number_counter.cpp.o[0m
[ 85%] [32mBuilding CXX object CMakeFiles/add_two_ints_client.dir/src/add_two_ints_client.cpp.o[0m
[01m[K/home/wward/ros2_workspace/src/my_cpp_pkg/src/number_counter.cpp:3:10:[m[K [01;31m[Kfatal error: [m[Kstd_srvs/srv/set_bool.hpp: No such file or directory
    3 | #include [01;31m[K"std_srvs/srv/set_bool.hpp"[m[K
      |          [01;31m[K^~~~~~~~~~~~~~~~~~~~~~~~~~~[m[K
compilation terminated.
gmake[2]: *** [CMakeFiles/number_counter.dir/build.make:76: CMakeFiles/number_counter.dir/src/number_counter.cpp.o] Error 1
gmake[1]: *** [CMakeFiles/Makefile2:227: CMakeFiles/number_counter.dir/all] Error 2
gmake[1]: *** Waiting for unfinished jobs....
[ 92%] [32m[1mLinking CXX executable add_two_ints_client[0m
[ 92%] Built target add_two_ints_client
gmake: *** [Makefile:146: all] Error 2
