[0.013s] Invoking command in '/home/wward/ros2_workspace/build/my_cpp_pkg': CMAKE_PREFIX_PATH=${CMAKE_PREFIX_PATH}:/home/wward/ros2_workspace/install/my_python_pkg:/opt/ros/humble /usr/bin/cmake --build /home/wward/ros2_workspace/build/my_cpp_pkg -- -j8 -l8
[0.048s] -- Found ament_cmake: 1.3.3 (/opt/ros/humble/share/ament_cmake/cmake)
[0.162s] -- Found rclcpp: 16.0.3 (/opt/ros/humble/share/rclcpp/cmake)
[0.180s] -- Found rosidl_generator_c: 3.1.4 (/opt/ros/humble/share/rosidl_generator_c/cmake)
[0.182s] -- Found rosidl_adapter: 3.1.4 (/opt/ros/humble/share/rosidl_adapter/cmake)
[0.186s] -- Found rosidl_generator_cpp: 3.1.4 (/opt/ros/humble/share/rosidl_generator_cpp/cmake)
[0.194s] -- Using all available rosidl_typesupport_c: rosidl_typesupport_fastrtps_c;rosidl_typesupport_introspection_c
[0.204s] -- Using all available rosidl_typesupport_cpp: rosidl_typesupport_fastrtps_cpp;rosidl_typesupport_introspection_cpp
[0.251s] -- Found rmw_implementation_cmake: 6.1.1 (/opt/ros/humble/share/rmw_implementation_cmake/cmake)
[0.252s] -- Found rmw_fastrtps_cpp: 6.2.2 (/opt/ros/humble/share/rmw_fastrtps_cpp/cmake)
[0.340s] -- Using RMW implementation 'rmw_fastrtps_cpp' as default
[0.462s] -- Found example_interfaces: 0.9.3 (/opt/ros/humble/share/example_interfaces/cmake)
[0.631s] -- Configuring done
[0.675s] -- Generating done
[0.681s] -- Build files have been written to: /home/wward/ros2_workspace/build/my_cpp_pkg
[0.703s] [35m[1mConsolidate compiler generated dependencies of target robot_news_station[0m
[0.703s] [35m[1mConsolidate compiler generated dependencies of target cpp_node[0m
[0.703s] [35m[1mConsolidate compiler generated dependencies of target add_two_ints_server[0m
[0.704s] [35m[1mConsolidate compiler generated dependencies of target number_counter[0m
[0.704s] [35m[1mConsolidate compiler generated dependencies of target smartphone[0m
[0.704s] [35m[1mConsolidate compiler generated dependencies of target add_two_ints_client_no_oop[0m
[0.716s] [35m[1mConsolidate compiler generated dependencies of target add_two_ints_client[0m
[0.721s] [ 21%] Built target add_two_ints_server
[0.721s] [ 57%] Built target cpp_node
[0.721s] [ 71%] Built target smartphone
[0.721s] [ 71%] Built target robot_news_station
[0.721s] [ 57%] Built target add_two_ints_client_no_oop
[0.723s] [ 78%] [32mBuilding CXX object CMakeFiles/number_counter.dir/src/number_counter.cpp.o[0m
[0.739s] [ 85%] [32mBuilding CXX object CMakeFiles/add_two_ints_client.dir/src/add_two_ints_client.cpp.o[0m
[0.871s] [01m[K/home/wward/ros2_workspace/src/my_cpp_pkg/src/number_counter.cpp:3:10:[m[K [01;31m[Kfatal error: [m[Kstd_srvs/srv/set_bool.hpp: No such file or directory
[0.872s]     3 | #include [01;31m[K"std_srvs/srv/set_bool.hpp"[m[K
[0.872s]       |          [01;31m[K^~~~~~~~~~~~~~~~~~~~~~~~~~~[m[K
[0.872s] compilation terminated.
[0.888s] gmake[2]: *** [CMakeFiles/number_counter.dir/build.make:76: CMakeFiles/number_counter.dir/src/number_counter.cpp.o] Error 1
[0.888s] gmake[1]: *** [CMakeFiles/Makefile2:227: CMakeFiles/number_counter.dir/all] Error 2
[0.888s] gmake[1]: *** Waiting for unfinished jobs....
[4.020s] [ 92%] [32m[1mLinking CXX executable add_two_ints_client[0m
[4.166s] [ 92%] Built target add_two_ints_client
[4.179s] gmake: *** [Makefile:146: all] Error 2
[4.192s] Invoked command in '/home/wward/ros2_workspace/build/my_cpp_pkg' returned '2': CMAKE_PREFIX_PATH=${CMAKE_PREFIX_PATH}:/home/wward/ros2_workspace/install/my_python_pkg:/opt/ros/humble /usr/bin/cmake --build /home/wward/ros2_workspace/build/my_cpp_pkg -- -j8 -l8
