[0.017s] Invoking command in '/home/wward/ros2_workspace/build/my_cpp_pkg': CMAKE_PREFIX_PATH=${CMAKE_PREFIX_PATH}:/home/wward/ros2_workspace/install/my_python_pkg:/opt/ros/humble /usr/bin/cmake --build /home/wward/ros2_workspace/build/my_cpp_pkg -- -j8 -l8
[0.057s] [35m[1mConsolidate compiler generated dependencies of target hw_status_publisher[0m
[0.067s] [ 25%] Built target robot_news_station
[0.068s] [ 25%] Built target cpp_node
[0.068s] [ 37%] Built target add_two_ints_server
[0.070s] [ 50%] Built target smartphone
[0.070s] [ 62%] Built target number_counter
[0.073s] [ 68%] [32mBuilding CXX object CMakeFiles/hw_status_publisher.dir/src/hw_status_publisher.cpp.o[0m
[0.074s] [ 81%] Built target add_two_ints_client_no_oop
[0.080s] [ 93%] Built target add_two_ints_client
[3.434s] [100%] [32m[1mLinking CXX executable hw_status_publisher[0m
[3.565s] [100%] Built target hw_status_publisher
[3.577s] Invoked command in '/home/wward/ros2_workspace/build/my_cpp_pkg' returned '0': CMAKE_PREFIX_PATH=${CMAKE_PREFIX_PATH}:/home/wward/ros2_workspace/install/my_python_pkg:/opt/ros/humble /usr/bin/cmake --build /home/wward/ros2_workspace/build/my_cpp_pkg -- -j8 -l8
[3.640s] Invoking command in '/home/wward/ros2_workspace/build/my_cpp_pkg': CMAKE_PREFIX_PATH=${CMAKE_PREFIX_PATH}:/home/wward/ros2_workspace/install/my_python_pkg:/opt/ros/humble /usr/bin/cmake --install /home/wward/ros2_workspace/build/my_cpp_pkg
[3.644s] -- Install configuration: ""
[3.645s] -- Up-to-date: /home/wward/ros2_workspace/install/my_cpp_pkg/lib/my_cpp_pkg/cpp_node
[3.645s] -- Up-to-date: /home/wward/ros2_workspace/install/my_cpp_pkg/lib/my_cpp_pkg/robot_news_station
[3.645s] -- Up-to-date: /home/wward/ros2_workspace/install/my_cpp_pkg/lib/my_cpp_pkg/smartphone
[3.645s] -- Up-to-date: /home/wward/ros2_workspace/install/my_cpp_pkg/lib/my_cpp_pkg/number_counter
[3.646s] -- Up-to-date: /home/wward/ros2_workspace/install/my_cpp_pkg/lib/my_cpp_pkg/add_two_ints_server
[3.646s] -- Up-to-date: /home/wward/ros2_workspace/install/my_cpp_pkg/lib/my_cpp_pkg/add_two_ints_client_no_oop
[3.646s] -- Up-to-date: /home/wward/ros2_workspace/install/my_cpp_pkg/lib/my_cpp_pkg/add_two_ints_client
[3.646s] -- Installing: /home/wward/ros2_workspace/install/my_cpp_pkg/lib/my_cpp_pkg/hw_status_publisher
[3.647s] -- Set runtime path of "/home/wward/ros2_workspace/install/my_cpp_pkg/lib/my_cpp_pkg/hw_status_publisher" to ""
[3.648s] -- Up-to-date: /home/wward/ros2_workspace/install/my_cpp_pkg/share/ament_index/resource_index/package_run_dependencies/my_cpp_pkg
[3.648s] -- Up-to-date: /home/wward/ros2_workspace/install/my_cpp_pkg/share/ament_index/resource_index/parent_prefix_path/my_cpp_pkg
[3.648s] -- Up-to-date: /home/wward/ros2_workspace/install/my_cpp_pkg/share/my_cpp_pkg/environment/ament_prefix_path.sh
[3.648s] -- Installing: /home/wward/ros2_workspace/install/my_cpp_pkg/share/my_cpp_pkg/environment/ament_prefix_path.dsv
[3.648s] -- Up-to-date: /home/wward/ros2_workspace/install/my_cpp_pkg/share/my_cpp_pkg/environment/path.sh
[3.648s] -- Installing: /home/wward/ros2_workspace/install/my_cpp_pkg/share/my_cpp_pkg/environment/path.dsv
[3.649s] -- Up-to-date: /home/wward/ros2_workspace/install/my_cpp_pkg/share/my_cpp_pkg/local_setup.bash
[3.649s] -- Up-to-date: /home/wward/ros2_workspace/install/my_cpp_pkg/share/my_cpp_pkg/local_setup.sh
[3.649s] -- Up-to-date: /home/wward/ros2_workspace/install/my_cpp_pkg/share/my_cpp_pkg/local_setup.zsh
[3.649s] -- Installing: /home/wward/ros2_workspace/install/my_cpp_pkg/share/my_cpp_pkg/local_setup.dsv
[3.649s] -- Installing: /home/wward/ros2_workspace/install/my_cpp_pkg/share/my_cpp_pkg/package.dsv
[3.649s] -- Up-to-date: /home/wward/ros2_workspace/install/my_cpp_pkg/share/ament_index/resource_index/packages/my_cpp_pkg
[3.649s] -- Up-to-date: /home/wward/ros2_workspace/install/my_cpp_pkg/share/my_cpp_pkg/cmake/my_cpp_pkgConfig.cmake
[3.650s] -- Up-to-date: /home/wward/ros2_workspace/install/my_cpp_pkg/share/my_cpp_pkg/cmake/my_cpp_pkgConfig-version.cmake
[3.650s] -- Up-to-date: /home/wward/ros2_workspace/install/my_cpp_pkg/share/my_cpp_pkg/package.xml
[3.657s] Invoked command in '/home/wward/ros2_workspace/build/my_cpp_pkg' returned '0': CMAKE_PREFIX_PATH=${CMAKE_PREFIX_PATH}:/home/wward/ros2_workspace/install/my_python_pkg:/opt/ros/humble /usr/bin/cmake --install /home/wward/ros2_workspace/build/my_cpp_pkg
