[0.012s] Invoking command in '/home/wward/ros2_workspace/build/my_robot_interfaces': CMAKE_PREFIX_PATH=${CMAKE_PREFIX_PATH}:/home/wward/ros2_workspace/install/my_python_pkg:/opt/ros/humble /usr/bin/cmake --build /home/wward/ros2_workspace/build/my_robot_interfaces -- -j8 -l8
[0.038s] -- Found ament_cmake: 1.3.3 (/opt/ros/humble/share/ament_cmake/cmake)
[0.186s] -- Found rosidl_default_generators: 1.2.0 (/opt/ros/humble/share/rosidl_default_generators/cmake)
[0.186s] -- Using all available rosidl_typesupport_c: rosidl_typesupport_fastrtps_c;rosidl_typesupport_introspection_c
[0.197s] -- Found rosidl_adapter: 3.1.4 (/opt/ros/humble/share/rosidl_adapter/cmake)
[0.217s] -- Using all available rosidl_typesupport_cpp: rosidl_typesupport_fastrtps_cpp;rosidl_typesupport_introspection_cpp
[0.442s] -- Found ament_cmake_ros: 0.10.0 (/opt/ros/humble/share/ament_cmake_ros/cmake)
[0.575s] -- Using all available rosidl_typesupport_c: rosidl_typesupport_fastrtps_c;rosidl_typesupport_introspection_c
[0.753s] -- Using all available rosidl_typesupport_cpp: rosidl_typesupport_fastrtps_cpp;rosidl_typesupport_introspection_cpp
[0.773s] -- Found python_cmake_module: 0.10.0 (/opt/ros/humble/share/python_cmake_module/cmake)
[0.791s] -- Using PYTHON_EXECUTABLE: /usr/bin/python3
[0.791s] -- Using PYTHON_INCLUDE_DIRS: /usr/include/python3.10
[0.791s] -- Using PYTHON_LIBRARIES: /usr/lib/x86_64-linux-gnu/libpython3.10.so
[0.806s] -- Configuring done
[0.872s] -- Generating done
[0.897s] -- Build files have been written to: /home/wward/ros2_workspace/build/my_robot_interfaces
[0.927s] [  1%] [34m[1mGenerating C code for ROS interfaces[0m
[0.941s] [  2%] [34m[1mGenerating C++ code for ROS interfaces[0m
[0.960s] [  2%] Built target ament_cmake_python_copy_my_robot_interfaces
[1.185s] running egg_info
[1.185s] writing my_robot_interfaces.egg-info/PKG-INFO
[1.185s] writing dependency_links to my_robot_interfaces.egg-info/dependency_links.txt
[1.192s] writing top-level names to my_robot_interfaces.egg-info/top_level.txt
[1.193s] reading manifest file 'my_robot_interfaces.egg-info/SOURCES.txt'
[1.193s] writing manifest file 'my_robot_interfaces.egg-info/SOURCES.txt'
[1.223s] [  2%] Built target ament_cmake_python_build_my_robot_interfaces_egg
[1.399s] [35m[1mConsolidate compiler generated dependencies of target my_robot_interfaces__rosidl_generator_c[0m
[1.412s] [  4%] [32mBuilding C object CMakeFiles/my_robot_interfaces__rosidl_generator_c.dir/rosidl_generator_c/my_robot_interfaces/msg/detail/led_panel_state__functions.c.o[0m
[1.422s] [  5%] [32mBuilding C object CMakeFiles/my_robot_interfaces__rosidl_generator_c.dir/rosidl_generator_c/my_robot_interfaces/msg/detail/hardware_status__functions.c.o[0m
[1.426s] [  7%] [32mBuilding C object CMakeFiles/my_robot_interfaces__rosidl_generator_c.dir/rosidl_generator_c/my_robot_interfaces/msg/detail/new_turtle__functions.c.o[0m
[1.431s] [  8%] [32mBuilding C object CMakeFiles/my_robot_interfaces__rosidl_generator_c.dir/rosidl_generator_c/my_robot_interfaces/msg/detail/new_turtle_list__functions.c.o[0m
[1.431s] [  9%] [32mBuilding C object CMakeFiles/my_robot_interfaces__rosidl_generator_c.dir/rosidl_generator_c/my_robot_interfaces/srv/detail/compute_rectangle_area__functions.c.o[0m
[1.436s] [ 11%] [32mBuilding C object CMakeFiles/my_robot_interfaces__rosidl_generator_c.dir/rosidl_generator_c/my_robot_interfaces/srv/detail/set_led_panel_state__functions.c.o[0m
[1.447s] [ 11%] Built target my_robot_interfaces__cpp
[1.466s] [ 12%] [34m[1mGenerating C++ type support dispatch for ROS interfaces[0m
[1.469s] [ 14%] [34m[1mGenerating C++ introspection for ROS interfaces[0m
[1.489s] [ 15%] [34m[1mGenerating C++ type support for eProsima Fast-RTPS[0m
[1.491s] [ 16%] [32m[1mLinking C shared library libmy_robot_interfaces__rosidl_generator_c.so[0m
[1.536s] [ 16%] Built target my_robot_interfaces__rosidl_generator_c
[1.548s] [ 21%] [34m[1mGenerating C type support dispatch for ROS interfaces[0m
[1.549s] [ 21%] [34m[1mGenerating C introspection for ROS interfaces[0m
[1.549s] [ 21%] [34m[1mGenerating C type support for eProsima Fast-RTPS[0m
[1.776s] [35m[1mConsolidate compiler generated dependencies of target my_robot_interfaces__rosidl_typesupport_cpp[0m
[1.791s] [ 22%] [32mBuilding CXX object CMakeFiles/my_robot_interfaces__rosidl_typesupport_cpp.dir/rosidl_typesupport_cpp/my_robot_interfaces/msg/hardware_status__type_support.cpp.o[0m
[1.792s] [ 23%] [32mBuilding CXX object CMakeFiles/my_robot_interfaces__rosidl_typesupport_cpp.dir/rosidl_typesupport_cpp/my_robot_interfaces/msg/new_turtle__type_support.cpp.o[0m
[1.796s] [ 25%] [32mBuilding CXX object CMakeFiles/my_robot_interfaces__rosidl_typesupport_cpp.dir/rosidl_typesupport_cpp/my_robot_interfaces/msg/led_panel_state__type_support.cpp.o[0m
[1.897s] [35m[1mConsolidate compiler generated dependencies of target my_robot_interfaces__rosidl_typesupport_c[0m
[1.913s] [ 26%] [32mBuilding CXX object CMakeFiles/my_robot_interfaces__rosidl_typesupport_c.dir/rosidl_typesupport_c/my_robot_interfaces/msg/hardware_status__type_support.cpp.o[0m
[1.914s] [35m[1mConsolidate compiler generated dependencies of target my_robot_interfaces__rosidl_typesupport_introspection_cpp[0m
[1.932s] [ 28%] [32mBuilding CXX object CMakeFiles/my_robot_interfaces__rosidl_typesupport_introspection_cpp.dir/rosidl_typesupport_introspection_cpp/my_robot_interfaces/msg/detail/hardware_status__type_support.cpp.o[0m
[1.964s] [ 29%] [32mBuilding CXX object CMakeFiles/my_robot_interfaces__rosidl_typesupport_c.dir/rosidl_typesupport_c/my_robot_interfaces/msg/led_panel_state__type_support.cpp.o[0m
[1.981s] [35m[1mConsolidate compiler generated dependencies of target my_robot_interfaces__rosidl_typesupport_fastrtps_cpp[0m
[1.988s] [ 30%] [32mBuilding CXX object CMakeFiles/my_robot_interfaces__rosidl_typesupport_c.dir/rosidl_typesupport_c/my_robot_interfaces/msg/new_turtle__type_support.cpp.o[0m
[1.988s] [35m[1mConsolidate compiler generated dependencies of target my_robot_interfaces__rosidl_typesupport_introspection_c[0m
[1.996s] [ 32%] [32mBuilding CXX object CMakeFiles/my_robot_interfaces__rosidl_typesupport_fastrtps_cpp.dir/rosidl_typesupport_fastrtps_cpp/my_robot_interfaces/msg/detail/dds_fastrtps/hardware_status__type_support.cpp.o[0m
[2.005s] [ 33%] [32mBuilding C object CMakeFiles/my_robot_interfaces__rosidl_typesupport_introspection_c.dir/rosidl_typesupport_introspection_c/my_robot_interfaces/msg/detail/hardware_status__type_support.c.o[0m
[2.017s] [ 35%] [32mBuilding CXX object CMakeFiles/my_robot_interfaces__rosidl_typesupport_c.dir/rosidl_typesupport_c/my_robot_interfaces/msg/new_turtle_list__type_support.cpp.o[0m
[2.048s] [ 36%] [32mBuilding CXX object CMakeFiles/my_robot_interfaces__rosidl_typesupport_c.dir/rosidl_typesupport_c/my_robot_interfaces/srv/compute_rectangle_area__type_support.cpp.o[0m
[2.052s] [35m[1mConsolidate compiler generated dependencies of target my_robot_interfaces__rosidl_typesupport_fastrtps_c[0m
[2.056s] [ 38%] [32mBuilding CXX object CMakeFiles/my_robot_interfaces__rosidl_typesupport_cpp.dir/rosidl_typesupport_cpp/my_robot_interfaces/msg/new_turtle_list__type_support.cpp.o[0m
[2.058s] [ 39%] [32mBuilding C object CMakeFiles/my_robot_interfaces__rosidl_typesupport_introspection_c.dir/rosidl_typesupport_introspection_c/my_robot_interfaces/msg/detail/led_panel_state__type_support.c.o[0m
[2.060s] [ 40%] [32mBuilding CXX object CMakeFiles/my_robot_interfaces__rosidl_typesupport_c.dir/rosidl_typesupport_c/my_robot_interfaces/srv/set_led_panel_state__type_support.cpp.o[0m
[2.076s] [ 42%] [32mBuilding CXX object CMakeFiles/my_robot_interfaces__rosidl_typesupport_fastrtps_c.dir/rosidl_typesupport_fastrtps_c/my_robot_interfaces/msg/detail/hardware_status__type_support_c.cpp.o[0m
[2.087s] [ 43%] [32mBuilding C object CMakeFiles/my_robot_interfaces__rosidl_typesupport_introspection_c.dir/rosidl_typesupport_introspection_c/my_robot_interfaces/msg/detail/new_turtle__type_support.c.o[0m
[2.094s] [ 45%] [32mBuilding CXX object CMakeFiles/my_robot_interfaces__rosidl_typesupport_fastrtps_c.dir/rosidl_typesupport_fastrtps_c/my_robot_interfaces/msg/detail/led_panel_state__type_support_c.cpp.o[0m
[2.111s] [ 46%] [32m[1mLinking CXX shared library libmy_robot_interfaces__rosidl_typesupport_c.so[0m
[2.117s] [ 47%] [32mBuilding C object CMakeFiles/my_robot_interfaces__rosidl_typesupport_introspection_c.dir/rosidl_typesupport_introspection_c/my_robot_interfaces/msg/detail/new_turtle_list__type_support.c.o[0m
[2.153s] [ 49%] [32mBuilding C object CMakeFiles/my_robot_interfaces__rosidl_typesupport_introspection_c.dir/rosidl_typesupport_introspection_c/my_robot_interfaces/srv/detail/compute_rectangle_area__type_support.c.o[0m
[2.162s] [ 50%] [32mBuilding C object CMakeFiles/my_robot_interfaces__rosidl_typesupport_introspection_c.dir/rosidl_typesupport_introspection_c/my_robot_interfaces/srv/detail/set_led_panel_state__type_support.c.o[0m
[2.185s] [ 50%] Built target my_robot_interfaces__rosidl_typesupport_c
[2.188s] [ 52%] [32mBuilding CXX object CMakeFiles/my_robot_interfaces__rosidl_typesupport_fastrtps_c.dir/rosidl_typesupport_fastrtps_c/my_robot_interfaces/msg/detail/new_turtle__type_support_c.cpp.o[0m
[2.202s] [ 53%] [32m[1mLinking C shared library libmy_robot_interfaces__rosidl_typesupport_introspection_c.so[0m
[2.203s] [ 54%] [32mBuilding CXX object CMakeFiles/my_robot_interfaces__rosidl_typesupport_fastrtps_cpp.dir/rosidl_typesupport_fastrtps_cpp/my_robot_interfaces/msg/detail/dds_fastrtps/led_panel_state__type_support.cpp.o[0m
[2.296s] [ 54%] Built target my_robot_interfaces__rosidl_typesupport_introspection_c
[2.303s] [ 56%] [32mBuilding CXX object CMakeFiles/my_robot_interfaces__rosidl_typesupport_cpp.dir/rosidl_typesupport_cpp/my_robot_interfaces/srv/compute_rectangle_area__type_support.cpp.o[0m
[2.303s] [ 57%] [32mBuilding CXX object CMakeFiles/my_robot_interfaces__rosidl_typesupport_cpp.dir/rosidl_typesupport_cpp/my_robot_interfaces/srv/set_led_panel_state__type_support.cpp.o[0m
[2.312s] [ 59%] [32mBuilding CXX object CMakeFiles/my_robot_interfaces__rosidl_typesupport_introspection_cpp.dir/rosidl_typesupport_introspection_cpp/my_robot_interfaces/msg/detail/led_panel_state__type_support.cpp.o[0m
[2.403s] [ 60%] [32mBuilding CXX object CMakeFiles/my_robot_interfaces__rosidl_typesupport_fastrtps_c.dir/rosidl_typesupport_fastrtps_c/my_robot_interfaces/msg/detail/new_turtle_list__type_support_c.cpp.o[0m
[2.413s] [ 61%] [32mBuilding CXX object CMakeFiles/my_robot_interfaces__rosidl_typesupport_fastrtps_cpp.dir/rosidl_typesupport_fastrtps_cpp/my_robot_interfaces/msg/detail/dds_fastrtps/new_turtle__type_support.cpp.o[0m
[2.422s] [ 63%] [32mBuilding CXX object CMakeFiles/my_robot_interfaces__rosidl_typesupport_fastrtps_c.dir/rosidl_typesupport_fastrtps_c/my_robot_interfaces/srv/detail/compute_rectangle_area__type_support_c.cpp.o[0m
[2.477s] [ 64%] [32mBuilding CXX object CMakeFiles/my_robot_interfaces__rosidl_typesupport_fastrtps_c.dir/rosidl_typesupport_fastrtps_c/my_robot_interfaces/srv/detail/set_led_panel_state__type_support_c.cpp.o[0m
[2.528s] [ 66%] [32mBuilding CXX object CMakeFiles/my_robot_interfaces__rosidl_typesupport_fastrtps_cpp.dir/rosidl_typesupport_fastrtps_cpp/my_robot_interfaces/msg/detail/dds_fastrtps/new_turtle_list__type_support.cpp.o[0m
[2.553s] [ 67%] [32m[1mLinking CXX shared library libmy_robot_interfaces__rosidl_typesupport_cpp.so[0m
[2.597s] [ 69%] [32mBuilding CXX object CMakeFiles/my_robot_interfaces__rosidl_typesupport_fastrtps_cpp.dir/rosidl_typesupport_fastrtps_cpp/my_robot_interfaces/srv/detail/dds_fastrtps/compute_rectangle_area__type_support.cpp.o[0m
[2.606s] [ 69%] Built target my_robot_interfaces__rosidl_typesupport_cpp
[2.614s] [ 70%] [32mBuilding CXX object CMakeFiles/my_robot_interfaces__rosidl_typesupport_fastrtps_cpp.dir/rosidl_typesupport_fastrtps_cpp/my_robot_interfaces/srv/detail/dds_fastrtps/set_led_panel_state__type_support.cpp.o[0m
[2.730s] [ 73%] [32mBuilding CXX object CMakeFiles/my_robot_interfaces__rosidl_typesupport_introspection_cpp.dir/rosidl_typesupport_introspection_cpp/my_robot_interfaces/srv/detail/compute_rectangle_area__type_support.cpp.o[0m
[2.730s] [ 73%] [32mBuilding CXX object CMakeFiles/my_robot_interfaces__rosidl_typesupport_introspection_cpp.dir/rosidl_typesupport_introspection_cpp/my_robot_interfaces/msg/detail/new_turtle__type_support.cpp.o[0m
[2.742s] [ 74%] [32mBuilding CXX object CMakeFiles/my_robot_interfaces__rosidl_typesupport_introspection_cpp.dir/rosidl_typesupport_introspection_cpp/my_robot_interfaces/msg/detail/new_turtle_list__type_support.cpp.o[0m
[2.760s] [ 76%] [32mBuilding CXX object CMakeFiles/my_robot_interfaces__rosidl_typesupport_introspection_cpp.dir/rosidl_typesupport_introspection_cpp/my_robot_interfaces/srv/detail/set_led_panel_state__type_support.cpp.o[0m
[2.802s] [ 77%] [32m[1mLinking CXX shared library libmy_robot_interfaces__rosidl_typesupport_fastrtps_c.so[0m
[2.873s] [ 77%] Built target my_robot_interfaces__rosidl_typesupport_fastrtps_c
[2.983s] [ 78%] [32m[1mLinking CXX shared library libmy_robot_interfaces__rosidl_typesupport_fastrtps_cpp.so[0m
[3.070s] [ 78%] Built target my_robot_interfaces__rosidl_typesupport_fastrtps_cpp
[3.105s] [ 80%] [32m[1mLinking CXX shared library libmy_robot_interfaces__rosidl_typesupport_introspection_cpp.so[0m
[3.178s] [ 80%] Built target my_robot_interfaces__rosidl_typesupport_introspection_cpp
[3.195s] [ 80%] Built target my_robot_interfaces
[3.217s] [ 81%] [34m[1mGenerating Python code for ROS interfaces[0m
[3.810s] [ 81%] Built target my_robot_interfaces__py
[3.822s] [35m[1mConsolidate compiler generated dependencies of target my_robot_interfaces__rosidl_generator_py[0m
[3.837s] [ 83%] [32mBuilding C object CMakeFiles/my_robot_interfaces__rosidl_generator_py.dir/rosidl_generator_py/my_robot_interfaces/msg/_new_turtle_s.c.o[0m
[3.838s] [ 84%] [32mBuilding C object CMakeFiles/my_robot_interfaces__rosidl_generator_py.dir/rosidl_generator_py/my_robot_interfaces/msg/_new_turtle_list_s.c.o[0m
[3.838s] [ 85%] [32mBuilding C object CMakeFiles/my_robot_interfaces__rosidl_generator_py.dir/rosidl_generator_py/my_robot_interfaces/msg/_led_panel_state_s.c.o[0m
[3.838s] [ 87%] [32mBuilding C object CMakeFiles/my_robot_interfaces__rosidl_generator_py.dir/rosidl_generator_py/my_robot_interfaces/msg/_hardware_status_s.c.o[0m
[3.842s] [ 88%] [32mBuilding C object CMakeFiles/my_robot_interfaces__rosidl_generator_py.dir/rosidl_generator_py/my_robot_interfaces/srv/_compute_rectangle_area_s.c.o[0m
[3.843s] [ 90%] [32mBuilding C object CMakeFiles/my_robot_interfaces__rosidl_generator_py.dir/rosidl_generator_py/my_robot_interfaces/srv/_set_led_panel_state_s.c.o[0m
[3.943s] [ 91%] [32m[1mLinking C shared library rosidl_generator_py/my_robot_interfaces/libmy_robot_interfaces__rosidl_generator_py.so[0m
[3.981s] [ 91%] Built target my_robot_interfaces__rosidl_generator_py
[3.992s] [35m[1mConsolidate compiler generated dependencies of target my_robot_interfaces__rosidl_typesupport_fastrtps_c__pyext[0m
[3.992s] [35m[1mConsolidate compiler generated dependencies of target my_robot_interfaces__rosidl_typesupport_introspection_c__pyext[0m
[3.993s] [35m[1mConsolidate compiler generated dependencies of target my_robot_interfaces__rosidl_typesupport_c__pyext[0m
[4.002s] [ 94%] [32mBuilding C object CMakeFiles/my_robot_interfaces__rosidl_typesupport_c__pyext.dir/rosidl_generator_py/my_robot_interfaces/_my_robot_interfaces_s.ep.rosidl_typesupport_c.c.o[0m
[4.002s] [ 94%] [32mBuilding C object CMakeFiles/my_robot_interfaces__rosidl_typesupport_introspection_c__pyext.dir/rosidl_generator_py/my_robot_interfaces/_my_robot_interfaces_s.ep.rosidl_typesupport_introspection_c.c.o[0m
[4.002s] [ 95%] [32mBuilding C object CMakeFiles/my_robot_interfaces__rosidl_typesupport_fastrtps_c__pyext.dir/rosidl_generator_py/my_robot_interfaces/_my_robot_interfaces_s.ep.rosidl_typesupport_fastrtps_c.c.o[0m
[4.089s] [ 97%] [32m[1mLinking C shared library rosidl_generator_py/my_robot_interfaces/my_robot_interfaces_s__rosidl_typesupport_c.cpython-310-x86_64-linux-gnu.so[0m
[4.093s] [ 98%] [32m[1mLinking C shared library rosidl_generator_py/my_robot_interfaces/my_robot_interfaces_s__rosidl_typesupport_introspection_c.cpython-310-x86_64-linux-gnu.so[0m
[4.094s] [100%] [32m[1mLinking C shared library rosidl_generator_py/my_robot_interfaces/my_robot_interfaces_s__rosidl_typesupport_fastrtps_c.cpython-310-x86_64-linux-gnu.so[0m
[4.129s] [100%] Built target my_robot_interfaces__rosidl_typesupport_introspection_c__pyext
[4.129s] [100%] Built target my_robot_interfaces__rosidl_typesupport_c__pyext
[4.129s] [100%] Built target my_robot_interfaces__rosidl_typesupport_fastrtps_c__pyext
[4.144s] Invoked command in '/home/wward/ros2_workspace/build/my_robot_interfaces' returned '0': CMAKE_PREFIX_PATH=${CMAKE_PREFIX_PATH}:/home/wward/ros2_workspace/install/my_python_pkg:/opt/ros/humble /usr/bin/cmake --build /home/wward/ros2_workspace/build/my_robot_interfaces -- -j8 -l8
[4.395s] Invoking command in '/home/wward/ros2_workspace/build/my_robot_interfaces': CMAKE_PREFIX_PATH=${CMAKE_PREFIX_PATH}:/home/wward/ros2_workspace/install/my_python_pkg:/opt/ros/humble /usr/bin/cmake --install /home/wward/ros2_workspace/build/my_robot_interfaces
[4.401s] -- Install configuration: ""
[4.401s] -- Installing: /home/wward/ros2_workspace/install/my_robot_interfaces/share/ament_index/resource_index/rosidl_interfaces/my_robot_interfaces
[4.401s] -- Up-to-date: /home/wward/ros2_workspace/install/my_robot_interfaces/include/my_robot_interfaces/my_robot_interfaces
[4.401s] -- Up-to-date: /home/wward/ros2_workspace/install/my_robot_interfaces/include/my_robot_interfaces/my_robot_interfaces/srv
[4.401s] -- Up-to-date: /home/wward/ros2_workspace/install/my_robot_interfaces/include/my_robot_interfaces/my_robot_interfaces/srv/set_led_panel_state_custom.h
[4.401s] -- Up-to-date: /home/wward/ros2_workspace/install/my_robot_interfaces/include/my_robot_interfaces/my_robot_interfaces/srv/detail
[4.402s] -- Installing: /home/wward/ros2_workspace/install/my_robot_interfaces/include/my_robot_interfaces/my_robot_interfaces/srv/detail/compute_rectangle_area__functions.c
[4.402s] -- Up-to-date: /home/wward/ros2_workspace/install/my_robot_interfaces/include/my_robot_interfaces/my_robot_interfaces/srv/detail/set_led_panel_state_custom__functions.c
[4.404s] -- Up-to-date: /home/wward/ros2_workspace/install/my_robot_interfaces/include/my_robot_interfaces/my_robot_interfaces/srv/detail/set_led_panel_state_custom__functions.h
[4.404s] -- Installing: /home/wward/ros2_workspace/install/my_robot_interfaces/include/my_robot_interfaces/my_robot_interfaces/srv/detail/set_led_panel_state__struct.h
[4.404s] -- Up-to-date: /home/wward/ros2_workspace/install/my_robot_interfaces/include/my_robot_interfaces/my_robot_interfaces/srv/detail/compute_rectangle_area_custom__type_support.h
[4.404s] -- Installing: /home/wward/ros2_workspace/install/my_robot_interfaces/include/my_robot_interfaces/my_robot_interfaces/srv/detail/compute_rectangle_area__struct.h
[4.404s] -- Installing: /home/wward/ros2_workspace/install/my_robot_interfaces/include/my_robot_interfaces/my_robot_interfaces/srv/detail/compute_rectangle_area__type_support.h
[4.404s] -- Installing: /home/wward/ros2_workspace/install/my_robot_interfaces/include/my_robot_interfaces/my_robot_interfaces/srv/detail/set_led_panel_state__functions.c
[4.404s] -- Up-to-date: /home/wward/ros2_workspace/install/my_robot_interfaces/include/my_robot_interfaces/my_robot_interfaces/srv/detail/set_led_panel_state_custom__struct.h
[4.405s] -- Up-to-date: /home/wward/ros2_workspace/install/my_robot_interfaces/include/my_robot_interfaces/my_robot_interfaces/srv/detail/set_led_panel_state_custom__type_support.h
[4.405s] -- Up-to-date: /home/wward/ros2_workspace/install/my_robot_interfaces/include/my_robot_interfaces/my_robot_interfaces/srv/detail/compute_rectangle_area_custom__struct.h
[4.405s] -- Up-to-date: /home/wward/ros2_workspace/install/my_robot_interfaces/include/my_robot_interfaces/my_robot_interfaces/srv/detail/compute_rectangle_area_custom__functions.h
[4.405s] -- Up-to-date: /home/wward/ros2_workspace/install/my_robot_interfaces/include/my_robot_interfaces/my_robot_interfaces/srv/detail/compute_rectangle_area_custom__functions.c
[4.405s] -- Installing: /home/wward/ros2_workspace/install/my_robot_interfaces/include/my_robot_interfaces/my_robot_interfaces/srv/detail/set_led_panel_state__functions.h
[4.406s] -- Installing: /home/wward/ros2_workspace/install/my_robot_interfaces/include/my_robot_interfaces/my_robot_interfaces/srv/detail/compute_rectangle_area__functions.h
[4.406s] -- Installing: /home/wward/ros2_workspace/install/my_robot_interfaces/include/my_robot_interfaces/my_robot_interfaces/srv/detail/set_led_panel_state__type_support.h
[4.406s] -- Up-to-date: /home/wward/ros2_workspace/install/my_robot_interfaces/include/my_robot_interfaces/my_robot_interfaces/srv/compute_rectangle_area_custom.h
[4.406s] -- Installing: /home/wward/ros2_workspace/install/my_robot_interfaces/include/my_robot_interfaces/my_robot_interfaces/srv/set_led_panel_state.h
[4.406s] -- Installing: /home/wward/ros2_workspace/install/my_robot_interfaces/include/my_robot_interfaces/my_robot_interfaces/srv/compute_rectangle_area.h
[4.407s] -- Up-to-date: /home/wward/ros2_workspace/install/my_robot_interfaces/include/my_robot_interfaces/my_robot_interfaces/msg
[4.407s] -- Installing: /home/wward/ros2_workspace/install/my_robot_interfaces/include/my_robot_interfaces/my_robot_interfaces/msg/new_turtle_list.h
[4.408s] -- Installing: /home/wward/ros2_workspace/install/my_robot_interfaces/include/my_robot_interfaces/my_robot_interfaces/msg/new_turtle.h
[4.408s] -- Installing: /home/wward/ros2_workspace/install/my_robot_interfaces/include/my_robot_interfaces/my_robot_interfaces/msg/hardware_status.h
[4.408s] -- Up-to-date: /home/wward/ros2_workspace/install/my_robot_interfaces/include/my_robot_interfaces/my_robot_interfaces/msg/detail
[4.408s] -- Up-to-date: /home/wward/ros2_workspace/install/my_robot_interfaces/include/my_robot_interfaces/my_robot_interfaces/msg/detail/led_panel_state_custom__struct.h
[4.408s] -- Installing: /home/wward/ros2_workspace/install/my_robot_interfaces/include/my_robot_interfaces/my_robot_interfaces/msg/detail/hardware_status__functions.h
[4.408s] -- Installing: /home/wward/ros2_workspace/install/my_robot_interfaces/include/my_robot_interfaces/my_robot_interfaces/msg/detail/new_turtle_list__type_support.h
[4.408s] -- Installing: /home/wward/ros2_workspace/install/my_robot_interfaces/include/my_robot_interfaces/my_robot_interfaces/msg/detail/new_turtle_list__functions.h
[4.408s] -- Installing: /home/wward/ros2_workspace/install/my_robot_interfaces/include/my_robot_interfaces/my_robot_interfaces/msg/detail/new_turtle__functions.h
[4.409s] -- Installing: /home/wward/ros2_workspace/install/my_robot_interfaces/include/my_robot_interfaces/my_robot_interfaces/msg/detail/new_turtle__functions.c
[4.409s] -- Up-to-date: /home/wward/ros2_workspace/install/my_robot_interfaces/include/my_robot_interfaces/my_robot_interfaces/msg/detail/led_panel_state_custom__functions.h
[4.409s] -- Up-to-date: /home/wward/ros2_workspace/install/my_robot_interfaces/include/my_robot_interfaces/my_robot_interfaces/msg/detail/led_panel_state_custom__functions.c
[4.413s] -- Installing: /home/wward/ros2_workspace/install/my_robot_interfaces/include/my_robot_interfaces/my_robot_interfaces/msg/detail/new_turtle_list__functions.c
[4.413s] -- Installing: /home/wward/ros2_workspace/install/my_robot_interfaces/include/my_robot_interfaces/my_robot_interfaces/msg/detail/led_panel_state__functions.c
[4.413s] -- Installing: /home/wward/ros2_workspace/install/my_robot_interfaces/include/my_robot_interfaces/my_robot_interfaces/msg/detail/hardware_status__functions.c
[4.413s] -- Installing: /home/wward/ros2_workspace/install/my_robot_interfaces/include/my_robot_interfaces/my_robot_interfaces/msg/detail/new_turtle__struct.h
[4.413s] -- Installing: /home/wward/ros2_workspace/install/my_robot_interfaces/include/my_robot_interfaces/my_robot_interfaces/msg/detail/led_panel_state__functions.h
[4.414s] -- Installing: /home/wward/ros2_workspace/install/my_robot_interfaces/include/my_robot_interfaces/my_robot_interfaces/msg/detail/led_panel_state__struct.h
[4.414s] -- Installing: /home/wward/ros2_workspace/install/my_robot_interfaces/include/my_robot_interfaces/my_robot_interfaces/msg/detail/hardware_status__type_support.h
[4.414s] -- Up-to-date: /home/wward/ros2_workspace/install/my_robot_interfaces/include/my_robot_interfaces/my_robot_interfaces/msg/detail/led_panel_state_custom__type_support.h
[4.414s] -- Installing: /home/wward/ros2_workspace/install/my_robot_interfaces/include/my_robot_interfaces/my_robot_interfaces/msg/detail/new_turtle_list__struct.h
[4.415s] -- Installing: /home/wward/ros2_workspace/install/my_robot_interfaces/include/my_robot_interfaces/my_robot_interfaces/msg/detail/hardware_status__struct.h
[4.415s] -- Installing: /home/wward/ros2_workspace/install/my_robot_interfaces/include/my_robot_interfaces/my_robot_interfaces/msg/detail/new_turtle__type_support.h
[4.415s] -- Installing: /home/wward/ros2_workspace/install/my_robot_interfaces/include/my_robot_interfaces/my_robot_interfaces/msg/detail/led_panel_state__type_support.h
[4.415s] -- Installing: /home/wward/ros2_workspace/install/my_robot_interfaces/include/my_robot_interfaces/my_robot_interfaces/msg/led_panel_state.h
[4.415s] -- Up-to-date: /home/wward/ros2_workspace/install/my_robot_interfaces/include/my_robot_interfaces/my_robot_interfaces/msg/led_panel_state_custom.h
[4.415s] -- Up-to-date: /home/wward/ros2_workspace/install/my_robot_interfaces/include/my_robot_interfaces/my_robot_interfaces/msg/rosidl_generator_c__visibility_control.h
[4.415s] -- Up-to-date: /home/wward/ros2_workspace/install/my_robot_interfaces/share/my_robot_interfaces/environment/library_path.sh
[4.415s] -- Installing: /home/wward/ros2_workspace/install/my_robot_interfaces/share/my_robot_interfaces/environment/library_path.dsv
[4.416s] -- Installing: /home/wward/ros2_workspace/install/my_robot_interfaces/lib/libmy_robot_interfaces__rosidl_generator_c.so
[4.416s] -- Set runtime path of "/home/wward/ros2_workspace/install/my_robot_interfaces/lib/libmy_robot_interfaces__rosidl_generator_c.so" to ""
[4.416s] -- Up-to-date: /home/wward/ros2_workspace/install/my_robot_interfaces/include/my_robot_interfaces/my_robot_interfaces
[4.416s] -- Up-to-date: /home/wward/ros2_workspace/install/my_robot_interfaces/include/my_robot_interfaces/my_robot_interfaces/srv
[4.416s] -- Up-to-date: /home/wward/ros2_workspace/install/my_robot_interfaces/include/my_robot_interfaces/my_robot_interfaces/srv/detail
[4.416s] -- Up-to-date: /home/wward/ros2_workspace/install/my_robot_interfaces/include/my_robot_interfaces/my_robot_interfaces/srv/detail/compute_rectangle_area_custom__rosidl_typesupport_fastrtps_c.h
[4.416s] -- Installing: /home/wward/ros2_workspace/install/my_robot_interfaces/include/my_robot_interfaces/my_robot_interfaces/srv/detail/set_led_panel_state__rosidl_typesupport_fastrtps_c.h
[4.416s] -- Installing: /home/wward/ros2_workspace/install/my_robot_interfaces/include/my_robot_interfaces/my_robot_interfaces/srv/detail/compute_rectangle_area__rosidl_typesupport_fastrtps_c.h
[4.417s] -- Up-to-date: /home/wward/ros2_workspace/install/my_robot_interfaces/include/my_robot_interfaces/my_robot_interfaces/srv/detail/set_led_panel_state_custom__rosidl_typesupport_fastrtps_c.h
[4.417s] -- Up-to-date: /home/wward/ros2_workspace/install/my_robot_interfaces/include/my_robot_interfaces/my_robot_interfaces/msg
[4.417s] -- Up-to-date: /home/wward/ros2_workspace/install/my_robot_interfaces/include/my_robot_interfaces/my_robot_interfaces/msg/detail
[4.417s] -- Installing: /home/wward/ros2_workspace/install/my_robot_interfaces/include/my_robot_interfaces/my_robot_interfaces/msg/detail/led_panel_state__rosidl_typesupport_fastrtps_c.h
[4.417s] -- Installing: /home/wward/ros2_workspace/install/my_robot_interfaces/include/my_robot_interfaces/my_robot_interfaces/msg/detail/hardware_status__rosidl_typesupport_fastrtps_c.h
[4.417s] -- Installing: /home/wward/ros2_workspace/install/my_robot_interfaces/include/my_robot_interfaces/my_robot_interfaces/msg/detail/new_turtle__rosidl_typesupport_fastrtps_c.h
[4.418s] -- Installing: /home/wward/ros2_workspace/install/my_robot_interfaces/include/my_robot_interfaces/my_robot_interfaces/msg/detail/new_turtle_list__rosidl_typesupport_fastrtps_c.h
[4.420s] -- Up-to-date: /home/wward/ros2_workspace/install/my_robot_interfaces/include/my_robot_interfaces/my_robot_interfaces/msg/detail/led_panel_state_custom__rosidl_typesupport_fastrtps_c.h
[4.421s] -- Up-to-date: /home/wward/ros2_workspace/install/my_robot_interfaces/include/my_robot_interfaces/my_robot_interfaces/msg/rosidl_typesupport_fastrtps_c__visibility_control.h
[4.421s] -- Installing: /home/wward/ros2_workspace/install/my_robot_interfaces/lib/libmy_robot_interfaces__rosidl_typesupport_fastrtps_c.so
[4.421s] -- Set runtime path of "/home/wward/ros2_workspace/install/my_robot_interfaces/lib/libmy_robot_interfaces__rosidl_typesupport_fastrtps_c.so" to ""
[4.421s] -- Up-to-date: /home/wward/ros2_workspace/install/my_robot_interfaces/include/my_robot_interfaces/my_robot_interfaces
[4.422s] -- Up-to-date: /home/wward/ros2_workspace/install/my_robot_interfaces/include/my_robot_interfaces/my_robot_interfaces/srv
[4.423s] -- Up-to-date: /home/wward/ros2_workspace/install/my_robot_interfaces/include/my_robot_interfaces/my_robot_interfaces/srv/detail
[4.423s] -- Up-to-date: /home/wward/ros2_workspace/install/my_robot_interfaces/include/my_robot_interfaces/my_robot_interfaces/srv/detail/set_led_panel_state_custom__rosidl_typesupport_introspection_c.h
[4.423s] -- Up-to-date: /home/wward/ros2_workspace/install/my_robot_interfaces/include/my_robot_interfaces/my_robot_interfaces/srv/detail/compute_rectangle_area_custom__type_support.c
[4.423s] -- Installing: /home/wward/ros2_workspace/install/my_robot_interfaces/include/my_robot_interfaces/my_robot_interfaces/srv/detail/compute_rectangle_area__type_support.c
[4.423s] -- Up-to-date: /home/wward/ros2_workspace/install/my_robot_interfaces/include/my_robot_interfaces/my_robot_interfaces/srv/detail/set_led_panel_state_custom__type_support.c
[4.423s] -- Installing: /home/wward/ros2_workspace/install/my_robot_interfaces/include/my_robot_interfaces/my_robot_interfaces/srv/detail/set_led_panel_state__type_support.c
[4.425s] -- Installing: /home/wward/ros2_workspace/install/my_robot_interfaces/include/my_robot_interfaces/my_robot_interfaces/srv/detail/compute_rectangle_area__rosidl_typesupport_introspection_c.h
[4.425s] -- Installing: /home/wward/ros2_workspace/install/my_robot_interfaces/include/my_robot_interfaces/my_robot_interfaces/srv/detail/set_led_panel_state__rosidl_typesupport_introspection_c.h
[4.425s] -- Up-to-date: /home/wward/ros2_workspace/install/my_robot_interfaces/include/my_robot_interfaces/my_robot_interfaces/srv/detail/compute_rectangle_area_custom__rosidl_typesupport_introspection_c.h
[4.426s] -- Up-to-date: /home/wward/ros2_workspace/install/my_robot_interfaces/include/my_robot_interfaces/my_robot_interfaces/msg
[4.426s] -- Up-to-date: /home/wward/ros2_workspace/install/my_robot_interfaces/include/my_robot_interfaces/my_robot_interfaces/msg/detail
[4.426s] -- Installing: /home/wward/ros2_workspace/install/my_robot_interfaces/include/my_robot_interfaces/my_robot_interfaces/msg/detail/new_turtle__type_support.c
[4.427s] -- Up-to-date: /home/wward/ros2_workspace/install/my_robot_interfaces/include/my_robot_interfaces/my_robot_interfaces/msg/detail/led_panel_state_custom__type_support.c
[4.427s] -- Installing: /home/wward/ros2_workspace/install/my_robot_interfaces/include/my_robot_interfaces/my_robot_interfaces/msg/detail/led_panel_state__type_support.c
[4.427s] -- Up-to-date: /home/wward/ros2_workspace/install/my_robot_interfaces/include/my_robot_interfaces/my_robot_interfaces/msg/detail/led_panel_state_custom__rosidl_typesupport_introspection_c.h
[4.427s] -- Installing: /home/wward/ros2_workspace/install/my_robot_interfaces/include/my_robot_interfaces/my_robot_interfaces/msg/detail/new_turtle__rosidl_typesupport_introspection_c.h
[4.427s] -- Installing: /home/wward/ros2_workspace/install/my_robot_interfaces/include/my_robot_interfaces/my_robot_interfaces/msg/detail/hardware_status__type_support.c
[4.427s] -- Installing: /home/wward/ros2_workspace/install/my_robot_interfaces/include/my_robot_interfaces/my_robot_interfaces/msg/detail/led_panel_state__rosidl_typesupport_introspection_c.h
[4.428s] -- Installing: /home/wward/ros2_workspace/install/my_robot_interfaces/include/my_robot_interfaces/my_robot_interfaces/msg/detail/new_turtle_list__type_support.c
[4.428s] -- Installing: /home/wward/ros2_workspace/install/my_robot_interfaces/include/my_robot_interfaces/my_robot_interfaces/msg/detail/hardware_status__rosidl_typesupport_introspection_c.h
[4.428s] -- Installing: /home/wward/ros2_workspace/install/my_robot_interfaces/include/my_robot_interfaces/my_robot_interfaces/msg/detail/new_turtle_list__rosidl_typesupport_introspection_c.h
[4.428s] -- Up-to-date: /home/wward/ros2_workspace/install/my_robot_interfaces/include/my_robot_interfaces/my_robot_interfaces/msg/rosidl_typesupport_introspection_c__visibility_control.h
[4.428s] -- Installing: /home/wward/ros2_workspace/install/my_robot_interfaces/lib/libmy_robot_interfaces__rosidl_typesupport_introspection_c.so
[4.428s] -- Set runtime path of "/home/wward/ros2_workspace/install/my_robot_interfaces/lib/libmy_robot_interfaces__rosidl_typesupport_introspection_c.so" to ""
[4.428s] -- Installing: /home/wward/ros2_workspace/install/my_robot_interfaces/lib/libmy_robot_interfaces__rosidl_typesupport_c.so
[4.429s] -- Set runtime path of "/home/wward/ros2_workspace/install/my_robot_interfaces/lib/libmy_robot_interfaces__rosidl_typesupport_c.so" to ""
[4.429s] -- Up-to-date: /home/wward/ros2_workspace/install/my_robot_interfaces/include/my_robot_interfaces/my_robot_interfaces
[4.429s] -- Up-to-date: /home/wward/ros2_workspace/install/my_robot_interfaces/include/my_robot_interfaces/my_robot_interfaces/srv
[4.429s] -- Installing: /home/wward/ros2_workspace/install/my_robot_interfaces/include/my_robot_interfaces/my_robot_interfaces/srv/compute_rectangle_area.hpp
[4.429s] -- Installing: /home/wward/ros2_workspace/install/my_robot_interfaces/include/my_robot_interfaces/my_robot_interfaces/srv/set_led_panel_state.hpp
[4.429s] -- Up-to-date: /home/wward/ros2_workspace/install/my_robot_interfaces/include/my_robot_interfaces/my_robot_interfaces/srv/detail
[4.429s] -- Up-to-date: /home/wward/ros2_workspace/install/my_robot_interfaces/include/my_robot_interfaces/my_robot_interfaces/srv/detail/compute_rectangle_area_custom__traits.hpp
[4.430s] -- Installing: /home/wward/ros2_workspace/install/my_robot_interfaces/include/my_robot_interfaces/my_robot_interfaces/srv/detail/set_led_panel_state__struct.hpp
[4.430s] -- Up-to-date: /home/wward/ros2_workspace/install/my_robot_interfaces/include/my_robot_interfaces/my_robot_interfaces/srv/detail/compute_rectangle_area_custom__struct.hpp
[4.430s] -- Installing: /home/wward/ros2_workspace/install/my_robot_interfaces/include/my_robot_interfaces/my_robot_interfaces/srv/detail/set_led_panel_state__traits.hpp
[4.430s] -- Up-to-date: /home/wward/ros2_workspace/install/my_robot_interfaces/include/my_robot_interfaces/my_robot_interfaces/srv/detail/compute_rectangle_area_custom__builder.hpp
[4.430s] -- Installing: /home/wward/ros2_workspace/install/my_robot_interfaces/include/my_robot_interfaces/my_robot_interfaces/srv/detail/compute_rectangle_area__builder.hpp
[4.430s] -- Up-to-date: /home/wward/ros2_workspace/install/my_robot_interfaces/include/my_robot_interfaces/my_robot_interfaces/srv/detail/set_led_panel_state_custom__builder.hpp
[4.430s] -- Installing: /home/wward/ros2_workspace/install/my_robot_interfaces/include/my_robot_interfaces/my_robot_interfaces/srv/detail/compute_rectangle_area__traits.hpp
[4.430s] -- Up-to-date: /home/wward/ros2_workspace/install/my_robot_interfaces/include/my_robot_interfaces/my_robot_interfaces/srv/detail/set_led_panel_state_custom__traits.hpp
[4.431s] -- Installing: /home/wward/ros2_workspace/install/my_robot_interfaces/include/my_robot_interfaces/my_robot_interfaces/srv/detail/set_led_panel_state__builder.hpp
[4.431s] -- Up-to-date: /home/wward/ros2_workspace/install/my_robot_interfaces/include/my_robot_interfaces/my_robot_interfaces/srv/detail/set_led_panel_state_custom__struct.hpp
[4.431s] -- Installing: /home/wward/ros2_workspace/install/my_robot_interfaces/include/my_robot_interfaces/my_robot_interfaces/srv/detail/compute_rectangle_area__struct.hpp
[4.431s] -- Up-to-date: /home/wward/ros2_workspace/install/my_robot_interfaces/include/my_robot_interfaces/my_robot_interfaces/srv/compute_rectangle_area_custom.hpp
[4.431s] -- Up-to-date: /home/wward/ros2_workspace/install/my_robot_interfaces/include/my_robot_interfaces/my_robot_interfaces/srv/set_led_panel_state_custom.hpp
[4.431s] -- Up-to-date: /home/wward/ros2_workspace/install/my_robot_interfaces/include/my_robot_interfaces/my_robot_interfaces/msg
[4.431s] -- Installing: /home/wward/ros2_workspace/install/my_robot_interfaces/include/my_robot_interfaces/my_robot_interfaces/msg/new_turtle.hpp
[4.431s] -- Up-to-date: /home/wward/ros2_workspace/install/my_robot_interfaces/include/my_robot_interfaces/my_robot_interfaces/msg/led_panel_state_custom.hpp
[4.431s] -- Installing: /home/wward/ros2_workspace/install/my_robot_interfaces/include/my_robot_interfaces/my_robot_interfaces/msg/hardware_status.hpp
[4.432s] -- Up-to-date: /home/wward/ros2_workspace/install/my_robot_interfaces/include/my_robot_interfaces/my_robot_interfaces/msg/detail
[4.432s] -- Installing: /home/wward/ros2_workspace/install/my_robot_interfaces/include/my_robot_interfaces/my_robot_interfaces/msg/detail/led_panel_state__traits.hpp
[4.432s] -- Installing: /home/wward/ros2_workspace/install/my_robot_interfaces/include/my_robot_interfaces/my_robot_interfaces/msg/detail/hardware_status__struct.hpp
[4.432s] -- Installing: /home/wward/ros2_workspace/install/my_robot_interfaces/include/my_robot_interfaces/my_robot_interfaces/msg/detail/new_turtle_list__builder.hpp
[4.432s] -- Installing: /home/wward/ros2_workspace/install/my_robot_interfaces/include/my_robot_interfaces/my_robot_interfaces/msg/detail/new_turtle__traits.hpp
[4.432s] -- Installing: /home/wward/ros2_workspace/install/my_robot_interfaces/include/my_robot_interfaces/my_robot_interfaces/msg/detail/new_turtle__struct.hpp
[4.432s] -- Installing: /home/wward/ros2_workspace/install/my_robot_interfaces/include/my_robot_interfaces/my_robot_interfaces/msg/detail/hardware_status__builder.hpp
[4.433s] -- Installing: /home/wward/ros2_workspace/install/my_robot_interfaces/include/my_robot_interfaces/my_robot_interfaces/msg/detail/new_turtle_list__traits.hpp
[4.433s] -- Installing: /home/wward/ros2_workspace/install/my_robot_interfaces/include/my_robot_interfaces/my_robot_interfaces/msg/detail/new_turtle_list__struct.hpp
[4.433s] -- Installing: /home/wward/ros2_workspace/install/my_robot_interfaces/include/my_robot_interfaces/my_robot_interfaces/msg/detail/hardware_status__traits.hpp
[4.433s] -- Installing: /home/wward/ros2_workspace/install/my_robot_interfaces/include/my_robot_interfaces/my_robot_interfaces/msg/detail/led_panel_state__struct.hpp
[4.433s] -- Up-to-date: /home/wward/ros2_workspace/install/my_robot_interfaces/include/my_robot_interfaces/my_robot_interfaces/msg/detail/led_panel_state_custom__builder.hpp
[4.434s] -- Up-to-date: /home/wward/ros2_workspace/install/my_robot_interfaces/include/my_robot_interfaces/my_robot_interfaces/msg/detail/led_panel_state_custom__struct.hpp
[4.434s] -- Installing: /home/wward/ros2_workspace/install/my_robot_interfaces/include/my_robot_interfaces/my_robot_interfaces/msg/detail/new_turtle__builder.hpp
[4.434s] -- Installing: /home/wward/ros2_workspace/install/my_robot_interfaces/include/my_robot_interfaces/my_robot_interfaces/msg/detail/led_panel_state__builder.hpp
[4.435s] -- Up-to-date: /home/wward/ros2_workspace/install/my_robot_interfaces/include/my_robot_interfaces/my_robot_interfaces/msg/detail/led_panel_state_custom__traits.hpp
[4.435s] -- Installing: /home/wward/ros2_workspace/install/my_robot_interfaces/include/my_robot_interfaces/my_robot_interfaces/msg/led_panel_state.hpp
[4.435s] -- Installing: /home/wward/ros2_workspace/install/my_robot_interfaces/include/my_robot_interfaces/my_robot_interfaces/msg/new_turtle_list.hpp
[4.435s] -- Up-to-date: /home/wward/ros2_workspace/install/my_robot_interfaces/include/my_robot_interfaces/my_robot_interfaces
[4.435s] -- Up-to-date: /home/wward/ros2_workspace/install/my_robot_interfaces/include/my_robot_interfaces/my_robot_interfaces/srv
[4.435s] -- Up-to-date: /home/wward/ros2_workspace/install/my_robot_interfaces/include/my_robot_interfaces/my_robot_interfaces/srv/detail
[4.435s] -- Installing: /home/wward/ros2_workspace/install/my_robot_interfaces/include/my_robot_interfaces/my_robot_interfaces/srv/detail/compute_rectangle_area__rosidl_typesupport_fastrtps_cpp.hpp
[4.435s] -- Installing: /home/wward/ros2_workspace/install/my_robot_interfaces/include/my_robot_interfaces/my_robot_interfaces/srv/detail/set_led_panel_state__rosidl_typesupport_fastrtps_cpp.hpp
[4.435s] -- Up-to-date: /home/wward/ros2_workspace/install/my_robot_interfaces/include/my_robot_interfaces/my_robot_interfaces/srv/detail/dds_fastrtps
[4.436s] -- Up-to-date: /home/wward/ros2_workspace/install/my_robot_interfaces/include/my_robot_interfaces/my_robot_interfaces/srv/detail/compute_rectangle_area_custom__rosidl_typesupport_fastrtps_cpp.hpp
[4.436s] -- Up-to-date: /home/wward/ros2_workspace/install/my_robot_interfaces/include/my_robot_interfaces/my_robot_interfaces/srv/detail/set_led_panel_state_custom__rosidl_typesupport_fastrtps_cpp.hpp
[4.436s] -- Up-to-date: /home/wward/ros2_workspace/install/my_robot_interfaces/include/my_robot_interfaces/my_robot_interfaces/msg
[4.436s] -- Up-to-date: /home/wward/ros2_workspace/install/my_robot_interfaces/include/my_robot_interfaces/my_robot_interfaces/msg/detail
[4.436s] -- Installing: /home/wward/ros2_workspace/install/my_robot_interfaces/include/my_robot_interfaces/my_robot_interfaces/msg/detail/hardware_status__rosidl_typesupport_fastrtps_cpp.hpp
[4.436s] -- Up-to-date: /home/wward/ros2_workspace/install/my_robot_interfaces/include/my_robot_interfaces/my_robot_interfaces/msg/detail/dds_fastrtps
[4.437s] -- Installing: /home/wward/ros2_workspace/install/my_robot_interfaces/include/my_robot_interfaces/my_robot_interfaces/msg/detail/new_turtle__rosidl_typesupport_fastrtps_cpp.hpp
[4.437s] -- Up-to-date: /home/wward/ros2_workspace/install/my_robot_interfaces/include/my_robot_interfaces/my_robot_interfaces/msg/detail/led_panel_state_custom__rosidl_typesupport_fastrtps_cpp.hpp
[4.437s] -- Installing: /home/wward/ros2_workspace/install/my_robot_interfaces/include/my_robot_interfaces/my_robot_interfaces/msg/detail/new_turtle_list__rosidl_typesupport_fastrtps_cpp.hpp
[4.437s] -- Installing: /home/wward/ros2_workspace/install/my_robot_interfaces/include/my_robot_interfaces/my_robot_interfaces/msg/detail/led_panel_state__rosidl_typesupport_fastrtps_cpp.hpp
[4.437s] -- Up-to-date: /home/wward/ros2_workspace/install/my_robot_interfaces/include/my_robot_interfaces/my_robot_interfaces/msg/rosidl_typesupport_fastrtps_cpp__visibility_control.h
[4.437s] -- Installing: /home/wward/ros2_workspace/install/my_robot_interfaces/lib/libmy_robot_interfaces__rosidl_typesupport_fastrtps_cpp.so
[4.437s] -- Set runtime path of "/home/wward/ros2_workspace/install/my_robot_interfaces/lib/libmy_robot_interfaces__rosidl_typesupport_fastrtps_cpp.so" to ""
[4.437s] -- Up-to-date: /home/wward/ros2_workspace/install/my_robot_interfaces/include/my_robot_interfaces/my_robot_interfaces
[4.437s] -- Up-to-date: /home/wward/ros2_workspace/install/my_robot_interfaces/include/my_robot_interfaces/my_robot_interfaces/srv
[4.437s] -- Up-to-date: /home/wward/ros2_workspace/install/my_robot_interfaces/include/my_robot_interfaces/my_robot_interfaces/srv/detail
[4.438s] -- Installing: /home/wward/ros2_workspace/install/my_robot_interfaces/include/my_robot_interfaces/my_robot_interfaces/srv/detail/set_led_panel_state__rosidl_typesupport_introspection_cpp.hpp
[4.438s] -- Installing: /home/wward/ros2_workspace/install/my_robot_interfaces/include/my_robot_interfaces/my_robot_interfaces/srv/detail/set_led_panel_state__type_support.cpp
[4.438s] -- Up-to-date: /home/wward/ros2_workspace/install/my_robot_interfaces/include/my_robot_interfaces/my_robot_interfaces/srv/detail/compute_rectangle_area_custom__rosidl_typesupport_introspection_cpp.hpp
[4.438s] -- Installing: /home/wward/ros2_workspace/install/my_robot_interfaces/include/my_robot_interfaces/my_robot_interfaces/srv/detail/compute_rectangle_area__type_support.cpp
[4.438s] -- Up-to-date: /home/wward/ros2_workspace/install/my_robot_interfaces/include/my_robot_interfaces/my_robot_interfaces/srv/detail/set_led_panel_state_custom__type_support.cpp
[4.438s] -- Up-to-date: /home/wward/ros2_workspace/install/my_robot_interfaces/include/my_robot_interfaces/my_robot_interfaces/srv/detail/compute_rectangle_area_custom__type_support.cpp
[4.438s] -- Up-to-date: /home/wward/ros2_workspace/install/my_robot_interfaces/include/my_robot_interfaces/my_robot_interfaces/srv/detail/set_led_panel_state_custom__rosidl_typesupport_introspection_cpp.hpp
[4.438s] -- Installing: /home/wward/ros2_workspace/install/my_robot_interfaces/include/my_robot_interfaces/my_robot_interfaces/srv/detail/compute_rectangle_area__rosidl_typesupport_introspection_cpp.hpp
[4.438s] -- Up-to-date: /home/wward/ros2_workspace/install/my_robot_interfaces/include/my_robot_interfaces/my_robot_interfaces/msg
[4.439s] -- Up-to-date: /home/wward/ros2_workspace/install/my_robot_interfaces/include/my_robot_interfaces/my_robot_interfaces/msg/detail
[4.439s] -- Installing: /home/wward/ros2_workspace/install/my_robot_interfaces/include/my_robot_interfaces/my_robot_interfaces/msg/detail/new_turtle_list__rosidl_typesupport_introspection_cpp.hpp
[4.439s] -- Installing: /home/wward/ros2_workspace/install/my_robot_interfaces/include/my_robot_interfaces/my_robot_interfaces/msg/detail/new_turtle_list__type_support.cpp
[4.439s] -- Up-to-date: /home/wward/ros2_workspace/install/my_robot_interfaces/include/my_robot_interfaces/my_robot_interfaces/msg/detail/led_panel_state_custom__type_support.cpp
[4.439s] -- Installing: /home/wward/ros2_workspace/install/my_robot_interfaces/include/my_robot_interfaces/my_robot_interfaces/msg/detail/led_panel_state__type_support.cpp
[4.439s] -- Installing: /home/wward/ros2_workspace/install/my_robot_interfaces/include/my_robot_interfaces/my_robot_interfaces/msg/detail/led_panel_state__rosidl_typesupport_introspection_cpp.hpp
[4.439s] -- Installing: /home/wward/ros2_workspace/install/my_robot_interfaces/include/my_robot_interfaces/my_robot_interfaces/msg/detail/hardware_status__type_support.cpp
[4.439s] -- Installing: /home/wward/ros2_workspace/install/my_robot_interfaces/include/my_robot_interfaces/my_robot_interfaces/msg/detail/hardware_status__rosidl_typesupport_introspection_cpp.hpp
[4.439s] -- Installing: /home/wward/ros2_workspace/install/my_robot_interfaces/include/my_robot_interfaces/my_robot_interfaces/msg/detail/new_turtle__rosidl_typesupport_introspection_cpp.hpp
[4.439s] -- Up-to-date: /home/wward/ros2_workspace/install/my_robot_interfaces/include/my_robot_interfaces/my_robot_interfaces/msg/detail/led_panel_state_custom__rosidl_typesupport_introspection_cpp.hpp
[4.439s] -- Installing: /home/wward/ros2_workspace/install/my_robot_interfaces/include/my_robot_interfaces/my_robot_interfaces/msg/detail/new_turtle__type_support.cpp
[4.440s] -- Installing: /home/wward/ros2_workspace/install/my_robot_interfaces/lib/libmy_robot_interfaces__rosidl_typesupport_introspection_cpp.so
[4.440s] -- Set runtime path of "/home/wward/ros2_workspace/install/my_robot_interfaces/lib/libmy_robot_interfaces__rosidl_typesupport_introspection_cpp.so" to ""
[4.440s] -- Installing: /home/wward/ros2_workspace/install/my_robot_interfaces/lib/libmy_robot_interfaces__rosidl_typesupport_cpp.so
[4.440s] -- Set runtime path of "/home/wward/ros2_workspace/install/my_robot_interfaces/lib/libmy_robot_interfaces__rosidl_typesupport_cpp.so" to ""
[4.440s] -- Up-to-date: /home/wward/ros2_workspace/install/my_robot_interfaces/share/my_robot_interfaces/environment/pythonpath.sh
[4.440s] -- Installing: /home/wward/ros2_workspace/install/my_robot_interfaces/share/my_robot_interfaces/environment/pythonpath.dsv
[4.440s] -- Up-to-date: /home/wward/ros2_workspace/install/my_robot_interfaces/local/lib/python3.10/dist-packages/my_robot_interfaces-0.0.0-py3.10.egg-info
[4.440s] -- Installing: /home/wward/ros2_workspace/install/my_robot_interfaces/local/lib/python3.10/dist-packages/my_robot_interfaces-0.0.0-py3.10.egg-info/PKG-INFO
[4.440s] -- Installing: /home/wward/ros2_workspace/install/my_robot_interfaces/local/lib/python3.10/dist-packages/my_robot_interfaces-0.0.0-py3.10.egg-info/top_level.txt
[4.441s] -- Installing: /home/wward/ros2_workspace/install/my_robot_interfaces/local/lib/python3.10/dist-packages/my_robot_interfaces-0.0.0-py3.10.egg-info/dependency_links.txt
[4.441s] -- Installing: /home/wward/ros2_workspace/install/my_robot_interfaces/local/lib/python3.10/dist-packages/my_robot_interfaces-0.0.0-py3.10.egg-info/SOURCES.txt
[4.441s] -- Up-to-date: /home/wward/ros2_workspace/install/my_robot_interfaces/local/lib/python3.10/dist-packages/my_robot_interfaces
[4.441s] -- Installing: /home/wward/ros2_workspace/install/my_robot_interfaces/local/lib/python3.10/dist-packages/my_robot_interfaces/my_robot_interfaces_s__rosidl_typesupport_fastrtps_c.cpython-310-x86_64-linux-gnu.so
[4.441s] -- Up-to-date: /home/wward/ros2_workspace/install/my_robot_interfaces/local/lib/python3.10/dist-packages/my_robot_interfaces/srv
[4.441s] -- Up-to-date: /home/wward/ros2_workspace/install/my_robot_interfaces/local/lib/python3.10/dist-packages/my_robot_interfaces/srv/_set_led_panel_state_custom.py
[4.441s] -- Up-to-date: /home/wward/ros2_workspace/install/my_robot_interfaces/local/lib/python3.10/dist-packages/my_robot_interfaces/srv/_set_led_panel_state_custom_s.c
[4.441s] -- Installing: /home/wward/ros2_workspace/install/my_robot_interfaces/local/lib/python3.10/dist-packages/my_robot_interfaces/srv/_compute_rectangle_area_s.c
[4.441s] -- Installing: /home/wward/ros2_workspace/install/my_robot_interfaces/local/lib/python3.10/dist-packages/my_robot_interfaces/srv/_set_led_panel_state.py
[4.441s] -- Installing: /home/wward/ros2_workspace/install/my_robot_interfaces/local/lib/python3.10/dist-packages/my_robot_interfaces/srv/__init__.py
[4.441s] -- Installing: /home/wward/ros2_workspace/install/my_robot_interfaces/local/lib/python3.10/dist-packages/my_robot_interfaces/srv/_set_led_panel_state_s.c
[4.442s] -- Up-to-date: /home/wward/ros2_workspace/install/my_robot_interfaces/local/lib/python3.10/dist-packages/my_robot_interfaces/srv/_compute_rectangle_area_custom_s.c
[4.442s] -- Installing: /home/wward/ros2_workspace/install/my_robot_interfaces/local/lib/python3.10/dist-packages/my_robot_interfaces/srv/_compute_rectangle_area.py
[4.442s] -- Up-to-date: /home/wward/ros2_workspace/install/my_robot_interfaces/local/lib/python3.10/dist-packages/my_robot_interfaces/srv/_compute_rectangle_area_custom.py
[4.442s] -- Up-to-date: /home/wward/ros2_workspace/install/my_robot_interfaces/local/lib/python3.10/dist-packages/my_robot_interfaces/msg
[4.442s] -- Installing: /home/wward/ros2_workspace/install/my_robot_interfaces/local/lib/python3.10/dist-packages/my_robot_interfaces/msg/_new_turtle.py
[4.442s] -- Installing: /home/wward/ros2_workspace/install/my_robot_interfaces/local/lib/python3.10/dist-packages/my_robot_interfaces/msg/_new_turtle_s.c
[4.442s] -- Up-to-date: /home/wward/ros2_workspace/install/my_robot_interfaces/local/lib/python3.10/dist-packages/my_robot_interfaces/msg/_led_panel_state_custom.py
[4.442s] -- Installing: /home/wward/ros2_workspace/install/my_robot_interfaces/local/lib/python3.10/dist-packages/my_robot_interfaces/msg/_led_panel_state.py
[4.442s] -- Up-to-date: /home/wward/ros2_workspace/install/my_robot_interfaces/local/lib/python3.10/dist-packages/my_robot_interfaces/msg/_led_panel_state_custom_s.c
[4.443s] -- Installing: /home/wward/ros2_workspace/install/my_robot_interfaces/local/lib/python3.10/dist-packages/my_robot_interfaces/msg/__init__.py
[4.443s] -- Installing: /home/wward/ros2_workspace/install/my_robot_interfaces/local/lib/python3.10/dist-packages/my_robot_interfaces/msg/_new_turtle_list.py
[4.443s] -- Installing: /home/wward/ros2_workspace/install/my_robot_interfaces/local/lib/python3.10/dist-packages/my_robot_interfaces/msg/_hardware_status_s.c
[4.443s] -- Installing: /home/wward/ros2_workspace/install/my_robot_interfaces/local/lib/python3.10/dist-packages/my_robot_interfaces/msg/_led_panel_state_s.c
[4.443s] -- Installing: /home/wward/ros2_workspace/install/my_robot_interfaces/local/lib/python3.10/dist-packages/my_robot_interfaces/msg/_hardware_status.py
[4.443s] -- Installing: /home/wward/ros2_workspace/install/my_robot_interfaces/local/lib/python3.10/dist-packages/my_robot_interfaces/msg/_new_turtle_list_s.c
[4.443s] -- Installing: /home/wward/ros2_workspace/install/my_robot_interfaces/local/lib/python3.10/dist-packages/my_robot_interfaces/my_robot_interfaces_s__rosidl_typesupport_c.cpython-310-x86_64-linux-gnu.so
[4.443s] -- Installing: /home/wward/ros2_workspace/install/my_robot_interfaces/local/lib/python3.10/dist-packages/my_robot_interfaces/_my_robot_interfaces_s.ep.rosidl_typesupport_c.c
[4.443s] -- Installing: /home/wward/ros2_workspace/install/my_robot_interfaces/local/lib/python3.10/dist-packages/my_robot_interfaces/__init__.py
[4.443s] -- Installing: /home/wward/ros2_workspace/install/my_robot_interfaces/local/lib/python3.10/dist-packages/my_robot_interfaces/my_robot_interfaces_s__rosidl_typesupport_introspection_c.cpython-310-x86_64-linux-gnu.so
[4.444s] -- Installing: /home/wward/ros2_workspace/install/my_robot_interfaces/local/lib/python3.10/dist-packages/my_robot_interfaces/_my_robot_interfaces_s.ep.rosidl_typesupport_fastrtps_c.c
[4.444s] -- Installing: /home/wward/ros2_workspace/install/my_robot_interfaces/local/lib/python3.10/dist-packages/my_robot_interfaces/_my_robot_interfaces_s.ep.rosidl_typesupport_introspection_c.c
[4.444s] -- Installing: /home/wward/ros2_workspace/install/my_robot_interfaces/local/lib/python3.10/dist-packages/my_robot_interfaces/libmy_robot_interfaces__rosidl_generator_py.so
[4.481s] Listing '/home/wward/ros2_workspace/install/my_robot_interfaces/local/lib/python3.10/dist-packages/my_robot_interfaces'...
[4.481s] Compiling '/home/wward/ros2_workspace/install/my_robot_interfaces/local/lib/python3.10/dist-packages/my_robot_interfaces/__init__.py'...
[4.482s] Listing '/home/wward/ros2_workspace/install/my_robot_interfaces/local/lib/python3.10/dist-packages/my_robot_interfaces/msg'...
[4.482s] Compiling '/home/wward/ros2_workspace/install/my_robot_interfaces/local/lib/python3.10/dist-packages/my_robot_interfaces/msg/__init__.py'...
[4.482s] Compiling '/home/wward/ros2_workspace/install/my_robot_interfaces/local/lib/python3.10/dist-packages/my_robot_interfaces/msg/_hardware_status.py'...
[4.482s] Compiling '/home/wward/ros2_workspace/install/my_robot_interfaces/local/lib/python3.10/dist-packages/my_robot_interfaces/msg/_led_panel_state.py'...
[4.482s] Compiling '/home/wward/ros2_workspace/install/my_robot_interfaces/local/lib/python3.10/dist-packages/my_robot_interfaces/msg/_new_turtle.py'...
[4.482s] Compiling '/home/wward/ros2_workspace/install/my_robot_interfaces/local/lib/python3.10/dist-packages/my_robot_interfaces/msg/_new_turtle_list.py'...
[4.482s] Listing '/home/wward/ros2_workspace/install/my_robot_interfaces/local/lib/python3.10/dist-packages/my_robot_interfaces/srv'...
[4.482s] Compiling '/home/wward/ros2_workspace/install/my_robot_interfaces/local/lib/python3.10/dist-packages/my_robot_interfaces/srv/__init__.py'...
[4.483s] Compiling '/home/wward/ros2_workspace/install/my_robot_interfaces/local/lib/python3.10/dist-packages/my_robot_interfaces/srv/_compute_rectangle_area.py'...
[4.483s] Compiling '/home/wward/ros2_workspace/install/my_robot_interfaces/local/lib/python3.10/dist-packages/my_robot_interfaces/srv/_set_led_panel_state.py'...
[4.485s] -- Installing: /home/wward/ros2_workspace/install/my_robot_interfaces/local/lib/python3.10/dist-packages/my_robot_interfaces/my_robot_interfaces_s__rosidl_typesupport_fastrtps_c.cpython-310-x86_64-linux-gnu.so
[4.485s] -- Set runtime path of "/home/wward/ros2_workspace/install/my_robot_interfaces/local/lib/python3.10/dist-packages/my_robot_interfaces/my_robot_interfaces_s__rosidl_typesupport_fastrtps_c.cpython-310-x86_64-linux-gnu.so" to ""
[4.486s] -- Installing: /home/wward/ros2_workspace/install/my_robot_interfaces/local/lib/python3.10/dist-packages/my_robot_interfaces/my_robot_interfaces_s__rosidl_typesupport_introspection_c.cpython-310-x86_64-linux-gnu.so
[4.486s] -- Set runtime path of "/home/wward/ros2_workspace/install/my_robot_interfaces/local/lib/python3.10/dist-packages/my_robot_interfaces/my_robot_interfaces_s__rosidl_typesupport_introspection_c.cpython-310-x86_64-linux-gnu.so" to ""
[4.486s] -- Installing: /home/wward/ros2_workspace/install/my_robot_interfaces/local/lib/python3.10/dist-packages/my_robot_interfaces/my_robot_interfaces_s__rosidl_typesupport_c.cpython-310-x86_64-linux-gnu.so
[4.487s] -- Set runtime path of "/home/wward/ros2_workspace/install/my_robot_interfaces/local/lib/python3.10/dist-packages/my_robot_interfaces/my_robot_interfaces_s__rosidl_typesupport_c.cpython-310-x86_64-linux-gnu.so" to ""
[4.487s] -- Installing: /home/wward/ros2_workspace/install/my_robot_interfaces/lib/libmy_robot_interfaces__rosidl_generator_py.so
[4.487s] -- Set runtime path of "/home/wward/ros2_workspace/install/my_robot_interfaces/lib/libmy_robot_interfaces__rosidl_generator_py.so" to ""
[4.487s] -- Up-to-date: /home/wward/ros2_workspace/install/my_robot_interfaces/share/my_robot_interfaces/msg/HardwareStatus.idl
[4.488s] -- Up-to-date: /home/wward/ros2_workspace/install/my_robot_interfaces/share/my_robot_interfaces/msg/LEDPanelState.idl
[4.488s] -- Up-to-date: /home/wward/ros2_workspace/install/my_robot_interfaces/share/my_robot_interfaces/msg/NewTurtle.idl
[4.488s] -- Installing: /home/wward/ros2_workspace/install/my_robot_interfaces/share/my_robot_interfaces/msg/NewTurtleList.idl
[4.488s] -- Up-to-date: /home/wward/ros2_workspace/install/my_robot_interfaces/share/my_robot_interfaces/srv/ComputeRectangleArea.idl
[4.489s] -- Up-to-date: /home/wward/ros2_workspace/install/my_robot_interfaces/share/my_robot_interfaces/srv/SetLEDPanelState.idl
[4.490s] -- Up-to-date: /home/wward/ros2_workspace/install/my_robot_interfaces/share/my_robot_interfaces/msg/HardwareStatus.msg
[4.490s] -- Up-to-date: /home/wward/ros2_workspace/install/my_robot_interfaces/share/my_robot_interfaces/msg/LEDPanelState.msg
[4.490s] -- Up-to-date: /home/wward/ros2_workspace/install/my_robot_interfaces/share/my_robot_interfaces/msg/NewTurtle.msg
[4.492s] -- Installing: /home/wward/ros2_workspace/install/my_robot_interfaces/share/my_robot_interfaces/msg/NewTurtleList.msg
[4.493s] -- Up-to-date: /home/wward/ros2_workspace/install/my_robot_interfaces/share/my_robot_interfaces/srv/ComputeRectangleArea.srv
[4.493s] -- Up-to-date: /home/wward/ros2_workspace/install/my_robot_interfaces/share/my_robot_interfaces/srv/ComputeRectangleArea_Request.msg
[4.493s] -- Up-to-date: /home/wward/ros2_workspace/install/my_robot_interfaces/share/my_robot_interfaces/srv/ComputeRectangleArea_Response.msg
[4.493s] -- Up-to-date: /home/wward/ros2_workspace/install/my_robot_interfaces/share/my_robot_interfaces/srv/SetLEDPanelState.srv
[4.493s] -- Up-to-date: /home/wward/ros2_workspace/install/my_robot_interfaces/share/my_robot_interfaces/srv/SetLEDPanelState_Request.msg
[4.498s] -- Up-to-date: /home/wward/ros2_workspace/install/my_robot_interfaces/share/my_robot_interfaces/srv/SetLEDPanelState_Response.msg
[4.498s] -- Up-to-date: /home/wward/ros2_workspace/install/my_robot_interfaces/share/ament_index/resource_index/package_run_dependencies/my_robot_interfaces
[4.498s] -- Up-to-date: /home/wward/ros2_workspace/install/my_robot_interfaces/share/ament_index/resource_index/parent_prefix_path/my_robot_interfaces
[4.499s] -- Up-to-date: /home/wward/ros2_workspace/install/my_robot_interfaces/share/my_robot_interfaces/environment/ament_prefix_path.sh
[4.499s] -- Installing: /home/wward/ros2_workspace/install/my_robot_interfaces/share/my_robot_interfaces/environment/ament_prefix_path.dsv
[4.499s] -- Up-to-date: /home/wward/ros2_workspace/install/my_robot_interfaces/share/my_robot_interfaces/environment/path.sh
[4.499s] -- Installing: /home/wward/ros2_workspace/install/my_robot_interfaces/share/my_robot_interfaces/environment/path.dsv
[4.499s] -- Up-to-date: /home/wward/ros2_workspace/install/my_robot_interfaces/share/my_robot_interfaces/local_setup.bash
[4.500s] -- Up-to-date: /home/wward/ros2_workspace/install/my_robot_interfaces/share/my_robot_interfaces/local_setup.sh
[4.500s] -- Up-to-date: /home/wward/ros2_workspace/install/my_robot_interfaces/share/my_robot_interfaces/local_setup.zsh
[4.501s] -- Installing: /home/wward/ros2_workspace/install/my_robot_interfaces/share/my_robot_interfaces/local_setup.dsv
[4.501s] -- Installing: /home/wward/ros2_workspace/install/my_robot_interfaces/share/my_robot_interfaces/package.dsv
[4.503s] -- Up-to-date: /home/wward/ros2_workspace/install/my_robot_interfaces/share/ament_index/resource_index/packages/my_robot_interfaces
[4.503s] -- Up-to-date: /home/wward/ros2_workspace/install/my_robot_interfaces/share/my_robot_interfaces/cmake/export_my_robot_interfaces__rosidl_generator_cExport.cmake
[4.503s] -- Up-to-date: /home/wward/ros2_workspace/install/my_robot_interfaces/share/my_robot_interfaces/cmake/export_my_robot_interfaces__rosidl_generator_cExport-noconfig.cmake
[4.504s] -- Up-to-date: /home/wward/ros2_workspace/install/my_robot_interfaces/share/my_robot_interfaces/cmake/export_my_robot_interfaces__rosidl_typesupport_fastrtps_cExport.cmake
[4.504s] -- Up-to-date: /home/wward/ros2_workspace/install/my_robot_interfaces/share/my_robot_interfaces/cmake/export_my_robot_interfaces__rosidl_typesupport_fastrtps_cExport-noconfig.cmake
[4.505s] -- Up-to-date: /home/wward/ros2_workspace/install/my_robot_interfaces/share/my_robot_interfaces/cmake/my_robot_interfaces__rosidl_typesupport_introspection_cExport.cmake
[4.505s] -- Up-to-date: /home/wward/ros2_workspace/install/my_robot_interfaces/share/my_robot_interfaces/cmake/my_robot_interfaces__rosidl_typesupport_introspection_cExport-noconfig.cmake
[4.505s] -- Up-to-date: /home/wward/ros2_workspace/install/my_robot_interfaces/share/my_robot_interfaces/cmake/my_robot_interfaces__rosidl_typesupport_cExport.cmake
[4.505s] -- Up-to-date: /home/wward/ros2_workspace/install/my_robot_interfaces/share/my_robot_interfaces/cmake/my_robot_interfaces__rosidl_typesupport_cExport-noconfig.cmake
[4.506s] -- Up-to-date: /home/wward/ros2_workspace/install/my_robot_interfaces/share/my_robot_interfaces/cmake/export_my_robot_interfaces__rosidl_generator_cppExport.cmake
[4.506s] -- Up-to-date: /home/wward/ros2_workspace/install/my_robot_interfaces/share/my_robot_interfaces/cmake/export_my_robot_interfaces__rosidl_typesupport_fastrtps_cppExport.cmake
[4.507s] -- Up-to-date: /home/wward/ros2_workspace/install/my_robot_interfaces/share/my_robot_interfaces/cmake/export_my_robot_interfaces__rosidl_typesupport_fastrtps_cppExport-noconfig.cmake
[4.507s] -- Up-to-date: /home/wward/ros2_workspace/install/my_robot_interfaces/share/my_robot_interfaces/cmake/my_robot_interfaces__rosidl_typesupport_introspection_cppExport.cmake
[4.507s] -- Up-to-date: /home/wward/ros2_workspace/install/my_robot_interfaces/share/my_robot_interfaces/cmake/my_robot_interfaces__rosidl_typesupport_introspection_cppExport-noconfig.cmake
[4.508s] -- Up-to-date: /home/wward/ros2_workspace/install/my_robot_interfaces/share/my_robot_interfaces/cmake/my_robot_interfaces__rosidl_typesupport_cppExport.cmake
[4.508s] -- Up-to-date: /home/wward/ros2_workspace/install/my_robot_interfaces/share/my_robot_interfaces/cmake/my_robot_interfaces__rosidl_typesupport_cppExport-noconfig.cmake
[4.508s] -- Up-to-date: /home/wward/ros2_workspace/install/my_robot_interfaces/share/my_robot_interfaces/cmake/export_my_robot_interfaces__rosidl_generator_pyExport.cmake
[4.509s] -- Up-to-date: /home/wward/ros2_workspace/install/my_robot_interfaces/share/my_robot_interfaces/cmake/export_my_robot_interfaces__rosidl_generator_pyExport-noconfig.cmake
[4.509s] -- Installing: /home/wward/ros2_workspace/install/my_robot_interfaces/share/my_robot_interfaces/cmake/rosidl_cmake-extras.cmake
[4.512s] -- Up-to-date: /home/wward/ros2_workspace/install/my_robot_interfaces/share/my_robot_interfaces/cmake/ament_cmake_export_include_directories-extras.cmake
[4.512s] -- Up-to-date: /home/wward/ros2_workspace/install/my_robot_interfaces/share/my_robot_interfaces/cmake/ament_cmake_export_libraries-extras.cmake
[4.512s] -- Up-to-date: /home/wward/ros2_workspace/install/my_robot_interfaces/share/my_robot_interfaces/cmake/ament_cmake_export_targets-extras.cmake
[4.513s] -- Up-to-date: /home/wward/ros2_workspace/install/my_robot_interfaces/share/my_robot_interfaces/cmake/rosidl_cmake_export_typesupport_targets-extras.cmake
[4.514s] -- Up-to-date: /home/wward/ros2_workspace/install/my_robot_interfaces/share/my_robot_interfaces/cmake/ament_cmake_export_dependencies-extras.cmake
[4.514s] -- Up-to-date: /home/wward/ros2_workspace/install/my_robot_interfaces/share/my_robot_interfaces/cmake/rosidl_cmake_export_typesupport_libraries-extras.cmake
[4.514s] -- Up-to-date: /home/wward/ros2_workspace/install/my_robot_interfaces/share/my_robot_interfaces/cmake/my_robot_interfacesConfig.cmake
[4.515s] -- Up-to-date: /home/wward/ros2_workspace/install/my_robot_interfaces/share/my_robot_interfaces/cmake/my_robot_interfacesConfig-version.cmake
[4.515s] -- Up-to-date: /home/wward/ros2_workspace/install/my_robot_interfaces/share/my_robot_interfaces/package.xml
[4.516s] Invoked command in '/home/wward/ros2_workspace/build/my_robot_interfaces' returned '0': CMAKE_PREFIX_PATH=${CMAKE_PREFIX_PATH}:/home/wward/ros2_workspace/install/my_python_pkg:/opt/ros/humble /usr/bin/cmake --install /home/wward/ros2_workspace/build/my_robot_interfaces
