[0.021s] Invoking command in '/home/wward/ros2_workspace/build/my_cpp_pkg': CMAKE_PREFIX_PATH=${CMAKE_PREFIX_PATH}:/home/wward/ros2_workspace/install/my_python_pkg:/opt/ros/humble /usr/bin/cmake --build /home/wward/ros2_workspace/build/my_cpp_pkg -- -j8 -l8
[0.055s] -- Found ament_cmake: 1.3.3 (/opt/ros/humble/share/ament_cmake/cmake)
[0.162s] -- Found rclcpp: 16.0.3 (/opt/ros/humble/share/rclcpp/cmake)
[0.189s] -- Found rosidl_generator_c: 3.1.4 (/opt/ros/humble/share/rosidl_generator_c/cmake)
[0.190s] -- Found rosidl_adapter: 3.1.4 (/opt/ros/humble/share/rosidl_adapter/cmake)
[0.195s] -- Found rosidl_generator_cpp: 3.1.4 (/opt/ros/humble/share/rosidl_generator_cpp/cmake)
[0.204s] -- Using all available rosidl_typesupport_c: rosidl_typesupport_fastrtps_c;rosidl_typesupport_introspection_c
[0.216s] -- Using all available rosidl_typesupport_cpp: rosidl_typesupport_fastrtps_cpp;rosidl_typesupport_introspection_cpp
[0.284s] -- Found rmw_implementation_cmake: 6.1.1 (/opt/ros/humble/share/rmw_implementation_cmake/cmake)
[0.291s] -- Found rmw_fastrtps_cpp: 6.2.2 (/opt/ros/humble/share/rmw_fastrtps_cpp/cmake)
[0.394s] -- Using RMW implementation 'rmw_fastrtps_cpp' as default
[0.515s] -- Found example_interfaces: 0.9.3 (/opt/ros/humble/share/example_interfaces/cmake)
[0.628s] -- Found std_srvs: 4.2.3 (/opt/ros/humble/share/std_srvs/cmake)
[0.643s] -- Found my_robot_interfaces: 0.0.0 (/home/wward/ros2_workspace/install/my_robot_interfaces/share/my_robot_interfaces/cmake)
[0.711s] -- Configuring done
[0.748s] -- Generating done
[0.754s] -- Build files have been written to: /home/wward/ros2_workspace/build/my_cpp_pkg
[0.786s] [35m[1mConsolidate compiler generated dependencies of target robot_news_station[0m
[0.787s] [35m[1mConsolidate compiler generated dependencies of target add_two_ints_server[0m
[0.787s] [35m[1mConsolidate compiler generated dependencies of target add_two_ints_client_no_oop[0m
[0.787s] [35m[1mConsolidate compiler generated dependencies of target number_counter[0m
[0.787s] [35m[1mConsolidate compiler generated dependencies of target smartphone[0m
[0.789s] [35m[1mConsolidate compiler generated dependencies of target cpp_node[0m
[0.789s] [35m[1mConsolidate compiler generated dependencies of target add_two_ints_client[0m
[0.815s] [ 10%] Built target robot_news_station
[0.818s] [35m[1mConsolidate compiler generated dependencies of target hw_status_publisher[0m
[0.821s] [ 20%] Built target number_counter
[0.831s] [ 30%] Built target add_two_ints_server
[0.831s] [ 40%] Built target add_two_ints_client
[0.834s] [ 50%] Built target cpp_node
[0.835s] [ 60%] Built target smartphone
[0.839s] [ 70%] Built target add_two_ints_client_no_oop
[0.854s] [ 75%] [32mBuilding CXX object CMakeFiles/hw_status_publisher.dir/src/hw_status_publisher.cpp.o[0m
[0.871s] [ 80%] [32mBuilding CXX object CMakeFiles/battery.dir/src/battery.cpp.o[0m
[0.879s] [ 85%] [32mBuilding CXX object CMakeFiles/led_panel.dir/src/led_panel.cpp.o[0m
[4.415s] [ 90%] [32m[1mLinking CXX executable battery[0m
[4.571s] [ 90%] Built target battery
[4.947s] [ 95%] [32m[1mLinking CXX executable hw_status_publisher[0m
[5.106s] [ 95%] Built target hw_status_publisher
[5.566s] [100%] [32m[1mLinking CXX executable led_panel[0m
[5.729s] [100%] Built target led_panel
[5.738s] Invoked command in '/home/wward/ros2_workspace/build/my_cpp_pkg' returned '0': CMAKE_PREFIX_PATH=${CMAKE_PREFIX_PATH}:/home/wward/ros2_workspace/install/my_python_pkg:/opt/ros/humble /usr/bin/cmake --build /home/wward/ros2_workspace/build/my_cpp_pkg -- -j8 -l8
[5.833s] Invoking command in '/home/wward/ros2_workspace/build/my_cpp_pkg': CMAKE_PREFIX_PATH=${CMAKE_PREFIX_PATH}:/home/wward/ros2_workspace/install/my_python_pkg:/opt/ros/humble /usr/bin/cmake --install /home/wward/ros2_workspace/build/my_cpp_pkg
[5.838s] -- Install configuration: ""
[5.838s] -- Up-to-date: /home/wward/ros2_workspace/install/my_cpp_pkg/lib/my_cpp_pkg/cpp_node
[5.838s] -- Up-to-date: /home/wward/ros2_workspace/install/my_cpp_pkg/lib/my_cpp_pkg/robot_news_station
[5.839s] -- Up-to-date: /home/wward/ros2_workspace/install/my_cpp_pkg/lib/my_cpp_pkg/smartphone
[5.839s] -- Up-to-date: /home/wward/ros2_workspace/install/my_cpp_pkg/lib/my_cpp_pkg/number_counter
[5.839s] -- Up-to-date: /home/wward/ros2_workspace/install/my_cpp_pkg/lib/my_cpp_pkg/add_two_ints_server
[5.840s] -- Up-to-date: /home/wward/ros2_workspace/install/my_cpp_pkg/lib/my_cpp_pkg/add_two_ints_client_no_oop
[5.840s] -- Up-to-date: /home/wward/ros2_workspace/install/my_cpp_pkg/lib/my_cpp_pkg/add_two_ints_client
[5.840s] -- Installing: /home/wward/ros2_workspace/install/my_cpp_pkg/lib/my_cpp_pkg/hw_status_publisher
[5.843s] -- Set runtime path of "/home/wward/ros2_workspace/install/my_cpp_pkg/lib/my_cpp_pkg/hw_status_publisher" to ""
[5.843s] -- Installing: /home/wward/ros2_workspace/install/my_cpp_pkg/lib/my_cpp_pkg/battery
[5.843s] -- Set runtime path of "/home/wward/ros2_workspace/install/my_cpp_pkg/lib/my_cpp_pkg/battery" to ""
[5.843s] -- Installing: /home/wward/ros2_workspace/install/my_cpp_pkg/lib/my_cpp_pkg/led_panel
[5.846s] -- Set runtime path of "/home/wward/ros2_workspace/install/my_cpp_pkg/lib/my_cpp_pkg/led_panel" to ""
[5.846s] -- Up-to-date: /home/wward/ros2_workspace/install/my_cpp_pkg/share/ament_index/resource_index/package_run_dependencies/my_cpp_pkg
[5.846s] -- Up-to-date: /home/wward/ros2_workspace/install/my_cpp_pkg/share/ament_index/resource_index/parent_prefix_path/my_cpp_pkg
[5.846s] -- Up-to-date: /home/wward/ros2_workspace/install/my_cpp_pkg/share/my_cpp_pkg/environment/ament_prefix_path.sh
[5.846s] -- Installing: /home/wward/ros2_workspace/install/my_cpp_pkg/share/my_cpp_pkg/environment/ament_prefix_path.dsv
[5.847s] -- Up-to-date: /home/wward/ros2_workspace/install/my_cpp_pkg/share/my_cpp_pkg/environment/path.sh
[5.847s] -- Installing: /home/wward/ros2_workspace/install/my_cpp_pkg/share/my_cpp_pkg/environment/path.dsv
[5.847s] -- Up-to-date: /home/wward/ros2_workspace/install/my_cpp_pkg/share/my_cpp_pkg/local_setup.bash
[5.847s] -- Up-to-date: /home/wward/ros2_workspace/install/my_cpp_pkg/share/my_cpp_pkg/local_setup.sh
[5.849s] -- Up-to-date: /home/wward/ros2_workspace/install/my_cpp_pkg/share/my_cpp_pkg/local_setup.zsh
[5.849s] -- Installing: /home/wward/ros2_workspace/install/my_cpp_pkg/share/my_cpp_pkg/local_setup.dsv
[5.850s] -- Installing: /home/wward/ros2_workspace/install/my_cpp_pkg/share/my_cpp_pkg/package.dsv
[5.850s] -- Up-to-date: /home/wward/ros2_workspace/install/my_cpp_pkg/share/ament_index/resource_index/packages/my_cpp_pkg
[5.850s] -- Up-to-date: /home/wward/ros2_workspace/install/my_cpp_pkg/share/my_cpp_pkg/cmake/my_cpp_pkgConfig.cmake
[5.855s] -- Up-to-date: /home/wward/ros2_workspace/install/my_cpp_pkg/share/my_cpp_pkg/cmake/my_cpp_pkgConfig-version.cmake
[5.855s] -- Up-to-date: /home/wward/ros2_workspace/install/my_cpp_pkg/share/my_cpp_pkg/package.xml
[5.867s] Invoked command in '/home/wward/ros2_workspace/build/my_cpp_pkg' returned '0': CMAKE_PREFIX_PATH=${CMAKE_PREFIX_PATH}:/home/wward/ros2_workspace/install/my_python_pkg:/opt/ros/humble /usr/bin/cmake --install /home/wward/ros2_workspace/build/my_cpp_pkg
