[0.045s] Invoking command in '/home/wward/ros2_workspace/build/my_robot_bringup': AMENT_PREFIX_PATH=/home/wward/ros2_workspace/install/my_python_pkg:/home/wward/ros2_workspace/install/my_robot_bringup:/home/wward/ros2_workspace/install/my_cpp_pkg:/home/wward/ros2_workspace/install/my_robot_interfaces:/opt/ros/humble CMAKE_PREFIX_PATH=/home/wward/ros2_workspace/install/my_cpp_pkg:/home/wward/ros2_workspace/install/my_robot_interfaces:/home/wward/ros2_workspace/install/my_robot_bringup:/home/wward/ros2_workspace/install/my_python_pkg:/opt/ros/humble /usr/bin/cmake /home/wward/ros2_workspace/src/my_robot_bringup -DAMENT_CMAKE_SYMLINK_INSTALL=1 -DCMAKE_INSTALL_PREFIX=/home/wward/ros2_workspace/install/my_robot_bringup
[0.045s] -- Found ament_cmake: 1.3.3 (/opt/ros/humble/share/ament_cmake/cmake)
[0.159s] -- Override CMake install command with custom implementation using symlinks instead of copying resources
[0.212s] -- Configuring done
[0.215s] -- Generating done
[0.215s] -- Build files have been written to: /home/wward/ros2_workspace/build/my_robot_bringup
[0.220s] Invoked command in '/home/wward/ros2_workspace/build/my_robot_bringup' returned '0': AMENT_PREFIX_PATH=/home/wward/ros2_workspace/install/my_python_pkg:/home/wward/ros2_workspace/install/my_robot_bringup:/home/wward/ros2_workspace/install/my_cpp_pkg:/home/wward/ros2_workspace/install/my_robot_interfaces:/opt/ros/humble CMAKE_PREFIX_PATH=/home/wward/ros2_workspace/install/my_cpp_pkg:/home/wward/ros2_workspace/install/my_robot_interfaces:/home/wward/ros2_workspace/install/my_robot_bringup:/home/wward/ros2_workspace/install/my_python_pkg:/opt/ros/humble /usr/bin/cmake /home/wward/ros2_workspace/src/my_robot_bringup -DAMENT_CMAKE_SYMLINK_INSTALL=1 -DCMAKE_INSTALL_PREFIX=/home/wward/ros2_workspace/install/my_robot_bringup
[0.221s] Invoking command in '/home/wward/ros2_workspace/build/my_robot_bringup': AMENT_PREFIX_PATH=/home/wward/ros2_workspace/install/my_python_pkg:/home/wward/ros2_workspace/install/my_robot_bringup:/home/wward/ros2_workspace/install/my_cpp_pkg:/home/wward/ros2_workspace/install/my_robot_interfaces:/opt/ros/humble CMAKE_PREFIX_PATH=/home/wward/ros2_workspace/install/my_cpp_pkg:/home/wward/ros2_workspace/install/my_robot_interfaces:/home/wward/ros2_workspace/install/my_robot_bringup:/home/wward/ros2_workspace/install/my_python_pkg:/opt/ros/humble /usr/bin/cmake --build /home/wward/ros2_workspace/build/my_robot_bringup -- -j8 -l8
[0.255s] Invoked command in '/home/wward/ros2_workspace/build/my_robot_bringup' returned '0': AMENT_PREFIX_PATH=/home/wward/ros2_workspace/install/my_python_pkg:/home/wward/ros2_workspace/install/my_robot_bringup:/home/wward/ros2_workspace/install/my_cpp_pkg:/home/wward/ros2_workspace/install/my_robot_interfaces:/opt/ros/humble CMAKE_PREFIX_PATH=/home/wward/ros2_workspace/install/my_cpp_pkg:/home/wward/ros2_workspace/install/my_robot_interfaces:/home/wward/ros2_workspace/install/my_robot_bringup:/home/wward/ros2_workspace/install/my_python_pkg:/opt/ros/humble /usr/bin/cmake --build /home/wward/ros2_workspace/build/my_robot_bringup -- -j8 -l8
[0.282s] Invoking command in '/home/wward/ros2_workspace/build/my_robot_bringup': AMENT_PREFIX_PATH=/home/wward/ros2_workspace/install/my_python_pkg:/home/wward/ros2_workspace/install/my_robot_bringup:/home/wward/ros2_workspace/install/my_cpp_pkg:/home/wward/ros2_workspace/install/my_robot_interfaces:/opt/ros/humble CMAKE_PREFIX_PATH=/home/wward/ros2_workspace/install/my_cpp_pkg:/home/wward/ros2_workspace/install/my_robot_interfaces:/home/wward/ros2_workspace/install/my_robot_bringup:/home/wward/ros2_workspace/install/my_python_pkg:/opt/ros/humble /usr/bin/cmake --install /home/wward/ros2_workspace/build/my_robot_bringup
[0.287s] -- Install configuration: ""
[0.287s] -- Execute custom install script
[0.288s] -- Up-to-date symlink: /home/wward/ros2_workspace/install/my_robot_bringup/share/my_robot_bringup/launch/number_app.launch.py
[0.288s] -- Up-to-date symlink: /home/wward/ros2_workspace/install/my_robot_bringup/share/my_robot_bringup/launch/robot_news_stations.launch.py
[0.288s] -- Up-to-date symlink: /home/wward/ros2_workspace/install/my_robot_bringup/share/my_robot_bringup/launch/turtle_project.launch.py
[0.288s] -- Up-to-date symlink: /home/wward/ros2_workspace/install/my_robot_bringup/share/ament_index/resource_index/package_run_dependencies/my_robot_bringup
[0.288s] -- Up-to-date symlink: /home/wward/ros2_workspace/install/my_robot_bringup/share/ament_index/resource_index/parent_prefix_path/my_robot_bringup
[0.289s] -- Up-to-date symlink: /home/wward/ros2_workspace/install/my_robot_bringup/share/my_robot_bringup/environment/ament_prefix_path.sh
[0.289s] -- Up-to-date symlink: /home/wward/ros2_workspace/install/my_robot_bringup/share/my_robot_bringup/environment/ament_prefix_path.dsv
[0.290s] -- Up-to-date symlink: /home/wward/ros2_workspace/install/my_robot_bringup/share/my_robot_bringup/environment/path.sh
[0.290s] -- Up-to-date symlink: /home/wward/ros2_workspace/install/my_robot_bringup/share/my_robot_bringup/environment/path.dsv
[0.290s] -- Up-to-date symlink: /home/wward/ros2_workspace/install/my_robot_bringup/share/my_robot_bringup/local_setup.bash
[0.290s] -- Up-to-date symlink: /home/wward/ros2_workspace/install/my_robot_bringup/share/my_robot_bringup/local_setup.sh
[0.291s] -- Up-to-date symlink: /home/wward/ros2_workspace/install/my_robot_bringup/share/my_robot_bringup/local_setup.zsh
[0.291s] -- Up-to-date symlink: /home/wward/ros2_workspace/install/my_robot_bringup/share/my_robot_bringup/local_setup.dsv
[0.291s] -- Symlinking: /home/wward/ros2_workspace/install/my_robot_bringup/share/my_robot_bringup/package.dsv
[0.296s] -- Up-to-date symlink: /home/wward/ros2_workspace/install/my_robot_bringup/share/ament_index/resource_index/packages/my_robot_bringup
[0.296s] -- Up-to-date symlink: /home/wward/ros2_workspace/install/my_robot_bringup/share/my_robot_bringup/cmake/my_robot_bringupConfig.cmake
[0.296s] -- Up-to-date symlink: /home/wward/ros2_workspace/install/my_robot_bringup/share/my_robot_bringup/cmake/my_robot_bringupConfig-version.cmake
[0.296s] -- Up-to-date symlink: /home/wward/ros2_workspace/install/my_robot_bringup/share/my_robot_bringup/package.xml
[0.300s] Invoked command in '/home/wward/ros2_workspace/build/my_robot_bringup' returned '0': AMENT_PREFIX_PATH=/home/wward/ros2_workspace/install/my_python_pkg:/home/wward/ros2_workspace/install/my_robot_bringup:/home/wward/ros2_workspace/install/my_cpp_pkg:/home/wward/ros2_workspace/install/my_robot_interfaces:/opt/ros/humble CMAKE_PREFIX_PATH=/home/wward/ros2_workspace/install/my_cpp_pkg:/home/wward/ros2_workspace/install/my_robot_interfaces:/home/wward/ros2_workspace/install/my_robot_bringup:/home/wward/ros2_workspace/install/my_python_pkg:/opt/ros/humble /usr/bin/cmake --install /home/wward/ros2_workspace/build/my_robot_bringup
