-- Found ament_cmake: 1.3.3 (/opt/ros/humble/share/ament_cmake/cmake)
-- Found rclcpp: 16.0.3 (/opt/ros/humble/share/rclcpp/cmake)
-- Found rosidl_generator_c: 3.1.4 (/opt/ros/humble/share/rosidl_generator_c/cmake)
-- Found rosidl_adapter: 3.1.4 (/opt/ros/humble/share/rosidl_adapter/cmake)
-- Found rosidl_generator_cpp: 3.1.4 (/opt/ros/humble/share/rosidl_generator_cpp/cmake)
-- Using all available rosidl_typesupport_c: rosidl_typesupport_fastrtps_c;rosidl_typesupport_introspection_c
-- Using all available rosidl_typesupport_cpp: rosidl_typesupport_fastrtps_cpp;rosidl_typesupport_introspection_cpp
-- Found rmw_implementation_cmake: 6.1.1 (/opt/ros/humble/share/rmw_implementation_cmake/cmake)
-- Found rmw_fastrtps_cpp: 6.2.2 (/opt/ros/humble/share/rmw_fastrtps_cpp/cmake)
-- Using RMW implementation 'rmw_fastrtps_cpp' as default
-- Found example_interfaces: 0.9.3 (/opt/ros/humble/share/example_interfaces/cmake)
-- Found std_srvs: 4.2.3 (/opt/ros/humble/share/std_srvs/cmake)
-- Found my_robot_interfaces: 0.0.0 (/home/wward/ros2_workspace/install/my_robot_interfaces/share/my_robot_interfaces/cmake)
-- Configuring done
-- Generating done
-- Build files have been written to: /home/wward/ros2_workspace/build/my_cpp_pkg
[35m[1mConsolidate compiler generated dependencies of target robot_news_station[0m
[35m[1mConsolidate compiler generated dependencies of target cpp_node[0m
[35m[1mConsolidate compiler generated dependencies of target add_two_ints_client_no_oop[0m
[35m[1mConsolidate compiler generated dependencies of target add_two_ints_server[0m
[35m[1mConsolidate compiler generated dependencies of target smartphone[0m
[35m[1mConsolidate compiler generated dependencies of target number_counter[0m
[35m[1mConsolidate compiler generated dependencies of target add_two_ints_client[0m
[  6%] [32mBuilding CXX object CMakeFiles/hw_status_publisher.dir/src/hw_status_publisher.cpp.o[0m
[ 18%] Built target smartphone
[ 31%] Built target robot_news_station
[ 43%] Built target number_counter
[ 56%] Built target cpp_node
[ 68%] Built target add_two_ints_server
[ 81%] Built target add_two_ints_client_no_oop
[ 93%] Built target add_two_ints_client
[01m[K/home/wward/ros2_workspace/src/my_cpp_pkg/src/hw_status_publisher.cpp:[m[K In constructor ‘[01m[KHardwareStatusPublisherNode::HardwareStatusPublisherNode()[m[K’:
[01m[K/home/wward/ros2_workspace/src/my_cpp_pkg/src/hw_status_publisher.cpp:10:122:[m[K [01;31m[Kerror: [m[Kinvalid use of non-static member function ‘[01m[Kvoid HardwareStatusPublisherNode::publishHardwareStatus()[m[K’
   10 |         hardware_status_timer_ = this->create_wall_timer(std::chrono::seconds(1), std::bind([01;31m[KHardwareStatusPublisherNode::publishHardwareStatus[m[K, this));
      |                                                                                             [01;31m[K~~~~~~~~~~~~~~~~~~~~~~~~~~~~~^~~~~~~~~~~~~~~~~~~~~[m[K
[01m[K/home/wward/ros2_workspace/src/my_cpp_pkg/src/hw_status_publisher.cpp:16:10:[m[K [01;36m[Knote: [m[Kdeclared here
   16 |     void [01;36m[KpublishHardwareStatus[m[K() {
      |          [01;36m[K^~~~~~~~~~~~~~~~~~~~~[m[K
gmake[2]: *** [CMakeFiles/hw_status_publisher.dir/build.make:76: CMakeFiles/hw_status_publisher.dir/src/hw_status_publisher.cpp.o] Error 1
gmake[1]: *** [CMakeFiles/Makefile2:333: CMakeFiles/hw_status_publisher.dir/all] Error 2
gmake: *** [Makefile:146: all] Error 2
