[0.483s] Invoking command in '/home/wward/ros2_workspace/build/my_python_pkg': CMAKE_PREFIX_PATH=/home/wward/ros2_workspace/install/my_robot_interfaces:/home/wward/ros2_workspace/install/my_robot_bringup:/home/wward/ros2_workspace/install/my_cpp_pkg PYTHONPATH=/home/wward/ros2_workspace/build/my_python_pkg/prefix_override:/home/wward/ros2_workspace/install/my_python_pkg/lib/python3.10/site-packages:${PYTHONPATH} /usr/bin/python3 setup.py develop --uninstall --editable --build-directory /home/wward/ros2_workspace/build/my_python_pkg/build
[0.684s] running develop
[0.825s] Invoked command in '/home/wward/ros2_workspace/build/my_python_pkg' returned '0': CMAKE_PREFIX_PATH=/home/wward/ros2_workspace/install/my_robot_interfaces:/home/wward/ros2_workspace/install/my_robot_bringup:/home/wward/ros2_workspace/install/my_cpp_pkg PYTHONPATH=/home/wward/ros2_workspace/build/my_python_pkg/prefix_override:/home/wward/ros2_workspace/install/my_python_pkg/lib/python3.10/site-packages:${PYTHONPATH} /usr/bin/python3 setup.py develop --uninstall --editable --build-directory /home/wward/ros2_workspace/build/my_python_pkg/build
[0.829s] Invoking command in '/home/wward/ros2_workspace/src/my_python_pkg': CMAKE_PREFIX_PATH=/home/wward/ros2_workspace/install/my_robot_interfaces:/home/wward/ros2_workspace/install/my_robot_bringup:/home/wward/ros2_workspace/install/my_cpp_pkg PYTHONPATH=/home/wward/ros2_workspace/build/my_python_pkg/prefix_override:/home/wward/ros2_workspace/install/my_python_pkg/lib/python3.10/site-packages:${PYTHONPATH} /usr/bin/python3 setup.py egg_info --egg-base ../../build/my_python_pkg build --build-base /home/wward/ros2_workspace/build/my_python_pkg/build install --record /home/wward/ros2_workspace/build/my_python_pkg/install.log --single-version-externally-managed
[1.006s] running egg_info
[1.006s] writing ../../build/my_python_pkg/my_python_pkg.egg-info/PKG-INFO
[1.007s] writing dependency_links to ../../build/my_python_pkg/my_python_pkg.egg-info/dependency_links.txt
[1.007s] writing entry points to ../../build/my_python_pkg/my_python_pkg.egg-info/entry_points.txt
[1.007s] writing requirements to ../../build/my_python_pkg/my_python_pkg.egg-info/requires.txt
[1.012s] writing top-level names to ../../build/my_python_pkg/my_python_pkg.egg-info/top_level.txt
[1.013s] reading manifest file '../../build/my_python_pkg/my_python_pkg.egg-info/SOURCES.txt'
[1.017s] writing manifest file '../../build/my_python_pkg/my_python_pkg.egg-info/SOURCES.txt'
[1.020s] running build
[1.021s] running build_py
[1.021s] copying my_python_pkg/turtle_spawner.py -> /home/wward/ros2_workspace/build/my_python_pkg/build/lib/my_python_pkg
[1.021s] running install
[1.021s] running install_lib
[1.024s] copying /home/wward/ros2_workspace/build/my_python_pkg/build/lib/my_python_pkg/turtle_spawner.py -> /home/wward/ros2_workspace/install/my_python_pkg/lib/python3.10/site-packages/my_python_pkg
[1.025s] byte-compiling /home/wward/ros2_workspace/install/my_python_pkg/lib/python3.10/site-packages/my_python_pkg/turtle_spawner.py to turtle_spawner.cpython-310.pyc
[1.027s] running install_data
[1.027s] running install_egg_info
[1.028s] removing '/home/wward/ros2_workspace/install/my_python_pkg/lib/python3.10/site-packages/my_python_pkg-0.0.0-py3.10.egg-info' (and everything under it)
[1.029s] Copying ../../build/my_python_pkg/my_python_pkg.egg-info to /home/wward/ros2_workspace/install/my_python_pkg/lib/python3.10/site-packages/my_python_pkg-0.0.0-py3.10.egg-info
[1.029s] running install_scripts
[1.048s] Installing add_two_ints_client script to /home/wward/ros2_workspace/install/my_python_pkg/lib/my_python_pkg
[1.048s] Installing add_two_ints_client_no_oop script to /home/wward/ros2_workspace/install/my_python_pkg/lib/my_python_pkg
[1.048s] Installing add_two_ints_server script to /home/wward/ros2_workspace/install/my_python_pkg/lib/my_python_pkg
[1.055s] Installing battery script to /home/wward/ros2_workspace/install/my_python_pkg/lib/my_python_pkg
[1.056s] Installing hw_status_publisher script to /home/wward/ros2_workspace/install/my_python_pkg/lib/my_python_pkg
[1.056s] Installing led_panel script to /home/wward/ros2_workspace/install/my_python_pkg/lib/my_python_pkg
[1.056s] Installing number_publisher script to /home/wward/ros2_workspace/install/my_python_pkg/lib/my_python_pkg
[1.062s] Installing py_node script to /home/wward/ros2_workspace/install/my_python_pkg/lib/my_python_pkg
[1.062s] Installing robot_news_station script to /home/wward/ros2_workspace/install/my_python_pkg/lib/my_python_pkg
[1.062s] Installing smartphone script to /home/wward/ros2_workspace/install/my_python_pkg/lib/my_python_pkg
[1.062s] Installing turtle_controller script to /home/wward/ros2_workspace/install/my_python_pkg/lib/my_python_pkg
[1.065s] Installing turtle_spawner script to /home/wward/ros2_workspace/install/my_python_pkg/lib/my_python_pkg
[1.066s] writing list of installed files to '/home/wward/ros2_workspace/build/my_python_pkg/install.log'
[1.095s] Invoked command in '/home/wward/ros2_workspace/src/my_python_pkg' returned '0': CMAKE_PREFIX_PATH=/home/wward/ros2_workspace/install/my_robot_interfaces:/home/wward/ros2_workspace/install/my_robot_bringup:/home/wward/ros2_workspace/install/my_cpp_pkg PYTHONPATH=/home/wward/ros2_workspace/build/my_python_pkg/prefix_override:/home/wward/ros2_workspace/install/my_python_pkg/lib/python3.10/site-packages:${PYTHONPATH} /usr/bin/python3 setup.py egg_info --egg-base ../../build/my_python_pkg build --build-base /home/wward/ros2_workspace/build/my_python_pkg/build install --record /home/wward/ros2_workspace/build/my_python_pkg/install.log --single-version-externally-managed
