gmake[2]: Warning: File 'CMakeFiles/my_robot_interfaces__rosidl_typesupport_fastrtps_cpp.dir/progress.make' has modification time 1.8 s in the future
gmake[2]: Warning: File 'CMakeFiles/my_robot_interfaces__rosidl_typesupport_introspection_cpp.dir/progress.make' has modification time 1.8 s in the future
gmake[2]: Warning: File 'CMakeFiles/my_robot_interfaces__rosidl_typesupport_cpp.dir/progress.make' has modification time 1.8 s in the future
gmake[2]: Warning: File 'CMakeFiles/my_robot_interfaces__rosidl_generator_c.dir/progress.make' has modification time 1.7 s in the future
gmake[2]: warning:  Clock skew detected.  Your build may be incomplete.
gmake[2]: Warning: File 'CMakeFiles/my_robot_interfaces__rosidl_typesupport_fastrtps_c.dir/progress.make' has modification time 1.7 s in the future
gmake[2]: Warning: File 'CMakeFiles/my_robot_interfaces__rosidl_typesupport_introspection_c.dir/progress.make' has modification time 1.7 s in the future
gmake[2]: Warning: File 'CMakeFiles/my_robot_interfaces__rosidl_typesupport_c.dir/progress.make' has modification time 1.7 s in the future
gmake[2]: warning:  Clock skew detected.  Your build may be incomplete.
gmake[2]: Warning: File 'CMakeFiles/my_robot_interfaces__rosidl_typesupport_cpp.dir/progress.make' has modification time 1.6 s in the future
gmake[2]: warning:  Clock skew detected.  Your build may be incomplete.
gmake[2]: Warning: File 'CMakeFiles/my_robot_interfaces__rosidl_typesupport_introspection_cpp.dir/progress.make' has modification time 1.5 s in the future
gmake[2]: warning:  Clock skew detected.  Your build may be incomplete.
gmake[2]: Warning: File 'CMakeFiles/my_robot_interfaces__rosidl_typesupport_fastrtps_cpp.dir/progress.make' has modification time 1.5 s in the future
gmake[2]: warning:  Clock skew detected.  Your build may be incomplete.
gmake[2]: Warning: File 'CMakeFiles/my_robot_interfaces__rosidl_typesupport_c.dir/progress.make' has modification time 1.5 s in the future
gmake[2]: warning:  Clock skew detected.  Your build may be incomplete.
gmake[2]: Warning: File 'CMakeFiles/my_robot_interfaces__rosidl_typesupport_introspection_c.dir/progress.make' has modification time 1.4 s in the future
gmake[2]: warning:  Clock skew detected.  Your build may be incomplete.
gmake[2]: Warning: File 'CMakeFiles/my_robot_interfaces__rosidl_typesupport_fastrtps_c.dir/progress.make' has modification time 1.4 s in the future
gmake[2]: warning:  Clock skew detected.  Your build may be incomplete.
gmake[2]: warning:  Clock skew detected.  Your build may be incomplete.
gmake[2]: warning:  Clock skew detected.  Your build may be incomplete.
gmake[2]: warning:  Clock skew detected.  Your build may be incomplete.
gmake[2]: warning:  Clock skew detected.  Your build may be incomplete.
gmake[2]: warning:  Clock skew detected.  Your build may be incomplete.
gmake[2]: Warning: File 'CMakeFiles/my_robot_interfaces.dir/progress.make' has modification time 0.39 s in the future
gmake[2]: warning:  Clock skew detected.  Your build may be incomplete.
gmake[2]: Warning: File 'CMakeFiles/my_robot_interfaces.dir/progress.make' has modification time 0.38 s in the future
gmake[2]: warning:  Clock skew detected.  Your build may be incomplete.
gmake[2]: Warning: File 'my_robot_interfaces__py/CMakeFiles/my_robot_interfaces__py.dir/progress.make' has modification time 0.37 s in the future
gmake[2]: warning:  Clock skew detected.  Your build may be incomplete.
gmake[2]: Warning: File 'my_robot_interfaces__py/CMakeFiles/my_robot_interfaces__py.dir/progress.make' has modification time 0.37 s in the future
gmake[2]: warning:  Clock skew detected.  Your build may be incomplete.
