[0.412s] Invoking command in '/home/wward/ros2_workspace/src/my_python_pkg': PYTHONPATH=/home/wward/ros2_workspace/build/my_python_pkg/prefix_override:/home/wward/ros2_workspace/install/my_python_pkg/lib/python3.10/site-packages:${PYTHONPATH} /usr/bin/python3 setup.py egg_info --egg-base ../../build/my_python_pkg build --build-base /home/wward/ros2_workspace/build/my_python_pkg/build install --record /home/wward/ros2_workspace/build/my_python_pkg/install.log --single-version-externally-managed
[0.565s] running egg_info
[0.565s] creating ../../build/my_python_pkg/my_python_pkg.egg-info
[0.565s] writing ../../build/my_python_pkg/my_python_pkg.egg-info/PKG-INFO
[0.566s] writing dependency_links to ../../build/my_python_pkg/my_python_pkg.egg-info/dependency_links.txt
[0.566s] writing entry points to ../../build/my_python_pkg/my_python_pkg.egg-info/entry_points.txt
[0.566s] writing requirements to ../../build/my_python_pkg/my_python_pkg.egg-info/requires.txt
[0.566s] writing top-level names to ../../build/my_python_pkg/my_python_pkg.egg-info/top_level.txt
[0.566s] writing manifest file '../../build/my_python_pkg/my_python_pkg.egg-info/SOURCES.txt'
[0.567s] reading manifest file '../../build/my_python_pkg/my_python_pkg.egg-info/SOURCES.txt'
[0.568s] writing manifest file '../../build/my_python_pkg/my_python_pkg.egg-info/SOURCES.txt'
[0.568s] running build
[0.568s] running build_py
[0.569s] creating /home/wward/ros2_workspace/build/my_python_pkg/build
[0.569s] creating /home/wward/ros2_workspace/build/my_python_pkg/build/lib
[0.569s] creating /home/wward/ros2_workspace/build/my_python_pkg/build/lib/my_python_pkg
[0.569s] copying my_python_pkg/__init__.py -> /home/wward/ros2_workspace/build/my_python_pkg/build/lib/my_python_pkg
[0.569s] /usr/lib/python3/dist-packages/setuptools/command/install.py:34: SetuptoolsDeprecationWarning: setup.py install is deprecated. Use build and pip and other standards-based tools.
[0.569s]   warnings.warn(
[0.570s] running install
[0.570s] running install_lib
[0.570s] creating /home/wward/ros2_workspace/install/my_python_pkg/lib/python3.10/site-packages/my_python_pkg
[0.570s] copying /home/wward/ros2_workspace/build/my_python_pkg/build/lib/my_python_pkg/__init__.py -> /home/wward/ros2_workspace/install/my_python_pkg/lib/python3.10/site-packages/my_python_pkg
[0.570s] byte-compiling /home/wward/ros2_workspace/install/my_python_pkg/lib/python3.10/site-packages/my_python_pkg/__init__.py to __init__.cpython-310.pyc
[0.570s] running install_data
[0.571s] creating /home/wward/ros2_workspace/install/my_python_pkg/share/ament_index
[0.571s] creating /home/wward/ros2_workspace/install/my_python_pkg/share/ament_index/resource_index
[0.571s] creating /home/wward/ros2_workspace/install/my_python_pkg/share/ament_index/resource_index/packages
[0.571s] copying resource/my_python_pkg -> /home/wward/ros2_workspace/install/my_python_pkg/share/ament_index/resource_index/packages
[0.571s] copying package.xml -> /home/wward/ros2_workspace/install/my_python_pkg/share/my_python_pkg
[0.571s] running install_egg_info
[0.572s] Copying ../../build/my_python_pkg/my_python_pkg.egg-info to /home/wward/ros2_workspace/install/my_python_pkg/lib/python3.10/site-packages/my_python_pkg-0.0.0-py3.10.egg-info
[0.572s] running install_scripts
[0.587s] writing list of installed files to '/home/wward/ros2_workspace/build/my_python_pkg/install.log'
[0.604s] Invoked command in '/home/wward/ros2_workspace/src/my_python_pkg' returned '0': PYTHONPATH=/home/wward/ros2_workspace/build/my_python_pkg/prefix_override:/home/wward/ros2_workspace/install/my_python_pkg/lib/python3.10/site-packages:${PYTHONPATH} /usr/bin/python3 setup.py egg_info --egg-base ../../build/my_python_pkg build --build-base /home/wward/ros2_workspace/build/my_python_pkg/build install --record /home/wward/ros2_workspace/build/my_python_pkg/install.log --single-version-externally-managed
